<?xml version="1.0" encoding="UTF-8"?>
<coverage generated="1769586252299" clover="3.2.0">
  <project timestamp="1769586252300" name="All files">
    <metrics statements="2537" coveredstatements="1564" conditionals="2127" coveredconditionals="1058" methods="285" coveredmethods="170" elements="4949" coveredelements="2792" complexity="0" loc="2537" ncloc="2537" packages="1" files="15" classes="15"/>
    <file name="constants.js" path="C:\Koding\Keino\Volume calc\src\js\constants.js">
      <metrics statements="4" coveredstatements="4" conditionals="0" coveredconditionals="0" methods="0" coveredmethods="0"/>
      <line num="1" count="17" type="stmt"/>
      <line num="13" count="17" type="stmt"/>
      <line num="20" count="17" type="stmt"/>
      <line num="29" count="17" type="stmt"/>
    </file>
    <file name="dom.js" path="C:\Koding\Keino\Volume calc\src\js\dom.js">
      <metrics statements="7" coveredstatements="2" conditionals="6" coveredconditionals="0" methods="4" coveredmethods="2"/>
      <line num="1" count="2568" type="stmt"/>
      <line num="2" count="58" type="stmt"/>
      <line num="4" count="0" type="cond" truecount="0" falsecount="2"/>
      <line num="5" count="0" type="stmt"/>
      <line num="8" count="0" type="cond" truecount="0" falsecount="2"/>
      <line num="9" count="0" type="cond" truecount="0" falsecount="2"/>
      <line num="10" count="0" type="stmt"/>
    </file>
    <file name="draw.js" path="C:\Koding\Keino\Volume calc\src\js\draw.js">
      <metrics statements="188" coveredstatements="76" conditionals="78" coveredconditionals="49" methods="14" coveredmethods="6"/>
      <line num="1" count="5" type="stmt"/>
      <line num="2" count="5" type="stmt"/>
      <line num="3" count="5" type="stmt"/>
      <line num="4" count="5" type="stmt"/>
      <line num="7" count="7" type="stmt"/>
      <line num="9" count="7" type="stmt"/>
      <line num="10" count="7" type="cond" truecount="4" falsecount="0"/>
      <line num="12" count="0" type="stmt"/>
      <line num="15" count="7" type="stmt"/>
      <line num="17" count="7" type="stmt"/>
      <line num="21" count="0" type="stmt"/>
      <line num="22" count="0" type="stmt"/>
      <line num="23" count="0" type="stmt"/>
      <line num="27" count="8" type="cond" truecount="4" falsecount="0"/>
      <line num="28" count="5" type="stmt"/>
      <line num="29" count="5" type="cond" truecount="1" falsecount="1"/>
      <line num="30" count="8" type="stmt"/>
      <line num="31" count="8" type="stmt"/>
      <line num="32" count="8" type="cond" truecount="4" falsecount="0"/>
      <line num="33" count="4" type="stmt"/>
      <line num="34" count="4" type="stmt"/>
      <line num="35" count="4" type="stmt"/>
      <line num="39" count="5" type="stmt"/>
      <line num="41" count="5" type="stmt"/>
      <line num="42" count="0" type="stmt"/>
      <line num="43" count="0" type="stmt"/>
      <line num="48" count="13" type="stmt"/>
      <line num="49" count="13" type="cond" truecount="2" falsecount="0"/>
      <line num="50" count="5" type="stmt"/>
      <line num="51" count="5" type="stmt"/>
      <line num="52" count="5" type="stmt"/>
      <line num="53" count="5" type="cond" truecount="1" falsecount="1"/>
      <line num="54" count="5" type="stmt"/>
      <line num="55" count="5" type="stmt"/>
      <line num="60" count="8" type="cond" truecount="4" falsecount="0"/>
      <line num="61" count="3" type="stmt"/>
      <line num="63" count="3" type="stmt"/>
      <line num="66" count="3" type="stmt"/>
      <line num="67" count="3" type="stmt"/>
      <line num="68" count="3" type="stmt"/>
      <line num="69" count="3" type="stmt"/>
      <line num="70" count="3" type="stmt"/>
      <line num="71" count="3" type="stmt"/>
      <line num="73" count="3" type="stmt"/>
      <line num="75" count="0" type="cond" truecount="1" falsecount="1"/>
      <line num="77" count="8" type="cond" truecount="1" falsecount="1"/>
      <line num="81" count="8" type="cond" truecount="2" falsecount="0"/>
      <line num="83" count="3" type="cond" truecount="2" falsecount="0"/>
      <line num="85" count="3" type="cond" truecount="2" falsecount="0"/>
      <line num="88" count="1" type="stmt"/>
      <line num="89" count="1" type="stmt"/>
      <line num="90" count="1" type="stmt"/>
      <line num="91" count="1" type="stmt"/>
      <line num="93" count="1" type="cond" truecount="1" falsecount="1"/>
      <line num="99" count="0" type="stmt"/>
      <line num="100" count="0" type="stmt"/>
      <line num="101" count="0" type="stmt"/>
      <line num="102" count="0" type="stmt"/>
      <line num="103" count="0" type="stmt"/>
      <line num="104" count="0" type="stmt"/>
      <line num="108" count="1" type="cond" truecount="3" falsecount="2"/>
      <line num="109" count="0" type="stmt"/>
      <line num="110" count="0" type="cond" truecount="0" falsecount="4"/>
      <line num="111" count="0" type="stmt"/>
      <line num="112" count="0" type="stmt"/>
      <line num="113" count="0" type="stmt"/>
      <line num="114" count="0" type="stmt"/>
      <line num="115" count="0" type="stmt"/>
      <line num="116" count="0" type="stmt"/>
      <line num="117" count="0" type="stmt"/>
      <line num="118" count="0" type="stmt"/>
      <line num="119" count="0" type="stmt"/>
      <line num="120" count="0" type="stmt"/>
      <line num="121" count="0" type="stmt"/>
      <line num="122" count="0" type="stmt"/>
      <line num="127" count="0" type="stmt"/>
      <line num="132" count="1" type="cond" truecount="1" falsecount="1"/>
      <line num="136" count="1" type="stmt"/>
      <line num="138" count="1" type="stmt"/>
      <line num="139" count="1" type="stmt"/>
      <line num="140" count="1" type="stmt"/>
      <line num="141" count="1" type="stmt"/>
      <line num="142" count="1" type="stmt"/>
      <line num="143" count="1" type="stmt"/>
      <line num="144" count="1" type="stmt"/>
      <line num="145" count="1" type="stmt"/>
      <line num="146" count="1" type="stmt"/>
      <line num="147" count="1" type="stmt"/>
      <line num="148" count="1" type="stmt"/>
      <line num="149" count="1" type="stmt"/>
      <line num="150" count="1" type="stmt"/>
      <line num="151" count="1" type="cond" truecount="1" falsecount="1"/>
      <line num="152" count="0" type="stmt"/>
      <line num="153" count="0" type="stmt"/>
      <line num="154" count="0" type="stmt"/>
      <line num="156" count="1" type="stmt"/>
      <line num="157" count="1" type="stmt"/>
      <line num="158" count="1" type="stmt"/>
      <line num="160" count="1" type="stmt"/>
      <line num="161" count="1" type="stmt"/>
      <line num="165" count="1" type="stmt"/>
      <line num="166" count="1" type="stmt"/>
      <line num="167" count="1" type="stmt"/>
      <line num="168" count="1" type="stmt"/>
      <line num="170" count="1" type="stmt"/>
      <line num="172" count="1" type="stmt"/>
      <line num="176" count="0" type="cond" truecount="0" falsecount="3"/>
      <line num="179" count="0" type="stmt"/>
      <line num="180" count="0" type="stmt"/>
      <line num="181" count="0" type="stmt"/>
      <line num="183" count="0" type="cond" truecount="0" falsecount="2"/>
      <line num="184" count="0" type="stmt"/>
      <line num="185" count="0" type="stmt"/>
      <line num="186" count="0" type="stmt"/>
      <line num="188" count="0" type="stmt"/>
      <line num="189" count="0" type="stmt"/>
      <line num="190" count="0" type="stmt"/>
      <line num="191" count="0" type="stmt"/>
      <line num="193" count="0" type="stmt"/>
      <line num="194" count="0" type="stmt"/>
      <line num="196" count="0" type="stmt"/>
      <line num="197" count="0" type="stmt"/>
      <line num="198" count="0" type="stmt"/>
      <line num="199" count="0" type="stmt"/>
      <line num="200" count="0" type="stmt"/>
      <line num="201" count="0" type="cond" truecount="0" falsecount="2"/>
      <line num="202" count="0" type="stmt"/>
      <line num="205" count="0" type="stmt"/>
      <line num="206" count="0" type="stmt"/>
      <line num="208" count="0" type="stmt"/>
      <line num="209" count="0" type="stmt"/>
      <line num="210" count="0" type="cond" truecount="0" falsecount="2"/>
      <line num="211" count="0" type="stmt"/>
      <line num="214" count="0" type="stmt"/>
      <line num="215" count="0" type="stmt"/>
      <line num="216" count="0" type="stmt"/>
      <line num="218" count="0" type="stmt"/>
      <line num="219" count="0" type="stmt"/>
      <line num="220" count="0" type="stmt"/>
      <line num="221" count="0" type="stmt"/>
      <line num="224" count="0" type="stmt"/>
      <line num="226" count="0" type="stmt"/>
      <line num="227" count="0" type="stmt"/>
      <line num="234" count="0" type="stmt"/>
      <line num="235" count="0" type="stmt"/>
      <line num="236" count="0" type="stmt"/>
      <line num="243" count="0" type="stmt"/>
      <line num="244" count="0" type="stmt"/>
      <line num="245" count="0" type="stmt"/>
      <line num="246" count="0" type="stmt"/>
      <line num="247" count="0" type="stmt"/>
      <line num="248" count="0" type="stmt"/>
      <line num="249" count="0" type="stmt"/>
      <line num="250" count="0" type="stmt"/>
      <line num="252" count="0" type="stmt"/>
      <line num="253" count="0" type="stmt"/>
      <line num="254" count="0" type="stmt"/>
      <line num="262" count="1" type="cond" truecount="2" falsecount="2"/>
      <line num="263" count="0" type="stmt"/>
      <line num="269" count="0" type="stmt"/>
      <line num="271" count="0" type="stmt"/>
      <line num="272" count="0" type="stmt"/>
      <line num="273" count="0" type="stmt"/>
      <line num="274" count="0" type="cond" truecount="0" falsecount="2"/>
      <line num="276" count="0" type="stmt"/>
      <line num="277" count="0" type="stmt"/>
      <line num="278" count="0" type="stmt"/>
      <line num="280" count="0" type="stmt"/>
      <line num="281" count="0" type="stmt"/>
      <line num="283" count="0" type="stmt"/>
      <line num="284" count="0" type="stmt"/>
      <line num="287" count="0" type="stmt"/>
      <line num="288" count="0" type="stmt"/>
      <line num="296" count="0" type="stmt"/>
      <line num="297" count="0" type="stmt"/>
      <line num="305" count="0" type="stmt"/>
      <line num="306" count="0" type="stmt"/>
      <line num="307" count="0" type="stmt"/>
      <line num="308" count="0" type="stmt"/>
      <line num="309" count="0" type="stmt"/>
      <line num="310" count="0" type="stmt"/>
      <line num="311" count="0" type="stmt"/>
      <line num="312" count="0" type="stmt"/>
      <line num="315" count="0" type="stmt"/>
      <line num="316" count="0" type="stmt"/>
      <line num="317" count="0" type="stmt"/>
      <line num="318" count="0" type="stmt"/>
      <line num="323" count="0" type="stmt"/>
    </file>
    <file name="drillpipe.js" path="C:\Koding\Keino\Volume calc\src\js\drillpipe.js">
      <metrics statements="154" coveredstatements="142" conditionals="67" coveredconditionals="49" methods="14" coveredmethods="12"/>
      <line num="7" count="8" type="stmt"/>
      <line num="55" count="13" type="stmt"/>
      <line num="56" count="13" type="cond" truecount="4" falsecount="0"/>
      <line num="58" count="13" type="cond" truecount="2" falsecount="0"/>
      <line num="59" count="9" type="stmt"/>
      <line num="63" count="4" type="stmt"/>
      <line num="64" count="4" type="cond" truecount="1" falsecount="1"/>
      <line num="66" count="13" type="stmt"/>
      <line num="67" count="13" type="stmt"/>
      <line num="68" count="12" type="stmt"/>
      <line num="69" count="12" type="stmt"/>
      <line num="71" count="12" type="cond" truecount="4" falsecount="0"/>
      <line num="73" count="4" type="stmt"/>
      <line num="74" count="4" type="cond" truecount="1" falsecount="1"/>
      <line num="75" count="12" type="cond" truecount="2" falsecount="0"/>
      <line num="76" count="12" type="stmt"/>
      <line num="77" count="12" type="stmt"/>
      <line num="78" count="12" type="stmt"/>
      <line num="80" count="12" type="stmt"/>
      <line num="90" count="4" type="stmt"/>
      <line num="99" count="0" type="stmt"/>
      <line num="100" count="0" type="stmt"/>
      <line num="101" count="0" type="stmt"/>
      <line num="102" count="0" type="stmt"/>
      <line num="118" count="7" type="cond" truecount="3" falsecount="1"/>
      <line num="119" count="0" type="stmt"/>
      <line num="129" count="7" type="stmt"/>
      <line num="130" count="7" type="stmt"/>
      <line num="131" count="9" type="stmt"/>
      <line num="132" count="9" type="stmt"/>
      <line num="133" count="9" type="stmt"/>
      <line num="134" count="9" type="stmt"/>
      <line num="135" count="9" type="stmt"/>
      <line num="145" count="7" type="stmt"/>
      <line num="146" count="46" type="cond" truecount="2" falsecount="0"/>
      <line num="148" count="3" type="cond" truecount="1" falsecount="1"/>
      <line num="149" count="3" type="cond" truecount="1" falsecount="1"/>
      <line num="150" count="3" type="stmt"/>
      <line num="153" count="7" type="stmt"/>
      <line num="154" count="7" type="stmt"/>
      <line num="155" count="7" type="stmt"/>
      <line num="156" count="7" type="stmt"/>
      <line num="160" count="7" type="stmt"/>
      <line num="163" count="7" type="stmt"/>
      <line num="164" count="6" type="cond" truecount="1" falsecount="1"/>
      <line num="165" count="6" type="stmt"/>
      <line num="167" count="6" type="stmt"/>
      <line num="168" count="6" type="stmt"/>
      <line num="169" count="6" type="stmt"/>
      <line num="172" count="6" type="stmt"/>
      <line num="173" count="8" type="stmt"/>
      <line num="174" count="8" type="stmt"/>
      <line num="175" count="8" type="stmt"/>
      <line num="177" count="8" type="cond" truecount="1" falsecount="1"/>
      <line num="181" count="8" type="stmt"/>
      <line num="182" count="7" type="cond" truecount="3" falsecount="1"/>
      <line num="184" count="0" type="stmt"/>
      <line num="185" count="0" type="stmt"/>
      <line num="186" count="0" type="stmt"/>
      <line num="187" count="0" type="stmt"/>
      <line num="191" count="8" type="cond" truecount="1" falsecount="1"/>
      <line num="195" count="8" type="cond" truecount="1" falsecount="1"/>
      <line num="196" count="8" type="stmt"/>
      <line num="198" count="0" type="stmt"/>
      <line num="199" count="0" type="stmt"/>
      <line num="200" count="0" type="stmt"/>
      <line num="203" count="8" type="stmt"/>
      <line num="204" count="8" type="stmt"/>
      <line num="207" count="8" type="cond" truecount="1" falsecount="1"/>
      <line num="208" count="8" type="stmt"/>
      <line num="209" count="8" type="stmt"/>
      <line num="210" count="8" type="stmt"/>
      <line num="211" count="8" type="stmt"/>
      <line num="212" count="8" type="stmt"/>
      <line num="213" count="8" type="stmt"/>
      <line num="214" count="8" type="stmt"/>
      <line num="218" count="8" type="stmt"/>
      <line num="225" count="6" type="cond" truecount="1" falsecount="1"/>
      <line num="226" count="6" type="cond" truecount="1" falsecount="1"/>
      <line num="228" count="6" type="cond" truecount="1" falsecount="1"/>
      <line num="230" count="6" type="stmt"/>
      <line num="239" count="6" type="stmt"/>
      <line num="240" count="6" type="stmt"/>
      <line num="241" count="6" type="stmt"/>
      <line num="245" count="7" type="stmt"/>
      <line num="259" count="5" type="stmt"/>
      <line num="260" count="5" type="cond" truecount="1" falsecount="1"/>
      <line num="263" count="5" type="stmt"/>
      <line num="264" count="5" type="stmt"/>
      <line num="265" count="5" type="stmt"/>
      <line num="266" count="1" type="stmt"/>
      <line num="267" count="1" type="stmt"/>
      <line num="268" count="1" type="cond" truecount="3" falsecount="1"/>
      <line num="269" count="1" type="stmt"/>
      <line num="276" count="5" type="stmt"/>
      <line num="278" count="5" type="stmt"/>
      <line num="279" count="7" type="stmt"/>
      <line num="280" count="7" type="stmt"/>
      <line num="283" count="7" type="stmt"/>
      <line num="284" count="7" type="stmt"/>
      <line num="285" count="7" type="stmt"/>
      <line num="287" count="7" type="stmt"/>
      <line num="288" count="7" type="stmt"/>
      <line num="289" count="7" type="stmt"/>
      <line num="290" count="7" type="stmt"/>
      <line num="293" count="7" type="stmt"/>
      <line num="294" count="28" type="stmt"/>
      <line num="295" count="28" type="stmt"/>
      <line num="296" count="28" type="stmt"/>
      <line num="297" count="28" type="stmt"/>
      <line num="298" count="28" type="stmt"/>
      <line num="303" count="7" type="stmt"/>
      <line num="304" count="7" type="cond" truecount="4" falsecount="0"/>
      <line num="305" count="1" type="stmt"/>
      <line num="307" count="7" type="stmt"/>
      <line num="310" count="7" type="stmt"/>
      <line num="311" count="7" type="stmt"/>
      <line num="312" count="7" type="stmt"/>
      <line num="314" count="7" type="stmt"/>
      <line num="315" count="7" type="stmt"/>
      <line num="316" count="7" type="stmt"/>
      <line num="317" count="7" type="stmt"/>
      <line num="319" count="7" type="stmt"/>
      <line num="320" count="7" type="stmt"/>
      <line num="322" count="7" type="cond" truecount="2" falsecount="0"/>
      <line num="323" count="7" type="stmt"/>
      <line num="329" count="7" type="stmt"/>
      <line num="330" count="7" type="stmt"/>
      <line num="331" count="7" type="stmt"/>
      <line num="333" count="7" type="stmt"/>
      <line num="334" count="7" type="stmt"/>
      <line num="335" count="7" type="stmt"/>
      <line num="336" count="7" type="stmt"/>
      <line num="337" count="7" type="stmt"/>
      <line num="338" count="7" type="stmt"/>
      <line num="339" count="7" type="stmt"/>
      <line num="345" count="7" type="stmt"/>
      <line num="346" count="7" type="stmt"/>
      <line num="347" count="7" type="stmt"/>
      <line num="348" count="7" type="stmt"/>
      <line num="349" count="7" type="stmt"/>
      <line num="350" count="7" type="stmt"/>
      <line num="352" count="7" type="stmt"/>
      <line num="360" count="3" type="stmt"/>
      <line num="361" count="3" type="cond" truecount="1" falsecount="1"/>
      <line num="363" count="3" type="stmt"/>
      <line num="366" count="3" type="stmt"/>
      <line num="367" count="3" type="stmt"/>
      <line num="368" count="5" type="stmt"/>
      <line num="369" count="5" type="stmt"/>
      <line num="371" count="5" type="cond" truecount="3" falsecount="1"/>
      <line num="372" count="5" type="cond" truecount="2" falsecount="0"/>
      <line num="373" count="5" type="stmt"/>
      <line num="374" count="5" type="stmt"/>
    </file>
    <file name="inputs.js" path="C:\Koding\Keino\Volume calc\src\js\inputs.js">
      <metrics statements="100" coveredstatements="91" conditionals="117" coveredconditionals="83" methods="6" coveredmethods="6"/>
      <line num="8" count="7" type="stmt"/>
      <line num="9" count="605" type="cond" truecount="2" falsecount="0"/>
      <line num="11" count="38" type="cond" truecount="1" falsecount="3"/>
      <line num="14" count="38" type="stmt"/>
      <line num="15" count="38" type="stmt"/>
      <line num="16" count="38" type="cond" truecount="1" falsecount="1"/>
      <line num="19" count="579" type="stmt"/>
      <line num="22" count="190" type="stmt"/>
      <line num="23" count="190" type="cond" truecount="2" falsecount="0"/>
      <line num="24" count="7" type="stmt"/>
      <line num="25" count="7" type="cond" truecount="3" falsecount="1"/>
      <line num="30" count="19" type="stmt"/>
      <line num="31" count="19" type="stmt"/>
      <line num="32" count="19" type="cond" truecount="3" falsecount="1"/>
      <line num="34" count="19" type="stmt"/>
      <line num="35" count="19" type="stmt"/>
      <line num="37" count="19" type="stmt"/>
      <line num="38" count="19" type="stmt"/>
      <line num="40" count="19" type="stmt"/>
      <line num="41" count="19" type="stmt"/>
      <line num="44" count="19" type="stmt"/>
      <line num="48" count="19" type="cond" truecount="2" falsecount="0"/>
      <line num="49" count="19" type="stmt"/>
      <line num="51" count="19" type="stmt"/>
      <line num="55" count="19" type="cond" truecount="2" falsecount="0"/>
      <line num="57" count="19" type="stmt"/>
      <line num="61" count="19" type="cond" truecount="2" falsecount="0"/>
      <line num="63" count="19" type="stmt"/>
      <line num="67" count="19" type="cond" truecount="2" falsecount="0"/>
      <line num="69" count="19" type="stmt"/>
      <line num="73" count="19" type="cond" truecount="2" falsecount="0"/>
      <line num="75" count="19" type="stmt"/>
      <line num="79" count="19" type="cond" truecount="2" falsecount="0"/>
      <line num="81" count="19" type="stmt"/>
      <line num="85" count="19" type="cond" truecount="2" falsecount="0"/>
      <line num="87" count="19" type="stmt"/>
      <line num="92" count="19" type="cond" truecount="2" falsecount="2"/>
      <line num="94" count="19" type="stmt"/>
      <line num="98" count="19" type="cond" truecount="2" falsecount="0"/>
      <line num="100" count="19" type="stmt"/>
      <line num="101" count="19" type="stmt"/>
      <line num="105" count="19" type="stmt"/>
      <line num="106" count="19" type="cond" truecount="1" falsecount="1"/>
      <line num="107" count="19" type="cond" truecount="1" falsecount="1"/>
      <line num="113" count="0" type="stmt"/>
      <line num="117" count="19" type="stmt"/>
      <line num="118" count="19" type="cond" truecount="1" falsecount="1"/>
      <line num="119" count="0" type="stmt"/>
      <line num="120" count="19" type="cond" truecount="1" falsecount="1"/>
      <line num="127" count="0" type="stmt"/>
      <line num="132" count="19" type="stmt"/>
      <line num="133" count="19" type="stmt"/>
      <line num="134" count="19" type="stmt"/>
      <line num="135" count="19" type="stmt"/>
      <line num="136" count="19" type="stmt"/>
      <line num="138" count="19" type="stmt"/>
      <line num="139" count="19" type="stmt"/>
      <line num="140" count="19" type="stmt"/>
      <line num="141" count="19" type="stmt"/>
      <line num="142" count="19" type="stmt"/>
      <line num="143" count="19" type="stmt"/>
      <line num="144" count="19" type="stmt"/>
      <line num="146" count="19" type="stmt"/>
      <line num="147" count="19" type="cond" truecount="2" falsecount="2"/>
      <line num="148" count="0" type="stmt"/>
      <line num="149" count="19" type="cond" truecount="2" falsecount="2"/>
      <line num="150" count="0" type="stmt"/>
      <line num="151" count="19" type="cond" truecount="2" falsecount="2"/>
      <line num="152" count="0" type="stmt"/>
      <line num="153" count="19" type="cond" truecount="4" falsecount="0"/>
      <line num="154" count="2" type="stmt"/>
      <line num="155" count="19" type="cond" truecount="4" falsecount="0"/>
      <line num="156" count="3" type="stmt"/>
      <line num="157" count="19" type="cond" truecount="4" falsecount="0"/>
      <line num="158" count="3" type="stmt"/>
      <line num="159" count="19" type="cond" truecount="2" falsecount="2"/>
      <line num="160" count="0" type="stmt"/>
      <line num="162" count="19" type="cond" truecount="2" falsecount="0"/>
      <line num="163" count="5" type="stmt"/>
      <line num="164" count="5" type="stmt"/>
      <line num="165" count="5" type="stmt"/>
      <line num="166" count="5" type="cond" truecount="2" falsecount="0"/>
      <line num="167" count="5" type="stmt"/>
      <line num="168" count="5" type="cond" truecount="2" falsecount="0"/>
      <line num="169" count="1" type="stmt"/>
      <line num="171" count="14" type="stmt"/>
      <line num="172" count="14" type="stmt"/>
      <line num="173" count="14" type="cond" truecount="1" falsecount="1"/>
      <line num="176" count="19" type="stmt"/>
      <line num="273" count="19" type="stmt"/>
      <line num="274" count="190" type="stmt"/>
      <line num="275" count="190" type="cond" truecount="1" falsecount="1"/>
      <line num="276" count="0" type="stmt"/>
      <line num="277" count="0" type="cond" truecount="0" falsecount="2"/>
      <line num="282" count="19" type="stmt"/>
      <line num="283" count="190" type="cond" truecount="1" falsecount="1"/>
      <line num="284" count="190" type="cond" truecount="2" falsecount="0"/>
      <line num="285" count="190" type="cond" truecount="4" falsecount="0"/>
      <line num="286" count="5" type="stmt"/>
      <line num="290" count="19" type="stmt"/>
    </file>
    <file name="logic.js" path="C:\Koding\Keino\Volume calc\src\js\logic.js">
      <metrics statements="589" coveredstatements="552" conditionals="572" coveredconditionals="454" methods="61" coveredmethods="57"/>
      <line num="7" count="15" type="stmt"/>
      <line num="8" count="15" type="cond" truecount="1" falsecount="1"/>
      <line num="21" count="3" type="stmt"/>
      <line num="22" count="3" type="cond" truecount="3" falsecount="1"/>
      <line num="24" count="3" type="stmt"/>
      <line num="25" count="3" type="cond" truecount="3" falsecount="1"/>
      <line num="27" count="3" type="stmt"/>
      <line num="28" count="3" type="stmt"/>
      <line num="29" count="3" type="stmt"/>
      <line num="31" count="3" type="stmt"/>
      <line num="44" count="3" type="stmt"/>
      <line num="45" count="3" type="cond" truecount="3" falsecount="1"/>
      <line num="47" count="3" type="stmt"/>
      <line num="48" count="3" type="stmt"/>
      <line num="60" count="6" type="stmt"/>
      <line num="61" count="6" type="stmt"/>
      <line num="62" count="6" type="cond" truecount="5" falsecount="0"/>
      <line num="63" count="1" type="stmt"/>
      <line num="65" count="5" type="stmt"/>
      <line num="66" count="5" type="stmt"/>
      <line num="67" count="5" type="stmt"/>
      <line num="82" count="11" type="stmt"/>
      <line num="83" count="11" type="stmt"/>
      <line num="84" count="11" type="stmt"/>
      <line num="87" count="11" type="cond" truecount="4" falsecount="0"/>
      <line num="88" count="8" type="cond" truecount="4" falsecount="0"/>
      <line num="90" count="6" type="stmt"/>
      <line num="91" count="6" type="stmt"/>
      <line num="100" count="92" type="stmt"/>
      <line num="102" count="92" type="cond" truecount="2" falsecount="0"/>
      <line num="103" count="92" type="stmt"/>
      <line num="104" count="92" type="stmt"/>
      <line num="105" count="92" type="cond" truecount="2" falsecount="0"/>
      <line num="106" count="92" type="stmt"/>
      <line num="109" count="504" type="stmt"/>
      <line num="110" count="92" type="cond" truecount="2" falsecount="0"/>
      <line num="111" count="92" type="cond" truecount="4" falsecount="0"/>
      <line num="112" count="92" type="cond" truecount="2" falsecount="0"/>
      <line num="114" count="92" type="cond" truecount="4" falsecount="0"/>
      <line num="115" count="92" type="cond" truecount="2" falsecount="0"/>
      <line num="116" count="92" type="cond" truecount="2" falsecount="0"/>
      <line num="119" count="92" type="stmt"/>
      <line num="120" count="92" type="stmt"/>
      <line num="122" count="92" type="stmt"/>
      <line num="123" count="548" type="stmt"/>
      <line num="133" count="548" type="cond" truecount="2" falsecount="0"/>
      <line num="134" count="548" type="cond" truecount="4" falsecount="0"/>
      <line num="135" count="150" type="stmt"/>
      <line num="162" count="92" type="stmt"/>
      <line num="163" count="92" type="stmt"/>
      <line num="164" count="548" type="cond" truecount="4" falsecount="0"/>
      <line num="165" count="548" type="cond" truecount="2" falsecount="0"/>
      <line num="167" count="414" type="stmt"/>
      <line num="169" count="92" type="stmt"/>
      <line num="170" count="92" type="stmt"/>
      <line num="171" count="92" type="stmt"/>
      <line num="172" count="92" type="stmt"/>
      <line num="173" count="92" type="stmt"/>
      <line num="174" count="92" type="stmt"/>
      <line num="175" count="92" type="stmt"/>
      <line num="176" count="92" type="stmt"/>
      <line num="177" count="92" type="stmt"/>
      <line num="178" count="92" type="stmt"/>
      <line num="179" count="92" type="stmt"/>
      <line num="180" count="92" type="stmt"/>
      <line num="181" count="92" type="stmt"/>
      <line num="182" count="92" type="stmt"/>
      <line num="183" count="92" type="stmt"/>
      <line num="184" count="92" type="stmt"/>
      <line num="185" count="92" type="stmt"/>
      <line num="186" count="92" type="stmt"/>
      <line num="190" count="92" type="stmt"/>
      <line num="192" count="92" type="stmt"/>
      <line num="193" count="210" type="stmt"/>
      <line num="194" count="210" type="stmt"/>
      <line num="195" count="210" type="stmt"/>
      <line num="196" count="210" type="cond" truecount="1" falsecount="1"/>
      <line num="198" count="210" type="stmt"/>
      <line num="199" count="917" type="cond" truecount="2" falsecount="0"/>
      <line num="200" count="817" type="cond" truecount="2" falsecount="0"/>
      <line num="201" count="536" type="cond" truecount="1" falsecount="1"/>
      <line num="202" count="917" type="cond" truecount="2" falsecount="0"/>
      <line num="203" count="305" type="cond" truecount="3" falsecount="1"/>
      <line num="204" count="305" type="cond" truecount="2" falsecount="2"/>
      <line num="205" count="305" type="stmt"/>
      <line num="208" count="210" type="cond" truecount="2" falsecount="0"/>
      <line num="210" count="200" type="stmt"/>
      <line num="211" count="118" type="cond" truecount="2" falsecount="0"/>
      <line num="212" count="118" type="cond" truecount="2" falsecount="0"/>
      <line num="215" count="118" type="stmt"/>
      <line num="222" count="118" type="stmt"/>
      <line num="223" count="118" type="stmt"/>
      <line num="226" count="118" type="cond" truecount="4" falsecount="0"/>
      <line num="232" count="17" type="cond" truecount="2" falsecount="0"/>
      <line num="233" count="17" type="cond" truecount="2" falsecount="0"/>
      <line num="234" count="17" type="cond" truecount="2" falsecount="0"/>
      <line num="235" count="1" type="stmt"/>
      <line num="238" count="16" type="stmt"/>
      <line num="240" count="101" type="cond" truecount="4" falsecount="0"/>
      <line num="243" count="51" type="cond" truecount="2" falsecount="0"/>
      <line num="244" count="51" type="cond" truecount="2" falsecount="0"/>
      <line num="245" count="51" type="cond" truecount="2" falsecount="0"/>
      <line num="246" count="12" type="stmt"/>
      <line num="249" count="39" type="stmt"/>
      <line num="253" count="50" type="stmt"/>
      <line num="255" count="200" type="stmt"/>
      <line num="256" count="200" type="stmt"/>
      <line num="257" count="200" type="stmt"/>
      <line num="259" count="200" type="stmt"/>
      <line num="260" count="200" type="stmt"/>
      <line num="261" count="200" type="stmt"/>
      <line num="263" count="200" type="cond" truecount="2" falsecount="0"/>
      <line num="269" count="163" type="stmt"/>
      <line num="270" count="163" type="stmt"/>
      <line num="271" count="163" type="cond" truecount="2" falsecount="0"/>
      <line num="273" count="163" type="cond" truecount="2" falsecount="0"/>
      <line num="276" count="53" type="stmt"/>
      <line num="277" count="53" type="stmt"/>
      <line num="280" count="53" type="stmt"/>
      <line num="281" count="245" type="cond" truecount="2" falsecount="0"/>
      <line num="283" count="192" type="cond" truecount="1" falsecount="1"/>
      <line num="284" count="192" type="cond" truecount="2" falsecount="0"/>
      <line num="287" count="13" type="cond" truecount="1" falsecount="1"/>
      <line num="288" count="13" type="cond" truecount="1" falsecount="1"/>
      <line num="289" count="13" type="stmt"/>
      <line num="292" count="53" type="stmt"/>
      <line num="293" count="53" type="cond" truecount="4" falsecount="0"/>
      <line num="294" count="11" type="stmt"/>
      <line num="295" count="11" type="stmt"/>
      <line num="296" count="11" type="stmt"/>
      <line num="297" count="11" type="stmt"/>
      <line num="300" count="53" type="stmt"/>
      <line num="301" count="53" type="stmt"/>
      <line num="304" count="53" type="cond" truecount="2" falsecount="0"/>
      <line num="306" count="31" type="stmt"/>
      <line num="307" count="31" type="stmt"/>
      <line num="308" count="31" type="stmt"/>
      <line num="309" count="22" type="cond" truecount="2" falsecount="0"/>
      <line num="311" count="14" type="stmt"/>
      <line num="312" count="14" type="stmt"/>
      <line num="313" count="14" type="stmt"/>
      <line num="317" count="14" type="stmt"/>
      <line num="320" count="8" type="stmt"/>
      <line num="321" count="8" type="stmt"/>
      <line num="324" count="8" type="stmt"/>
      <line num="328" count="8" type="stmt"/>
      <line num="333" count="8" type="stmt"/>
      <line num="334" count="8" type="stmt"/>
      <line num="336" count="8" type="stmt"/>
      <line num="337" count="8" type="stmt"/>
      <line num="338" count="8" type="stmt"/>
      <line num="341" count="8" type="stmt"/>
      <line num="343" count="8" type="stmt"/>
      <line num="345" count="8" type="stmt"/>
      <line num="346" count="8" type="stmt"/>
      <line num="347" count="8" type="stmt"/>
      <line num="348" count="8" type="stmt"/>
      <line num="350" count="8" type="stmt"/>
      <line num="351" count="8" type="stmt"/>
      <line num="353" count="8" type="stmt"/>
      <line num="354" count="8" type="stmt"/>
      <line num="358" count="8" type="stmt"/>
      <line num="362" count="110" type="cond" truecount="2" falsecount="0"/>
      <line num="363" count="8" type="stmt"/>
      <line num="364" count="102" type="cond" truecount="2" falsecount="0"/>
      <line num="365" count="84" type="stmt"/>
      <line num="367" count="18" type="stmt"/>
      <line num="368" count="18" type="stmt"/>
      <line num="369" count="18" type="stmt"/>
      <line num="370" count="18" type="stmt"/>
      <line num="371" count="18" type="stmt"/>
      <line num="372" count="18" type="stmt"/>
      <line num="380" count="210" type="cond" truecount="2" falsecount="0"/>
      <line num="388" count="2" type="stmt"/>
      <line num="389" count="2" type="stmt"/>
      <line num="393" count="2" type="stmt"/>
      <line num="394" count="2" type="stmt"/>
      <line num="395" count="10" type="cond" truecount="1" falsecount="1"/>
      <line num="396" count="10" type="cond" truecount="4" falsecount="0"/>
      <line num="397" count="2" type="stmt"/>
      <line num="398" count="10" type="cond" truecount="4" falsecount="0"/>
      <line num="399" count="2" type="stmt"/>
      <line num="401" count="8" type="stmt"/>
      <line num="403" count="2" type="stmt"/>
      <line num="404" count="4" type="stmt"/>
      <line num="405" count="4" type="stmt"/>
      <line num="406" count="4" type="stmt"/>
      <line num="407" count="4" type="cond" truecount="1" falsecount="1"/>
      <line num="410" count="4" type="stmt"/>
      <line num="411" count="20" type="cond" truecount="1" falsecount="1"/>
      <line num="412" count="20" type="cond" truecount="2" falsecount="0"/>
      <line num="413" count="14" type="cond" truecount="1" falsecount="1"/>
      <line num="414" count="20" type="cond" truecount="2" falsecount="0"/>
      <line num="415" count="4" type="cond" truecount="2" falsecount="2"/>
      <line num="416" count="4" type="cond" truecount="2" falsecount="2"/>
      <line num="417" count="4" type="stmt"/>
      <line num="420" count="4" type="cond" truecount="1" falsecount="1"/>
      <line num="422" count="4" type="stmt"/>
      <line num="423" count="0" type="cond" truecount="0" falsecount="2"/>
      <line num="424" count="0" type="cond" truecount="0" falsecount="2"/>
      <line num="425" count="0" type="stmt"/>
      <line num="427" count="4" type="stmt"/>
      <line num="431" count="4" type="stmt"/>
      <line num="432" count="4" type="stmt"/>
      <line num="434" count="4" type="stmt"/>
      <line num="441" count="92" type="cond" truecount="4" falsecount="0"/>
      <line num="442" count="24" type="stmt"/>
      <line num="443" count="112" type="cond" truecount="2" falsecount="0"/>
      <line num="445" count="24" type="cond" truecount="2" falsecount="0"/>
      <line num="447" count="22" type="stmt"/>
      <line num="448" count="22" type="stmt"/>
      <line num="449" count="100" type="cond" truecount="1" falsecount="1"/>
      <line num="450" count="100" type="cond" truecount="4" falsecount="0"/>
      <line num="451" count="38" type="stmt"/>
      <line num="452" count="100" type="cond" truecount="4" falsecount="0"/>
      <line num="453" count="39" type="stmt"/>
      <line num="455" count="185" type="stmt"/>
      <line num="457" count="22" type="stmt"/>
      <line num="458" count="87" type="stmt"/>
      <line num="459" count="87" type="stmt"/>
      <line num="460" count="87" type="stmt"/>
      <line num="461" count="87" type="cond" truecount="1" falsecount="1"/>
      <line num="464" count="87" type="stmt"/>
      <line num="465" count="421" type="cond" truecount="1" falsecount="1"/>
      <line num="466" count="421" type="cond" truecount="2" falsecount="0"/>
      <line num="467" count="186" type="cond" truecount="1" falsecount="1"/>
      <line num="468" count="421" type="cond" truecount="2" falsecount="0"/>
      <line num="469" count="114" type="cond" truecount="2" falsecount="2"/>
      <line num="470" count="114" type="cond" truecount="2" falsecount="2"/>
      <line num="471" count="114" type="cond" truecount="1" falsecount="1"/>
      <line num="472" count="114" type="stmt"/>
      <line num="475" count="87" type="cond" truecount="1" falsecount="1"/>
      <line num="477" count="87" type="stmt"/>
      <line num="478" count="27" type="cond" truecount="2" falsecount="0"/>
      <line num="479" count="27" type="cond" truecount="2" falsecount="0"/>
      <line num="480" count="27" type="stmt"/>
      <line num="482" count="87" type="stmt"/>
      <line num="483" count="87" type="stmt"/>
      <line num="484" count="87" type="stmt"/>
      <line num="485" count="87" type="stmt"/>
      <line num="493" count="92" type="cond" truecount="4" falsecount="0"/>
      <line num="495" count="24" type="stmt"/>
      <line num="496" count="112" type="cond" truecount="2" falsecount="0"/>
      <line num="498" count="24" type="cond" truecount="2" falsecount="0"/>
      <line num="500" count="22" type="stmt"/>
      <line num="501" count="22" type="stmt"/>
      <line num="502" count="100" type="cond" truecount="1" falsecount="1"/>
      <line num="503" count="100" type="cond" truecount="2" falsecount="0"/>
      <line num="504" count="78" type="cond" truecount="1" falsecount="1"/>
      <line num="505" count="100" type="cond" truecount="4" falsecount="0"/>
      <line num="506" count="38" type="stmt"/>
      <line num="507" count="78" type="cond" truecount="4" falsecount="0"/>
      <line num="508" count="39" type="stmt"/>
      <line num="511" count="185" type="stmt"/>
      <line num="513" count="22" type="stmt"/>
      <line num="514" count="87" type="stmt"/>
      <line num="515" count="87" type="stmt"/>
      <line num="516" count="87" type="stmt"/>
      <line num="517" count="87" type="cond" truecount="1" falsecount="1"/>
      <line num="520" count="87" type="stmt"/>
      <line num="521" count="421" type="cond" truecount="1" falsecount="1"/>
      <line num="522" count="421" type="cond" truecount="2" falsecount="0"/>
      <line num="523" count="186" type="cond" truecount="1" falsecount="1"/>
      <line num="524" count="421" type="cond" truecount="2" falsecount="0"/>
      <line num="525" count="114" type="cond" truecount="2" falsecount="2"/>
      <line num="526" count="114" type="cond" truecount="2" falsecount="2"/>
      <line num="527" count="114" type="cond" truecount="1" falsecount="1"/>
      <line num="528" count="114" type="stmt"/>
      <line num="531" count="87" type="cond" truecount="1" falsecount="1"/>
      <line num="534" count="87" type="stmt"/>
      <line num="535" count="27" type="cond" truecount="2" falsecount="0"/>
      <line num="536" count="27" type="cond" truecount="2" falsecount="0"/>
      <line num="537" count="27" type="stmt"/>
      <line num="540" count="87" type="stmt"/>
      <line num="541" count="87" type="stmt"/>
      <line num="542" count="87" type="stmt"/>
      <line num="543" count="87" type="stmt"/>
      <line num="552" count="92" type="cond" truecount="4" falsecount="0"/>
      <line num="553" count="39" type="stmt"/>
      <line num="554" count="39" type="cond" truecount="1" falsecount="1"/>
      <line num="555" count="43" type="stmt"/>
      <line num="556" count="43" type="cond" truecount="2" falsecount="0"/>
      <line num="557" count="43" type="stmt"/>
      <line num="558" count="43" type="cond" truecount="2" falsecount="0"/>
      <line num="560" count="43" type="cond" truecount="2" falsecount="0"/>
      <line num="565" count="34" type="stmt"/>
      <line num="566" count="34" type="stmt"/>
      <line num="567" count="158" type="cond" truecount="3" falsecount="1"/>
      <line num="568" count="158" type="cond" truecount="2" falsecount="0"/>
      <line num="569" count="158" type="cond" truecount="4" falsecount="0"/>
      <line num="571" count="34" type="stmt"/>
      <line num="574" count="34" type="stmt"/>
      <line num="575" count="25" type="stmt"/>
      <line num="576" count="25" type="stmt"/>
      <line num="577" count="25" type="stmt"/>
      <line num="578" count="25" type="cond" truecount="1" falsecount="1"/>
      <line num="581" count="25" type="stmt"/>
      <line num="582" count="59" type="cond" truecount="2" falsecount="0"/>
      <line num="583" count="29" type="cond" truecount="1" falsecount="1"/>
      <line num="584" count="29" type="cond" truecount="1" falsecount="1"/>
      <line num="585" count="59" type="cond" truecount="2" falsecount="0"/>
      <line num="586" count="26" type="cond" truecount="2" falsecount="2"/>
      <line num="587" count="26" type="cond" truecount="2" falsecount="2"/>
      <line num="588" count="26" type="stmt"/>
      <line num="591" count="25" type="cond" truecount="2" falsecount="0"/>
      <line num="594" count="22" type="stmt"/>
      <line num="595" count="4" type="cond" truecount="1" falsecount="1"/>
      <line num="596" count="4" type="cond" truecount="1" falsecount="1"/>
      <line num="597" count="4" type="stmt"/>
      <line num="599" count="22" type="stmt"/>
      <line num="602" count="22" type="cond" truecount="2" falsecount="0"/>
      <line num="603" count="20" type="stmt"/>
      <line num="604" count="20" type="cond" truecount="1" falsecount="1"/>
      <line num="605" count="20" type="stmt"/>
      <line num="609" count="20" type="stmt"/>
      <line num="618" count="92" type="cond" truecount="2" falsecount="0"/>
      <line num="630" count="21" type="stmt"/>
      <line num="631" count="21" type="stmt"/>
      <line num="632" count="21" type="stmt"/>
      <line num="635" count="21" type="stmt"/>
      <line num="636" count="21" type="cond" truecount="1" falsecount="1"/>
      <line num="637" count="25" type="stmt"/>
      <line num="639" count="25" type="cond" truecount="2" falsecount="0"/>
      <line num="640" count="25" type="stmt"/>
      <line num="642" count="25" type="cond" truecount="2" falsecount="0"/>
      <line num="643" count="25" type="stmt"/>
      <line num="645" count="25" type="stmt"/>
      <line num="655" count="25" type="stmt"/>
      <line num="656" count="25" type="stmt"/>
      <line num="659" count="21" type="cond" truecount="1" falsecount="1"/>
      <line num="662" count="21" type="stmt"/>
      <line num="663" count="21" type="stmt"/>
      <line num="665" count="25" type="stmt"/>
      <line num="666" count="25" type="stmt"/>
      <line num="667" count="65" type="cond" truecount="1" falsecount="1"/>
      <line num="669" count="65" type="cond" truecount="4" falsecount="0"/>
      <line num="670" count="9" type="stmt"/>
      <line num="672" count="65" type="cond" truecount="4" falsecount="0"/>
      <line num="673" count="6" type="stmt"/>
      <line num="677" count="64" type="stmt"/>
      <line num="680" count="25" type="stmt"/>
      <line num="681" count="40" type="stmt"/>
      <line num="682" count="40" type="stmt"/>
      <line num="683" count="40" type="stmt"/>
      <line num="684" count="40" type="cond" truecount="1" falsecount="1"/>
      <line num="687" count="40" type="stmt"/>
      <line num="688" count="131" type="cond" truecount="1" falsecount="1"/>
      <line num="689" count="131" type="cond" truecount="2" falsecount="0"/>
      <line num="690" count="125" type="cond" truecount="1" falsecount="1"/>
      <line num="691" count="131" type="cond" truecount="2" falsecount="0"/>
      <line num="692" count="71" type="cond" truecount="2" falsecount="2"/>
      <line num="693" count="71" type="cond" truecount="2" falsecount="2"/>
      <line num="694" count="71" type="stmt"/>
      <line num="697" count="40" type="cond" truecount="1" falsecount="1"/>
      <line num="699" count="40" type="stmt"/>
      <line num="700" count="31" type="cond" truecount="2" falsecount="0"/>
      <line num="701" count="31" type="cond" truecount="2" falsecount="0"/>
      <line num="702" count="31" type="stmt"/>
      <line num="704" count="40" type="stmt"/>
      <line num="706" count="40" type="cond" truecount="4" falsecount="0"/>
      <line num="707" count="22" type="stmt"/>
      <line num="708" count="22" type="stmt"/>
      <line num="709" count="22" type="stmt"/>
      <line num="710" count="22" type="stmt"/>
      <line num="711" count="22" type="stmt"/>
      <line num="712" count="22" type="stmt"/>
      <line num="713" count="22" type="stmt"/>
      <line num="720" count="21" type="cond" truecount="2" falsecount="0"/>
      <line num="722" count="4" type="stmt"/>
      <line num="723" count="6" type="stmt"/>
      <line num="726" count="4" type="stmt"/>
      <line num="727" count="4" type="stmt"/>
      <line num="728" count="4" type="stmt"/>
      <line num="729" count="17" type="cond" truecount="1" falsecount="1"/>
      <line num="731" count="0" type="stmt"/>
      <line num="732" count="0" type="stmt"/>
      <line num="733" count="0" type="stmt"/>
      <line num="734" count="0" type="stmt"/>
      <line num="737" count="0" type="stmt"/>
      <line num="742" count="17" type="stmt"/>
      <line num="743" count="17" type="stmt"/>
      <line num="744" count="17" type="stmt"/>
      <line num="745" count="17" type="stmt"/>
      <line num="747" count="17" type="stmt"/>
      <line num="749" count="19" type="stmt"/>
      <line num="750" count="19" type="stmt"/>
      <line num="751" count="46" type="cond" truecount="1" falsecount="1"/>
      <line num="752" count="46" type="cond" truecount="4" falsecount="0"/>
      <line num="753" count="8" type="stmt"/>
      <line num="755" count="46" type="cond" truecount="4" falsecount="0"/>
      <line num="756" count="6" type="stmt"/>
      <line num="760" count="19" type="cond" truecount="4" falsecount="0"/>
      <line num="761" count="17" type="stmt"/>
      <line num="764" count="88" type="stmt"/>
      <line num="767" count="19" type="stmt"/>
      <line num="768" count="45" type="stmt"/>
      <line num="769" count="45" type="stmt"/>
      <line num="770" count="45" type="stmt"/>
      <line num="771" count="45" type="cond" truecount="1" falsecount="1"/>
      <line num="774" count="45" type="stmt"/>
      <line num="777" count="45" type="stmt"/>
      <line num="778" count="128" type="cond" truecount="1" falsecount="1"/>
      <line num="779" count="128" type="cond" truecount="2" falsecount="0"/>
      <line num="780" count="121" type="cond" truecount="1" falsecount="1"/>
      <line num="781" count="128" type="cond" truecount="2" falsecount="0"/>
      <line num="782" count="75" type="cond" truecount="2" falsecount="2"/>
      <line num="783" count="75" type="cond" truecount="2" falsecount="2"/>
      <line num="784" count="75" type="stmt"/>
      <line num="787" count="45" type="stmt"/>
      <line num="788" count="45" type="cond" truecount="1" falsecount="1"/>
      <line num="790" count="45" type="stmt"/>
      <line num="791" count="30" type="cond" truecount="2" falsecount="0"/>
      <line num="792" count="30" type="cond" truecount="2" falsecount="0"/>
      <line num="793" count="30" type="stmt"/>
      <line num="795" count="45" type="stmt"/>
      <line num="797" count="45" type="cond" truecount="4" falsecount="0"/>
      <line num="798" count="26" type="stmt"/>
      <line num="799" count="26" type="stmt"/>
      <line num="800" count="26" type="stmt"/>
      <line num="801" count="26" type="stmt"/>
      <line num="802" count="26" type="stmt"/>
      <line num="803" count="26" type="stmt"/>
      <line num="808" count="45" type="cond" truecount="2" falsecount="0"/>
      <line num="809" count="26" type="stmt"/>
      <line num="810" count="26" type="stmt"/>
      <line num="811" count="19" type="cond" truecount="1" falsecount="1"/>
      <line num="812" count="19" type="stmt"/>
      <line num="813" count="19" type="stmt"/>
      <line num="816" count="0" type="stmt"/>
      <line num="817" count="0" type="stmt"/>
      <line num="818" count="0" type="stmt"/>
      <line num="819" count="0" type="stmt"/>
      <line num="821" count="0" type="cond" truecount="0" falsecount="2"/>
      <line num="822" count="0" type="stmt"/>
      <line num="823" count="0" type="cond" truecount="0" falsecount="2"/>
      <line num="824" count="0" type="cond" truecount="0" falsecount="2"/>
      <line num="825" count="0" type="stmt"/>
      <line num="827" count="0" type="stmt"/>
      <line num="828" count="0" type="cond" truecount="0" falsecount="4"/>
      <line num="829" count="0" type="stmt"/>
      <line num="830" count="0" type="stmt"/>
      <line num="831" count="0" type="stmt"/>
      <line num="832" count="0" type="stmt"/>
      <line num="833" count="0" type="stmt"/>
      <line num="834" count="0" type="stmt"/>
      <line num="835" count="0" type="stmt"/>
      <line num="842" count="17" type="stmt"/>
      <line num="843" count="17" type="stmt"/>
      <line num="844" count="17" type="stmt"/>
      <line num="845" count="17" type="stmt"/>
      <line num="850" count="21" type="stmt"/>
      <line num="854" count="21" type="stmt"/>
      <line num="857" count="21" type="stmt"/>
      <line num="858" count="21" type="stmt"/>
      <line num="861" count="21" type="stmt"/>
      <line num="862" count="27" type="cond" truecount="4" falsecount="0"/>
      <line num="863" count="21" type="cond" truecount="1" falsecount="1"/>
      <line num="864" count="21" type="cond" truecount="1" falsecount="1"/>
      <line num="868" count="21" type="stmt"/>
      <line num="870" count="21" type="cond" truecount="2" falsecount="0"/>
      <line num="872" count="17" type="stmt"/>
      <line num="873" count="17" type="cond" truecount="1" falsecount="1"/>
      <line num="874" count="17" type="stmt"/>
      <line num="876" count="17" type="stmt"/>
      <line num="878" count="17" type="stmt"/>
      <line num="879" count="17" type="stmt"/>
      <line num="888" count="4" type="cond" truecount="1" falsecount="1"/>
      <line num="889" count="4" type="stmt"/>
      <line num="890" count="4" type="stmt"/>
      <line num="891" count="6" type="stmt"/>
      <line num="894" count="4" type="stmt"/>
      <line num="895" count="4" type="stmt"/>
      <line num="901" count="4" type="cond" truecount="2" falsecount="0"/>
      <line num="903" count="2" type="stmt"/>
      <line num="904" count="2" type="stmt"/>
      <line num="907" count="21" type="stmt"/>
      <line num="914" count="21" type="cond" truecount="2" falsecount="0"/>
      <line num="916" count="4" type="stmt"/>
      <line num="917" count="4" type="stmt"/>
      <line num="920" count="17" type="stmt"/>
      <line num="921" count="17" type="stmt"/>
      <line num="925" count="21" type="cond" truecount="2" falsecount="0"/>
      <line num="927" count="4" type="cond" truecount="2" falsecount="0"/>
      <line num="928" count="2" type="stmt"/>
      <line num="932" count="17" type="cond" truecount="2" falsecount="0"/>
      <line num="933" count="11" type="stmt"/>
      <line num="938" count="17" type="stmt"/>
      <line num="939" count="17" type="stmt"/>
      <line num="941" count="19" type="cond" truecount="1" falsecount="1"/>
      <line num="943" count="19" type="stmt"/>
      <line num="944" count="19" type="cond" truecount="1" falsecount="1"/>
      <line num="945" count="19" type="stmt"/>
      <line num="947" count="19" type="cond" truecount="2" falsecount="0"/>
      <line num="949" count="10" type="stmt"/>
      <line num="950" count="9" type="cond" truecount="4" falsecount="0"/>
      <line num="953" count="3" type="stmt"/>
      <line num="958" count="6" type="cond" truecount="2" falsecount="2"/>
      <line num="960" count="0" type="stmt"/>
      <line num="967" count="19" type="stmt"/>
      <line num="972" count="17" type="stmt"/>
      <line num="973" count="17" type="stmt"/>
      <line num="985" count="92" type="cond" truecount="2" falsecount="0"/>
      <line num="992" count="20" type="stmt"/>
      <line num="994" count="20" type="cond" truecount="1" falsecount="1"/>
      <line num="995" count="20" type="stmt"/>
      <line num="996" count="20" type="cond" truecount="3" falsecount="2"/>
      <line num="998" count="0" type="stmt"/>
      <line num="999" count="20" type="cond" truecount="4" falsecount="0"/>
      <line num="1001" count="7" type="stmt"/>
      <line num="1002" count="7" type="stmt"/>
      <line num="1006" count="20" type="stmt"/>
      <line num="1011" count="20" type="cond" truecount="1" falsecount="1"/>
      <line num="1012" count="0" type="stmt"/>
      <line num="1021" count="92" type="cond" truecount="4" falsecount="0"/>
      <line num="1023" count="39" type="stmt"/>
      <line num="1026" count="53" type="stmt"/>
      <line num="1029" count="92" type="stmt"/>
      <line num="1030" count="548" type="cond" truecount="1" falsecount="1"/>
      <line num="1037" count="548" type="stmt"/>
      <line num="1038" count="548" type="stmt"/>
      <line num="1042" count="92" type="stmt"/>
      <line num="1043" count="92" type="cond" truecount="4" falsecount="0"/>
      <line num="1044" count="39" type="stmt"/>
      <line num="1045" count="43" type="cond" truecount="2" falsecount="0"/>
      <line num="1050" count="92" type="stmt"/>
      <line num="1087" count="87" type="stmt"/>
      <line num="1088" count="12" type="cond" truecount="4" falsecount="0"/>
      <line num="1089" count="10" type="stmt"/>
      <line num="1099" count="2" type="cond" truecount="1" falsecount="1"/>
      <line num="1100" count="12" type="stmt"/>
      <line num="1101" count="12" type="cond" truecount="1" falsecount="1"/>
      <line num="1102" count="0" type="stmt"/>
      <line num="1113" count="2" type="cond" truecount="1" falsecount="1"/>
      <line num="1116" count="12" type="stmt"/>
      <line num="1117" count="12" type="stmt"/>
      <line num="1120" count="12" type="stmt"/>
      <line num="1121" count="12" type="stmt"/>
      <line num="1122" count="5" type="cond" truecount="2" falsecount="0"/>
      <line num="1123" count="3" type="cond" truecount="1" falsecount="1"/>
      <line num="1124" count="3" type="cond" truecount="3" falsecount="1"/>
      <line num="1126" count="3" type="cond" truecount="2" falsecount="0"/>
      <line num="1131" count="1" type="stmt"/>
      <line num="1133" count="3" type="cond" truecount="4" falsecount="0"/>
      <line num="1134" count="1" type="stmt"/>
      <line num="1138" count="12" type="stmt"/>
      <line num="1142" count="12" type="stmt"/>
      <line num="1143" count="12" type="stmt"/>
      <line num="1144" count="3" type="stmt"/>
      <line num="1145" count="3" type="stmt"/>
      <line num="1146" count="3" type="stmt"/>
      <line num="1147" count="3" type="cond" truecount="1" falsecount="1"/>
      <line num="1150" count="3" type="stmt"/>
      <line num="1153" count="3" type="stmt"/>
      <line num="1154" count="8" type="cond" truecount="2" falsecount="0"/>
      <line num="1156" count="5" type="cond" truecount="1" falsecount="1"/>
      <line num="1157" count="5" type="cond" truecount="2" falsecount="0"/>
      <line num="1160" count="0" type="cond" truecount="0" falsecount="2"/>
      <line num="1161" count="0" type="cond" truecount="0" falsecount="2"/>
      <line num="1162" count="0" type="stmt"/>
      <line num="1165" count="3" type="cond" truecount="1" falsecount="1"/>
      <line num="1167" count="3" type="stmt"/>
      <line num="1168" count="3" type="stmt"/>
      <line num="1169" count="3" type="cond" truecount="3" falsecount="1"/>
      <line num="1170" count="3" type="stmt"/>
      <line num="1171" count="3" type="stmt"/>
      <line num="1172" count="3" type="stmt"/>
      <line num="1173" count="3" type="stmt"/>
      <line num="1174" count="3" type="stmt"/>
      <line num="1177" count="3" type="stmt"/>
      <line num="1188" count="3" type="stmt"/>
      <line num="1189" count="3" type="stmt"/>
      <line num="1190" count="3" type="cond" truecount="2" falsecount="0"/>
      <line num="1191" count="3" type="cond" truecount="3" falsecount="1"/>
      <line num="1192" count="0" type="stmt"/>
      <line num="1193" count="0" type="stmt"/>
      <line num="1194" count="0" type="stmt"/>
      <line num="1195" count="0" type="stmt"/>
      <line num="1197" count="3" type="stmt"/>
      <line num="1201" count="3" type="stmt"/>
      <line num="1208" count="2" type="stmt"/>
      <line num="1209" count="2" type="stmt"/>
      <line num="1210" count="2" type="stmt"/>
      <line num="1211" count="2" type="stmt"/>
      <line num="1213" count="2" type="stmt"/>
      <line num="1214" count="3" type="stmt"/>
      <line num="1215" count="3" type="stmt"/>
      <line num="1216" count="3" type="stmt"/>
      <line num="1217" count="3" type="stmt"/>
      <line num="1220" count="2" type="stmt"/>
    </file>
    <file name="persistence.js" path="C:\Koding\Keino\Volume calc\src\js\persistence.js">
      <metrics statements="13" coveredstatements="8" conditionals="9" coveredconditionals="2" methods="4" coveredmethods="3"/>
      <line num="7" count="3" type="stmt"/>
      <line num="8" count="3" type="stmt"/>
      <line num="11" count="0" type="stmt"/>
      <line num="12" count="0" type="stmt"/>
      <line num="13" count="0" type="stmt"/>
      <line num="20" count="10" type="stmt"/>
      <line num="21" count="10" type="stmt"/>
      <line num="29" count="3" type="stmt"/>
      <line num="30" count="3" type="stmt"/>
      <line num="31" count="3" type="cond" truecount="1" falsecount="1"/>
      <line num="32" count="0" type="cond" truecount="0" falsecount="4"/>
      <line num="33" count="0" type="stmt"/>
      <line num="43" count="3" type="stmt"/>
    </file>
    <file name="presets-ui.js" path="C:\Koding\Keino\Volume calc\src\js\presets-ui.js">
      <metrics statements="108" coveredstatements="54" conditionals="123" coveredconditionals="44" methods="12" coveredmethods="3"/>
      <line num="4" count="5" type="cond" truecount="0" falsecount="2"/>
      <line num="6" count="5" type="stmt"/>
      <line num="7" count="5" type="stmt"/>
      <line num="8" count="5" type="stmt"/>
      <line num="9" count="5" type="stmt"/>
      <line num="10" count="5" type="stmt"/>
      <line num="12" count="5" type="cond" truecount="7" falsecount="0"/>
      <line num="14" count="2" type="stmt"/>
      <line num="15" count="2" type="stmt"/>
      <line num="16" count="2" type="stmt"/>
      <line num="18" count="2" type="cond" truecount="1" falsecount="1"/>
      <line num="19" count="0" type="cond" truecount="0" falsecount="2"/>
      <line num="23" count="0" type="stmt"/>
      <line num="24" count="0" type="stmt"/>
      <line num="27" count="0" type="stmt"/>
      <line num="28" count="0" type="stmt"/>
      <line num="32" count="2" type="cond" truecount="2" falsecount="2"/>
      <line num="33" count="0" type="stmt"/>
      <line num="34" count="0" type="stmt"/>
      <line num="35" count="0" type="cond" truecount="0" falsecount="2"/>
      <line num="36" count="0" type="cond" truecount="0" falsecount="2"/>
      <line num="37" count="0" type="cond" truecount="0" falsecount="2"/>
      <line num="41" count="0" type="stmt"/>
      <line num="42" count="0" type="stmt"/>
      <line num="44" count="0" type="stmt"/>
      <line num="49" count="2" type="cond" truecount="1" falsecount="1"/>
      <line num="53" count="2" type="stmt"/>
      <line num="55" count="0" type="cond" truecount="0" falsecount="2"/>
      <line num="59" count="2" type="stmt"/>
      <line num="60" count="1" type="stmt"/>
      <line num="61" count="1" type="cond" truecount="1" falsecount="1"/>
      <line num="62" count="0" type="stmt"/>
      <line num="63" count="0" type="stmt"/>
      <line num="65" count="1" type="stmt"/>
      <line num="66" count="1" type="cond" truecount="1" falsecount="2"/>
      <line num="67" count="1" type="cond" truecount="1" falsecount="1"/>
      <line num="68" count="0" type="stmt"/>
      <line num="71" count="1" type="cond" truecount="1" falsecount="1"/>
      <line num="75" count="0" type="stmt"/>
      <line num="76" count="1" type="stmt"/>
      <line num="77" count="1" type="stmt"/>
      <line num="78" count="1" type="cond" truecount="1" falsecount="1"/>
      <line num="79" count="1" type="cond" truecount="1" falsecount="1"/>
      <line num="83" count="1" type="stmt"/>
      <line num="84" count="1" type="stmt"/>
      <line num="86" count="1" type="cond" truecount="3" falsecount="1"/>
      <line num="87" count="1" type="stmt"/>
      <line num="88" count="1" type="stmt"/>
      <line num="95" count="2" type="stmt"/>
      <line num="96" count="1" type="stmt"/>
      <line num="97" count="1" type="cond" truecount="1" falsecount="1"/>
      <line num="98" count="1" type="cond" truecount="1" falsecount="1"/>
      <line num="102" count="0" type="stmt"/>
      <line num="103" count="1" type="stmt"/>
      <line num="104" count="1" type="cond" truecount="1" falsecount="1"/>
      <line num="105" count="1" type="stmt"/>
      <line num="107" count="1" type="cond" truecount="3" falsecount="1"/>
      <line num="108" count="1" type="stmt"/>
      <line num="109" count="1" type="stmt"/>
      <line num="116" count="1" type="stmt"/>
      <line num="117" count="1" type="stmt"/>
      <line num="118" count="1" type="stmt"/>
      <line num="119" count="1" type="stmt"/>
      <line num="120" count="1" type="stmt"/>
      <line num="121" count="1" type="cond" truecount="2" falsecount="2"/>
      <line num="122" count="0" type="cond" truecount="0" falsecount="2"/>
      <line num="123" count="0" type="stmt"/>
      <line num="124" count="0" type="stmt"/>
      <line num="126" count="0" type="cond" truecount="0" falsecount="2"/>
      <line num="127" count="0" type="stmt"/>
      <line num="128" count="0" type="stmt"/>
      <line num="130" count="1" type="cond" truecount="2" falsecount="2"/>
      <line num="131" count="0" type="cond" truecount="0" falsecount="2"/>
      <line num="132" count="0" type="stmt"/>
      <line num="133" count="0" type="stmt"/>
      <line num="135" count="0" type="cond" truecount="0" falsecount="2"/>
      <line num="136" count="0" type="stmt"/>
      <line num="137" count="0" type="stmt"/>
      <line num="140" count="1" type="cond" truecount="1" falsecount="1"/>
      <line num="141" count="0" type="stmt"/>
      <line num="142" count="0" type="stmt"/>
      <line num="144" count="1" type="cond" truecount="1" falsecount="1"/>
      <line num="145" count="0" type="stmt"/>
      <line num="146" count="0" type="stmt"/>
      <line num="154" count="2" type="stmt"/>
      <line num="155" count="0" type="cond" truecount="0" falsecount="2"/>
      <line num="156" count="0" type="cond" truecount="0" falsecount="3"/>
      <line num="157" count="0" type="stmt"/>
      <line num="158" count="0" type="stmt"/>
      <line num="159" count="0" type="cond" truecount="0" falsecount="2"/>
      <line num="162" count="2" type="stmt"/>
      <line num="163" count="0" type="stmt"/>
      <line num="164" count="0" type="cond" truecount="0" falsecount="2"/>
      <line num="165" count="0" type="cond" truecount="0" falsecount="2"/>
      <line num="166" count="0" type="cond" truecount="0" falsecount="3"/>
      <line num="167" count="0" type="cond" truecount="0" falsecount="2"/>
      <line num="168" count="0" type="cond" truecount="0" falsecount="2"/>
      <line num="169" count="0" type="cond" truecount="0" falsecount="2"/>
      <line num="173" count="0" type="stmt"/>
      <line num="175" count="0" type="stmt"/>
      <line num="177" count="0" type="cond" truecount="0" falsecount="2"/>
      <line num="181" count="0" type="stmt"/>
      <line num="184" count="2" type="cond" truecount="1" falsecount="1"/>
      <line num="188" count="2" type="stmt"/>
      <line num="189" count="2" type="stmt"/>
      <line num="190" count="0" type="cond" truecount="0" falsecount="2"/>
      <line num="191" count="0" type="cond" truecount="0" falsecount="2"/>
      <line num="195" count="0" type="stmt"/>
    </file>
    <file name="presets.js" path="C:\Koding\Keino\Volume calc\src\js\presets.js">
      <metrics statements="97" coveredstatements="27" conditionals="84" coveredconditionals="12" methods="16" coveredmethods="5"/>
      <line num="3" count="2" type="stmt"/>
      <line num="5" count="2" type="stmt"/>
      <line num="8" count="7" type="stmt"/>
      <line num="9" count="7" type="stmt"/>
      <line num="10" count="7" type="cond" truecount="2" falsecount="0"/>
      <line num="11" count="5" type="stmt"/>
      <line num="13" count="0" type="stmt"/>
      <line num="18" count="3" type="stmt"/>
      <line num="19" count="3" type="stmt"/>
      <line num="27" count="0" type="stmt"/>
      <line num="32" count="0" type="stmt"/>
      <line num="33" count="0" type="stmt"/>
      <line num="34" count="0" type="stmt"/>
      <line num="35" count="0" type="cond" truecount="0" falsecount="2"/>
      <line num="37" count="0" type="cond" truecount="0" falsecount="2"/>
      <line num="39" count="0" type="stmt"/>
      <line num="41" count="0" type="stmt"/>
      <line num="42" count="0" type="cond" truecount="0" falsecount="5"/>
      <line num="43" count="0" type="stmt"/>
      <line num="44" count="0" type="cond" truecount="0" falsecount="4"/>
      <line num="45" count="0" type="cond" truecount="0" falsecount="2"/>
      <line num="47" count="0" type="cond" truecount="0" falsecount="2"/>
      <line num="48" count="0" type="stmt"/>
      <line num="49" count="0" type="cond" truecount="0" falsecount="2"/>
      <line num="54" count="0" type="stmt"/>
      <line num="58" count="0" type="stmt"/>
      <line num="60" count="0" type="cond" truecount="0" falsecount="2"/>
      <line num="67" count="0" type="stmt"/>
      <line num="71" count="0" type="cond" truecount="0" falsecount="2"/>
      <line num="75" count="0" type="stmt"/>
      <line num="76" count="0" type="cond" truecount="0" falsecount="2"/>
      <line num="77" count="0" type="cond" truecount="0" falsecount="2"/>
      <line num="78" count="0" type="cond" truecount="0" falsecount="4"/>
      <line num="80" count="0" type="stmt"/>
      <line num="82" count="0" type="stmt"/>
      <line num="87" count="4" type="stmt"/>
      <line num="88" count="4" type="cond" truecount="2" falsecount="0"/>
      <line num="89" count="1" type="cond" truecount="1" falsecount="1"/>
      <line num="90" count="1" type="stmt"/>
      <line num="94" count="0" type="stmt"/>
      <line num="95" count="0" type="cond" truecount="0" falsecount="2"/>
      <line num="96" count="0" type="stmt"/>
      <line num="97" count="0" type="stmt"/>
      <line num="98" count="0" type="stmt"/>
      <line num="99" count="0" type="stmt"/>
      <line num="100" count="0" type="stmt"/>
      <line num="101" count="0" type="stmt"/>
      <line num="102" count="0" type="cond" truecount="0" falsecount="2"/>
      <line num="103" count="0" type="stmt"/>
      <line num="108" count="0" type="stmt"/>
      <line num="109" count="0" type="cond" truecount="0" falsecount="2"/>
      <line num="110" count="0" type="stmt"/>
      <line num="114" count="0" type="stmt"/>
      <line num="117" count="0" type="stmt"/>
      <line num="118" count="0" type="stmt"/>
      <line num="119" count="0" type="stmt"/>
      <line num="120" count="0" type="stmt"/>
      <line num="121" count="0" type="stmt"/>
      <line num="122" count="0" type="stmt"/>
      <line num="123" count="0" type="stmt"/>
      <line num="124" count="0" type="stmt"/>
      <line num="126" count="0" type="stmt"/>
      <line num="133" count="0" type="stmt"/>
      <line num="134" count="0" type="stmt"/>
      <line num="135" count="0" type="stmt"/>
      <line num="136" count="0" type="stmt"/>
      <line num="137" count="0" type="stmt"/>
      <line num="138" count="0" type="cond" truecount="0" falsecount="4"/>
      <line num="139" count="0" type="cond" truecount="0" falsecount="2"/>
      <line num="140" count="0" type="stmt"/>
      <line num="141" count="0" type="cond" truecount="0" falsecount="2"/>
      <line num="142" count="0" type="stmt"/>
      <line num="149" count="0" type="cond" truecount="0" falsecount="2"/>
      <line num="151" count="0" type="stmt"/>
      <line num="152" count="0" type="stmt"/>
      <line num="153" count="0" type="stmt"/>
      <line num="154" count="0" type="stmt"/>
      <line num="156" count="0" type="stmt"/>
      <line num="162" count="0" type="stmt"/>
      <line num="163" count="0" type="stmt"/>
      <line num="165" count="0" type="stmt"/>
      <line num="173" count="3" type="cond" truecount="2" falsecount="0"/>
      <line num="174" count="2" type="cond" truecount="1" falsecount="1"/>
      <line num="175" count="2" type="stmt"/>
      <line num="176" count="2" type="stmt"/>
      <line num="177" count="2" type="stmt"/>
      <line num="178" count="2" type="stmt"/>
      <line num="182" count="1" type="cond" truecount="1" falsecount="1"/>
      <line num="183" count="1" type="cond" truecount="1" falsecount="1"/>
      <line num="184" count="1" type="stmt"/>
      <line num="185" count="1" type="cond" truecount="1" falsecount="1"/>
      <line num="186" count="1" type="stmt"/>
      <line num="187" count="1" type="stmt"/>
      <line num="188" count="1" type="stmt"/>
      <line num="190" count="0" type="stmt"/>
      <line num="194" count="2" type="cond" truecount="1" falsecount="1"/>
      <line num="195" count="2" type="stmt"/>
    </file>
    <file name="render.js" path="C:\Koding\Keino\Volume calc\src\js\render.js">
      <metrics statements="199" coveredstatements="108" conditionals="150" coveredconditionals="61" methods="7" coveredmethods="5"/>
      <line num="3" count="0" type="stmt"/>
      <line num="36" count="0" type="stmt"/>
      <line num="39" count="0" type="cond" truecount="2" falsecount="0"/>
      <line num="40" count="0" type="cond" truecount="2" falsecount="0"/>
      <line num="42" count="0" type="stmt"/>
      <line num="43" count="0" type="cond" truecount="1" falsecount="1"/>
      <line num="44" count="7" type="cond" truecount="1" falsecount="1"/>
      <line num="47" count="0" type="stmt"/>
      <line num="48" count="0" type="stmt"/>
      <line num="49" count="0" type="stmt"/>
      <line num="50" count="0" type="stmt"/>
      <line num="51" count="0" type="stmt"/>
      <line num="52" count="0" type="stmt"/>
      <line num="53" count="0" type="stmt"/>
      <line num="54" count="0" type="stmt"/>
      <line num="55" count="0" type="stmt"/>
      <line num="56" count="0" type="stmt"/>
      <line num="57" count="0" type="stmt"/>
      <line num="58" count="0" type="stmt"/>
      <line num="61" count="0" type="stmt"/>
      <line num="62" count="0" type="stmt"/>
      <line num="63" count="0" type="stmt"/>
      <line num="64" count="0" type="stmt"/>
      <line num="65" count="0" type="stmt"/>
      <line num="66" count="0" type="stmt"/>
      <line num="72" count="0" type="cond" truecount="2" falsecount="1"/>
      <line num="79" count="0" type="stmt"/>
      <line num="99" count="360" type="stmt"/>
      <line num="102" count="0" type="stmt"/>
      <line num="103" count="46" type="cond" truecount="2" falsecount="0"/>
      <line num="104" count="18" type="stmt"/>
      <line num="105" count="18" type="cond" truecount="1" falsecount="1"/>
      <line num="106" count="18" type="stmt"/>
      <line num="111" count="18" type="stmt"/>
      <line num="116" count="0" type="cond" truecount="3" falsecount="1"/>
      <line num="118" count="1" type="stmt"/>
      <line num="119" count="1" type="stmt"/>
      <line num="121" count="1" type="cond" truecount="1" falsecount="1"/>
      <line num="123" count="1" type="stmt"/>
      <line num="124" count="1" type="stmt"/>
      <line num="129" count="1" type="cond" truecount="1" falsecount="1"/>
      <line num="130" count="0" type="stmt"/>
      <line num="132" count="0" type="stmt"/>
      <line num="133" count="0" type="cond" truecount="0" falsecount="2"/>
      <line num="134" count="0" type="cond" truecount="0" falsecount="2"/>
      <line num="136" count="0" type="stmt"/>
      <line num="140" count="0" type="stmt"/>
      <line num="141" count="0" type="stmt"/>
      <line num="143" count="19" type="cond" truecount="2" falsecount="0"/>
      <line num="145" count="2" type="cond" truecount="1" falsecount="1"/>
      <line num="147" count="2" type="cond" truecount="3" falsecount="0"/>
      <line num="149" count="2" type="cond" truecount="2" falsecount="0"/>
      <line num="151" count="1" type="stmt"/>
      <line num="152" count="1" type="stmt"/>
      <line num="153" count="1" type="stmt"/>
      <line num="154" count="1" type="stmt"/>
      <line num="155" count="1" type="cond" truecount="1" falsecount="1"/>
      <line num="156" count="1" type="stmt"/>
      <line num="158" count="1" type="stmt"/>
      <line num="159" count="1" type="cond" truecount="1" falsecount="1"/>
      <line num="160" count="1" type="cond" truecount="2" falsecount="0"/>
      <line num="162" count="1" type="stmt"/>
      <line num="166" count="1" type="stmt"/>
      <line num="167" count="1" type="stmt"/>
      <line num="168" count="1" type="stmt"/>
      <line num="169" count="1" type="stmt"/>
      <line num="173" count="17" type="stmt"/>
      <line num="174" count="17" type="stmt"/>
      <line num="178" count="0" type="stmt"/>
      <line num="179" count="13" type="cond" truecount="1" falsecount="1"/>
      <line num="180" count="7" type="stmt"/>
      <line num="181" count="7" type="cond" truecount="1" falsecount="1"/>
      <line num="182" count="7" type="stmt"/>
      <line num="184" count="7" type="stmt"/>
      <line num="186" count="7" type="stmt"/>
      <line num="188" count="4" type="cond" truecount="4" falsecount="0"/>
      <line num="189" count="3" type="stmt"/>
      <line num="190" count="3" type="stmt"/>
      <line num="191" count="3" type="cond" truecount="1" falsecount="1"/>
      <line num="192" count="4" type="stmt"/>
      <line num="194" count="4" type="stmt"/>
      <line num="195" count="4" type="cond" truecount="1" falsecount="1"/>
      <line num="196" count="4" type="stmt"/>
      <line num="198" count="4" type="stmt"/>
      <line num="199" count="4" type="cond" truecount="1" falsecount="1"/>
      <line num="200" count="4" type="stmt"/>
      <line num="202" count="4" type="stmt"/>
      <line num="203" count="4" type="cond" truecount="1" falsecount="1"/>
      <line num="204" count="4" type="stmt"/>
      <line num="206" count="4" type="stmt"/>
      <line num="208" count="4" type="cond" truecount="1" falsecount="1"/>
      <line num="209" count="4" type="cond" truecount="1" falsecount="1"/>
      <line num="213" count="7" type="stmt"/>
      <line num="223" count="7" type="stmt"/>
      <line num="224" count="4" type="stmt"/>
      <line num="225" count="4" type="cond" truecount="2" falsecount="0"/>
      <line num="226" count="3" type="cond" truecount="2" falsecount="0"/>
      <line num="227" count="1" type="stmt"/>
      <line num="228" count="1" type="stmt"/>
      <line num="230" count="2" type="stmt"/>
      <line num="235" count="7" type="stmt"/>
      <line num="236" count="7" type="stmt"/>
      <line num="237" count="7" type="stmt"/>
      <line num="238" count="7" type="stmt"/>
      <line num="239" count="7" type="stmt"/>
      <line num="240" count="7" type="stmt"/>
      <line num="241" count="7" type="cond" truecount="1" falsecount="1"/>
      <line num="242" count="0" type="stmt"/>
      <line num="243" count="0" type="stmt"/>
      <line num="244" count="1" type="cond" truecount="2" falsecount="0"/>
      <line num="245" count="1" type="stmt"/>
      <line num="246" count="1" type="stmt"/>
      <line num="247" count="1" type="cond" truecount="2" falsecount="0"/>
      <line num="248" count="2" type="stmt"/>
      <line num="253" count="5" type="stmt"/>
      <line num="255" count="7" type="stmt"/>
      <line num="256" count="7" type="stmt"/>
      <line num="267" count="0" type="stmt"/>
      <line num="268" count="0" type="cond" truecount="0" falsecount="2"/>
      <line num="270" count="0" type="cond" truecount="0" falsecount="2"/>
      <line num="271" count="0" type="stmt"/>
      <line num="272" count="0" type="stmt"/>
      <line num="275" count="0" type="stmt"/>
      <line num="278" count="0" type="stmt"/>
      <line num="279" count="0" type="cond" truecount="0" falsecount="2"/>
      <line num="280" count="0" type="stmt"/>
      <line num="286" count="0" type="stmt"/>
      <line num="287" count="0" type="cond" truecount="0" falsecount="2"/>
      <line num="290" count="0" type="stmt"/>
      <line num="291" count="0" type="cond" truecount="0" falsecount="4"/>
      <line num="292" count="0" type="stmt"/>
      <line num="302" count="0" type="cond" truecount="0" falsecount="4"/>
      <line num="303" count="0" type="stmt"/>
      <line num="315" count="0" type="stmt"/>
      <line num="316" count="0" type="cond" truecount="0" falsecount="2"/>
      <line num="317" count="0" type="stmt"/>
      <line num="322" count="0" type="cond" truecount="0" falsecount="2"/>
      <line num="326" count="0" type="stmt"/>
      <line num="327" count="2" type="stmt"/>
      <line num="330" count="2" type="stmt"/>
      <line num="331" count="2" type="cond" truecount="2" falsecount="0"/>
      <line num="333" count="2" type="cond" truecount="1" falsecount="1"/>
      <line num="337" count="2" type="stmt"/>
      <line num="339" count="2" type="stmt"/>
      <line num="342" count="2" type="stmt"/>
      <line num="343" count="2" type="cond" truecount="1" falsecount="1"/>
      <line num="344" count="2" type="cond" truecount="2" falsecount="0"/>
      <line num="345" count="0" type="stmt"/>
      <line num="348" count="2" type="stmt"/>
      <line num="349" count="2" type="cond" truecount="0" falsecount="2"/>
      <line num="350" count="0" type="stmt"/>
      <line num="353" count="0" type="stmt"/>
      <line num="355" count="0" type="cond" truecount="0" falsecount="2"/>
[...]
      <line num="896" count="0" type="stmt"/>
      <line num="897" count="0" type="cond" truecount="0" falsecount="2"/>
      <line num="898" count="0" type="stmt"/>
      <line num="899" count="0" type="stmt"/>
      <line num="900" count="0" type="cond" truecount="0" falsecount="4"/>
      <line num="901" count="0" type="stmt"/>
      <line num="902" count="0" type="stmt"/>
      <line num="903" count="0" type="cond" truecount="0" falsecount="2"/>
      <line num="904" count="0" type="stmt"/>
      <line num="908" count="0" type="stmt"/>
      <line num="909" count="0" type="stmt"/>
      <line num="910" count="0" type="stmt"/>
      <line num="911" count="0" type="stmt"/>
      <line num="912" count="0" type="cond" truecount="0" falsecount="2"/>
      <line num="913" count="0" type="stmt"/>
      <line num="914" count="0" type="stmt"/>
      <line num="915" count="0" type="stmt"/>
      <line num="916" count="0" type="cond" truecount="0" falsecount="2"/>
      <line num="918" count="0" type="cond" truecount="0" falsecount="2"/>
      <line num="919" count="0" type="stmt"/>
      <line num="920" count="0" type="stmt"/>
      <line num="922" count="0" type="cond" truecount="0" falsecount="2"/>
      <line num="923" count="0" type="stmt"/>
      <line num="924" count="0" type="stmt"/>
      <line num="926" count="0" type="cond" truecount="0" falsecount="2"/>
      <line num="927" count="0" type="stmt"/>
      <line num="928" count="0" type="stmt"/>
      <line num="929" count="0" type="stmt"/>
      <line num="930" count="0" type="cond" truecount="0" falsecount="2"/>
      <line num="931" count="0" type="stmt"/>
      <line num="932" count="0" type="stmt"/>
      <line num="936" count="0" type="stmt"/>
      <line num="937" count="0" type="stmt"/>
      <line num="939" count="0" type="stmt"/>
      <line num="940" count="0" type="stmt"/>
      <line num="942" count="0" type="stmt"/>
      <line num="943" count="0" type="stmt"/>
      <line num="944" count="0" type="cond" truecount="0" falsecount="4"/>
      <line num="945" count="0" type="stmt"/>
      <line num="946" count="0" type="stmt"/>
      <line num="948" count="0" type="stmt"/>
      <line num="949" count="0" type="cond" truecount="0" falsecount="4"/>
      <line num="950" count="0" type="cond" truecount="0" falsecount="2"/>
      <line num="951" count="0" type="stmt"/>
      <line num="952" count="0" type="stmt"/>
      <line num="955" count="0" type="stmt"/>
      <line num="956" count="0" type="stmt"/>
      <line num="957" count="0" type="cond" truecount="0" falsecount="2"/>
      <line num="958" count="0" type="stmt"/>
      <line num="959" count="0" type="stmt"/>
      <line num="960" count="0" type="cond" truecount="0" falsecount="4"/>
      <line num="961" count="0" type="stmt"/>
      <line num="962" count="0" type="stmt"/>
      <line num="963" count="0" type="cond" truecount="0" falsecount="2"/>
      <line num="964" count="0" type="stmt"/>
      <line num="967" count="0" type="stmt"/>
      <line num="968" count="0" type="stmt"/>
      <line num="969" count="0" type="stmt"/>
      <line num="970" count="0" type="cond" truecount="0" falsecount="5"/>
      <line num="971" count="0" type="stmt"/>
      <line num="974" count="0" type="stmt"/>
      <line num="975" count="0" type="stmt"/>
      <line num="980" count="0" type="stmt"/>
      <line num="984" count="0" type="stmt"/>
      <line num="986" count="0" type="stmt"/>
      <line num="987" count="0" type="stmt"/>
      <line num="988" count="0" type="stmt"/>
      <line num="989" count="0" type="stmt"/>
      <line num="990" count="0" type="stmt"/>
      <line num="993" count="0" type="stmt"/>
      <line num="994" count="0" type="stmt"/>
      <line num="995" count="0" type="stmt"/>
      <line num="996" count="0" type="stmt"/>
      <line num="997" count="0" type="cond" truecount="0" falsecount="2"/>
      <line num="998" count="0" type="cond" truecount="0" falsecount="2"/>
      <line num="999" count="0" type="cond" truecount="0" falsecount="4"/>
      <line num="1001" count="0" type="cond" truecount="0" falsecount="2"/>
      <line num="1003" count="0" type="cond" truecount="0" falsecount="4"/>
      <line num="1004" count="0" type="stmt"/>
      <line num="1005" count="0" type="stmt"/>
      <line num="1006" count="0" type="stmt"/>
      <line num="1007" count="0" type="stmt"/>
      <line num="1008" count="0" type="stmt"/>
      <line num="1010" count="0" type="stmt"/>
      <line num="1011" count="0" type="cond" truecount="0" falsecount="4"/>
      <line num="1012" count="0" type="cond" truecount="0" falsecount="2"/>
      <line num="1013" count="0" type="stmt"/>
      <line num="1016" count="0" type="stmt"/>
      <line num="1017" count="0" type="stmt"/>
      <line num="1021" count="0" type="stmt"/>
      <line num="1022" count="0" type="stmt"/>
      <line num="1023" count="0" type="stmt"/>
      <line num="1024" count="0" type="stmt"/>
      <line num="1025" count="0" type="stmt"/>
      <line num="1026" count="0" type="stmt"/>
      <line num="1028" count="0" type="stmt"/>
      <line num="1029" count="0" type="cond" truecount="0" falsecount="4"/>
      <line num="1030" count="0" type="cond" truecount="0" falsecount="2"/>
      <line num="1031" count="0" type="stmt"/>
      <line num="1032" count="0" type="stmt"/>
      <line num="1033" count="0" type="stmt"/>
      <line num="1038" count="0" type="stmt"/>
      <line num="1039" count="0" type="stmt"/>
      <line num="1042" count="0" type="cond" truecount="0" falsecount="2"/>
      <line num="1043" count="0" type="stmt"/>
      <line num="1044" count="0" type="stmt"/>
      <line num="1045" count="0" type="cond" truecount="0" falsecount="5"/>
      <line num="1047" count="0" type="stmt"/>
      <line num="1048" count="0" type="cond" truecount="0" falsecount="2"/>
      <line num="1049" count="0" type="stmt"/>
      <line num="1050" count="0" type="cond" truecount="0" falsecount="4"/>
      <line num="1052" count="0" type="stmt"/>
      <line num="1053" count="0" type="cond" truecount="0" falsecount="4"/>
      <line num="1056" count="0" type="cond" truecount="0" falsecount="2"/>
      <line num="1057" count="0" type="stmt"/>
      <line num="1058" count="0" type="cond" truecount="0" falsecount="2"/>
      <line num="1060" count="0" type="stmt"/>
      <line num="1061" count="0" type="stmt"/>
      <line num="1064" count="0" type="cond" truecount="0" falsecount="2"/>
      <line num="1065" count="0" type="stmt"/>
      <line num="1067" count="0" type="stmt"/>
      <line num="1068" count="0" type="cond" truecount="0" falsecount="2"/>
      <line num="1069" count="0" type="stmt"/>
      <line num="1070" count="0" type="stmt"/>
      <line num="1071" count="0" type="cond" truecount="0" falsecount="4"/>
      <line num="1072" count="0" type="cond" truecount="0" falsecount="2"/>
      <line num="1073" count="0" type="stmt"/>
      <line num="1076" count="0" type="cond" truecount="0" falsecount="4"/>
      <line num="1077" count="0" type="stmt"/>
      <line num="1078" count="0" type="stmt"/>
      <line num="1079" count="0" type="stmt"/>
      <line num="1080" count="0" type="stmt"/>
      <line num="1083" count="0" type="stmt"/>
      <line num="1084" count="0" type="stmt"/>
      <line num="1085" count="0" type="stmt"/>
      <line num="1086" count="0" type="cond" truecount="0" falsecount="6"/>
      <line num="1087" count="0" type="stmt"/>
      <line num="1088" count="0" type="stmt"/>
      <line num="1093" count="0" type="cond" truecount="0" falsecount="4"/>
      <line num="1094" count="0" type="stmt"/>
      <line num="1095" count="0" type="cond" truecount="0" falsecount="2"/>
      <line num="1096" count="0" type="stmt"/>
      <line num="1097" count="0" type="stmt"/>
      <line num="1098" count="0" type="cond" truecount="0" falsecount="2"/>
      <line num="1099" count="0" type="cond" truecount="0" falsecount="2"/>
      <line num="1100" count="0" type="stmt"/>
      <line num="1102" count="0" type="cond" truecount="0" falsecount="4"/>
      <line num="1103" count="0" type="stmt"/>
      <line num="1104" count="0" type="stmt"/>
      <line num="1105" count="0" type="cond" truecount="0" falsecount="4"/>
      <line num="1106" count="0" type="cond" truecount="0" falsecount="2"/>
      <line num="1107" count="0" type="stmt"/>
      <line num="1109" count="0" type="stmt"/>
      <line num="1110" count="0" type="stmt"/>
      <line num="1116" count="6" type="stmt"/>
      <line num="1117" count="6" type="stmt"/>
      <line num="1118" count="6" type="cond" truecount="2" falsecount="2"/>
      <line num="1119" count="0" type="stmt"/>
      <line num="1120" count="0" type="cond" truecount="0" falsecount="2"/>
      <line num="1121" count="0" type="cond" truecount="0" falsecount="2"/>
      <line num="1123" count="0" type="stmt"/>
      <line num="1124" count="0" type="stmt"/>
      <line num="1126" count="0" type="stmt"/>
      <line num="1130" count="6" type="stmt"/>
      <line num="1131" count="6" type="stmt"/>
      <line num="1132" count="6" type="stmt"/>
      <line num="1133" count="6" type="stmt"/>
      <line num="1134" count="6" type="stmt"/>
      <line num="1135" count="6" type="cond" truecount="2" falsecount="2"/>
      <line num="1136" count="0" type="stmt"/>
      <line num="1137" count="0" type="cond" truecount="0" falsecount="2"/>
      <line num="1138" count="0" type="stmt"/>
      <line num="1139" count="0" type="cond" truecount="0" falsecount="2"/>
      <line num="1141" count="0" type="cond" truecount="0" falsecount="2"/>
      <line num="1142" count="0" type="cond" truecount="0" falsecount="4"/>
      <line num="1144" count="0" type="stmt"/>
      <line num="1145" count="0" type="stmt"/>
      <line num="1147" count="0" type="stmt"/>
      <line num="1148" count="0" type="stmt"/>
      <line num="1152" count="6" type="stmt"/>
      <line num="1153" count="6" type="stmt"/>
      <line num="1154" count="6" type="stmt"/>
      <line num="1155" count="6" type="cond" truecount="2" falsecount="2"/>
      <line num="1157" count="0" type="stmt"/>
      <line num="1158" count="0" type="cond" truecount="0" falsecount="2"/>
      <line num="1159" count="0" type="stmt"/>
      <line num="1163" count="0" type="stmt"/>
      <line num="1164" count="0" type="stmt"/>
      <line num="1167" count="0" type="stmt"/>
      <line num="1168" count="0" type="stmt"/>
      <line num="1172" count="6" type="stmt"/>
      <line num="1173" count="6" type="stmt"/>
      <line num="1174" count="6" type="stmt"/>
      <line num="1175" count="6" type="cond" truecount="2" falsecount="2"/>
      <line num="1176" count="0" type="stmt"/>
      <line num="1177" count="0" type="cond" truecount="0" falsecount="2"/>
      <line num="1178" count="0" type="stmt"/>
      <line num="1179" count="0" type="stmt"/>
      <line num="1181" count="0" type="stmt"/>
      <line num="1182" count="0" type="stmt"/>
      <line num="1184" count="0" type="stmt"/>
      <line num="1185" count="0" type="stmt"/>
      <line num="1187" count="0" type="stmt"/>
      <line num="1188" count="0" type="stmt"/>
      <line num="1192" count="6" type="stmt"/>
      <line num="1193" count="6" type="cond" truecount="3" falsecount="1"/>
      <line num="1194" count="0" type="stmt"/>
      <line num="1195" count="0" type="stmt"/>
      <line num="1196" count="0" type="stmt"/>
      <line num="1197" count="0" type="stmt"/>
      <line num="1198" count="0" type="cond" truecount="0" falsecount="2"/>
      <line num="1204" count="0" type="stmt"/>
      <line num="1212" count="6" type="stmt"/>
      <line num="1213" count="6" type="stmt"/>
      <line num="1214" count="6" type="stmt"/>
      <line num="1215" count="6" type="cond" truecount="1" falsecount="1"/>
      <line num="1216" count="0" type="cond" truecount="0" falsecount="2"/>
      <line num="1218" count="6" type="stmt"/>
      <line num="1219" count="6" type="cond" truecount="1" falsecount="1"/>
      <line num="1220" count="0" type="stmt"/>
      <line num="1221" count="0" type="cond" truecount="0" falsecount="2"/>
      <line num="1222" count="0" type="stmt"/>
      <line num="1223" count="0" type="stmt"/>
      <line num="1226" count="6" type="stmt"/>
      <line num="1227" count="6" type="cond" truecount="1" falsecount="1"/>
      <line num="1228" count="0" type="stmt"/>
      <line num="1229" count="0" type="stmt"/>
      <line num="1232" count="6" type="stmt"/>
      <line num="1235" count="6" type="stmt"/>
      <line num="1236" count="6" type="stmt"/>
      <line num="1237" count="6" type="cond" truecount="1" falsecount="1"/>
      <line num="1238" count="6" type="stmt"/>
      <line num="1240" count="0" type="stmt"/>
      <line num="1243" count="6" type="cond" truecount="1" falsecount="1"/>
      <line num="1244" count="0" type="stmt"/>
      <line num="1245" count="0" type="cond" truecount="0" falsecount="2"/>
      <line num="1246" count="0" type="stmt"/>
      <line num="1247" count="0" type="stmt"/>
      <line num="1248" count="0" type="stmt"/>
      <line num="1254" count="6" type="stmt"/>
      <line num="1255" count="6" type="cond" truecount="1" falsecount="1"/>
      <line num="1256" count="6" type="stmt"/>
      <line num="1257" count="0" type="cond" truecount="0" falsecount="2"/>
      <line num="1258" count="0" type="stmt"/>
      <line num="1259" count="0" type="stmt"/>
      <line num="1272" count="6" type="stmt"/>
      <line num="1273" count="6" type="stmt"/>
      <line num="1274" count="6" type="cond" truecount="3" falsecount="1"/>
      <line num="1275" count="6" type="cond" truecount="1" falsecount="1"/>
      <line num="1278" count="6" type="cond" truecount="1" falsecount="1"/>
      <line num="1279" count="0" type="cond" truecount="0" falsecount="2"/>
      <line num="1280" count="6" type="stmt"/>
      <line num="1281" count="6" type="stmt"/>
      <line num="1282" count="6" type="stmt"/>
      <line num="1293" count="6" type="stmt"/>
      <line num="1294" count="6" type="stmt"/>
      <line num="1295" count="6" type="stmt"/>
      <line num="1296" count="6" type="stmt"/>
      <line num="1297" count="6" type="stmt"/>
      <line num="1298" count="6" type="stmt"/>
      <line num="1300" count="6" type="cond" truecount="4" falsecount="0"/>
      <line num="1303" count="3" type="stmt"/>
      <line num="1304" count="3" type="stmt"/>
      <line num="1306" count="3" type="stmt"/>
      <line num="1309" count="3" type="stmt"/>
      <line num="1310" count="3" type="stmt"/>
      <line num="1313" count="3" type="cond" truecount="1" falsecount="2"/>
      <line num="1316" count="3" type="cond" truecount="1" falsecount="1"/>
      <line num="1317" count="3" type="cond" truecount="2" falsecount="0"/>
      <line num="1318" count="2" type="cond" truecount="1" falsecount="1"/>
      <line num="1319" count="2" type="stmt"/>
      <line num="1321" count="2" type="cond" truecount="1" falsecount="1"/>
      <line num="1322" count="2" type="stmt"/>
      <line num="1325" count="2" type="stmt"/>
      <line num="1326" count="0" type="stmt"/>
      <line num="1327" count="0" type="stmt"/>
      <line num="1328" count="0" type="stmt"/>
      <line num="1335" count="2" type="stmt"/>
      <line num="1336" count="2" type="cond" truecount="1" falsecount="1"/>
      <line num="1337" count="2" type="stmt"/>
      <line num="1338" count="2" type="stmt"/>
      <line num="1339" count="2" type="stmt"/>
      <line num="1341" count="2" type="stmt"/>
      <line num="1343" count="1" type="cond" truecount="1" falsecount="1"/>
      <line num="1344" count="1" type="stmt"/>
      <line num="1346" count="1" type="cond" truecount="1" falsecount="1"/>
      <line num="1347" count="1" type="stmt"/>
      <line num="1350" count="1" type="stmt"/>
      <line num="1351" count="0" type="stmt"/>
      <line num="1352" count="0" type="stmt"/>
      <line num="1353" count="0" type="stmt"/>
      <line num="1360" count="3" type="stmt"/>
      <line num="1361" count="3" type="cond" truecount="2" falsecount="0"/>
      <line num="1365" count="3" type="stmt"/>
      <line num="1366" count="3" type="stmt"/>
      <line num="1367" count="0" type="cond" truecount="0" falsecount="2"/>
      <line num="1370" count="0" type="stmt"/>
      <line num="1371" count="0" type="stmt"/>
      <line num="1372" count="0" type="stmt"/>
      <line num="1374" count="0" type="stmt"/>
      <line num="1375" count="0" type="stmt"/>
      <line num="1378" count="0" type="stmt"/>
      <line num="1379" count="0" type="stmt"/>
      <line num="1380" count="0" type="stmt"/>
      <line num="1381" count="0" type="stmt"/>
      <line num="1382" count="0" type="cond" truecount="0" falsecount="2"/>
      <line num="1387" count="3" type="stmt"/>
      <line num="1388" count="3" type="stmt"/>
      <line num="1394" count="2" type="stmt"/>
      <line num="1395" count="2" type="stmt"/>
      <line num="1396" count="4" type="stmt"/>
      <line num="1397" count="4" type="stmt"/>
      <line num="1399" count="4" type="cond" truecount="1" falsecount="1"/>
      <line num="1400" count="4" type="stmt"/>
      <line num="1401" count="0" type="stmt"/>
      <line num="1402" count="0" type="stmt"/>
      <line num="1403" count="0" type="cond" truecount="0" falsecount="2"/>
      <line num="1407" count="4" type="cond" truecount="1" falsecount="1"/>
      <line num="1408" count="4" type="stmt"/>
      <line num="1409" count="1" type="stmt"/>
      <line num="1410" count="1" type="stmt"/>
      <line num="1411" count="1" type="cond" truecount="1" falsecount="1"/>
      <line num="1421" count="6" type="stmt"/>
      <line num="1422" count="6" type="stmt"/>
      <line num="1423" count="6" type="stmt"/>
      <line num="1424" count="6" type="stmt"/>
      <line num="1425" count="6" type="stmt"/>
      <line num="1426" count="6" type="stmt"/>
      <line num="1427" count="6" type="stmt"/>
      <line num="1428" count="6" type="stmt"/>
      <line num="1429" count="6" type="stmt"/>
      <line num="1430" count="6" type="stmt"/>
      <line num="1431" count="6" type="stmt"/>
      <line num="1432" count="6" type="stmt"/>
      <line num="1433" count="6" type="stmt"/>
      <line num="1434" count="6" type="stmt"/>
      <line num="1435" count="6" type="stmt"/>
      <line num="1436" count="6" type="stmt"/>
      <line num="1437" count="6" type="stmt"/>
    </file>
    <file name="validation.js" path="C:\Koding\Keino\Volume calc\src\js\validation.js">
      <metrics statements="20" coveredstatements="20" conditionals="33" coveredconditionals="24" methods="5" coveredmethods="5"/>
      <line num="7" count="4" type="cond" truecount="1" falsecount="1"/>
      <line num="8" count="4" type="cond" truecount="1" falsecount="1"/>
      <line num="9" count="4" type="cond" truecount="1" falsecount="1"/>
      <line num="18" count="3" type="stmt"/>
      <line num="19" count="3" type="cond" truecount="4" falsecount="0"/>
      <line num="21" count="2" type="stmt"/>
      <line num="22" count="2" type="cond" truecount="1" falsecount="1"/>
      <line num="25" count="2" type="stmt"/>
      <line num="26" count="4" type="cond" truecount="1" falsecount="1"/>
      <line num="27" count="4" type="cond" truecount="1" falsecount="1"/>
      <line num="28" count="4" type="cond" truecount="1" falsecount="1"/>
      <line num="29" count="4" type="stmt"/>
      <line num="30" count="4" type="cond" truecount="3" falsecount="1"/>
      <line num="31" count="4" type="cond" truecount="1" falsecount="1"/>
      <line num="32" count="4" type="cond" truecount="2" falsecount="0"/>
      <line num="35" count="2" type="stmt"/>
      <line num="36" count="2" type="stmt"/>
      <line num="37" count="4" type="cond" truecount="5" falsecount="0"/>
      <line num="38" count="2" type="cond" truecount="2" falsecount="0"/>
      <line num="42" count="2" type="stmt"/>
    </file>
  </project>
</coverage>
