<?xml version="1.0" encoding="UTF-8"?>
<coverage generated="1769889268364" clover="3.2.0">
  <project timestamp="1769889268364" name="All files">
    <metrics statements="3784" coveredstatements="2439" conditionals="3017" coveredconditionals="1599" methods="469" coveredmethods="300" elements="7270" coveredelements="4338" complexity="0" loc="3784" ncloc="3784" packages="1" files="20" classes="20"/>
    <file name="constants.js" path="C:\Koding\Keino\Volume calc\src\js\constants.js">
      <metrics statements="8" coveredstatements="8" conditionals="0" coveredconditionals="0" methods="0" coveredmethods="0"/>
      <line num="1" count="19" type="stmt"/>
      <line num="13" count="19" type="stmt"/>
      <line num="20" count="19" type="stmt"/>
      <line num="29" count="19" type="stmt"/>
      <line num="38" count="19" type="stmt"/>
      <line num="44" count="19" type="stmt"/>
      <line num="51" count="19" type="stmt"/>
      <line num="58" count="19" type="stmt"/>
    </file>
    <file name="dom.js" path="C:\Koding\Keino\Volume calc\src\js\dom.js">
      <metrics statements="7" coveredstatements="7" conditionals="6" coveredconditionals="6" methods="4" coveredmethods="4"/>
      <line num="1" count="3099" type="stmt"/>
      <line num="2" count="104" type="stmt"/>
      <line num="4" count="5" type="cond" truecount="2" falsecount="0"/>
      <line num="5" count="3" type="stmt"/>
      <line num="8" count="10" type="cond" truecount="2" falsecount="0"/>
      <line num="9" count="8" type="cond" truecount="2" falsecount="0"/>
      <line num="10" count="4" type="stmt"/>
    </file>
    <file name="draw.js" path="C:\Koding\Keino\Volume calc\src\js\draw.js">
      <metrics statements="277" coveredstatements="132" conditionals="119" coveredconditionals="73" methods="19" coveredmethods="12"/>
      <line num="1" count="6" type="stmt"/>
      <line num="2" count="6" type="stmt"/>
      <line num="3" count="6" type="stmt"/>
      <line num="4" count="6" type="stmt"/>
      <line num="7" count="28" type="stmt"/>
      <line num="9" count="28" type="stmt"/>
      <line num="10" count="28" type="cond" truecount="4" falsecount="0"/>
      <line num="12" count="0" type="stmt"/>
      <line num="15" count="28" type="stmt"/>
      <line num="17" count="28" type="stmt"/>
      <line num="21" count="28" type="stmt"/>
      <line num="22" count="28" type="stmt"/>
      <line num="23" count="28" type="stmt"/>
      <line num="27" count="32" type="cond" truecount="4" falsecount="0"/>
      <line num="28" count="26" type="stmt"/>
      <line num="29" count="26" type="cond" truecount="1" falsecount="1"/>
      <line num="30" count="32" type="stmt"/>
      <line num="31" count="32" type="stmt"/>
      <line num="32" count="32" type="cond" truecount="4" falsecount="0"/>
      <line num="33" count="23" type="stmt"/>
      <line num="34" count="23" type="stmt"/>
      <line num="35" count="23" type="stmt"/>
      <line num="39" count="6" type="stmt"/>
      <line num="41" count="6" type="stmt"/>
      <line num="42" count="0" type="stmt"/>
      <line num="43" count="0" type="stmt"/>
      <line num="48" count="17" type="stmt"/>
      <line num="49" count="17" type="cond" truecount="2" falsecount="0"/>
      <line num="50" count="8" type="stmt"/>
      <line num="51" count="8" type="stmt"/>
      <line num="52" count="5" type="stmt"/>
      <line num="53" count="5" type="cond" truecount="1" falsecount="1"/>
      <line num="54" count="5" type="stmt"/>
      <line num="55" count="5" type="stmt"/>
      <line num="61" count="3" type="cond" truecount="1" falsecount="1"/>
      <line num="62" count="3" type="stmt"/>
      <line num="63" count="3" type="stmt"/>
      <line num="64" count="3" type="stmt"/>
      <line num="65" count="3" type="stmt"/>
      <line num="66" count="3" type="stmt"/>
      <line num="70" count="21" type="cond" truecount="4" falsecount="0"/>
      <line num="71" count="15" type="stmt"/>
      <line num="73" count="15" type="stmt"/>
      <line num="76" count="15" type="stmt"/>
      <line num="77" count="15" type="stmt"/>
      <line num="78" count="15" type="stmt"/>
      <line num="79" count="15" type="stmt"/>
      <line num="80" count="15" type="stmt"/>
      <line num="81" count="15" type="stmt"/>
      <line num="84" count="15" type="cond" truecount="3" falsecount="2"/>
      <line num="86" count="0" type="cond" truecount="0" falsecount="3"/>
      <line num="90" count="21" type="stmt"/>
      <line num="92" count="13" type="cond" truecount="2" falsecount="0"/>
      <line num="96" count="21" type="cond" truecount="2" falsecount="0"/>
      <line num="100" count="21" type="cond" truecount="2" falsecount="0"/>
      <line num="102" count="4" type="cond" truecount="2" falsecount="0"/>
      <line num="105" count="4" type="cond" truecount="2" falsecount="1"/>
      <line num="106" count="4" type="cond" truecount="4" falsecount="0"/>
      <line num="109" count="12" type="stmt"/>
      <line num="110" count="12" type="stmt"/>
      <line num="111" count="12" type="stmt"/>
      <line num="112" count="12" type="stmt"/>
      <line num="114" count="12" type="cond" truecount="2" falsecount="0"/>
      <line num="120" count="2" type="stmt"/>
      <line num="121" count="2" type="stmt"/>
      <line num="122" count="2" type="stmt"/>
      <line num="123" count="2" type="stmt"/>
      <line num="124" count="2" type="stmt"/>
      <line num="125" count="2" type="stmt"/>
      <line num="129" count="12" type="cond" truecount="5" falsecount="0"/>
      <line num="130" count="2" type="stmt"/>
      <line num="131" count="2" type="cond" truecount="3" falsecount="1"/>
      <line num="132" count="2" type="stmt"/>
      <line num="133" count="2" type="stmt"/>
      <line num="134" count="2" type="stmt"/>
      <line num="135" count="2" type="stmt"/>
      <line num="136" count="2" type="stmt"/>
      <line num="137" count="2" type="stmt"/>
      <line num="138" count="2" type="stmt"/>
      <line num="139" count="2" type="stmt"/>
      <line num="140" count="2" type="stmt"/>
      <line num="141" count="2" type="stmt"/>
      <line num="142" count="2" type="stmt"/>
      <line num="143" count="2" type="stmt"/>
      <line num="148" count="2" type="stmt"/>
      <line num="153" count="12" type="cond" truecount="2" falsecount="0"/>
      <line num="157" count="1" type="stmt"/>
      <line num="159" count="1" type="stmt"/>
      <line num="160" count="1" type="stmt"/>
      <line num="161" count="1" type="stmt"/>
      <line num="162" count="1" type="stmt"/>
      <line num="163" count="1" type="stmt"/>
      <line num="164" count="1" type="stmt"/>
      <line num="165" count="1" type="stmt"/>
      <line num="166" count="1" type="stmt"/>
      <line num="167" count="1" type="stmt"/>
      <line num="168" count="1" type="stmt"/>
      <line num="169" count="1" type="stmt"/>
      <line num="170" count="1" type="stmt"/>
      <line num="171" count="1" type="stmt"/>
      <line num="172" count="1" type="cond" truecount="1" falsecount="1"/>
      <line num="173" count="0" type="stmt"/>
      <line num="174" count="0" type="stmt"/>
      <line num="175" count="0" type="stmt"/>
      <line num="177" count="1" type="stmt"/>
      <line num="178" count="1" type="stmt"/>
      <line num="179" count="1" type="stmt"/>
      <line num="181" count="1" type="stmt"/>
      <line num="182" count="1" type="stmt"/>
      <line num="186" count="12" type="stmt"/>
      <line num="187" count="12" type="stmt"/>
      <line num="188" count="12" type="stmt"/>
      <line num="189" count="12" type="stmt"/>
      <line num="191" count="12" type="stmt"/>
      <line num="193" count="12" type="stmt"/>
      <line num="197" count="2" type="cond" truecount="1" falsecount="2"/>
      <line num="200" count="13" type="stmt"/>
      <line num="201" count="13" type="stmt"/>
      <line num="202" count="13" type="stmt"/>
      <line num="204" count="13" type="cond" truecount="1" falsecount="1"/>
      <line num="205" count="0" type="stmt"/>
      <line num="206" count="0" type="stmt"/>
      <line num="207" count="0" type="stmt"/>
      <line num="209" count="0" type="stmt"/>
      <line num="210" count="0" type="stmt"/>
      <line num="211" count="0" type="stmt"/>
      <line num="212" count="0" type="stmt"/>
      <line num="214" count="0" type="stmt"/>
      <line num="215" count="0" type="stmt"/>
      <line num="217" count="0" type="stmt"/>
      <line num="218" count="0" type="stmt"/>
      <line num="219" count="0" type="stmt"/>
      <line num="220" count="0" type="stmt"/>
      <line num="221" count="0" type="stmt"/>
      <line num="222" count="0" type="cond" truecount="0" falsecount="2"/>
      <line num="223" count="0" type="stmt"/>
      <line num="226" count="0" type="stmt"/>
      <line num="227" count="0" type="stmt"/>
      <line num="229" count="0" type="stmt"/>
      <line num="230" count="0" type="stmt"/>
      <line num="231" count="0" type="cond" truecount="0" falsecount="2"/>
      <line num="232" count="0" type="stmt"/>
      <line num="235" count="0" type="stmt"/>
      <line num="236" count="0" type="stmt"/>
      <line num="237" count="0" type="stmt"/>
      <line num="239" count="0" type="stmt"/>
      <line num="240" count="0" type="stmt"/>
      <line num="241" count="0" type="stmt"/>
      <line num="242" count="0" type="stmt"/>
      <line num="245" count="13" type="stmt"/>
      <line num="247" count="13" type="stmt"/>
      <line num="248" count="13" type="stmt"/>
      <line num="255" count="13" type="stmt"/>
      <line num="256" count="13" type="stmt"/>
      <line num="257" count="13" type="stmt"/>
      <line num="264" count="13" type="stmt"/>
      <line num="265" count="13" type="stmt"/>
      <line num="266" count="13" type="stmt"/>
      <line num="267" count="13" type="stmt"/>
      <line num="268" count="13" type="stmt"/>
      <line num="269" count="13" type="stmt"/>
      <line num="270" count="13" type="stmt"/>
      <line num="271" count="13" type="stmt"/>
      <line num="273" count="13" type="stmt"/>
      <line num="274" count="13" type="stmt"/>
      <line num="275" count="13" type="stmt"/>
      <line num="283" count="12" type="cond" truecount="2" falsecount="2"/>
      <line num="284" count="0" type="stmt"/>
      <line num="290" count="0" type="stmt"/>
      <line num="292" count="0" type="stmt"/>
      <line num="293" count="0" type="stmt"/>
      <line num="294" count="0" type="stmt"/>
      <line num="295" count="0" type="cond" truecount="0" falsecount="2"/>
      <line num="297" count="0" type="stmt"/>
      <line num="298" count="0" type="stmt"/>
      <line num="299" count="0" type="stmt"/>
      <line num="301" count="0" type="stmt"/>
      <line num="302" count="0" type="stmt"/>
      <line num="304" count="0" type="stmt"/>
      <line num="305" count="0" type="stmt"/>
      <line num="308" count="0" type="stmt"/>
      <line num="309" count="0" type="stmt"/>
      <line num="316" count="0" type="cond" truecount="0" falsecount="2"/>
      <line num="317" count="0" type="stmt"/>
      <line num="321" count="0" type="cond" truecount="0" falsecount="4"/>
      <line num="322" count="0" type="stmt"/>
      <line num="323" count="0" type="stmt"/>
      <line num="324" count="0" type="stmt"/>
      <line num="325" count="0" type="stmt"/>
      <line num="327" count="0" type="stmt"/>
      <line num="328" count="0" type="stmt"/>
      <line num="329" count="0" type="stmt"/>
      <line num="330" count="0" type="stmt"/>
      <line num="332" count="0" type="cond" truecount="0" falsecount="2"/>
      <line num="337" count="0" type="cond" truecount="0" falsecount="2"/>
      <line num="343" count="0" type="stmt"/>
      <line num="344" count="0" type="stmt"/>
      <line num="345" count="0" type="stmt"/>
      <line num="350" count="0" type="stmt"/>
      <line num="352" count="0" type="stmt"/>
      <line num="353" count="0" type="stmt"/>
      <line num="354" count="0" type="stmt"/>
      <line num="355" count="0" type="stmt"/>
      <line num="356" count="0" type="stmt"/>
      <line num="358" count="0" type="cond" truecount="0" falsecount="2"/>
      <line num="359" count="0" type="stmt"/>
      <line num="360" count="0" type="stmt"/>
      <line num="367" count="0" type="stmt"/>
      <line num="371" count="0" type="cond" truecount="0" falsecount="2"/>
      <line num="372" count="0" type="stmt"/>
      <line num="373" count="0" type="stmt"/>
      <line num="374" count="0" type="stmt"/>
      <line num="375" count="0" type="stmt"/>
      <line num="376" count="0" type="stmt"/>
      <line num="377" count="0" type="stmt"/>
      <line num="378" count="0" type="cond" truecount="0" falsecount="2"/>
      <line num="379" count="0" type="stmt"/>
      <line num="380" count="0" type="stmt"/>
      <line num="381" count="0" type="stmt"/>
      <line num="382" count="0" type="stmt"/>
      <line num="383" count="0" type="stmt"/>
      <line num="384" count="0" type="stmt"/>
      <line num="385" count="0" type="stmt"/>
      <line num="387" count="0" type="stmt"/>
      <line num="388" count="0" type="stmt"/>
      <line num="389" count="0" type="stmt"/>
      <line num="390" count="0" type="stmt"/>
      <line num="391" count="0" type="stmt"/>
      <line num="392" count="0" type="stmt"/>
      <line num="393" count="0" type="stmt"/>
      <line num="395" count="0" type="stmt"/>
      <line num="396" count="0" type="stmt"/>
      <line num="397" count="0" type="stmt"/>
      <line num="400" count="0" type="stmt"/>
      <line num="401" count="0" type="stmt"/>
      <line num="409" count="0" type="stmt"/>
      <line num="410" count="0" type="stmt"/>
      <line num="411" count="0" type="stmt"/>
      <line num="412" count="0" type="stmt"/>
      <line num="413" count="0" type="stmt"/>
      <line num="414" count="0" type="stmt"/>
      <line num="415" count="0" type="stmt"/>
      <line num="416" count="0" type="stmt"/>
      <line num="419" count="0" type="stmt"/>
      <line num="420" count="0" type="stmt"/>
      <line num="421" count="0" type="stmt"/>
      <line num="422" count="0" type="stmt"/>
      <line num="427" count="0" type="stmt"/>
      <line num="436" count="12" type="cond" truecount="2" falsecount="2"/>
      <line num="437" count="0" type="stmt"/>
      <line num="441" count="0" type="stmt"/>
      <line num="443" count="0" type="stmt"/>
      <line num="444" count="0" type="stmt"/>
      <line num="445" count="0" type="cond" truecount="0" falsecount="2"/>
      <line num="447" count="0" type="cond" truecount="0" falsecount="2"/>
      <line num="448" count="0" type="stmt"/>
      <line num="450" count="0" type="stmt"/>
      <line num="451" count="0" type="stmt"/>
      <line num="453" count="0" type="stmt"/>
      <line num="454" count="0" type="stmt"/>
      <line num="457" count="0" type="stmt"/>
      <line num="458" count="0" type="stmt"/>
      <line num="466" count="0" type="stmt"/>
      <line num="467" count="0" type="stmt"/>
      <line num="475" count="0" type="stmt"/>
      <line num="476" count="0" type="stmt"/>
      <line num="477" count="0" type="stmt"/>
      <line num="478" count="0" type="stmt"/>
      <line num="479" count="0" type="stmt"/>
      <line num="480" count="0" type="stmt"/>
      <line num="481" count="0" type="stmt"/>
      <line num="482" count="0" type="stmt"/>
      <line num="485" count="0" type="stmt"/>
      <line num="486" count="0" type="stmt"/>
      <line num="487" count="0" type="stmt"/>
      <line num="488" count="0" type="stmt"/>
      <line num="493" count="0" type="stmt"/>
    </file>
    <file name="drillpipe.js" path="C:\Koding\Keino\Volume calc\src\js\drillpipe.js">
      <metrics statements="157" coveredstatements="144" conditionals="71" coveredconditionals="51" methods="14" coveredmethods="12"/>
      <line num="7" count="17" type="stmt"/>
      <line num="55" count="13" type="stmt"/>
      <line num="56" count="13" type="stmt"/>
      <line num="57" count="13" type="cond" truecount="4" falsecount="0"/>
      <line num="60" count="13" type="cond" truecount="2" falsecount="2"/>
      <line num="61" count="0" type="stmt"/>
      <line num="64" count="13" type="cond" truecount="2" falsecount="0"/>
      <line num="65" count="9" type="stmt"/>
      <line num="69" count="4" type="stmt"/>
      <line num="70" count="4" type="cond" truecount="1" falsecount="1"/>
      <line num="72" count="13" type="stmt"/>
      <line num="73" count="13" type="stmt"/>
      <line num="74" count="12" type="stmt"/>
      <line num="75" count="12" type="stmt"/>
      <line num="77" count="12" type="cond" truecount="4" falsecount="0"/>
      <line num="79" count="4" type="stmt"/>
      <line num="80" count="4" type="cond" truecount="1" falsecount="1"/>
      <line num="81" count="12" type="cond" truecount="2" falsecount="0"/>
      <line num="82" count="12" type="stmt"/>
      <line num="83" count="12" type="stmt"/>
      <line num="84" count="12" type="stmt"/>
      <line num="86" count="12" type="stmt"/>
      <line num="96" count="4" type="stmt"/>
      <line num="105" count="0" type="stmt"/>
      <line num="106" count="0" type="stmt"/>
      <line num="107" count="0" type="stmt"/>
      <line num="108" count="0" type="stmt"/>
      <line num="124" count="7" type="cond" truecount="3" falsecount="1"/>
      <line num="125" count="0" type="stmt"/>
      <line num="135" count="7" type="stmt"/>
      <line num="136" count="7" type="stmt"/>
      <line num="137" count="9" type="stmt"/>
      <line num="138" count="9" type="stmt"/>
      <line num="139" count="9" type="stmt"/>
      <line num="140" count="9" type="stmt"/>
      <line num="141" count="9" type="stmt"/>
      <line num="151" count="7" type="stmt"/>
      <line num="152" count="46" type="cond" truecount="2" falsecount="0"/>
      <line num="154" count="3" type="cond" truecount="1" falsecount="1"/>
      <line num="155" count="3" type="cond" truecount="1" falsecount="1"/>
      <line num="156" count="3" type="stmt"/>
      <line num="159" count="7" type="stmt"/>
      <line num="160" count="7" type="stmt"/>
      <line num="161" count="7" type="stmt"/>
      <line num="162" count="7" type="stmt"/>
      <line num="166" count="7" type="stmt"/>
      <line num="169" count="7" type="stmt"/>
      <line num="170" count="6" type="cond" truecount="1" falsecount="1"/>
      <line num="171" count="6" type="stmt"/>
      <line num="173" count="6" type="stmt"/>
      <line num="174" count="6" type="stmt"/>
      <line num="175" count="6" type="stmt"/>
      <line num="178" count="6" type="stmt"/>
      <line num="179" count="8" type="stmt"/>
      <line num="180" count="8" type="stmt"/>
      <line num="181" count="8" type="stmt"/>
      <line num="183" count="8" type="cond" truecount="1" falsecount="1"/>
      <line num="187" count="8" type="stmt"/>
      <line num="188" count="7" type="cond" truecount="3" falsecount="1"/>
      <line num="190" count="0" type="stmt"/>
      <line num="191" count="0" type="stmt"/>
      <line num="192" count="0" type="stmt"/>
      <line num="193" count="0" type="stmt"/>
      <line num="197" count="8" type="cond" truecount="1" falsecount="1"/>
      <line num="201" count="8" type="cond" truecount="1" falsecount="1"/>
      <line num="202" count="8" type="stmt"/>
      <line num="204" count="0" type="stmt"/>
      <line num="205" count="0" type="stmt"/>
      <line num="206" count="0" type="stmt"/>
      <line num="209" count="8" type="stmt"/>
      <line num="210" count="8" type="stmt"/>
      <line num="213" count="8" type="cond" truecount="1" falsecount="1"/>
      <line num="214" count="8" type="stmt"/>
      <line num="215" count="8" type="stmt"/>
      <line num="216" count="8" type="stmt"/>
      <line num="217" count="8" type="stmt"/>
      <line num="218" count="8" type="stmt"/>
      <line num="219" count="8" type="stmt"/>
      <line num="220" count="8" type="stmt"/>
      <line num="224" count="8" type="stmt"/>
      <line num="231" count="6" type="cond" truecount="1" falsecount="1"/>
      <line num="232" count="6" type="cond" truecount="1" falsecount="1"/>
      <line num="234" count="6" type="cond" truecount="1" falsecount="1"/>
      <line num="236" count="6" type="stmt"/>
      <line num="245" count="6" type="stmt"/>
      <line num="246" count="6" type="stmt"/>
      <line num="247" count="6" type="stmt"/>
      <line num="251" count="7" type="stmt"/>
      <line num="265" count="5" type="stmt"/>
      <line num="266" count="5" type="cond" truecount="1" falsecount="1"/>
      <line num="269" count="5" type="stmt"/>
      <line num="270" count="5" type="stmt"/>
      <line num="271" count="5" type="stmt"/>
      <line num="272" count="1" type="stmt"/>
      <line num="273" count="1" type="stmt"/>
      <line num="274" count="1" type="cond" truecount="3" falsecount="1"/>
      <line num="275" count="1" type="stmt"/>
      <line num="282" count="5" type="stmt"/>
      <line num="284" count="5" type="stmt"/>
      <line num="285" count="7" type="stmt"/>
      <line num="286" count="7" type="stmt"/>
      <line num="289" count="7" type="stmt"/>
      <line num="290" count="7" type="stmt"/>
      <line num="291" count="7" type="stmt"/>
      <line num="293" count="7" type="stmt"/>
      <line num="294" count="7" type="stmt"/>
      <line num="295" count="7" type="stmt"/>
      <line num="296" count="7" type="stmt"/>
      <line num="299" count="7" type="stmt"/>
      <line num="300" count="28" type="stmt"/>
      <line num="301" count="28" type="stmt"/>
      <line num="302" count="28" type="stmt"/>
      <line num="303" count="28" type="stmt"/>
      <line num="304" count="28" type="stmt"/>
      <line num="309" count="7" type="stmt"/>
      <line num="310" count="7" type="cond" truecount="4" falsecount="0"/>
      <line num="311" count="1" type="stmt"/>
      <line num="313" count="7" type="stmt"/>
      <line num="316" count="7" type="stmt"/>
      <line num="317" count="7" type="stmt"/>
      <line num="318" count="7" type="stmt"/>
      <line num="320" count="7" type="stmt"/>
      <line num="321" count="7" type="stmt"/>
      <line num="322" count="7" type="stmt"/>
      <line num="323" count="7" type="stmt"/>
      <line num="325" count="7" type="stmt"/>
      <line num="326" count="7" type="stmt"/>
      <line num="328" count="7" type="cond" truecount="2" falsecount="0"/>
      <line num="329" count="7" type="stmt"/>
      <line num="335" count="7" type="stmt"/>
      <line num="336" count="7" type="stmt"/>
      <line num="337" count="7" type="stmt"/>
      <line num="339" count="7" type="stmt"/>
      <line num="340" count="7" type="stmt"/>
      <line num="341" count="7" type="stmt"/>
      <line num="342" count="7" type="stmt"/>
      <line num="343" count="7" type="stmt"/>
      <line num="344" count="7" type="stmt"/>
      <line num="345" count="7" type="stmt"/>
      <line num="351" count="7" type="stmt"/>
      <line num="352" count="7" type="stmt"/>
      <line num="353" count="7" type="stmt"/>
      <line num="354" count="7" type="stmt"/>
      <line num="355" count="7" type="stmt"/>
      <line num="356" count="7" type="stmt"/>
      <line num="358" count="7" type="stmt"/>
      <line num="366" count="3" type="stmt"/>
      <line num="367" count="3" type="cond" truecount="1" falsecount="1"/>
      <line num="369" count="3" type="stmt"/>
      <line num="372" count="3" type="stmt"/>
      <line num="373" count="3" type="stmt"/>
      <line num="374" count="5" type="stmt"/>
      <line num="375" count="5" type="stmt"/>
      <line num="377" count="5" type="cond" truecount="3" falsecount="1"/>
      <line num="378" count="5" type="cond" truecount="2" falsecount="0"/>
      <line num="379" count="5" type="stmt"/>
      <line num="380" count="5" type="stmt"/>
    </file>
    <file name="flow-velocity.js" path="C:\Koding\Keino\Volume calc\src\js\flow-velocity.js">
      <metrics statements="271" coveredstatements="115" conditionals="226" coveredconditionals="71" methods="55" coveredmethods="34"/>
      <line num="5" count="13" type="stmt"/>
      <line num="12" count="13" type="stmt"/>
      <line num="14" count="13" type="stmt"/>
      <line num="15" count="4" type="stmt"/>
      <line num="16" count="1" type="stmt"/>
      <line num="17" count="1" type="stmt"/>
      <line num="18" count="1" type="stmt"/>
      <line num="21" count="13" type="stmt"/>
      <line num="22" count="0" type="stmt"/>
      <line num="23" count="0" type="stmt"/>
      <line num="24" count="0" type="stmt"/>
      <line num="25" count="0" type="stmt"/>
      <line num="28" count="13" type="stmt"/>
      <line num="40" count="13" type="stmt"/>
      <line num="41" count="23" type="cond" truecount="1" falsecount="1"/>
      <line num="42" count="23" type="cond" truecount="2" falsecount="2"/>
      <line num="43" count="0" type="stmt"/>
      <line num="44" count="0" type="stmt"/>
      <line num="45" count="0" type="cond" truecount="0" falsecount="2"/>
      <line num="49" count="7" type="stmt"/>
      <line num="50" count="7" type="cond" truecount="1" falsecount="1"/>
      <line num="51" count="7" type="cond" truecount="1" falsecount="1"/>
      <line num="52" count="7" type="stmt"/>
      <line num="56" count="0" type="cond" truecount="0" falsecount="2"/>
      <line num="57" count="0" type="cond" truecount="0" falsecount="2"/>
      <line num="58" count="0" type="stmt"/>
      <line num="62" count="5" type="cond" truecount="1" falsecount="1"/>
      <line num="66" count="12" type="stmt"/>
      <line num="67" count="12" type="cond" truecount="3" falsecount="1"/>
      <line num="68" count="12" type="stmt"/>
      <line num="69" count="12" type="stmt"/>
      <line num="73" count="0" type="cond" truecount="0" falsecount="2"/>
      <line num="74" count="0" type="stmt"/>
      <line num="75" count="0" type="stmt"/>
      <line num="77" count="0" type="cond" truecount="0" falsecount="2"/>
      <line num="78" count="0" type="cond" truecount="0" falsecount="2"/>
      <line num="79" count="0" type="stmt"/>
      <line num="86" count="0" type="stmt"/>
      <line num="87" count="0" type="stmt"/>
      <line num="89" count="0" type="cond" truecount="0" falsecount="3"/>
      <line num="93" count="2" type="cond" truecount="1" falsecount="1"/>
      <line num="94" count="2" type="stmt"/>
      <line num="95" count="2" type="stmt"/>
      <line num="102" count="2" type="cond" truecount="3" falsecount="0"/>
      <line num="110" count="2" type="cond" truecount="1" falsecount="1"/>
      <line num="111" count="2" type="cond" truecount="1" falsecount="1"/>
      <line num="112" count="0" type="stmt"/>
      <line num="117" count="2" type="cond" truecount="1" falsecount="1"/>
      <line num="118" count="0" type="stmt"/>
      <line num="120" count="2" type="cond" truecount="1" falsecount="1"/>
      <line num="121" count="0" type="stmt"/>
      <line num="126" count="2" type="stmt"/>
      <line num="130" count="2" type="stmt"/>
      <line num="131" count="2" type="stmt"/>
      <line num="132" count="3" type="cond" truecount="3" falsecount="1"/>
      <line num="133" count="3" type="stmt"/>
      <line num="134" count="3" type="cond" truecount="1" falsecount="1"/>
      <line num="136" count="2" type="stmt"/>
      <line num="137" count="2" type="stmt"/>
      <line num="138" count="2" type="stmt"/>
      <line num="140" count="2" type="stmt"/>
      <line num="150" count="2" type="stmt"/>
      <line num="152" count="3" type="cond" truecount="1" falsecount="1"/>
      <line num="153" count="3" type="cond" truecount="1" falsecount="1"/>
      <line num="154" count="3" type="cond" truecount="1" falsecount="1"/>
      <line num="155" count="3" type="cond" truecount="1" falsecount="1"/>
      <line num="156" count="3" type="cond" truecount="1" falsecount="1"/>
      <line num="157" count="3" type="cond" truecount="2" falsecount="2"/>
      <line num="158" count="3" type="cond" truecount="3" falsecount="1"/>
      <line num="159" count="3" type="stmt"/>
      <line num="162" count="1" type="cond" truecount="1" falsecount="1"/>
      <line num="163" count="1" type="cond" truecount="1" falsecount="1"/>
      <line num="164" count="1" type="stmt"/>
      <line num="169" count="3" type="cond" truecount="1" falsecount="1"/>
      <line num="173" count="4" type="cond" truecount="1" falsecount="1"/>
      <line num="174" count="0" type="stmt"/>
      <line num="176" count="4" type="stmt"/>
      <line num="177" count="4" type="stmt"/>
      <line num="178" count="5" type="stmt"/>
      <line num="179" count="4" type="stmt"/>
      <line num="183" count="2" type="cond" truecount="2" falsecount="2"/>
      <line num="184" count="0" type="stmt"/>
      <line num="187" count="0" type="cond" truecount="0" falsecount="2"/>
      <line num="191" count="2" type="stmt"/>
      <line num="204" count="16" type="cond" truecount="4" falsecount="0"/>
      <line num="205" count="13" type="stmt"/>
      <line num="208" count="3" type="stmt"/>
      <line num="209" count="3" type="cond" truecount="4" falsecount="0"/>
      <line num="210" count="1" type="stmt"/>
      <line num="221" count="2" type="stmt"/>
      <line num="227" count="2" type="cond" truecount="1" falsecount="1"/>
      <line num="228" count="0" type="stmt"/>
      <line num="240" count="2" type="stmt"/>
      <line num="241" count="2" type="stmt"/>
      <line num="242" count="2" type="stmt"/>
      <line num="244" count="2" type="stmt"/>
      <line num="245" count="2" type="stmt"/>
      <line num="246" count="2" type="stmt"/>
      <line num="247" count="2" type="stmt"/>
      <line num="248" count="2" type="cond" truecount="1" falsecount="1"/>
      <line num="250" count="2" type="stmt"/>
      <line num="251" count="2" type="cond" truecount="2" falsecount="0"/>
      <line num="253" count="2" type="cond" truecount="1" falsecount="1"/>
      <line num="255" count="2" type="stmt"/>
      <line num="263" count="2" type="stmt"/>
      <line num="264" count="2" type="cond" truecount="1" falsecount="1"/>
      <line num="266" count="2" type="stmt"/>
      <line num="268" count="3" type="stmt"/>
      <line num="269" count="3" type="stmt"/>
      <line num="270" count="3" type="stmt"/>
      <line num="271" count="3" type="cond" truecount="1" falsecount="1"/>
      <line num="272" count="3" type="stmt"/>
      <line num="273" count="3" type="stmt"/>
      <line num="276" count="3" type="stmt"/>
      <line num="277" count="3" type="stmt"/>
      <line num="287" count="2" type="stmt"/>
      <line num="300" count="2" type="stmt"/>
      <line num="301" count="2" type="stmt"/>
      <line num="302" count="2" type="stmt"/>
      <line num="304" count="2" type="stmt"/>
      <line num="305" count="3" type="stmt"/>
      <line num="306" count="3" type="stmt"/>
      <line num="308" count="2" type="stmt"/>
      <line num="313" count="2" type="stmt"/>
      <line num="318" count="2" type="stmt"/>
      <line num="320" count="16" type="stmt"/>
      <line num="348" count="13" type="stmt"/>
      <line num="349" count="13" type="cond" truecount="1" falsecount="1"/>
      <line num="351" count="0" type="stmt"/>
      <line num="352" count="0" type="cond" truecount="0" falsecount="2"/>
      <line num="353" count="13" type="stmt"/>
      <line num="354" count="13" type="cond" truecount="0" falsecount="2"/>
      <line num="355" count="13" type="stmt"/>
      <line num="356" count="13" type="cond" truecount="1" falsecount="1"/>
      <line num="358" count="13" type="stmt"/>
      <line num="370" count="7" type="cond" truecount="0" falsecount="2"/>
      <line num="371" count="7" type="stmt"/>
      <line num="372" count="7" type="cond" truecount="1" falsecount="1"/>
      <line num="374" count="0" type="stmt"/>
      <line num="375" count="0" type="cond" truecount="0" falsecount="2"/>
      <line num="376" count="0" type="cond" truecount="0" falsecount="2"/>
      <line num="377" count="0" type="stmt"/>
      <line num="378" count="0" type="cond" truecount="0" falsecount="2"/>
      <line num="379" count="0" type="cond" truecount="0" falsecount="2"/>
      <line num="380" count="0" type="stmt"/>
      <line num="381" count="0" type="cond" truecount="0" falsecount="2"/>
      <line num="382" count="0" type="stmt"/>
      <line num="383" count="0" type="stmt"/>
      <line num="384" count="0" type="cond" truecount="0" falsecount="2"/>
      <line num="385" count="0" type="stmt"/>
      <line num="388" count="0" type="stmt"/>
      <line num="389" count="0" type="stmt"/>
      <line num="390" count="0" type="stmt"/>
      <line num="394" count="0" type="stmt"/>
      <line num="395" count="0" type="stmt"/>
      <line num="396" count="0" type="stmt"/>
      <line num="397" count="0" type="cond" truecount="0" falsecount="2"/>
      <line num="398" count="0" type="cond" truecount="0" falsecount="2"/>
      <line num="399" count="0" type="stmt"/>
      <line num="400" count="0" type="stmt"/>
      <line num="401" count="0" type="cond" truecount="0" falsecount="2"/>
      <line num="402" count="0" type="stmt"/>
      <line num="404" count="0" type="stmt"/>
      <line num="405" count="0" type="stmt"/>
      <line num="409" count="0" type="stmt"/>
      <line num="410" count="0" type="stmt"/>
      <line num="411" count="0" type="stmt"/>
      <line num="412" count="0" type="stmt"/>
      <line num="413" count="0" type="cond" truecount="0" falsecount="2"/>
      <line num="414" count="0" type="cond" truecount="0" falsecount="2"/>
      <line num="416" count="0" type="cond" truecount="0" falsecount="2"/>
      <line num="417" count="0" type="cond" truecount="0" falsecount="2"/>
      <line num="418" count="0" type="stmt"/>
      <line num="419" count="0" type="stmt"/>
      <line num="421" count="0" type="stmt"/>
      <line num="422" count="0" type="stmt"/>
      <line num="423" count="0" type="stmt"/>
      <line num="424" count="0" type="stmt"/>
      <line num="425" count="0" type="cond" truecount="0" falsecount="4"/>
      <line num="426" count="0" type="cond" truecount="0" falsecount="2"/>
      <line num="427" count="0" type="stmt"/>
      <line num="428" count="0" type="stmt"/>
      <line num="429" count="0" type="stmt"/>
      <line num="436" count="0" type="cond" truecount="0" falsecount="2"/>
      <line num="437" count="0" type="stmt"/>
      <line num="438" count="0" type="stmt"/>
      <line num="442" count="0" type="cond" truecount="0" falsecount="2"/>
      <line num="443" count="0" type="stmt"/>
      <line num="449" count="13" type="stmt"/>
      <line num="450" count="13" type="stmt"/>
      <line num="451" count="13" type="stmt"/>
      <line num="452" count="13" type="stmt"/>
      <line num="453" count="13" type="cond" truecount="2" falsecount="4"/>
      <line num="455" count="0" type="cond" truecount="0" falsecount="4"/>
      <line num="456" count="0" type="stmt"/>
      <line num="457" count="0" type="stmt"/>
      <line num="458" count="0" type="stmt"/>
      <line num="459" count="0" type="stmt"/>
      <line num="462" count="0" type="cond" truecount="0" falsecount="2"/>
      <line num="463" count="0" type="stmt"/>
      <line num="464" count="0" type="stmt"/>
      <line num="465" count="0" type="stmt"/>
      <line num="466" count="0" type="cond" truecount="0" falsecount="2"/>
      <line num="469" count="0" type="stmt"/>
      <line num="470" count="0" type="stmt"/>
      <line num="473" count="0" type="stmt"/>
      <line num="474" count="0" type="stmt"/>
      <line num="475" count="0" type="stmt"/>
      <line num="477" count="0" type="stmt"/>
      <line num="478" count="0" type="stmt"/>
      <line num="479" count="0" type="stmt"/>
      <line num="480" count="0" type="stmt"/>
      <line num="481" count="0" type="stmt"/>
      <line num="483" count="0" type="cond" truecount="0" falsecount="2"/>
      <line num="485" count="0" type="cond" truecount="0" falsecount="2"/>
      <line num="486" count="0" type="cond" truecount="0" falsecount="2"/>
      <line num="489" count="0" type="cond" truecount="0" falsecount="2"/>
      <line num="490" count="0" type="stmt"/>
      <line num="494" count="0" type="cond" truecount="0" falsecount="2"/>
      <line num="495" count="0" type="cond" truecount="0" falsecount="2"/>
      <line num="500" count="0" type="cond" truecount="0" falsecount="2"/>
      <line num="501" count="0" type="stmt"/>
      <line num="502" count="0" type="cond" truecount="0" falsecount="2"/>
      <line num="503" count="0" type="stmt"/>
      <line num="505" count="0" type="stmt"/>
      <line num="506" count="0" type="stmt"/>
      <line num="507" count="0" type="stmt"/>
      <line num="508" count="0" type="stmt"/>
      <line num="510" count="0" type="stmt"/>
      <line num="511" count="0" type="stmt"/>
      <line num="512" count="0" type="stmt"/>
      <line num="515" count="0" type="stmt"/>
      <line num="517" count="0" type="stmt"/>
      <line num="518" count="0" type="stmt"/>
      <line num="519" count="0" type="stmt"/>
      <line num="520" count="0" type="stmt"/>
      <line num="521" count="0" type="stmt"/>
      <line num="522" count="0" type="stmt"/>
      <line num="523" count="0" type="cond" truecount="0" falsecount="2"/>
      <line num="524" count="0" type="stmt"/>
      <line num="526" count="0" type="stmt"/>
      <line num="527" count="0" type="stmt"/>
      <line num="528" count="0" type="stmt"/>
      <line num="530" count="0" type="cond" truecount="0" falsecount="2"/>
      <line num="531" count="0" type="stmt"/>
      <line num="532" count="0" type="stmt"/>
      <line num="533" count="0" type="stmt"/>
      <line num="534" count="0" type="stmt"/>
      <line num="535" count="0" type="stmt"/>
      <line num="536" count="0" type="stmt"/>
      <line num="537" count="0" type="cond" truecount="0" falsecount="2"/>
      <line num="538" count="0" type="stmt"/>
      <line num="539" count="0" type="stmt"/>
      <line num="540" count="0" type="cond" truecount="0" falsecount="2"/>
      <line num="541" count="0" type="stmt"/>
      <line num="543" count="0" type="stmt"/>
      <line num="544" count="0" type="stmt"/>
      <line num="545" count="0" type="stmt"/>
      <line num="547" count="0" type="stmt"/>
      <line num="550" count="0" type="stmt"/>
      <line num="553" count="0" type="stmt"/>
      <line num="554" count="0" type="stmt"/>
      <line num="555" count="0" type="stmt"/>
      <line num="556" count="0" type="cond" truecount="0" falsecount="2"/>
      <line num="557" count="0" type="stmt"/>
      <line num="560" count="0" type="stmt"/>
      <line num="565" count="0" type="cond" truecount="0" falsecount="2"/>
      <line num="566" count="0" type="stmt"/>
      <line num="569" count="0" type="stmt"/>
      <line num="574" count="0" type="cond" truecount="0" falsecount="2"/>
      <line num="575" count="0" type="stmt"/>
    </file>
    <file name="inputs.js" path="C:\Koding\Keino\Volume calc\src\js\inputs.js">
      <metrics statements="104" coveredstatements="94" conditionals="121" coveredconditionals="85" methods="8" coveredmethods="7"/>
      <line num="9" count="6" type="stmt"/>
      <line num="10" count="535" type="cond" truecount="2" falsecount="0"/>
      <line num="12" count="22" type="cond" truecount="1" falsecount="3"/>
      <line num="15" count="22" type="stmt"/>
      <line num="16" count="22" type="stmt"/>
      <line num="17" count="22" type="cond" truecount="1" falsecount="1"/>
      <line num="20" count="515" type="stmt"/>
      <line num="23" count="170" type="stmt"/>
      <line num="24" count="170" type="cond" truecount="2" falsecount="0"/>
      <line num="25" count="3" type="stmt"/>
      <line num="26" count="3" type="cond" truecount="3" falsecount="1"/>
      <line num="31" count="17" type="stmt"/>
      <line num="32" count="17" type="stmt"/>
      <line num="33" count="17" type="cond" truecount="3" falsecount="1"/>
      <line num="35" count="17" type="stmt"/>
      <line num="36" count="17" type="stmt"/>
      <line num="38" count="17" type="stmt"/>
      <line num="39" count="17" type="stmt"/>
      <line num="41" count="17" type="stmt"/>
      <line num="42" count="17" type="stmt"/>
      <line num="45" count="17" type="stmt"/>
      <line num="49" count="17" type="cond" truecount="2" falsecount="0"/>
      <line num="50" count="17" type="stmt"/>
      <line num="52" count="17" type="stmt"/>
      <line num="56" count="17" type="cond" truecount="2" falsecount="0"/>
      <line num="58" count="17" type="stmt"/>
      <line num="62" count="17" type="cond" truecount="2" falsecount="0"/>
      <line num="64" count="17" type="stmt"/>
      <line num="68" count="17" type="cond" truecount="2" falsecount="0"/>
      <line num="70" count="17" type="stmt"/>
      <line num="74" count="17" type="cond" truecount="2" falsecount="0"/>
      <line num="76" count="17" type="stmt"/>
      <line num="80" count="17" type="cond" truecount="2" falsecount="0"/>
      <line num="82" count="17" type="stmt"/>
      <line num="86" count="17" type="cond" truecount="2" falsecount="0"/>
      <line num="88" count="17" type="stmt"/>
      <line num="93" count="17" type="cond" truecount="2" falsecount="2"/>
      <line num="95" count="17" type="stmt"/>
      <line num="99" count="17" type="cond" truecount="2" falsecount="0"/>
      <line num="101" count="17" type="stmt"/>
      <line num="102" count="17" type="stmt"/>
      <line num="106" count="17" type="stmt"/>
      <line num="107" count="17" type="cond" truecount="1" falsecount="1"/>
      <line num="108" count="17" type="cond" truecount="1" falsecount="1"/>
      <line num="114" count="0" type="stmt"/>
      <line num="118" count="17" type="stmt"/>
      <line num="119" count="17" type="cond" truecount="1" falsecount="1"/>
      <line num="120" count="0" type="stmt"/>
      <line num="121" count="17" type="cond" truecount="1" falsecount="1"/>
      <line num="128" count="0" type="stmt"/>
      <line num="133" count="17" type="stmt"/>
      <line num="134" count="17" type="stmt"/>
      <line num="135" count="17" type="stmt"/>
      <line num="136" count="17" type="stmt"/>
      <line num="137" count="17" type="stmt"/>
      <line num="139" count="17" type="stmt"/>
      <line num="140" count="17" type="stmt"/>
      <line num="141" count="17" type="stmt"/>
      <line num="142" count="17" type="stmt"/>
      <line num="143" count="17" type="stmt"/>
      <line num="144" count="17" type="stmt"/>
      <line num="145" count="17" type="stmt"/>
      <line num="147" count="17" type="stmt"/>
      <line num="148" count="17" type="cond" truecount="2" falsecount="2"/>
      <line num="149" count="0" type="stmt"/>
      <line num="150" count="17" type="cond" truecount="2" falsecount="2"/>
      <line num="151" count="0" type="stmt"/>
      <line num="152" count="17" type="cond" truecount="2" falsecount="2"/>
      <line num="153" count="0" type="stmt"/>
      <line num="154" count="17" type="cond" truecount="4" falsecount="0"/>
      <line num="155" count="2" type="stmt"/>
      <line num="156" count="17" type="cond" truecount="4" falsecount="0"/>
      <line num="157" count="1" type="stmt"/>
      <line num="158" count="17" type="cond" truecount="4" falsecount="0"/>
      <line num="159" count="1" type="stmt"/>
      <line num="160" count="17" type="cond" truecount="2" falsecount="2"/>
      <line num="161" count="0" type="stmt"/>
      <line num="163" count="17" type="cond" truecount="2" falsecount="0"/>
      <line num="164" count="3" type="stmt"/>
      <line num="165" count="3" type="stmt"/>
      <line num="166" count="3" type="stmt"/>
      <line num="167" count="3" type="cond" truecount="2" falsecount="0"/>
      <line num="168" count="3" type="stmt"/>
      <line num="169" count="3" type="cond" truecount="2" falsecount="0"/>
      <line num="170" count="1" type="stmt"/>
      <line num="172" count="14" type="stmt"/>
      <line num="173" count="14" type="stmt"/>
      <line num="174" count="14" type="cond" truecount="1" falsecount="1"/>
      <line num="177" count="17" type="stmt"/>
      <line num="252" count="17" type="stmt"/>
      <line num="253" count="17" type="cond" truecount="3" falsecount="1"/>
      <line num="255" count="0" type="stmt"/>
      <line num="267" count="17" type="stmt"/>
      <line num="294" count="17" type="stmt"/>
      <line num="295" count="170" type="stmt"/>
      <line num="296" count="170" type="cond" truecount="1" falsecount="1"/>
      <line num="297" count="0" type="stmt"/>
      <line num="298" count="0" type="cond" truecount="0" falsecount="2"/>
      <line num="303" count="17" type="stmt"/>
      <line num="304" count="170" type="cond" truecount="1" falsecount="1"/>
      <line num="305" count="170" type="cond" truecount="2" falsecount="0"/>
      <line num="306" count="170" type="cond" truecount="4" falsecount="0"/>
      <line num="307" count="1" type="stmt"/>
      <line num="311" count="17" type="stmt"/>
    </file>
    <file name="logic.js" path="C:\Koding\Keino\Volume calc\src\js\logic.js">
      <metrics statements="651" coveredstatements="603" conditionals="640" coveredconditionals="495" methods="75" coveredmethods="69"/>
      <line num="7" count="29" type="stmt"/>
      <line num="8" count="29" type="cond" truecount="1" falsecount="1"/>
      <line num="21" count="3" type="stmt"/>
      <line num="22" count="3" type="cond" truecount="3" falsecount="1"/>
      <line num="24" count="3" type="stmt"/>
      <line num="25" count="3" type="cond" truecount="3" falsecount="1"/>
      <line num="27" count="3" type="stmt"/>
      <line num="28" count="3" type="stmt"/>
      <line num="29" count="3" type="stmt"/>
      <line num="31" count="3" type="stmt"/>
      <line num="44" count="3" type="stmt"/>
      <line num="45" count="3" type="cond" truecount="3" falsecount="1"/>
      <line num="47" count="3" type="stmt"/>
      <line num="48" count="3" type="stmt"/>
      <line num="60" count="13" type="stmt"/>
      <line num="61" count="13" type="stmt"/>
      <line num="62" count="13" type="cond" truecount="5" falsecount="0"/>
      <line num="63" count="1" type="stmt"/>
      <line num="65" count="12" type="stmt"/>
      <line num="66" count="12" type="stmt"/>
      <line num="67" count="12" type="stmt"/>
      <line num="82" count="11" type="stmt"/>
      <line num="83" count="11" type="stmt"/>
      <line num="84" count="11" type="stmt"/>
      <line num="87" count="11" type="cond" truecount="4" falsecount="0"/>
      <line num="88" count="8" type="cond" truecount="4" falsecount="0"/>
      <line num="90" count="6" type="stmt"/>
      <line num="91" count="6" type="stmt"/>
      <line num="100" count="92" type="stmt"/>
      <line num="102" count="92" type="cond" truecount="2" falsecount="0"/>
      <line num="103" count="92" type="stmt"/>
      <line num="104" count="92" type="stmt"/>
      <line num="105" count="92" type="cond" truecount="2" falsecount="0"/>
      <line num="106" count="92" type="stmt"/>
      <line num="109" count="92" type="stmt"/>
      <line num="110" count="548" type="cond" truecount="2" falsecount="0"/>
      <line num="111" count="24" type="stmt"/>
      <line num="115" count="0" type="stmt"/>
      <line num="116" count="92" type="stmt"/>
      <line num="119" count="92" type="cond" truecount="2" falsecount="0"/>
      <line num="120" count="24" type="cond" truecount="1" falsecount="1"/>
      <line num="124" count="92" type="stmt"/>
      <line num="125" count="92" type="stmt"/>
      <line num="127" count="92" type="stmt"/>
      <line num="128" count="548" type="stmt"/>
      <line num="138" count="548" type="cond" truecount="2" falsecount="0"/>
      <line num="139" count="548" type="cond" truecount="4" falsecount="0"/>
      <line num="140" count="150" type="stmt"/>
      <line num="167" count="92" type="stmt"/>
      <line num="168" count="92" type="stmt"/>
      <line num="169" count="548" type="cond" truecount="4" falsecount="0"/>
      <line num="170" count="548" type="cond" truecount="2" falsecount="0"/>
      <line num="172" count="414" type="stmt"/>
      <line num="174" count="92" type="stmt"/>
      <line num="175" count="92" type="stmt"/>
      <line num="176" count="92" type="stmt"/>
      <line num="177" count="92" type="stmt"/>
      <line num="178" count="92" type="stmt"/>
      <line num="179" count="92" type="stmt"/>
      <line num="180" count="92" type="stmt"/>
      <line num="181" count="92" type="stmt"/>
      <line num="182" count="92" type="stmt"/>
      <line num="183" count="92" type="stmt"/>
      <line num="184" count="92" type="stmt"/>
      <line num="185" count="92" type="stmt"/>
      <line num="186" count="92" type="stmt"/>
      <line num="187" count="92" type="stmt"/>
      <line num="188" count="92" type="stmt"/>
      <line num="189" count="92" type="stmt"/>
      <line num="190" count="92" type="stmt"/>
      <line num="191" count="92" type="stmt"/>
      <line num="195" count="92" type="stmt"/>
      <line num="197" count="92" type="stmt"/>
      <line num="198" count="210" type="stmt"/>
      <line num="199" count="210" type="stmt"/>
      <line num="200" count="210" type="stmt"/>
      <line num="201" count="210" type="cond" truecount="1" falsecount="1"/>
      <line num="203" count="210" type="stmt"/>
      <line num="204" count="917" type="cond" truecount="2" falsecount="0"/>
      <line num="205" count="817" type="cond" truecount="2" falsecount="0"/>
      <line num="206" count="672" type="cond" truecount="2" falsecount="0"/>
      <line num="207" count="478" type="cond" truecount="1" falsecount="1"/>
      <line num="208" count="917" type="cond" truecount="2" falsecount="0"/>
      <line num="209" count="248" type="cond" truecount="3" falsecount="1"/>
      <line num="210" count="248" type="cond" truecount="2" falsecount="2"/>
      <line num="211" count="248" type="stmt"/>
      <line num="218" count="210" type="cond" truecount="2" falsecount="0"/>
      <line num="226" count="3" type="stmt"/>
      <line num="227" count="8" type="cond" truecount="2" falsecount="0"/>
      <line num="229" count="5" type="cond" truecount="1" falsecount="1"/>
      <line num="230" count="5" type="cond" truecount="2" falsecount="0"/>
      <line num="233" count="0" type="cond" truecount="0" falsecount="2"/>
      <line num="234" count="0" type="cond" truecount="0" falsecount="2"/>
      <line num="235" count="0" type="stmt"/>
      <line num="238" count="3" type="stmt"/>
      <line num="239" count="3" type="cond" truecount="2" falsecount="2"/>
      <line num="240" count="0" type="stmt"/>
      <line num="241" count="0" type="stmt"/>
      <line num="247" count="3" type="stmt"/>
      <line num="248" count="3" type="cond" truecount="1" falsecount="1"/>
      <line num="249" count="3" type="stmt"/>
      <line num="250" count="3" type="stmt"/>
      <line num="251" count="3" type="stmt"/>
      <line num="252" count="3" type="cond" truecount="1" falsecount="1"/>
      <line num="254" count="3" type="stmt"/>
      <line num="255" count="3" type="cond" truecount="1" falsecount="1"/>
      <line num="258" count="3" type="cond" truecount="1" falsecount="1"/>
      <line num="259" count="3" type="cond" truecount="1" falsecount="1"/>
      <line num="260" count="3" type="stmt"/>
      <line num="261" count="3" type="stmt"/>
      <line num="263" count="3" type="cond" truecount="1" falsecount="1"/>
      <line num="264" count="0" type="stmt"/>
      <line num="265" count="0" type="stmt"/>
      <line num="266" count="3" type="cond" truecount="1" falsecount="1"/>
      <line num="267" count="0" type="stmt"/>
      <line num="268" count="0" type="stmt"/>
      <line num="269" count="0" type="stmt"/>
      <line num="271" count="3" type="stmt"/>
      <line num="275" count="3" type="stmt"/>
      <line num="280" count="3" type="stmt"/>
      <line num="281" count="3" type="stmt"/>
      <line num="282" count="3" type="stmt"/>
      <line num="283" count="3" type="stmt"/>
      <line num="284" count="3" type="stmt"/>
      <line num="289" count="210" type="cond" truecount="2" falsecount="0"/>
      <line num="291" count="196" type="stmt"/>
      <line num="292" count="52" type="cond" truecount="2" falsecount="0"/>
      <line num="293" count="52" type="cond" truecount="2" falsecount="0"/>
      <line num="296" count="52" type="stmt"/>
      <line num="303" count="52" type="stmt"/>
      <line num="304" count="52" type="stmt"/>
      <line num="307" count="52" type="cond" truecount="4" falsecount="0"/>
      <line num="313" count="16" type="cond" truecount="2" falsecount="0"/>
      <line num="314" count="16" type="cond" truecount="2" falsecount="0"/>
      <line num="315" count="16" type="cond" truecount="1" falsecount="1"/>
      <line num="316" count="0" type="stmt"/>
      <line num="319" count="16" type="stmt"/>
      <line num="321" count="36" type="cond" truecount="4" falsecount="0"/>
      <line num="324" count="18" type="cond" truecount="2" falsecount="0"/>
      <line num="325" count="18" type="cond" truecount="2" falsecount="0"/>
      <line num="326" count="18" type="cond" truecount="2" falsecount="0"/>
      <line num="327" count="5" type="stmt"/>
      <line num="330" count="13" type="stmt"/>
      <line num="334" count="18" type="stmt"/>
      <line num="336" count="196" type="stmt"/>
      <line num="337" count="196" type="stmt"/>
      <line num="338" count="196" type="stmt"/>
      <line num="340" count="196" type="stmt"/>
      <line num="341" count="196" type="stmt"/>
      <line num="342" count="196" type="stmt"/>
      <line num="344" count="196" type="cond" truecount="2" falsecount="0"/>
      <line num="349" count="160" type="stmt"/>
      <line num="350" count="160" type="stmt"/>
      <line num="351" count="160" type="stmt"/>
      <line num="352" count="160" type="stmt"/>
      <line num="353" count="160" type="stmt"/>
      <line num="354" count="160" type="stmt"/>
      <line num="355" count="160" type="stmt"/>
      <line num="357" count="160" type="cond" truecount="2" falsecount="0"/>
      <line num="359" count="136" type="stmt"/>
      <line num="360" count="650" type="cond" truecount="2" falsecount="0"/>
      <line num="362" count="514" type="cond" truecount="1" falsecount="1"/>
      <line num="363" count="514" type="cond" truecount="2" falsecount="0"/>
      <line num="366" count="40" type="cond" truecount="2" falsecount="0"/>
      <line num="367" count="40" type="cond" truecount="2" falsecount="0"/>
      <line num="368" count="40" type="stmt"/>
      <line num="371" count="136" type="stmt"/>
      <line num="372" count="136" type="cond" truecount="4" falsecount="0"/>
      <line num="373" count="32" type="stmt"/>
      <line num="374" count="32" type="stmt"/>
      <line num="377" count="136" type="stmt"/>
      <line num="378" count="136" type="cond" truecount="1" falsecount="1"/>
      <line num="379" count="136" type="stmt"/>
      <line num="380" count="136" type="stmt"/>
      <line num="381" count="136" type="stmt"/>
      <line num="382" count="136" type="cond" truecount="2" falsecount="0"/>
      <line num="384" count="50" type="stmt"/>
      <line num="385" count="50" type="stmt"/>
      <line num="387" count="50" type="cond" truecount="2" falsecount="0"/>
      <line num="390" count="136" type="cond" truecount="1" falsecount="1"/>
      <line num="392" count="136" type="cond" truecount="1" falsecount="1"/>
      <line num="393" count="136" type="stmt"/>
      <line num="394" count="136" type="stmt"/>
      <line num="396" count="136" type="cond" truecount="2" falsecount="0"/>
      <line num="397" count="31" type="stmt"/>
      <line num="398" count="31" type="stmt"/>
      <line num="399" count="31" type="stmt"/>
      <line num="400" count="19" type="cond" truecount="2" falsecount="0"/>
      <line num="401" count="14" type="stmt"/>
      <line num="402" count="14" type="stmt"/>
      <line num="403" count="14" type="stmt"/>
      <line num="405" count="5" type="stmt"/>
      <line num="409" count="5" type="stmt"/>
      <line num="414" count="5" type="stmt"/>
      <line num="415" count="5" type="stmt"/>
      <line num="416" count="5" type="stmt"/>
      <line num="417" count="5" type="stmt"/>
      <line num="418" count="5" type="stmt"/>
      <line num="419" count="5" type="stmt"/>
      <line num="424" count="160" type="cond" truecount="2" falsecount="0"/>
      <line num="425" count="39" type="stmt"/>
      <line num="426" count="39" type="cond" truecount="2" falsecount="0"/>
      <line num="427" count="31" type="stmt"/>
      <line num="428" count="31" type="stmt"/>
      <line num="430" count="121" type="cond" truecount="2" falsecount="0"/>
      <line num="431" count="98" type="stmt"/>
      <line num="432" count="98" type="cond" truecount="2" falsecount="0"/>
      <line num="433" count="14" type="stmt"/>
      <line num="434" count="14" type="stmt"/>
      <line num="435" count="14" type="stmt"/>
      <line num="438" count="23" type="stmt"/>
      <line num="439" count="23" type="stmt"/>
      <line num="440" count="23" type="stmt"/>
      <line num="441" count="23" type="stmt"/>
      <line num="442" count="23" type="stmt"/>
      <line num="443" count="23" type="stmt"/>
      <line num="445" count="23" type="cond" truecount="2" falsecount="0"/>
      <line num="446" count="5" type="stmt"/>
      <line num="447" count="5" type="stmt"/>
      <line num="448" count="5" type="stmt"/>
      <line num="449" count="5" type="stmt"/>
      <line num="450" count="5" type="stmt"/>
      <line num="458" count="210" type="cond" truecount="2" falsecount="0"/>
      <line num="466" count="2" type="stmt"/>
      <line num="467" count="2" type="stmt"/>
      <line num="471" count="2" type="stmt"/>
      <line num="472" count="2" type="stmt"/>
      <line num="473" count="10" type="cond" truecount="1" falsecount="1"/>
      <line num="474" count="10" type="cond" truecount="4" falsecount="0"/>
      <line num="475" count="2" type="stmt"/>
      <line num="476" count="10" type="cond" truecount="4" falsecount="0"/>
      <line num="477" count="2" type="stmt"/>
      <line num="479" count="8" type="stmt"/>
      <line num="481" count="2" type="stmt"/>
      <line num="482" count="4" type="stmt"/>
      <line num="483" count="4" type="stmt"/>
      <line num="484" count="4" type="stmt"/>
      <line num="485" count="4" type="cond" truecount="1" falsecount="1"/>
      <line num="488" count="4" type="stmt"/>
      <line num="489" count="20" type="cond" truecount="1" falsecount="1"/>
      <line num="490" count="20" type="cond" truecount="2" falsecount="0"/>
      <line num="491" count="14" type="cond" truecount="1" falsecount="1"/>
      <line num="492" count="20" type="cond" truecount="2" falsecount="0"/>
      <line num="493" count="4" type="cond" truecount="2" falsecount="2"/>
      <line num="494" count="4" type="cond" truecount="2" falsecount="2"/>
      <line num="495" count="4" type="stmt"/>
      <line num="498" count="4" type="cond" truecount="1" falsecount="1"/>
      <line num="500" count="4" type="stmt"/>
      <line num="501" count="0" type="cond" truecount="0" falsecount="2"/>
      <line num="502" count="0" type="cond" truecount="0" falsecount="2"/>
      <line num="503" count="0" type="stmt"/>
      <line num="505" count="4" type="stmt"/>
      <line num="509" count="4" type="stmt"/>
      <line num="510" count="4" type="stmt"/>
      <line num="512" count="4" type="stmt"/>
      <line num="519" count="92" type="cond" truecount="4" falsecount="0"/>
      <line num="520" count="24" type="stmt"/>
      <line num="521" count="112" type="cond" truecount="2" falsecount="0"/>
      <line num="523" count="24" type="cond" truecount="2" falsecount="0"/>
      <line num="525" count="22" type="stmt"/>
      <line num="526" count="22" type="stmt"/>
      <line num="527" count="100" type="cond" truecount="1" falsecount="1"/>
      <line num="528" count="100" type="cond" truecount="4" falsecount="0"/>
      <line num="529" count="38" type="stmt"/>
      <line num="530" count="100" type="cond" truecount="4" falsecount="0"/>
      <line num="531" count="39" type="stmt"/>
      <line num="533" count="185" type="stmt"/>
      <line num="535" count="22" type="stmt"/>
      <line num="536" count="87" type="stmt"/>
      <line num="537" count="87" type="stmt"/>
      <line num="538" count="87" type="stmt"/>
      <line num="539" count="87" type="cond" truecount="1" falsecount="1"/>
      <line num="542" count="87" type="stmt"/>
      <line num="543" count="421" type="cond" truecount="1" falsecount="1"/>
      <line num="544" count="421" type="cond" truecount="2" falsecount="0"/>
      <line num="545" count="186" type="cond" truecount="1" falsecount="1"/>
      <line num="546" count="421" type="cond" truecount="2" falsecount="0"/>
      <line num="547" count="114" type="cond" truecount="2" falsecount="2"/>
      <line num="548" count="114" type="cond" truecount="2" falsecount="2"/>
      <line num="549" count="114" type="cond" truecount="1" falsecount="1"/>
      <line num="550" count="114" type="stmt"/>
      <line num="553" count="87" type="cond" truecount="1" falsecount="1"/>
      <line num="555" count="87" type="stmt"/>
      <line num="556" count="27" type="cond" truecount="2" falsecount="0"/>
      <line num="557" count="27" type="cond" truecount="2" falsecount="0"/>
      <line num="558" count="27" type="stmt"/>
      <line num="560" count="87" type="stmt"/>
      <line num="561" count="87" type="stmt"/>
      <line num="562" count="87" type="stmt"/>
      <line num="563" count="87" type="stmt"/>
      <line num="571" count="92" type="cond" truecount="4" falsecount="0"/>
      <line num="573" count="24" type="stmt"/>
      <line num="574" count="112" type="cond" truecount="2" falsecount="0"/>
      <line num="576" count="24" type="cond" truecount="2" falsecount="0"/>
      <line num="578" count="22" type="stmt"/>
      <line num="579" count="22" type="stmt"/>
      <line num="580" count="100" type="cond" truecount="1" falsecount="1"/>
      <line num="581" count="100" type="cond" truecount="2" falsecount="0"/>
      <line num="582" count="78" type="cond" truecount="1" falsecount="1"/>
      <line num="583" count="100" type="cond" truecount="4" falsecount="0"/>
      <line num="584" count="38" type="stmt"/>
      <line num="585" count="78" type="cond" truecount="4" falsecount="0"/>
      <line num="586" count="39" type="stmt"/>
      <line num="589" count="185" type="stmt"/>
      <line num="591" count="22" type="stmt"/>
      <line num="592" count="87" type="stmt"/>
      <line num="593" count="87" type="stmt"/>
      <line num="594" count="87" type="stmt"/>
      <line num="595" count="87" type="cond" truecount="1" falsecount="1"/>
      <line num="598" count="87" type="stmt"/>
      <line num="599" count="421" type="cond" truecount="1" falsecount="1"/>
      <line num="600" count="421" type="cond" truecount="2" falsecount="0"/>
      <line num="601" count="186" type="cond" truecount="1" falsecount="1"/>
      <line num="602" count="421" type="cond" truecount="2" falsecount="0"/>
      <line num="603" count="114" type="cond" truecount="2" falsecount="2"/>
      <line num="604" count="114" type="cond" truecount="2" falsecount="2"/>
      <line num="605" count="114" type="cond" truecount="1" falsecount="1"/>
      <line num="606" count="114" type="stmt"/>
      <line num="609" count="87" type="cond" truecount="1" falsecount="1"/>
      <line num="612" count="87" type="stmt"/>
      <line num="613" count="27" type="cond" truecount="2" falsecount="0"/>
      <line num="614" count="27" type="cond" truecount="2" falsecount="0"/>
      <line num="615" count="27" type="stmt"/>
      <line num="618" count="87" type="stmt"/>
      <line num="619" count="87" type="stmt"/>
      <line num="620" count="87" type="stmt"/>
      <line num="621" count="87" type="stmt"/>
      <line num="630" count="92" type="cond" truecount="4" falsecount="0"/>
      <line num="631" count="39" type="stmt"/>
      <line num="632" count="39" type="cond" truecount="1" falsecount="1"/>
      <line num="633" count="43" type="stmt"/>
      <line num="634" count="43" type="cond" truecount="2" falsecount="0"/>
      <line num="635" count="43" type="stmt"/>
      <line num="636" count="43" type="cond" truecount="2" falsecount="0"/>
      <line num="638" count="43" type="cond" truecount="2" falsecount="0"/>
      <line num="643" count="34" type="stmt"/>
      <line num="644" count="34" type="stmt"/>
      <line num="645" count="158" type="cond" truecount="3" falsecount="1"/>
      <line num="646" count="158" type="cond" truecount="2" falsecount="0"/>
      <line num="647" count="158" type="cond" truecount="4" falsecount="0"/>
      <line num="649" count="34" type="stmt"/>
      <line num="652" count="34" type="stmt"/>
      <line num="653" count="25" type="stmt"/>
      <line num="654" count="25" type="stmt"/>
      <line num="655" count="25" type="stmt"/>
      <line num="656" count="25" type="cond" truecount="1" falsecount="1"/>
      <line num="659" count="25" type="stmt"/>
      <line num="660" count="59" type="cond" truecount="2" falsecount="0"/>
      <line num="661" count="29" type="cond" truecount="1" falsecount="1"/>
      <line num="662" count="29" type="cond" truecount="1" falsecount="1"/>
      <line num="663" count="59" type="cond" truecount="2" falsecount="0"/>
      <line num="664" count="26" type="cond" truecount="2" falsecount="2"/>
      <line num="665" count="26" type="cond" truecount="2" falsecount="2"/>
      <line num="666" count="26" type="stmt"/>
      <line num="669" count="25" type="cond" truecount="2" falsecount="0"/>
      <line num="672" count="22" type="stmt"/>
      <line num="673" count="4" type="cond" truecount="1" falsecount="1"/>
      <line num="674" count="4" type="cond" truecount="1" falsecount="1"/>
      <line num="675" count="4" type="stmt"/>
      <line num="677" count="22" type="stmt"/>
      <line num="680" count="22" type="cond" truecount="2" falsecount="0"/>
      <line num="681" count="20" type="stmt"/>
      <line num="682" count="20" type="cond" truecount="1" falsecount="1"/>
      <line num="683" count="20" type="stmt"/>
      <line num="687" count="20" type="stmt"/>
      <line num="696" count="92" type="cond" truecount="2" falsecount="0"/>
      <line num="708" count="21" type="stmt"/>
      <line num="709" count="21" type="stmt"/>
      <line num="710" count="21" type="stmt"/>
      <line num="713" count="21" type="stmt"/>
      <line num="714" count="21" type="cond" truecount="1" falsecount="1"/>
      <line num="715" count="25" type="stmt"/>
      <line num="717" count="25" type="cond" truecount="2" falsecount="0"/>
      <line num="718" count="25" type="stmt"/>
      <line num="720" count="25" type="cond" truecount="2" falsecount="0"/>
      <line num="721" count="25" type="stmt"/>
      <line num="723" count="25" type="stmt"/>
      <line num="733" count="25" type="stmt"/>
      <line num="734" count="25" type="stmt"/>
      <line num="737" count="21" type="cond" truecount="1" falsecount="1"/>
      <line num="740" count="21" type="stmt"/>
      <line num="741" count="21" type="stmt"/>
      <line num="743" count="25" type="stmt"/>
      <line num="744" count="25" type="stmt"/>
      <line num="745" count="65" type="cond" truecount="1" falsecount="1"/>
      <line num="747" count="65" type="cond" truecount="4" falsecount="0"/>
      <line num="748" count="9" type="stmt"/>
      <line num="750" count="65" type="cond" truecount="4" falsecount="0"/>
      <line num="751" count="6" type="stmt"/>
      <line num="755" count="64" type="stmt"/>
      <line num="758" count="25" type="stmt"/>
      <line num="759" count="40" type="stmt"/>
      <line num="760" count="40" type="stmt"/>
      <line num="761" count="40" type="stmt"/>
      <line num="762" count="40" type="cond" truecount="1" falsecount="1"/>
      <line num="765" count="40" type="stmt"/>
      <line num="766" count="131" type="cond" truecount="1" falsecount="1"/>
      <line num="767" count="131" type="cond" truecount="2" falsecount="0"/>
      <line num="768" count="125" type="cond" truecount="1" falsecount="1"/>
      <line num="769" count="131" type="cond" truecount="2" falsecount="0"/>
      <line num="770" count="71" type="cond" truecount="2" falsecount="2"/>
      <line num="771" count="71" type="cond" truecount="2" falsecount="2"/>
      <line num="772" count="71" type="stmt"/>
      <line num="775" count="40" type="cond" truecount="1" falsecount="1"/>
      <line num="777" count="40" type="stmt"/>
      <line num="778" count="31" type="cond" truecount="2" falsecount="0"/>
      <line num="779" count="31" type="cond" truecount="2" falsecount="0"/>
      <line num="780" count="31" type="stmt"/>
      <line num="782" count="40" type="stmt"/>
      <line num="784" count="40" type="cond" truecount="4" falsecount="0"/>
      <line num="785" count="22" type="stmt"/>
      <line num="786" count="22" type="stmt"/>
      <line num="787" count="22" type="stmt"/>
      <line num="788" count="22" type="stmt"/>
      <line num="789" count="22" type="stmt"/>
      <line num="790" count="22" type="stmt"/>
      <line num="791" count="22" type="stmt"/>
      <line num="798" count="21" type="cond" truecount="2" falsecount="0"/>
      <line num="800" count="4" type="stmt"/>
      <line num="801" count="6" type="stmt"/>
      <line num="804" count="4" type="stmt"/>
      <line num="805" count="4" type="stmt"/>
      <line num="806" count="4" type="stmt"/>
      <line num="807" count="17" type="cond" truecount="1" falsecount="1"/>
      <line num="809" count="0" type="stmt"/>
      <line num="810" count="0" type="stmt"/>
      <line num="811" count="0" type="stmt"/>
      <line num="812" count="0" type="stmt"/>
      <line num="815" count="0" type="stmt"/>
      <line num="820" count="17" type="stmt"/>
      <line num="821" count="17" type="stmt"/>
      <line num="822" count="17" type="stmt"/>
      <line num="823" count="17" type="stmt"/>
      <line num="825" count="17" type="stmt"/>
      <line num="827" count="19" type="stmt"/>
      <line num="828" count="19" type="stmt"/>
      <line num="829" count="46" type="cond" truecount="1" falsecount="1"/>
      <line num="830" count="46" type="cond" truecount="4" falsecount="0"/>
      <line num="831" count="8" type="stmt"/>
      <line num="833" count="46" type="cond" truecount="4" falsecount="0"/>
      <line num="834" count="6" type="stmt"/>
      <line num="838" count="19" type="cond" truecount="4" falsecount="0"/>
      <line num="839" count="17" type="stmt"/>
      <line num="842" count="88" type="stmt"/>
      <line num="845" count="19" type="stmt"/>
      <line num="846" count="45" type="stmt"/>
      <line num="847" count="45" type="stmt"/>
      <line num="848" count="45" type="stmt"/>
      <line num="849" count="45" type="cond" truecount="1" falsecount="1"/>
      <line num="852" count="45" type="stmt"/>
      <line num="855" count="45" type="stmt"/>
      <line num="856" count="128" type="cond" truecount="1" falsecount="1"/>
      <line num="857" count="128" type="cond" truecount="2" falsecount="0"/>
      <line num="858" count="121" type="cond" truecount="1" falsecount="1"/>
      <line num="859" count="128" type="cond" truecount="2" falsecount="0"/>
      <line num="860" count="75" type="cond" truecount="2" falsecount="2"/>
      <line num="861" count="75" type="cond" truecount="2" falsecount="2"/>
      <line num="862" count="75" type="stmt"/>
      <line num="865" count="45" type="stmt"/>
      <line num="866" count="45" type="cond" truecount="1" falsecount="1"/>
      <line num="868" count="45" type="stmt"/>
      <line num="869" count="30" type="cond" truecount="2" falsecount="0"/>
      <line num="870" count="30" type="cond" truecount="2" falsecount="0"/>
      <line num="871" count="30" type="stmt"/>
      <line num="873" count="45" type="stmt"/>
      <line num="875" count="45" type="cond" truecount="4" falsecount="0"/>
      <line num="876" count="26" type="stmt"/>
      <line num="877" count="26" type="stmt"/>
      <line num="878" count="26" type="stmt"/>
      <line num="879" count="26" type="stmt"/>
      <line num="880" count="26" type="stmt"/>
      <line num="881" count="26" type="stmt"/>
      <line num="886" count="45" type="cond" truecount="2" falsecount="0"/>
      <line num="887" count="26" type="stmt"/>
      <line num="888" count="26" type="stmt"/>
      <line num="889" count="19" type="cond" truecount="1" falsecount="1"/>
      <line num="890" count="19" type="stmt"/>
      <line num="891" count="19" type="stmt"/>
      <line num="894" count="0" type="stmt"/>
      <line num="895" count="0" type="stmt"/>
      <line num="896" count="0" type="stmt"/>
      <line num="897" count="0" type="stmt"/>
      <line num="899" count="0" type="cond" truecount="0" falsecount="2"/>
      <line num="900" count="0" type="stmt"/>
      <line num="901" count="0" type="cond" truecount="0" falsecount="2"/>
      <line num="902" count="0" type="cond" truecount="0" falsecount="2"/>
      <line num="903" count="0" type="stmt"/>
      <line num="905" count="0" type="stmt"/>
      <line num="906" count="0" type="cond" truecount="0" falsecount="4"/>
      <line num="907" count="0" type="stmt"/>
      <line num="908" count="0" type="stmt"/>
      <line num="909" count="0" type="stmt"/>
      <line num="910" count="0" type="stmt"/>
      <line num="911" count="0" type="stmt"/>
      <line num="912" count="0" type="stmt"/>
      <line num="913" count="0" type="stmt"/>
      <line num="920" count="17" type="stmt"/>
      <line num="921" count="17" type="stmt"/>
      <line num="922" count="17" type="stmt"/>
      <line num="923" count="17" type="stmt"/>
      <line num="928" count="21" type="stmt"/>
      <line num="932" count="21" type="stmt"/>
      <line num="935" count="21" type="stmt"/>
      <line num="936" count="21" type="stmt"/>
      <line num="939" count="21" type="stmt"/>
      <line num="940" count="27" type="cond" truecount="4" falsecount="0"/>
      <line num="941" count="21" type="cond" truecount="1" falsecount="1"/>
      <line num="942" count="21" type="cond" truecount="1" falsecount="1"/>
      <line num="946" count="21" type="stmt"/>
      <line num="948" count="21" type="cond" truecount="2" falsecount="0"/>
      <line num="950" count="17" type="stmt"/>
      <line num="951" count="17" type="cond" truecount="1" falsecount="1"/>
      <line num="952" count="17" type="stmt"/>
      <line num="954" count="17" type="stmt"/>
      <line num="956" count="17" type="stmt"/>
      <line num="957" count="17" type="stmt"/>
      <line num="966" count="4" type="cond" truecount="1" falsecount="1"/>
      <line num="967" count="4" type="stmt"/>
      <line num="968" count="4" type="stmt"/>
      <line num="969" count="6" type="stmt"/>
      <line num="972" count="4" type="stmt"/>
      <line num="973" count="4" type="stmt"/>
      <line num="979" count="4" type="cond" truecount="2" falsecount="0"/>
      <line num="981" count="2" type="stmt"/>
      <line num="982" count="2" type="stmt"/>
      <line num="985" count="21" type="stmt"/>
      <line num="992" count="21" type="cond" truecount="2" falsecount="0"/>
      <line num="994" count="4" type="stmt"/>
      <line num="995" count="4" type="stmt"/>
      <line num="998" count="17" type="stmt"/>
      <line num="999" count="17" type="stmt"/>
      <line num="1003" count="21" type="cond" truecount="2" falsecount="0"/>
      <line num="1005" count="4" type="cond" truecount="2" falsecount="0"/>
      <line num="1006" count="2" type="stmt"/>
      <line num="1010" count="17" type="cond" truecount="2" falsecount="0"/>
      <line num="1011" count="11" type="stmt"/>
      <line num="1016" count="17" type="stmt"/>
      <line num="1017" count="17" type="stmt"/>
      <line num="1019" count="19" type="cond" truecount="1" falsecount="1"/>
      <line num="1021" count="19" type="stmt"/>
      <line num="1022" count="19" type="cond" truecount="1" falsecount="1"/>
      <line num="1023" count="19" type="stmt"/>
      <line num="1025" count="19" type="cond" truecount="2" falsecount="0"/>
      <line num="1027" count="10" type="stmt"/>
      <line num="1028" count="9" type="cond" truecount="4" falsecount="0"/>
      <line num="1031" count="3" type="stmt"/>
      <line num="1036" count="6" type="cond" truecount="2" falsecount="2"/>
      <line num="1038" count="0" type="stmt"/>
      <line num="1045" count="19" type="stmt"/>
      <line num="1050" count="17" type="stmt"/>
      <line num="1051" count="17" type="stmt"/>
      <line num="1063" count="92" type="cond" truecount="2" falsecount="0"/>
      <line num="1070" count="20" type="stmt"/>
      <line num="1072" count="20" type="stmt"/>
      <line num="1073" count="20" type="cond" truecount="1" falsecount="1"/>
      <line num="1074" count="20" type="cond" truecount="1" falsecount="1"/>
      <line num="1075" count="20" type="stmt"/>
      <line num="1076" count="20" type="cond" truecount="1" falsecount="1"/>
      <line num="1078" count="20" type="cond" truecount="3" falsecount="2"/>
      <line num="1079" count="0" type="stmt"/>
      <line num="1080" count="20" type="cond" truecount="4" falsecount="0"/>
      <line num="1081" count="7" type="stmt"/>
      <line num="1085" count="7" type="stmt"/>
      <line num="1089" count="20" type="stmt"/>
      <line num="1094" count="20" type="cond" truecount="2" falsecount="0"/>
      <line num="1095" count="5" type="stmt"/>
      <line num="1103" count="92" type="cond" truecount="4" falsecount="0"/>
      <line num="1105" count="39" type="stmt"/>
      <line num="1108" count="53" type="stmt"/>
      <line num="1111" count="92" type="stmt"/>
      <line num="1112" count="548" type="cond" truecount="1" falsecount="1"/>
      <line num="1119" count="548" type="stmt"/>
      <line num="1120" count="548" type="stmt"/>
      <line num="1124" count="92" type="stmt"/>
      <line num="1125" count="92" type="cond" truecount="4" falsecount="0"/>
      <line num="1126" count="39" type="stmt"/>
      <line num="1127" count="43" type="cond" truecount="2" falsecount="0"/>
      <line num="1132" count="92" type="stmt"/>
      <line num="1168" count="12" type="stmt"/>
      <line num="1169" count="96" type="cond" truecount="2" falsecount="0"/>
      <line num="1170" count="2" type="stmt"/>
      <line num="1175" count="2" type="cond" truecount="2" falsecount="0"/>
      <line num="1177" count="12" type="cond" truecount="2" falsecount="0"/>
      <line num="1178" count="10" type="stmt"/>
      <line num="1189" count="2" type="stmt"/>
      <line num="1190" count="2" type="stmt"/>
      <line num="1191" count="2" type="stmt"/>
      <line num="1192" count="2" type="stmt"/>
      <line num="1193" count="2" type="cond" truecount="3" falsecount="1"/>
      <line num="1194" count="2" type="cond" truecount="1" falsecount="1"/>
      <line num="1196" count="2" type="cond" truecount="1" falsecount="1"/>
      <line num="1199" count="2" type="cond" truecount="1" falsecount="1"/>
      <line num="1200" count="2" type="cond" truecount="1" falsecount="1"/>
      <line num="1202" count="2" type="stmt"/>
      <line num="1203" count="2" type="stmt"/>
      <line num="1204" count="5" type="cond" truecount="2" falsecount="0"/>
      <line num="1205" count="3" type="cond" truecount="1" falsecount="1"/>
      <line num="1206" count="3" type="cond" truecount="3" falsecount="1"/>
      <line num="1207" count="3" type="cond" truecount="2" falsecount="0"/>
      <line num="1213" count="1" type="stmt"/>
      <line num="1215" count="3" type="cond" truecount="2" falsecount="0"/>
[...]
      <line num="1107" count="0" type="cond" truecount="0" falsecount="4"/>
      <line num="1108" count="0" type="stmt"/>
      <line num="1109" count="0" type="stmt"/>
      <line num="1110" count="0" type="stmt"/>
      <line num="1111" count="0" type="stmt"/>
      <line num="1112" count="0" type="stmt"/>
      <line num="1114" count="0" type="stmt"/>
      <line num="1115" count="0" type="cond" truecount="0" falsecount="4"/>
      <line num="1116" count="0" type="cond" truecount="0" falsecount="2"/>
      <line num="1117" count="0" type="stmt"/>
      <line num="1120" count="0" type="stmt"/>
      <line num="1121" count="0" type="stmt"/>
      <line num="1125" count="0" type="stmt"/>
      <line num="1126" count="0" type="stmt"/>
      <line num="1127" count="0" type="stmt"/>
      <line num="1128" count="0" type="stmt"/>
      <line num="1129" count="0" type="stmt"/>
      <line num="1130" count="0" type="stmt"/>
      <line num="1132" count="0" type="stmt"/>
      <line num="1133" count="0" type="cond" truecount="0" falsecount="4"/>
      <line num="1134" count="0" type="cond" truecount="0" falsecount="2"/>
      <line num="1135" count="0" type="stmt"/>
      <line num="1136" count="0" type="stmt"/>
      <line num="1137" count="0" type="stmt"/>
      <line num="1142" count="0" type="stmt"/>
      <line num="1143" count="0" type="stmt"/>
      <line num="1146" count="0" type="cond" truecount="0" falsecount="2"/>
      <line num="1147" count="0" type="stmt"/>
      <line num="1148" count="0" type="stmt"/>
      <line num="1149" count="0" type="cond" truecount="0" falsecount="5"/>
      <line num="1151" count="0" type="stmt"/>
      <line num="1152" count="0" type="cond" truecount="0" falsecount="2"/>
      <line num="1153" count="0" type="stmt"/>
      <line num="1154" count="0" type="cond" truecount="0" falsecount="4"/>
      <line num="1156" count="0" type="stmt"/>
      <line num="1157" count="0" type="cond" truecount="0" falsecount="4"/>
      <line num="1160" count="0" type="cond" truecount="0" falsecount="2"/>
      <line num="1161" count="0" type="stmt"/>
      <line num="1162" count="0" type="cond" truecount="0" falsecount="2"/>
      <line num="1164" count="0" type="stmt"/>
      <line num="1165" count="0" type="stmt"/>
      <line num="1168" count="0" type="cond" truecount="0" falsecount="2"/>
      <line num="1169" count="0" type="stmt"/>
      <line num="1171" count="0" type="stmt"/>
      <line num="1172" count="0" type="cond" truecount="0" falsecount="2"/>
      <line num="1173" count="0" type="stmt"/>
      <line num="1174" count="0" type="stmt"/>
      <line num="1175" count="0" type="cond" truecount="0" falsecount="4"/>
      <line num="1176" count="0" type="cond" truecount="0" falsecount="2"/>
      <line num="1177" count="0" type="stmt"/>
      <line num="1180" count="0" type="cond" truecount="0" falsecount="4"/>
      <line num="1181" count="0" type="stmt"/>
      <line num="1182" count="0" type="stmt"/>
      <line num="1183" count="0" type="stmt"/>
      <line num="1184" count="0" type="stmt"/>
      <line num="1187" count="0" type="stmt"/>
      <line num="1188" count="0" type="stmt"/>
      <line num="1189" count="0" type="stmt"/>
      <line num="1190" count="0" type="cond" truecount="0" falsecount="6"/>
      <line num="1191" count="0" type="stmt"/>
      <line num="1192" count="0" type="stmt"/>
      <line num="1197" count="0" type="cond" truecount="0" falsecount="4"/>
      <line num="1198" count="0" type="stmt"/>
      <line num="1199" count="0" type="cond" truecount="0" falsecount="2"/>
      <line num="1200" count="0" type="stmt"/>
      <line num="1201" count="0" type="stmt"/>
      <line num="1202" count="0" type="cond" truecount="0" falsecount="2"/>
      <line num="1203" count="0" type="cond" truecount="0" falsecount="2"/>
      <line num="1204" count="0" type="stmt"/>
      <line num="1206" count="0" type="cond" truecount="0" falsecount="4"/>
      <line num="1207" count="0" type="stmt"/>
      <line num="1208" count="0" type="stmt"/>
      <line num="1209" count="0" type="cond" truecount="0" falsecount="4"/>
      <line num="1210" count="0" type="cond" truecount="0" falsecount="2"/>
      <line num="1211" count="0" type="stmt"/>
      <line num="1213" count="0" type="stmt"/>
      <line num="1214" count="0" type="stmt"/>
      <line num="1220" count="7" type="stmt"/>
      <line num="1221" count="7" type="stmt"/>
      <line num="1222" count="7" type="cond" truecount="2" falsecount="2"/>
      <line num="1223" count="0" type="stmt"/>
      <line num="1224" count="0" type="cond" truecount="0" falsecount="2"/>
      <line num="1225" count="0" type="cond" truecount="0" falsecount="2"/>
      <line num="1227" count="0" type="stmt"/>
      <line num="1228" count="0" type="stmt"/>
      <line num="1230" count="0" type="stmt"/>
      <line num="1234" count="7" type="stmt"/>
      <line num="1235" count="7" type="stmt"/>
      <line num="1236" count="7" type="stmt"/>
      <line num="1237" count="7" type="stmt"/>
      <line num="1238" count="7" type="stmt"/>
      <line num="1239" count="7" type="cond" truecount="2" falsecount="2"/>
      <line num="1240" count="0" type="stmt"/>
      <line num="1241" count="0" type="cond" truecount="0" falsecount="2"/>
      <line num="1242" count="0" type="stmt"/>
      <line num="1243" count="0" type="cond" truecount="0" falsecount="2"/>
      <line num="1245" count="0" type="cond" truecount="0" falsecount="2"/>
      <line num="1246" count="0" type="cond" truecount="0" falsecount="4"/>
      <line num="1248" count="0" type="stmt"/>
      <line num="1249" count="0" type="stmt"/>
      <line num="1251" count="0" type="stmt"/>
      <line num="1252" count="0" type="stmt"/>
      <line num="1256" count="7" type="stmt"/>
      <line num="1257" count="7" type="stmt"/>
      <line num="1258" count="7" type="stmt"/>
      <line num="1259" count="7" type="cond" truecount="2" falsecount="2"/>
      <line num="1261" count="0" type="stmt"/>
      <line num="1262" count="0" type="cond" truecount="0" falsecount="2"/>
      <line num="1263" count="0" type="stmt"/>
      <line num="1267" count="0" type="stmt"/>
      <line num="1268" count="0" type="stmt"/>
      <line num="1271" count="0" type="stmt"/>
      <line num="1272" count="0" type="stmt"/>
      <line num="1276" count="7" type="stmt"/>
      <line num="1277" count="7" type="stmt"/>
      <line num="1278" count="7" type="stmt"/>
      <line num="1279" count="7" type="cond" truecount="2" falsecount="2"/>
      <line num="1280" count="0" type="stmt"/>
      <line num="1281" count="0" type="cond" truecount="0" falsecount="2"/>
      <line num="1282" count="0" type="stmt"/>
      <line num="1283" count="0" type="stmt"/>
      <line num="1285" count="0" type="stmt"/>
      <line num="1286" count="0" type="stmt"/>
      <line num="1288" count="0" type="stmt"/>
      <line num="1289" count="0" type="stmt"/>
      <line num="1291" count="0" type="stmt"/>
      <line num="1292" count="0" type="stmt"/>
      <line num="1296" count="7" type="stmt"/>
      <line num="1297" count="7" type="cond" truecount="3" falsecount="1"/>
      <line num="1298" count="0" type="stmt"/>
      <line num="1299" count="0" type="stmt"/>
      <line num="1300" count="0" type="stmt"/>
      <line num="1301" count="0" type="stmt"/>
      <line num="1302" count="0" type="cond" truecount="0" falsecount="2"/>
      <line num="1308" count="0" type="stmt"/>
      <line num="1316" count="7" type="stmt"/>
      <line num="1317" count="7" type="stmt"/>
      <line num="1318" count="7" type="stmt"/>
      <line num="1319" count="7" type="cond" truecount="1" falsecount="1"/>
      <line num="1320" count="0" type="cond" truecount="0" falsecount="2"/>
      <line num="1322" count="7" type="stmt"/>
      <line num="1323" count="7" type="cond" truecount="1" falsecount="1"/>
      <line num="1324" count="0" type="stmt"/>
      <line num="1325" count="0" type="cond" truecount="0" falsecount="2"/>
      <line num="1326" count="0" type="stmt"/>
      <line num="1327" count="0" type="stmt"/>
      <line num="1330" count="7" type="stmt"/>
      <line num="1331" count="7" type="cond" truecount="1" falsecount="1"/>
      <line num="1332" count="0" type="stmt"/>
      <line num="1333" count="0" type="stmt"/>
      <line num="1336" count="7" type="stmt"/>
      <line num="1339" count="7" type="stmt"/>
      <line num="1340" count="7" type="stmt"/>
      <line num="1341" count="7" type="cond" truecount="1" falsecount="1"/>
      <line num="1342" count="7" type="stmt"/>
      <line num="1344" count="0" type="stmt"/>
      <line num="1347" count="7" type="cond" truecount="1" falsecount="1"/>
      <line num="1348" count="0" type="stmt"/>
      <line num="1349" count="0" type="cond" truecount="0" falsecount="2"/>
      <line num="1350" count="0" type="stmt"/>
      <line num="1351" count="0" type="stmt"/>
      <line num="1352" count="0" type="stmt"/>
      <line num="1358" count="7" type="stmt"/>
      <line num="1359" count="7" type="cond" truecount="1" falsecount="1"/>
      <line num="1360" count="7" type="stmt"/>
      <line num="1361" count="0" type="cond" truecount="0" falsecount="2"/>
      <line num="1362" count="0" type="stmt"/>
      <line num="1363" count="0" type="stmt"/>
      <line num="1376" count="7" type="stmt"/>
      <line num="1377" count="6" type="stmt"/>
      <line num="1378" count="6" type="cond" truecount="3" falsecount="1"/>
      <line num="1379" count="6" type="cond" truecount="1" falsecount="1"/>
      <line num="1382" count="6" type="cond" truecount="1" falsecount="1"/>
      <line num="1383" count="0" type="cond" truecount="0" falsecount="2"/>
      <line num="1384" count="6" type="stmt"/>
      <line num="1385" count="6" type="stmt"/>
      <line num="1386" count="6" type="stmt"/>
      <line num="1397" count="7" type="stmt"/>
      <line num="1398" count="7" type="stmt"/>
      <line num="1399" count="7" type="stmt"/>
      <line num="1400" count="7" type="stmt"/>
      <line num="1401" count="7" type="stmt"/>
      <line num="1402" count="7" type="stmt"/>
      <line num="1403" count="7" type="stmt"/>
      <line num="1407" count="7" type="cond" truecount="4" falsecount="0"/>
      <line num="1410" count="3" type="stmt"/>
      <line num="1411" count="6" type="cond" truecount="1" falsecount="1"/>
      <line num="1412" count="0" type="cond" truecount="0" falsecount="2"/>
      <line num="1419" count="3" type="stmt"/>
      <line num="1422" count="3" type="stmt"/>
      <line num="1423" count="3" type="stmt"/>
      <line num="1425" count="3" type="stmt"/>
      <line num="1428" count="3" type="stmt"/>
      <line num="1429" count="3" type="stmt"/>
      <line num="1430" count="3" type="stmt"/>
      <line num="1431" count="3" type="cond" truecount="2" falsecount="0"/>
      <line num="1434" count="3" type="stmt"/>
      <line num="1437" count="3" type="cond" truecount="1" falsecount="2"/>
      <line num="1440" count="3" type="cond" truecount="1" falsecount="1"/>
      <line num="1441" count="3" type="cond" truecount="2" falsecount="0"/>
      <line num="1442" count="2" type="cond" truecount="1" falsecount="1"/>
      <line num="1443" count="2" type="stmt"/>
      <line num="1445" count="2" type="cond" truecount="1" falsecount="1"/>
      <line num="1446" count="2" type="stmt"/>
      <line num="1449" count="2" type="stmt"/>
      <line num="1450" count="0" type="stmt"/>
      <line num="1451" count="0" type="stmt"/>
      <line num="1452" count="0" type="stmt"/>
      <line num="1459" count="2" type="stmt"/>
      <line num="1460" count="2" type="cond" truecount="1" falsecount="1"/>
      <line num="1461" count="2" type="stmt"/>
      <line num="1462" count="2" type="stmt"/>
      <line num="1463" count="2" type="stmt"/>
      <line num="1465" count="2" type="stmt"/>
      <line num="1467" count="1" type="cond" truecount="1" falsecount="1"/>
      <line num="1468" count="1" type="stmt"/>
      <line num="1470" count="1" type="cond" truecount="1" falsecount="1"/>
      <line num="1471" count="1" type="stmt"/>
      <line num="1474" count="1" type="stmt"/>
      <line num="1475" count="0" type="stmt"/>
      <line num="1476" count="0" type="stmt"/>
      <line num="1477" count="0" type="cond" truecount="0" falsecount="2"/>
      <line num="1478" count="0" type="stmt"/>
      <line num="1480" count="0" type="stmt"/>
      <line num="1488" count="3" type="cond" truecount="1" falsecount="1"/>
      <line num="1489" count="0" type="stmt"/>
      <line num="1490" count="0" type="cond" truecount="0" falsecount="2"/>
      <line num="1491" count="0" type="stmt"/>
      <line num="1494" count="0" type="stmt"/>
      <line num="1495" count="0" type="stmt"/>
      <line num="1496" count="0" type="stmt"/>
      <line num="1500" count="3" type="stmt"/>
      <line num="1501" count="3" type="cond" truecount="2" falsecount="0"/>
      <line num="1505" count="3" type="stmt"/>
      <line num="1506" count="3" type="stmt"/>
      <line num="1507" count="0" type="cond" truecount="0" falsecount="2"/>
      <line num="1510" count="0" type="stmt"/>
      <line num="1511" count="0" type="stmt"/>
      <line num="1512" count="0" type="stmt"/>
      <line num="1514" count="0" type="stmt"/>
      <line num="1515" count="0" type="stmt"/>
      <line num="1518" count="0" type="stmt"/>
      <line num="1519" count="0" type="stmt"/>
      <line num="1520" count="0" type="stmt"/>
      <line num="1521" count="0" type="stmt"/>
      <line num="1522" count="0" type="cond" truecount="0" falsecount="2"/>
      <line num="1527" count="3" type="stmt"/>
      <line num="1528" count="3" type="stmt"/>
      <line num="1529" count="3" type="stmt"/>
      <line num="1535" count="2" type="stmt"/>
      <line num="1536" count="2" type="stmt"/>
      <line num="1537" count="4" type="stmt"/>
      <line num="1538" count="4" type="stmt"/>
      <line num="1540" count="4" type="cond" truecount="1" falsecount="1"/>
      <line num="1541" count="4" type="stmt"/>
      <line num="1542" count="0" type="stmt"/>
      <line num="1543" count="0" type="stmt"/>
      <line num="1544" count="0" type="cond" truecount="0" falsecount="2"/>
      <line num="1548" count="4" type="cond" truecount="1" falsecount="1"/>
      <line num="1549" count="4" type="stmt"/>
      <line num="1550" count="1" type="stmt"/>
      <line num="1551" count="1" type="stmt"/>
      <line num="1552" count="1" type="cond" truecount="1" falsecount="1"/>
      <line num="1561" count="7" type="stmt"/>
      <line num="1562" count="7" type="stmt"/>
      <line num="1563" count="7" type="stmt"/>
      <line num="1565" count="7" type="cond" truecount="1" falsecount="1"/>
      <line num="1568" count="0" type="stmt"/>
      <line num="1569" count="0" type="stmt"/>
      <line num="1570" count="0" type="stmt"/>
      <line num="1573" count="0" type="stmt"/>
      <line num="1574" count="0" type="cond" truecount="0" falsecount="2"/>
      <line num="1575" count="0" type="stmt"/>
      <line num="1576" count="0" type="stmt"/>
      <line num="1579" count="0" type="stmt"/>
      <line num="1580" count="0" type="stmt"/>
      <line num="1581" count="0" type="cond" truecount="0" falsecount="2"/>
      <line num="1584" count="0" type="stmt"/>
      <line num="1585" count="0" type="stmt"/>
      <line num="1586" count="0" type="stmt"/>
      <line num="1588" count="0" type="stmt"/>
      <line num="1589" count="0" type="stmt"/>
      <line num="1592" count="0" type="stmt"/>
      <line num="1593" count="0" type="stmt"/>
      <line num="1594" count="0" type="stmt"/>
      <line num="1595" count="0" type="cond" truecount="0" falsecount="2"/>
      <line num="1596" count="0" type="stmt"/>
      <line num="1601" count="0" type="stmt"/>
      <line num="1602" count="0" type="stmt"/>
      <line num="1603" count="0" type="stmt"/>
      <line num="1604" count="0" type="stmt"/>
      <line num="1606" count="0" type="cond" truecount="0" falsecount="2"/>
      <line num="1607" count="0" type="stmt"/>
      <line num="1608" count="0" type="stmt"/>
      <line num="1609" count="0" type="cond" truecount="0" falsecount="2"/>
      <line num="1610" count="0" type="stmt"/>
      <line num="1614" count="0" type="cond" truecount="0" falsecount="2"/>
      <line num="1615" count="0" type="stmt"/>
      <line num="1616" count="0" type="stmt"/>
      <line num="1617" count="0" type="stmt"/>
      <line num="1618" count="0" type="cond" truecount="0" falsecount="2"/>
      <line num="1619" count="0" type="stmt"/>
      <line num="1627" count="0" type="stmt"/>
      <line num="1628" count="0" type="cond" truecount="0" falsecount="4"/>
      <line num="1630" count="0" type="stmt"/>
      <line num="1631" count="0" type="cond" truecount="0" falsecount="2"/>
      <line num="1633" count="0" type="stmt"/>
      <line num="1634" count="0" type="cond" truecount="0" falsecount="2"/>
      <line num="1635" count="0" type="stmt"/>
      <line num="1638" count="0" type="stmt"/>
      <line num="1639" count="0" type="stmt"/>
      <line num="1640" count="0" type="stmt"/>
      <line num="1644" count="0" type="stmt"/>
      <line num="1645" count="0" type="cond" truecount="0" falsecount="2"/>
      <line num="1646" count="0" type="stmt"/>
      <line num="1649" count="0" type="stmt"/>
      <line num="1650" count="0" type="stmt"/>
      <line num="1651" count="0" type="stmt"/>
      <line num="1659" count="7" type="stmt"/>
      <line num="1660" count="7" type="stmt"/>
      <line num="1661" count="7" type="stmt"/>
      <line num="1662" count="7" type="stmt"/>
      <line num="1663" count="7" type="stmt"/>
      <line num="1664" count="7" type="stmt"/>
      <line num="1665" count="7" type="stmt"/>
      <line num="1666" count="7" type="stmt"/>
      <line num="1667" count="7" type="stmt"/>
      <line num="1668" count="7" type="stmt"/>
      <line num="1669" count="7" type="stmt"/>
      <line num="1670" count="7" type="stmt"/>
      <line num="1671" count="7" type="stmt"/>
      <line num="1672" count="7" type="stmt"/>
      <line num="1673" count="7" type="stmt"/>
      <line num="1674" count="7" type="stmt"/>
      <line num="1675" count="7" type="stmt"/>
      <line num="1676" count="7" type="stmt"/>
    </file>
    <file name="validation.js" path="C:\Koding\Keino\Volume calc\src\js\validation.js">
      <metrics statements="22" coveredstatements="22" conditionals="33" coveredconditionals="24" methods="6" coveredmethods="6"/>
      <line num="7" count="4" type="cond" truecount="1" falsecount="1"/>
      <line num="8" count="4" type="cond" truecount="1" falsecount="1"/>
      <line num="9" count="4" type="cond" truecount="1" falsecount="1"/>
      <line num="18" count="3" type="stmt"/>
      <line num="19" count="4" type="cond" truecount="2" falsecount="0"/>
      <line num="21" count="3" type="cond" truecount="2" falsecount="0"/>
      <line num="23" count="2" type="stmt"/>
      <line num="24" count="2" type="stmt"/>
      <line num="25" count="2" type="stmt"/>
      <line num="26" count="2" type="cond" truecount="1" falsecount="1"/>
      <line num="28" count="2" type="stmt"/>
      <line num="29" count="4" type="cond" truecount="1" falsecount="1"/>
      <line num="30" count="4" type="cond" truecount="1" falsecount="1"/>
      <line num="31" count="4" type="cond" truecount="1" falsecount="1"/>
      <line num="32" count="4" type="stmt"/>
      <line num="33" count="4" type="cond" truecount="3" falsecount="1"/>
      <line num="34" count="4" type="cond" truecount="1" falsecount="1"/>
      <line num="35" count="4" type="cond" truecount="2" falsecount="0"/>
      <line num="38" count="2" type="stmt"/>
      <line num="39" count="4" type="cond" truecount="2" falsecount="0"/>
      <line num="44" count="2" type="cond" truecount="2" falsecount="0"/>
      <line num="49" count="2" type="stmt"/>
    </file>
  </project>
</coverage>
