{"C:\\Koding\\Keino\\Volume calc\\src\\js\\constants.js": {"path":"C:\\Koding\\Keino\\Volume calc\\src\\js\\constants.js","statementMap":{"0":{"start":{"line":1,"column":18},"end":{"line":11,"column":1}},"1":{"start":{"line":13,"column":18},"end":{"line":17,"column":1}},"2":{"start":{"line":20,"column":27},"end":{"line":27,"column":1}},"3":{"start":{"line":29,"column":21},"end":{"line":36,"column":1}}},"fnMap":{},"branchMap":{},"s":{"0":15,"1":15,"2":15,"3":15},"f":{},"b":{},"meta":{"lastBranch":0,"lastFunction":0,"lastStatement":4,"seen":{"s:1:18:11:1":0,"s:13:18:17:1":1,"s:20:27:27:1":2,"s:29:21:36:1":3}}}
,"C:\\Koding\\Keino\\Volume calc\\src\\js\\dom.js": {"path":"C:\\Koding\\Keino\\Volume calc\\src\\js\\dom.js","statementMap":{"0":{"start":{"line":1,"column":18},"end":{"line":1,"column":53}},"1":{"start":{"line":1,"column":26},"end":{"line":1,"column":53}},"2":{"start":{"line":2,"column":18},"end":{"line":2,"column":69}},"3":{"start":{"line":2,"column":27},"end":{"line":2,"column":69}},"4":{"start":{"line":4,"column":2},"end":{"line":4,"column":null}},"5":{"start":{"line":4,"column":12},"end":{"line":4,"column":null}},"6":{"start":{"line":5,"column":2},"end":{"line":5,"column":null}},"7":{"start":{"line":8,"column":2},"end":{"line":8,"column":null}},"8":{"start":{"line":8,"column":12},"end":{"line":8,"column":null}},"9":{"start":{"line":9,"column":2},"end":{"line":10,"column":null}},"10":{"start":{"line":9,"column":17},"end":{"line":9,"column":null}},"11":{"start":{"line":10,"column":7},"end":{"line":10,"column":null}}},"fnMap":{"0":{"name":"(anonymous_0)","decl":{"start":{"line":1,"column":18},"end":{"line":1,"column":19}},"loc":{"start":{"line":1,"column":26},"end":{"line":1,"column":53}},"line":1},"1":{"name":"(anonymous_1)","decl":{"start":{"line":2,"column":18},"end":{"line":2,"column":19}},"loc":{"start":{"line":2,"column":27},"end":{"line":2,"column":69}},"line":2},"2":{"name":"setAttr","decl":{"start":{"line":3,"column":16},"end":{"line":3,"column":23}},"loc":{"start":{"line":3,"column":40},"end":{"line":6,"column":null}},"line":3},"3":{"name":"toggleClass","decl":{"start":{"line":7,"column":16},"end":{"line":7,"column":27}},"loc":{"start":{"line":7,"column":49},"end":{"line":11,"column":null}},"line":7}},"branchMap":{"0":{"loc":{"start":{"line":4,"column":2},"end":{"line":4,"column":null}},"type":"if","locations":[{"start":{"line":4,"column":2},"end":{"line":4,"column":null}},{"start":{},"end":{}}],"line":4},"1":{"loc":{"start":{"line":8,"column":2},"end":{"line":8,"column":null}},"type":"if","locations":[{"start":{"line":8,"column":2},"end":{"line":8,"column":null}},{"start":{},"end":{}}],"line":8},"2":{"loc":{"start":{"line":9,"column":2},"end":{"line":10,"column":null}},"type":"if","locations":[{"start":{"line":9,"column":2},"end":{"line":10,"column":null}},{"start":{"line":10,"column":7},"end":{"line":10,"column":null}}],"line":9}},"s":{"0":17,"1":2418,"2":17,"3":58,"4":0,"5":0,"6":0,"7":0,"8":0,"9":0,"10":0,"11":0},"f":{"0":2418,"1":58,"2":0,"3":0},"b":{"0":[0,0],"1":[0,0],"2":[0,0]},"meta":{"lastBranch":3,"lastFunction":4,"lastStatement":12,"seen":{"s:1:18:1:53":0,"f:1:18:1:19":0,"s:1:26:1:53":1,"s:2:18:2:69":2,"f:2:18:2:19":1,"s:2:27:2:69":3,"f:3:16:3:23":2,"b:4:2:4:Infinity:undefined:undefined:undefined:undefined":0,"s:4:2:4:Infinity":4,"s:4:12:4:Infinity":5,"s:5:2:5:Infinity":6,"f:7:16:7:27":3,"b:8:2:8:Infinity:undefined:undefined:undefined:undefined":1,"s:8:2:8:Infinity":7,"s:8:12:8:Infinity":8,"b:9:2:10:Infinity:10:7:10:Infinity":2,"s:9:2:10:Infinity":9,"s:9:17:9:Infinity":10,"s:10:7:10:Infinity":11}}}
,"C:\\Koding\\Keino\\Volume calc\\src\\js\\draw.js": {"path":"C:\\Koding\\Keino\\Volume calc\\src\\js\\draw.js","statementMap":{"0":{"start":{"line":1,"column":15},"end":{"line":1,"column":19}},"1":{"start":{"line":2,"column":10},"end":{"line":2,"column":14}},"2":{"start":{"line":3,"column":20},"end":{"line":3,"column":25}},"3":{"start":{"line":4,"column":19},"end":{"line":4,"column":23}},"4":{"start":{"line":7,"column":2},"end":{"line":8,"column":null}},"5":{"start":{"line":9,"column":2},"end":{"line":13,"column":null}},"6":{"start":{"line":10,"column":4},"end":{"line":10,"column":null}},"7":{"start":{"line":12,"column":4},"end":{"line":12,"column":null}},"8":{"start":{"line":15,"column":2},"end":{"line":15,"column":null}},"9":{"start":{"line":17,"column":2},"end":{"line":17,"column":null}},"10":{"start":{"line":21,"column":2},"end":{"line":21,"column":null}},"11":{"start":{"line":22,"column":2},"end":{"line":22,"column":null}},"12":{"start":{"line":23,"column":2},"end":{"line":23,"column":null}},"13":{"start":{"line":27,"column":2},"end":{"line":27,"column":null}},"14":{"start":{"line":27,"column":25},"end":{"line":27,"column":null}},"15":{"start":{"line":28,"column":15},"end":{"line":28,"column":47}},"16":{"start":{"line":29,"column":14},"end":{"line":29,"column":42}},"17":{"start":{"line":30,"column":12},"end":{"line":30,"column":40}},"18":{"start":{"line":31,"column":12},"end":{"line":31,"column":41}},"19":{"start":{"line":32,"column":2},"end":{"line":36,"column":null}},"20":{"start":{"line":33,"column":4},"end":{"line":33,"column":null}},"21":{"start":{"line":34,"column":4},"end":{"line":34,"column":null}},"22":{"start":{"line":35,"column":4},"end":{"line":35,"column":null}},"23":{"start":{"line":39,"column":24},"end":{"line":45,"column":4}},"24":{"start":{"line":41,"column":2},"end":{"line":44,"column":null}},"25":{"start":{"line":42,"column":4},"end":{"line":42,"column":null}},"26":{"start":{"line":43,"column":4},"end":{"line":43,"column":null}},"27":{"start":{"line":43,"column":25},"end":{"line":43,"column":45}},"28":{"start":{"line":48,"column":2},"end":{"line":48,"column":null}},"29":{"start":{"line":49,"column":2},"end":{"line":49,"column":null}},"30":{"start":{"line":49,"column":21},"end":{"line":49,"column":null}},"31":{"start":{"line":50,"column":2},"end":{"line":50,"column":null}},"32":{"start":{"line":51,"column":2},"end":{"line":56,"column":null}},"33":{"start":{"line":52,"column":4},"end":{"line":52,"column":null}},"34":{"start":{"line":53,"column":17},"end":{"line":53,"column":58}},"35":{"start":{"line":54,"column":4},"end":{"line":54,"column":null}},"36":{"start":{"line":55,"column":4},"end":{"line":55,"column":null}},"37":{"start":{"line":60,"column":2},"end":{"line":60,"column":null}},"38":{"start":{"line":60,"column":25},"end":{"line":60,"column":null}},"39":{"start":{"line":61,"column":2},"end":{"line":61,"column":null}},"40":{"start":{"line":63,"column":15},"end":{"line":63,"column":47}},"41":{"start":{"line":66,"column":19},"end":{"line":66,"column":65}},"42":{"start":{"line":67,"column":2},"end":{"line":67,"column":null}},"43":{"start":{"line":68,"column":2},"end":{"line":68,"column":null}},"44":{"start":{"line":69,"column":2},"end":{"line":69,"column":null}},"45":{"start":{"line":70,"column":2},"end":{"line":70,"column":null}},"46":{"start":{"line":71,"column":2},"end":{"line":71,"column":null}},"47":{"start":{"line":73,"column":19},"end":{"line":76,"column":3}},"48":{"start":{"line":75,"column":52},"end":{"line":75,"column":59}},"49":{"start":{"line":77,"column":16},"end":{"line":77,"column":79}},"50":{"start":{"line":77,"column":64},"end":{"line":77,"column":68}},"51":{"start":{"line":81,"column":2},"end":{"line":86,"column":null}},"52":{"start":{"line":83,"column":6},"end":{"line":84,"column":42}},"53":{"start":{"line":85,"column":4},"end":{"line":85,"column":null}},"54":{"start":{"line":85,"column":19},"end":{"line":85,"column":null}},"55":{"start":{"line":88,"column":18},"end":{"line":88,"column":32}},"56":{"start":{"line":89,"column":17},"end":{"line":89,"column":19}},"57":{"start":{"line":90,"column":26},"end":{"line":90,"column":43}},"58":{"start":{"line":91,"column":16},"end":{"line":91,"column":42}},"59":{"start":{"line":93,"column":2},"end":{"line":105,"column":null}},"60":{"start":{"line":99,"column":22},"end":{"line":99,"column":54}},"61":{"start":{"line":100,"column":22},"end":{"line":100,"column":71}},"62":{"start":{"line":101,"column":4},"end":{"line":101,"column":null}},"63":{"start":{"line":102,"column":4},"end":{"line":102,"column":null}},"64":{"start":{"line":103,"column":4},"end":{"line":103,"column":null}},"65":{"start":{"line":104,"column":4},"end":{"line":104,"column":null}},"66":{"start":{"line":108,"column":2},"end":{"line":129,"column":null}},"67":{"start":{"line":109,"column":15},"end":{"line":109,"column":29}},"68":{"start":{"line":110,"column":4},"end":{"line":128,"column":null}},"69":{"start":{"line":111,"column":16},"end":{"line":111,"column":35}},"70":{"start":{"line":112,"column":6},"end":{"line":112,"column":null}},"71":{"start":{"line":113,"column":6},"end":{"line":113,"column":null}},"72":{"start":{"line":114,"column":6},"end":{"line":114,"column":null}},"73":{"start":{"line":115,"column":6},"end":{"line":115,"column":null}},"74":{"start":{"line":116,"column":6},"end":{"line":116,"column":null}},"75":{"start":{"line":117,"column":6},"end":{"line":117,"column":null}},"76":{"start":{"line":118,"column":6},"end":{"line":118,"column":null}},"77":{"start":{"line":119,"column":6},"end":{"line":119,"column":null}},"78":{"start":{"line":120,"column":6},"end":{"line":120,"column":null}},"79":{"start":{"line":121,"column":6},"end":{"line":121,"column":null}},"80":{"start":{"line":122,"column":6},"end":{"line":126,"column":null}},"81":{"start":{"line":127,"column":6},"end":{"line":127,"column":null}},"82":{"start":{"line":132,"column":2},"end":{"line":162,"column":null}},"83":{"start":{"line":136,"column":4},"end":{"line":136,"column":null}},"84":{"start":{"line":138,"column":6},"end":{"line":138,"column":68}},"85":{"start":{"line":139,"column":21},"end":{"line":139,"column":65}},"86":{"start":{"line":140,"column":4},"end":{"line":140,"column":null}},"87":{"start":{"line":141,"column":4},"end":{"line":141,"column":null}},"88":{"start":{"line":142,"column":21},"end":{"line":142,"column":23}},"89":{"start":{"line":143,"column":21},"end":{"line":143,"column":22}},"90":{"start":{"line":144,"column":17},"end":{"line":144,"column":39}},"91":{"start":{"line":145,"column":20},"end":{"line":145,"column":41}},"92":{"start":{"line":146,"column":18},"end":{"line":146,"column":31}},"93":{"start":{"line":147,"column":17},"end":{"line":147,"column":30}},"94":{"start":{"line":148,"column":17},"end":{"line":148,"column":29}},"95":{"start":{"line":149,"column":17},"end":{"line":149,"column":37}},"96":{"start":{"line":150,"column":17},"end":{"line":150,"column":40}},"97":{"start":{"line":151,"column":4},"end":{"line":159,"column":null}},"98":{"start":{"line":152,"column":6},"end":{"line":152,"column":null}},"99":{"start":{"line":153,"column":6},"end":{"line":153,"column":null}},"100":{"start":{"line":154,"column":6},"end":{"line":154,"column":null}},"101":{"start":{"line":156,"column":6},"end":{"line":156,"column":null}},"102":{"start":{"line":157,"column":6},"end":{"line":157,"column":null}},"103":{"start":{"line":158,"column":6},"end":{"line":158,"column":null}},"104":{"start":{"line":160,"column":4},"end":{"line":160,"column":null}},"105":{"start":{"line":161,"column":4},"end":{"line":161,"column":null}},"106":{"start":{"line":165,"column":2},"end":{"line":165,"column":null}},"107":{"start":{"line":166,"column":2},"end":{"line":166,"column":null}},"108":{"start":{"line":167,"column":2},"end":{"line":167,"column":null}},"109":{"start":{"line":168,"column":2},"end":{"line":168,"column":null}},"110":{"start":{"line":170,"column":17},"end":{"line":170,"column":72}},"111":{"start":{"line":172,"column":2},"end":{"line":259,"column":null}},"112":{"start":{"line":176,"column":8},"end":{"line":176,"column":null}},"113":{"start":{"line":179,"column":18},"end":{"line":179,"column":46}},"114":{"start":{"line":180,"column":25},"end":{"line":180,"column":58}},"115":{"start":{"line":181,"column":23},"end":{"line":181,"column":52}},"116":{"start":{"line":183,"column":6},"end":{"line":222,"column":null}},"117":{"start":{"line":184,"column":22},"end":{"line":184,"column":46}},"118":{"start":{"line":185,"column":21},"end":{"line":185,"column":31}},"119":{"start":{"line":186,"column":24},"end":{"line":186,"column":32}},"120":{"start":{"line":188,"column":8},"end":{"line":188,"column":null}},"121":{"start":{"line":189,"column":8},"end":{"line":189,"column":null}},"122":{"start":{"line":190,"column":8},"end":{"line":190,"column":null}},"123":{"start":{"line":191,"column":8},"end":{"line":191,"column":null}},"124":{"start":{"line":193,"column":26},"end":{"line":193,"column":27}},"125":{"start":{"line":194,"column":27},"end":{"line":194,"column":28}},"126":{"start":{"line":196,"column":25},"end":{"line":196,"column":44}},"127":{"start":{"line":197,"column":8},"end":{"line":197,"column":null}},"128":{"start":{"line":198,"column":22},"end":{"line":198,"column":62}},"129":{"start":{"line":199,"column":8},"end":{"line":203,"column":null}},"130":{"start":{"line":199,"column":21},"end":{"line":199,"column":22}},"131":{"start":{"line":200,"column":24},"end":{"line":200,"column":64}},"132":{"start":{"line":201,"column":25},"end":{"line":201,"column":55}},"133":{"start":{"line":202,"column":10},"end":{"line":202,"column":null}},"134":{"start":{"line":205,"column":26},"end":{"line":205,"column":45}},"135":{"start":{"line":206,"column":8},"end":{"line":206,"column":null}},"136":{"start":{"line":208,"column":8},"end":{"line":212,"column":null}},"137":{"start":{"line":208,"column":21},"end":{"line":208,"column":26}},"138":{"start":{"line":209,"column":24},"end":{"line":209,"column":64}},"139":{"start":{"line":210,"column":25},"end":{"line":210,"column":55}},"140":{"start":{"line":211,"column":10},"end":{"line":211,"column":null}},"141":{"start":{"line":214,"column":8},"end":{"line":214,"column":null}},"142":{"start":{"line":215,"column":8},"end":{"line":215,"column":null}},"143":{"start":{"line":216,"column":8},"end":{"line":216,"column":null}},"144":{"start":{"line":218,"column":8},"end":{"line":218,"column":null}},"145":{"start":{"line":219,"column":8},"end":{"line":219,"column":null}},"146":{"start":{"line":220,"column":8},"end":{"line":220,"column":null}},"147":{"start":{"line":221,"column":8},"end":{"line":221,"column":null}},"148":{"start":{"line":224,"column":20},"end":{"line":224,"column":44}},"149":{"start":{"line":226,"column":6},"end":{"line":226,"column":null}},"150":{"start":{"line":227,"column":6},"end":{"line":232,"column":null}},"151":{"start":{"line":234,"column":25},"end":{"line":234,"column":49}},"152":{"start":{"line":235,"column":6},"end":{"line":235,"column":null}},"153":{"start":{"line":236,"column":6},"end":{"line":241,"column":null}},"154":{"start":{"line":243,"column":6},"end":{"line":243,"column":null}},"155":{"start":{"line":244,"column":6},"end":{"line":244,"column":null}},"156":{"start":{"line":245,"column":6},"end":{"line":245,"column":null}},"157":{"start":{"line":246,"column":6},"end":{"line":246,"column":null}},"158":{"start":{"line":247,"column":6},"end":{"line":247,"column":null}},"159":{"start":{"line":248,"column":6},"end":{"line":248,"column":null}},"160":{"start":{"line":249,"column":6},"end":{"line":249,"column":null}},"161":{"start":{"line":250,"column":6},"end":{"line":250,"column":null}},"162":{"start":{"line":252,"column":6},"end":{"line":252,"column":null}},"163":{"start":{"line":253,"column":6},"end":{"line":253,"column":null}},"164":{"start":{"line":254,"column":6},"end":{"line":258,"column":null}},"165":{"start":{"line":262,"column":2},"end":{"line":329,"column":null}},"166":{"start":{"line":263,"column":22},"end":{"line":268,"column":5}},"167":{"start":{"line":269,"column":21},"end":{"line":269,"column":54}},"168":{"start":{"line":271,"column":26},"end":{"line":271,"column":27}},"169":{"start":{"line":272,"column":4},"end":{"line":328,"column":null}},"170":{"start":{"line":273,"column":23},"end":{"line":273,"column":43}},"171":{"start":{"line":274,"column":6},"end":{"line":274,"column":null}},"172":{"start":{"line":274,"column":21},"end":{"line":274,"column":null}},"173":{"start":{"line":276,"column":25},"end":{"line":276,"column":57}},"174":{"start":{"line":277,"column":23},"end":{"line":277,"column":71}},"175":{"start":{"line":278,"column":6},"end":{"line":278,"column":null}},"176":{"start":{"line":280,"column":19},"end":{"line":280,"column":30}},"177":{"start":{"line":281,"column":19},"end":{"line":281,"column":30}},"178":{"start":{"line":283,"column":20},"end":{"line":283,"column":39}},"179":{"start":{"line":284,"column":25},"end":{"line":284,"column":44}},"180":{"start":{"line":287,"column":6},"end":{"line":287,"column":null}},"181":{"start":{"line":288,"column":6},"end":{"line":293,"column":null}},"182":{"start":{"line":296,"column":6},"end":{"line":296,"column":null}},"183":{"start":{"line":297,"column":6},"end":{"line":302,"column":null}},"184":{"start":{"line":305,"column":6},"end":{"line":305,"column":null}},"185":{"start":{"line":306,"column":6},"end":{"line":306,"column":null}},"186":{"start":{"line":307,"column":6},"end":{"line":307,"column":null}},"187":{"start":{"line":308,"column":6},"end":{"line":308,"column":null}},"188":{"start":{"line":309,"column":6},"end":{"line":309,"column":null}},"189":{"start":{"line":310,"column":6},"end":{"line":310,"column":null}},"190":{"start":{"line":311,"column":6},"end":{"line":311,"column":null}},"191":{"start":{"line":312,"column":6},"end":{"line":312,"column":null}},"192":{"start":{"line":315,"column":6},"end":{"line":315,"column":null}},"193":{"start":{"line":316,"column":6},"end":{"line":316,"column":null}},"194":{"start":{"line":317,"column":6},"end":{"line":317,"column":null}},"195":{"start":{"line":318,"column":6},"end":{"line":322,"column":null}},"196":{"start":{"line":323,"column":6},"end":{"line":327,"column":null}},"197":{"start":{"line":332,"column":2},"end":{"line":395,"column":null}},"198":{"start":{"line":333,"column":26},"end":{"line":336,"column":5}},"199":{"start":{"line":337,"column":25},"end":{"line":337,"column":47}},"200":{"start":{"line":339,"column":4},"end":{"line":394,"column":null}},"201":{"start":{"line":340,"column":23},"end":{"line":340,"column":49}},"202":{"start":{"line":341,"column":6},"end":{"line":341,"column":null}},"203":{"start":{"line":341,"column":21},"end":{"line":341,"column":null}},"204":{"start":{"line":343,"column":25},"end":{"line":343,"column":59}},"205":{"start":{"line":344,"column":23},"end":{"line":344,"column":51}},"206":{"start":{"line":346,"column":23},"end":{"line":346,"column":34}},"207":{"start":{"line":347,"column":23},"end":{"line":347,"column":34}},"208":{"start":{"line":349,"column":20},"end":{"line":349,"column":43}},"209":{"start":{"line":350,"column":25},"end":{"line":350,"column":48}},"210":{"start":{"line":353,"column":6},"end":{"line":353,"column":null}},"211":{"start":{"line":354,"column":6},"end":{"line":359,"column":null}},"212":{"start":{"line":362,"column":6},"end":{"line":362,"column":null}},"213":{"start":{"line":363,"column":6},"end":{"line":368,"column":null}},"214":{"start":{"line":371,"column":6},"end":{"line":371,"column":null}},"215":{"start":{"line":372,"column":6},"end":{"line":372,"column":null}},"216":{"start":{"line":373,"column":6},"end":{"line":373,"column":null}},"217":{"start":{"line":374,"column":6},"end":{"line":374,"column":null}},"218":{"start":{"line":375,"column":6},"end":{"line":375,"column":null}},"219":{"start":{"line":376,"column":6},"end":{"line":376,"column":null}},"220":{"start":{"line":377,"column":6},"end":{"line":377,"column":null}},"221":{"start":{"line":378,"column":6},"end":{"line":378,"column":null}},"222":{"start":{"line":381,"column":6},"end":{"line":381,"column":null}},"223":{"start":{"line":382,"column":6},"end":{"line":382,"column":null}},"224":{"start":{"line":383,"column":6},"end":{"line":383,"column":null}},"225":{"start":{"line":384,"column":6},"end":{"line":388,"column":null}},"226":{"start":{"line":389,"column":6},"end":{"line":393,"column":null}}},"fnMap":{"0":{"name":"initDraw","decl":{"start":{"line":6,"column":16},"end":{"line":6,"column":24}},"loc":{"start":{"line":6,"column":33},"end":{"line":18,"column":null}},"line":6},"1":{"name":"disposeDraw","decl":{"start":{"line":20,"column":16},"end":{"line":20,"column":27}},"loc":{"start":{"line":20,"column":30},"end":{"line":24,"column":null}},"line":20},"2":{"name":"resizeCanvasForDPR","decl":{"start":{"line":26,"column":16},"end":{"line":26,"column":34}},"loc":{"start":{"line":26,"column":37},"end":{"line":37,"column":null}},"line":26},"3":{"name":"(anonymous_3)","decl":{"start":{"line":39,"column":25},"end":{"line":39,"column":26}},"loc":{"start":{"line":39,"column":31},"end":{"line":45,"column":1}},"line":39},"4":{"name":"(anonymous_4)","decl":{"start":{"line":41,"column":9},"end":{"line":41,"column":10}},"loc":{"start":{"line":41,"column":15},"end":{"line":44,"column":3}},"line":41},"5":{"name":"(anonymous_5)","decl":{"start":{"line":43,"column":19},"end":{"line":43,"column":20}},"loc":{"start":{"line":43,"column":25},"end":{"line":43,"column":45}},"line":43},"6":{"name":"scheduleDraw","decl":{"start":{"line":47,"column":16},"end":{"line":47,"column":28}},"loc":{"start":{"line":47,"column":49},"end":{"line":57,"column":null}},"line":47},"7":{"name":"(anonymous_7)","decl":{"start":{"line":51,"column":24},"end":{"line":51,"column":25}},"loc":{"start":{"line":51,"column":30},"end":{"line":56,"column":3}},"line":51},"8":{"name":"drawSchematic","decl":{"start":{"line":59,"column":16},"end":{"line":59,"column":29}},"loc":{"start":{"line":59,"column":50},"end":{"line":396,"column":null}},"line":59},"9":{"name":"(anonymous_9)","decl":{"start":{"line":75,"column":45},"end":{"line":75,"column":46}},"loc":{"start":{"line":75,"column":52},"end":{"line":75,"column":59}},"line":75},"10":{"name":"(anonymous_10)","decl":{"start":{"line":77,"column":57},"end":{"line":77,"column":58}},"loc":{"start":{"line":77,"column":64},"end":{"line":77,"column":68}},"line":77},"11":{"name":"(anonymous_11)","decl":{"start":{"line":175,"column":6},"end":{"line":175,"column":7}},"loc":{"start":{"line":176,"column":8},"end":{"line":176,"column":null}},"line":176},"12":{"name":"(anonymous_12)","decl":{"start":{"line":178,"column":13},"end":{"line":178,"column":14}},"loc":{"start":{"line":178,"column":25},"end":{"line":259,"column":5}},"line":178},"13":{"name":"(anonymous_13)","decl":{"start":{"line":272,"column":35},"end":{"line":272,"column":36}},"loc":{"start":{"line":272,"column":50},"end":{"line":328,"column":5}},"line":272},"14":{"name":"(anonymous_14)","decl":{"start":{"line":339,"column":32},"end":{"line":339,"column":33}},"loc":{"start":{"line":339,"column":49},"end":{"line":394,"column":5}},"line":339}},"branchMap":{"0":{"loc":{"start":{"line":8,"column":4},"end":{"line":8,"column":72}},"type":"cond-expr","locations":[{"start":{"line":8,"column":32},"end":{"line":8,"column":38}},{"start":{"line":8,"column":41},"end":{"line":8,"column":72}}],"line":8},"1":{"loc":{"start":{"line":8,"column":4},"end":{"line":8,"column":29}},"type":"binary-expr","locations":[{"start":{"line":8,"column":4},"end":{"line":8,"column":10}},{"start":{"line":8,"column":14},"end":{"line":8,"column":29}}],"line":8},"2":{"loc":{"start":{"line":10,"column":10},"end":{"line":10,"column":76}},"type":"cond-expr","locations":[{"start":{"line":10,"column":44},"end":{"line":10,"column":69}},{"start":{"line":10,"column":72},"end":{"line":10,"column":76}}],"line":10},"3":{"loc":{"start":{"line":10,"column":10},"end":{"line":10,"column":41}},"type":"binary-expr","locations":[{"start":{"line":10,"column":10},"end":{"line":10,"column":18}},{"start":{"line":10,"column":22},"end":{"line":10,"column":41}}],"line":10},"4":{"loc":{"start":{"line":27,"column":2},"end":{"line":27,"column":null}},"type":"if","locations":[{"start":{"line":27,"column":2},"end":{"line":27,"column":null}},{"start":{},"end":{}}],"line":27},"5":{"loc":{"start":{"line":27,"column":6},"end":{"line":27,"column":23}},"type":"binary-expr","locations":[{"start":{"line":27,"column":6},"end":{"line":27,"column":15}},{"start":{"line":27,"column":19},"end":{"line":27,"column":23}}],"line":27},"6":{"loc":{"start":{"line":29,"column":14},"end":{"line":29,"column":42}},"type":"binary-expr","locations":[{"start":{"line":29,"column":14},"end":{"line":29,"column":37}},{"start":{"line":29,"column":41},"end":{"line":29,"column":42}}],"line":29},"7":{"loc":{"start":{"line":32,"column":2},"end":{"line":36,"column":null}},"type":"if","locations":[{"start":{"line":32,"column":2},"end":{"line":36,"column":null}},{"start":{},"end":{}}],"line":32},"8":{"loc":{"start":{"line":32,"column":6},"end":{"line":32,"column":51}},"type":"binary-expr","locations":[{"start":{"line":32,"column":6},"end":{"line":32,"column":26}},{"start":{"line":32,"column":30},"end":{"line":32,"column":51}}],"line":32},"9":{"loc":{"start":{"line":47,"column":38},"end":{"line":47,"column":47}},"type":"default-arg","locations":[{"start":{"line":47,"column":45},"end":{"line":47,"column":47}}],"line":47},"10":{"loc":{"start":{"line":49,"column":2},"end":{"line":49,"column":null}},"type":"if","locations":[{"start":{"line":49,"column":2},"end":{"line":49,"column":null}},{"start":{},"end":{}}],"line":49},"11":{"loc":{"start":{"line":53,"column":17},"end":{"line":53,"column":58}},"type":"binary-expr","locations":[{"start":{"line":53,"column":17},"end":{"line":53,"column":29}},{"start":{"line":53,"column":33},"end":{"line":53,"column":58}}],"line":53},"12":{"loc":{"start":{"line":59,"column":39},"end":{"line":59,"column":48}},"type":"default-arg","locations":[{"start":{"line":59,"column":46},"end":{"line":59,"column":48}}],"line":59},"13":{"loc":{"start":{"line":60,"column":2},"end":{"line":60,"column":null}},"type":"if","locations":[{"start":{"line":60,"column":2},"end":{"line":60,"column":null}},{"start":{},"end":{}}],"line":60},"14":{"loc":{"start":{"line":60,"column":6},"end":{"line":60,"column":23}},"type":"binary-expr","locations":[{"start":{"line":60,"column":6},"end":{"line":60,"column":10}},{"start":{"line":60,"column":14},"end":{"line":60,"column":23}}],"line":60},"15":{"loc":{"start":{"line":74,"column":4},"end":{"line":74,"column":57}},"type":"cond-expr","locations":[{"start":{"line":74,"column":38},"end":{"line":74,"column":53}},{"start":{"line":74,"column":56},"end":{"line":74,"column":57}}],"line":74},"16":{"loc":{"start":{"line":74,"column":4},"end":{"line":74,"column":35}},"type":"binary-expr","locations":[{"start":{"line":74,"column":4},"end":{"line":74,"column":8}},{"start":{"line":74,"column":12},"end":{"line":74,"column":35}}],"line":74},"17":{"loc":{"start":{"line":75,"column":4},"end":{"line":75,"column":null}},"type":"cond-expr","locations":[{"start":{"line":75,"column":21},"end":{"line":75,"column":61}},{"start":{"line":75,"column":64},"end":{"line":75,"column":null}}],"line":75},"18":{"loc":{"start":{"line":77,"column":16},"end":{"line":77,"column":79}},"type":"cond-expr","locations":[{"start":{"line":77,"column":33},"end":{"line":77,"column":70}},{"start":{"line":77,"column":73},"end":{"line":77,"column":79}}],"line":77},"19":{"loc":{"start":{"line":81,"column":2},"end":{"line":86,"column":null}},"type":"if","locations":[{"start":{"line":81,"column":2},"end":{"line":86,"column":null}},{"start":{},"end":{}}],"line":81},"20":{"loc":{"start":{"line":83,"column":6},"end":{"line":84,"column":42}},"type":"binary-expr","locations":[{"start":{"line":83,"column":6},"end":{"line":83,"column":48}},{"start":{"line":84,"column":6},"end":{"line":84,"column":42}}],"line":83},"21":{"loc":{"start":{"line":85,"column":4},"end":{"line":85,"column":null}},"type":"if","locations":[{"start":{"line":85,"column":4},"end":{"line":85,"column":null}},{"start":{},"end":{}}],"line":85},"22":{"loc":{"start":{"line":93,"column":2},"end":{"line":105,"column":null}},"type":"if","locations":[{"start":{"line":93,"column":2},"end":{"line":105,"column":null}},{"start":{},"end":{}}],"line":93},"23":{"loc":{"start":{"line":94,"column":4},"end":{"line":97,"column":null}},"type":"binary-expr","locations":[{"start":{"line":94,"column":4},"end":{"line":94,"column":8}},{"start":{"line":95,"column":4},"end":{"line":95,"column":18}},{"start":{"line":96,"column":4},"end":{"line":96,"column":27}},{"start":{"line":97,"column":4},"end":{"line":97,"column":null}}],"line":94},"24":{"loc":{"start":{"line":108,"column":2},"end":{"line":129,"column":null}},"type":"if","locations":[{"start":{"line":108,"column":2},"end":{"line":129,"column":null}},{"start":{},"end":{}}],"line":108},"25":{"loc":{"start":{"line":108,"column":6},"end":{"line":108,"column":77}},"type":"binary-expr","locations":[{"start":{"line":108,"column":6},"end":{"line":108,"column":10}},{"start":{"line":108,"column":14},"end":{"line":108,"column":51}},{"start":{"line":108,"column":55},"end":{"line":108,"column":77}}],"line":108},"26":{"loc":{"start":{"line":110,"column":4},"end":{"line":128,"column":null}},"type":"if","locations":[{"start":{"line":110,"column":4},"end":{"line":128,"column":null}},{"start":{},"end":{}}],"line":110},"27":{"loc":{"start":{"line":110,"column":8},"end":{"line":110,"column":33}},"type":"binary-expr","locations":[{"start":{"line":110,"column":8},"end":{"line":110,"column":15}},{"start":{"line":110,"column":19},"end":{"line":110,"column":33}}],"line":110},"28":{"loc":{"start":{"line":132,"column":2},"end":{"line":162,"column":null}},"type":"if","locations":[{"start":{"line":132,"column":2},"end":{"line":162,"column":null}},{"start":{},"end":{}}],"line":132},"29":{"loc":{"start":{"line":133,"column":4},"end":{"line":134,"column":null}},"type":"binary-expr","locations":[{"start":{"line":133,"column":4},"end":{"line":133,"column":46}},{"start":{"line":134,"column":4},"end":{"line":134,"column":null}}],"line":133},"30":{"loc":{"start":{"line":151,"column":4},"end":{"line":159,"column":null}},"type":"if","locations":[{"start":{"line":151,"column":4},"end":{"line":159,"column":null}},{"start":{"line":155,"column":11},"end":{"line":159,"column":null}}],"line":151},"31":{"loc":{"start":{"line":176,"column":8},"end":{"line":176,"column":null}},"type":"binary-expr","locations":[{"start":{"line":176,"column":8},"end":{"line":176,"column":31}},{"start":{"line":176,"column":35},"end":{"line":176,"column":60}},{"start":{"line":176,"column":64},"end":{"line":176,"column":null}}],"line":176},"32":{"loc":{"start":{"line":183,"column":6},"end":{"line":222,"column":null}},"type":"if","locations":[{"start":{"line":183,"column":6},"end":{"line":222,"column":null}},{"start":{},"end":{}}],"line":183},"33":{"loc":{"start":{"line":201,"column":25},"end":{"line":201,"column":55}},"type":"cond-expr","locations":[{"start":{"line":201,"column":33},"end":{"line":201,"column":43}},{"start":{"line":201,"column":46},"end":{"line":201,"column":55}}],"line":201},"34":{"loc":{"start":{"line":210,"column":25},"end":{"line":210,"column":55}},"type":"cond-expr","locations":[{"start":{"line":210,"column":33},"end":{"line":210,"column":42}},{"start":{"line":210,"column":45},"end":{"line":210,"column":55}}],"line":210},"35":{"loc":{"start":{"line":262,"column":2},"end":{"line":329,"column":null}},"type":"if","locations":[{"start":{"line":262,"column":2},"end":{"line":329,"column":null}},{"start":{},"end":{}}],"line":262},"36":{"loc":{"start":{"line":262,"column":6},"end":{"line":262,"column":65}},"type":"binary-expr","locations":[{"start":{"line":262,"column":6},"end":{"line":262,"column":28}},{"start":{"line":262,"column":32},"end":{"line":262,"column":65}}],"line":262},"37":{"loc":{"start":{"line":274,"column":6},"end":{"line":274,"column":null}},"type":"if","locations":[{"start":{"line":274,"column":6},"end":{"line":274,"column":null}},{"start":{},"end":{}}],"line":274},"38":{"loc":{"start":{"line":332,"column":2},"end":{"line":395,"column":null}},"type":"if","locations":[{"start":{"line":332,"column":2},"end":{"line":395,"column":null}},{"start":{},"end":{}}],"line":332},"39":{"loc":{"start":{"line":332,"column":6},"end":{"line":332,"column":59}},"type":"binary-expr","locations":[{"start":{"line":332,"column":6},"end":{"line":332,"column":25}},{"start":{"line":332,"column":29},"end":{"line":332,"column":59}}],"line":332},"40":{"loc":{"start":{"line":341,"column":6},"end":{"line":341,"column":null}},"type":"if","locations":[{"start":{"line":341,"column":6},"end":{"line":341,"column":null}},{"start":{},"end":{}}],"line":341},"41":{"loc":{"start":{"line":343,"column":26},"end":{"line":343,"column":41}},"type":"binary-expr","locations":[{"start":{"line":343,"column":26},"end":{"line":343,"column":36}},{"start":{"line":343,"column":40},"end":{"line":343,"column":41}}],"line":343}},"s":{"0":5,"1":5,"2":5,"3":5,"4":7,"5":7,"6":7,"7":0,"8":7,"9":7,"10":0,"11":0,"12":0,"13":8,"14":3,"15":5,"16":5,"17":8,"18":8,"19":8,"20":4,"21":4,"22":4,"23":5,"24":5,"25":0,"26":0,"27":0,"28":13,"29":13,"30":8,"31":5,"32":5,"33":4,"34":4,"35":4,"36":4,"37":7,"38":4,"39":3,"40":3,"41":3,"42":3,"43":3,"44":3,"45":3,"46":3,"47":3,"48":0,"49":7,"50":0,"51":7,"52":3,"53":3,"54":2,"55":1,"56":1,"57":1,"58":1,"59":1,"60":0,"61":0,"62":0,"63":0,"64":0,"65":0,"66":1,"67":0,"68":0,"69":0,"70":0,"71":0,"72":0,"73":0,"74":0,"75":0,"76":0,"77":0,"78":0,"79":0,"80":0,"81":0,"82":1,"83":1,"84":1,"85":1,"86":1,"87":1,"88":1,"89":1,"90":1,"91":1,"92":1,"93":1,"94":1,"95":1,"96":1,"97":1,"98":0,"99":0,"100":0,"101":1,"102":1,"103":1,"104":1,"105":1,"106":1,"107":1,"108":1,"109":1,"110":1,"111":1,"112":0,"113":0,"114":0,"115":0,"116":0,"117":0,"118":0,"119":0,"120":0,"121":0,"122":0,"123":0,"124":0,"125":0,"126":0,"127":0,"128":0,"129":0,"130":0,"131":0,"132":0,"133":0,"134":0,"135":0,"136":0,"137":0,"138":0,"139":0,"140":0,"141":0,"142":0,"143":0,"144":0,"145":0,"146":0,"147":0,"148":0,"149":0,"150":0,"151":0,"152":0,"153":0,"154":0,"155":0,"156":0,"157":0,"158":0,"159":0,"160":0,"161":0,"162":0,"163":0,"164":0,"165":1,"166":0,"167":0,"168":0,"169":0,"170":0,"171":0,"172":0,"173":0,"174":0,"175":0,"176":0,"177":0,"178":0,"179":0,"180":0,"181":0,"182":0,"183":0,"184":0,"185":0,"186":0,"187":0,"188":0,"189":0,"190":0,"191":0,"192":0,"193":0,"194":0,"195":0,"196":0,"197":1,"198":0,"199":0,"200":0,"201":0,"202":0,"203":0,"204":0,"205":0,"206":0,"207":0,"208":0,"209":0,"210":0,"211":0,"212":0,"213":0,"214":0,"215":0,"216":0,"217":0,"218":0,"219":0,"220":0,"221":0,"222":0,"223":0,"224":0,"225":0,"226":0},"f":{"0":7,"1":0,"2":8,"3":5,"4":0,"5":0,"6":13,"7":4,"8":7,"9":0,"10":0,"11":0,"12":0,"13":0,"14":0},"b":{"0":[4,3],"1":[7,4],"2":[4,3],"3":[7,4],"4":[3,5],"5":[8,5],"6":[5,0],"7":[4,4],"8":[8,1],"9":[13],"10":[8,5],"11":[4,0],"12":[7],"13":[4,3],"14":[7,3],"15":[0,3],"16":[3,3],"17":[0,3],"18":[0,3],"19":[3,4],"20":[3,1],"21":[2,1],"22":[0,1],"23":[1,1,0,0],"24":[0,1],"25":[1,1,0],"26":[0,0],"27":[0,0],"28":[1,0],"29":[1,1],"30":[0,1],"31":[0,0,0],"32":[0,0],"33":[0,0],"34":[0,0],"35":[0,1],"36":[1,0],"37":[0,0],"38":[0,1],"39":[1,0],"40":[0,0],"41":[0,0]},"meta":{"lastBranch":42,"lastFunction":15,"lastStatement":227,"seen":{"s:1:15:1:19":0,"s:2:10:2:14":1,"s:3:20:3:25":2,"s:4:19:4:23":3,"f:6:16:6:24":0,"s:7:2:8:Infinity":4,"b:8:32:8:38:8:41:8:72":0,"b:8:4:8:10:8:14:8:29":1,"s:9:2:13:Infinity":5,"s:10:4:10:Infinity":6,"b:10:44:10:69:10:72:10:76":2,"b:10:10:10:18:10:22:10:41":3,"s:12:4:12:Infinity":7,"s:15:2:15:Infinity":8,"s:17:2:17:Infinity":9,"f:20:16:20:27":1,"s:21:2:21:Infinity":10,"s:22:2:22:Infinity":11,"s:23:2:23:Infinity":12,"f:26:16:26:34":2,"b:27:2:27:Infinity:undefined:undefined:undefined:undefined":4,"s:27:2:27:Infinity":13,"b:27:6:27:15:27:19:27:23":5,"s:27:25:27:Infinity":14,"s:28:15:28:47":15,"s:29:14:29:42":16,"b:29:14:29:37:29:41:29:42":6,"s:30:12:30:40":17,"s:31:12:31:41":18,"b:32:2:36:Infinity:undefined:undefined:undefined:undefined":7,"s:32:2:36:Infinity":19,"b:32:6:32:26:32:30:32:51":8,"s:33:4:33:Infinity":20,"s:34:4:34:Infinity":21,"s:35:4:35:Infinity":22,"s:39:24:45:4":23,"f:39:25:39:26":3,"s:41:2:44:Infinity":24,"f:41:9:41:10":4,"s:42:4:42:Infinity":25,"s:43:4:43:Infinity":26,"f:43:19:43:20":5,"s:43:25:43:45":27,"f:47:16:47:28":6,"b:47:45:47:47":9,"s:48:2:48:Infinity":28,"b:49:2:49:Infinity:undefined:undefined:undefined:undefined":10,"s:49:2:49:Infinity":29,"s:49:21:49:Infinity":30,"s:50:2:50:Infinity":31,"s:51:2:56:Infinity":32,"f:51:24:51:25":7,"s:52:4:52:Infinity":33,"s:53:17:53:58":34,"b:53:17:53:29:53:33:53:58":11,"s:54:4:54:Infinity":35,"s:55:4:55:Infinity":36,"f:59:16:59:29":8,"b:59:46:59:48":12,"b:60:2:60:Infinity:undefined:undefined:undefined:undefined":13,"s:60:2:60:Infinity":37,"b:60:6:60:10:60:14:60:23":14,"s:60:25:60:Infinity":38,"s:61:2:61:Infinity":39,"s:63:15:63:47":40,"s:66:19:66:65":41,"s:67:2:67:Infinity":42,"s:68:2:68:Infinity":43,"s:69:2:69:Infinity":44,"s:70:2:70:Infinity":45,"s:71:2:71:Infinity":46,"s:73:19:76:3":47,"b:74:38:74:53:74:56:74:57":15,"b:74:4:74:8:74:12:74:35":16,"b:75:21:75:61:75:64:75:Infinity":17,"f:75:45:75:46":9,"s:75:52:75:59":48,"s:77:16:77:79":49,"b:77:33:77:70:77:73:77:79":18,"f:77:57:77:58":10,"s:77:64:77:68":50,"b:81:2:86:Infinity:undefined:undefined:undefined:undefined":19,"s:81:2:86:Infinity":51,"s:83:6:84:42":52,"b:83:6:83:48:84:6:84:42":20,"b:85:4:85:Infinity:undefined:undefined:undefined:undefined":21,"s:85:4:85:Infinity":53,"s:85:19:85:Infinity":54,"s:88:18:88:32":55,"s:89:17:89:19":56,"s:90:26:90:43":57,"s:91:16:91:42":58,"b:93:2:105:Infinity:undefined:undefined:undefined:undefined":22,"s:93:2:105:Infinity":59,"b:94:4:94:8:95:4:95:18:96:4:96:27:97:4:97:Infinity":23,"s:99:22:99:54":60,"s:100:22:100:71":61,"s:101:4:101:Infinity":62,"s:102:4:102:Infinity":63,"s:103:4:103:Infinity":64,"s:104:4:104:Infinity":65,"b:108:2:129:Infinity:undefined:undefined:undefined:undefined":24,"s:108:2:129:Infinity":66,"b:108:6:108:10:108:14:108:51:108:55:108:77":25,"s:109:15:109:29":67,"b:110:4:128:Infinity:undefined:undefined:undefined:undefined":26,"s:110:4:128:Infinity":68,"b:110:8:110:15:110:19:110:33":27,"s:111:16:111:35":69,"s:112:6:112:Infinity":70,"s:113:6:113:Infinity":71,"s:114:6:114:Infinity":72,"s:115:6:115:Infinity":73,"s:116:6:116:Infinity":74,"s:117:6:117:Infinity":75,"s:118:6:118:Infinity":76,"s:119:6:119:Infinity":77,"s:120:6:120:Infinity":78,"s:121:6:121:Infinity":79,"s:122:6:126:Infinity":80,"s:127:6:127:Infinity":81,"b:132:2:162:Infinity:undefined:undefined:undefined:undefined":28,"s:132:2:162:Infinity":82,"b:133:4:133:46:134:4:134:Infinity":29,"s:136:4:136:Infinity":83,"s:138:6:138:68":84,"s:139:21:139:65":85,"s:140:4:140:Infinity":86,"s:141:4:141:Infinity":87,"s:142:21:142:23":88,"s:143:21:143:22":89,"s:144:17:144:39":90,"s:145:20:145:41":91,"s:146:18:146:31":92,"s:147:17:147:30":93,"s:148:17:148:29":94,"s:149:17:149:37":95,"s:150:17:150:40":96,"b:151:4:159:Infinity:155:11:159:Infinity":30,"s:151:4:159:Infinity":97,"s:152:6:152:Infinity":98,"s:153:6:153:Infinity":99,"s:154:6:154:Infinity":100,"s:156:6:156:Infinity":101,"s:157:6:157:Infinity":102,"s:158:6:158:Infinity":103,"s:160:4:160:Infinity":104,"s:161:4:161:Infinity":105,"s:165:2:165:Infinity":106,"s:166:2:166:Infinity":107,"s:167:2:167:Infinity":108,"s:168:2:168:Infinity":109,"s:170:17:170:72":110,"s:172:2:259:Infinity":111,"f:175:6:175:7":11,"s:176:8:176:Infinity":112,"b:176:8:176:31:176:35:176:60:176:64:176:Infinity":31,"f:178:13:178:14":12,"s:179:18:179:46":113,"s:180:25:180:58":114,"s:181:23:181:52":115,"b:183:6:222:Infinity:undefined:undefined:undefined:undefined":32,"s:183:6:222:Infinity":116,"s:184:22:184:46":117,"s:185:21:185:31":118,"s:186:24:186:32":119,"s:188:8:188:Infinity":120,"s:189:8:189:Infinity":121,"s:190:8:190:Infinity":122,"s:191:8:191:Infinity":123,"s:193:26:193:27":124,"s:194:27:194:28":125,"s:196:25:196:44":126,"s:197:8:197:Infinity":127,"s:198:22:198:62":128,"s:199:8:203:Infinity":129,"s:199:21:199:22":130,"s:200:24:200:64":131,"s:201:25:201:55":132,"b:201:33:201:43:201:46:201:55":33,"s:202:10:202:Infinity":133,"s:205:26:205:45":134,"s:206:8:206:Infinity":135,"s:208:8:212:Infinity":136,"s:208:21:208:26":137,"s:209:24:209:64":138,"s:210:25:210:55":139,"b:210:33:210:42:210:45:210:55":34,"s:211:10:211:Infinity":140,"s:214:8:214:Infinity":141,"s:215:8:215:Infinity":142,"s:216:8:216:Infinity":143,"s:218:8:218:Infinity":144,"s:219:8:219:Infinity":145,"s:220:8:220:Infinity":146,"s:221:8:221:Infinity":147,"s:224:20:224:44":148,"s:226:6:226:Infinity":149,"s:227:6:232:Infinity":150,"s:234:25:234:49":151,"s:235:6:235:Infinity":152,"s:236:6:241:Infinity":153,"s:243:6:243:Infinity":154,"s:244:6:244:Infinity":155,"s:245:6:245:Infinity":156,"s:246:6:246:Infinity":157,"s:247:6:247:Infinity":158,"s:248:6:248:Infinity":159,"s:249:6:249:Infinity":160,"s:250:6:250:Infinity":161,"s:252:6:252:Infinity":162,"s:253:6:253:Infinity":163,"s:254:6:258:Infinity":164,"b:262:2:329:Infinity:undefined:undefined:undefined:undefined":35,"s:262:2:329:Infinity":165,"b:262:6:262:28:262:32:262:65":36,"s:263:22:268:5":166,"s:269:21:269:54":167,"s:271:26:271:27":168,"s:272:4:328:Infinity":169,"f:272:35:272:36":13,"s:273:23:273:43":170,"b:274:6:274:Infinity:undefined:undefined:undefined:undefined":37,"s:274:6:274:Infinity":171,"s:274:21:274:Infinity":172,"s:276:25:276:57":173,"s:277:23:277:71":174,"s:278:6:278:Infinity":175,"s:280:19:280:30":176,"s:281:19:281:30":177,"s:283:20:283:39":178,"s:284:25:284:44":179,"s:287:6:287:Infinity":180,"s:288:6:293:Infinity":181,"s:296:6:296:Infinity":182,"s:297:6:302:Infinity":183,"s:305:6:305:Infinity":184,"s:306:6:306:Infinity":185,"s:307:6:307:Infinity":186,"s:308:6:308:Infinity":187,"s:309:6:309:Infinity":188,"s:310:6:310:Infinity":189,"s:311:6:311:Infinity":190,"s:312:6:312:Infinity":191,"s:315:6:315:Infinity":192,"s:316:6:316:Infinity":193,"s:317:6:317:Infinity":194,"s:318:6:322:Infinity":195,"s:323:6:327:Infinity":196,"b:332:2:395:Infinity:undefined:undefined:undefined:undefined":38,"s:332:2:395:Infinity":197,"b:332:6:332:25:332:29:332:59":39,"s:333:26:336:5":198,"s:337:25:337:47":199,"s:339:4:394:Infinity":200,"f:339:32:339:33":14,"s:340:23:340:49":201,"b:341:6:341:Infinity:undefined:undefined:undefined:undefined":40,"s:341:6:341:Infinity":202,"s:341:21:341:Infinity":203,"s:343:25:343:59":204,"b:343:26:343:36:343:40:343:41":41,"s:344:23:344:51":205,"s:346:23:346:34":206,"s:347:23:347:34":207,"s:349:20:349:43":208,"s:350:25:350:48":209,"s:353:6:353:Infinity":210,"s:354:6:359:Infinity":211,"s:362:6:362:Infinity":212,"s:363:6:368:Infinity":213,"s:371:6:371:Infinity":214,"s:372:6:372:Infinity":215,"s:373:6:373:Infinity":216,"s:374:6:374:Infinity":217,"s:375:6:375:Infinity":218,"s:376:6:376:Infinity":219,"s:377:6:377:Infinity":220,"s:378:6:378:Infinity":221,"s:381:6:381:Infinity":222,"s:382:6:382:Infinity":223,"s:383:6:383:Infinity":224,"s:384:6:388:Infinity":225,"s:389:6:393:Infinity":226}}}
,"C:\\Koding\\Keino\\Volume calc\\src\\js\\drillpipe.js": {"path":"C:\\Koding\\Keino\\Volume calc\\src\\js\\drillpipe.js","statementMap":{"0":{"start":{"line":7,"column":33},"end":{"line":48,"column":1}},"1":{"start":{"line":55,"column":21},"end":{"line":55,"column":62}},"2":{"start":{"line":56,"column":15},"end":{"line":56,"column":72}},"3":{"start":{"line":58,"column":2},"end":{"line":60,"column":null}},"4":{"start":{"line":59,"column":4},"end":{"line":59,"column":null}},"5":{"start":{"line":63,"column":20},"end":{"line":63,"column":73}},"6":{"start":{"line":64,"column":16},"end":{"line":64,"column":69}},"7":{"start":{"line":66,"column":16},"end":{"line":66,"column":18}},"8":{"start":{"line":67,"column":2},"end":{"line":88,"column":null}},"9":{"start":{"line":67,"column":15},"end":{"line":67,"column":16}},"10":{"start":{"line":68,"column":23},"end":{"line":68,"column":69}},"11":{"start":{"line":69,"column":24},"end":{"line":69,"column":72}},"12":{"start":{"line":71,"column":4},"end":{"line":71,"column":null}},"13":{"start":{"line":71,"column":37},"end":{"line":71,"column":null}},"14":{"start":{"line":73,"column":26},"end":{"line":73,"column":56}},"15":{"start":{"line":74,"column":21},"end":{"line":74,"column":65}},"16":{"start":{"line":75,"column":19},"end":{"line":75,"column":53}},"17":{"start":{"line":76,"column":18},"end":{"line":76,"column":57}},"18":{"start":{"line":77,"column":16},"end":{"line":77,"column":53}},"19":{"start":{"line":78,"column":15},"end":{"line":78,"column":51}},"20":{"start":{"line":80,"column":4},"end":{"line":87,"column":null}},"21":{"start":{"line":90,"column":2},"end":{"line":90,"column":null}},"22":{"start":{"line":99,"column":24},"end":{"line":99,"column":25}},"23":{"start":{"line":100,"column":2},"end":{"line":106,"column":null}},"24":{"start":{"line":101,"column":4},"end":{"line":101,"column":null}},"25":{"start":{"line":102,"column":4},"end":{"line":105,"column":null}},"26":{"start":{"line":118,"column":2},"end":{"line":126,"column":null}},"27":{"start":{"line":119,"column":4},"end":{"line":125,"column":null}},"28":{"start":{"line":129,"column":24},"end":{"line":129,"column":25}},"29":{"start":{"line":130,"column":21},"end":{"line":141,"column":4}},"30":{"start":{"line":131,"column":21},"end":{"line":131,"column":49}},"31":{"start":{"line":132,"column":18},"end":{"line":132,"column":33}},"32":{"start":{"line":133,"column":16},"end":{"line":133,"column":45}},"33":{"start":{"line":134,"column":4},"end":{"line":134,"column":null}},"34":{"start":{"line":135,"column":4},"end":{"line":140,"column":null}},"35":{"start":{"line":145,"column":24},"end":{"line":151,"column":6}},"36":{"start":{"line":146,"column":19},"end":{"line":146,"column":57}},"37":{"start":{"line":148,"column":18},"end":{"line":148,"column":34}},"38":{"start":{"line":149,"column":18},"end":{"line":149,"column":34}},"39":{"start":{"line":150,"column":6},"end":{"line":150,"column":23}},"40":{"start":{"line":153,"column":19},"end":{"line":153,"column":21}},"41":{"start":{"line":154,"column":21},"end":{"line":154,"column":22}},"42":{"start":{"line":155,"column":24},"end":{"line":155,"column":25}},"43":{"start":{"line":156,"column":22},"end":{"line":156,"column":23}},"44":{"start":{"line":160,"column":25},"end":{"line":160,"column":27}},"45":{"start":{"line":163,"column":2},"end":{"line":243,"column":null}},"46":{"start":{"line":164,"column":25},"end":{"line":164,"column":75}},"47":{"start":{"line":165,"column":28},"end":{"line":165,"column":40}},"48":{"start":{"line":167,"column":22},"end":{"line":167,"column":23}},"49":{"start":{"line":168,"column":25},"end":{"line":168,"column":26}},"50":{"start":{"line":169,"column":23},"end":{"line":169,"column":24}},"51":{"start":{"line":172,"column":4},"end":{"line":222,"column":null}},"52":{"start":{"line":173,"column":25},"end":{"line":173,"column":60}},"53":{"start":{"line":174,"column":28},"end":{"line":174,"column":64}},"54":{"start":{"line":175,"column":26},"end":{"line":175,"column":65}},"55":{"start":{"line":177,"column":6},"end":{"line":177,"column":37}},"56":{"start":{"line":177,"column":30},"end":{"line":177,"column":37}},"57":{"start":{"line":181,"column":6},"end":{"line":189,"column":null}},"58":{"start":{"line":182,"column":8},"end":{"line":188,"column":null}},"59":{"start":{"line":184,"column":30},"end":{"line":184,"column":63}},"60":{"start":{"line":185,"column":33},"end":{"line":185,"column":67}},"61":{"start":{"line":186,"column":33},"end":{"line":186,"column":74}},"62":{"start":{"line":187,"column":10},"end":{"line":187,"column":null}},"63":{"start":{"line":191,"column":6},"end":{"line":191,"column":37}},"64":{"start":{"line":191,"column":30},"end":{"line":191,"column":37}},"65":{"start":{"line":195,"column":6},"end":{"line":201,"column":null}},"66":{"start":{"line":196,"column":8},"end":{"line":196,"column":null}},"67":{"start":{"line":198,"column":27},"end":{"line":198,"column":50}},"68":{"start":{"line":199,"column":25},"end":{"line":199,"column":58}},"69":{"start":{"line":200,"column":8},"end":{"line":200,"column":null}},"70":{"start":{"line":203,"column":6},"end":{"line":203,"column":null}},"71":{"start":{"line":204,"column":6},"end":{"line":204,"column":null}},"72":{"start":{"line":207,"column":6},"end":{"line":215,"column":null}},"73":{"start":{"line":208,"column":31},"end":{"line":208,"column":55}},"74":{"start":{"line":209,"column":29},"end":{"line":209,"column":66}},"75":{"start":{"line":210,"column":27},"end":{"line":210,"column":50}},"76":{"start":{"line":211,"column":25},"end":{"line":211,"column":58}},"77":{"start":{"line":212,"column":28},"end":{"line":212,"column":64}},"78":{"start":{"line":213,"column":34},"end":{"line":213,"column":61}},"79":{"start":{"line":214,"column":8},"end":{"line":214,"column":null}},"80":{"start":{"line":218,"column":6},"end":{"line":221,"column":null}},"81":{"start":{"line":225,"column":4},"end":{"line":242,"column":null}},"82":{"start":{"line":226,"column":22},"end":{"line":226,"column":79}},"83":{"start":{"line":228,"column":8},"end":{"line":228,"column":71}},"84":{"start":{"line":230,"column":6},"end":{"line":237,"column":null}},"85":{"start":{"line":239,"column":6},"end":{"line":239,"column":null}},"86":{"start":{"line":240,"column":6},"end":{"line":240,"column":null}},"87":{"start":{"line":241,"column":6},"end":{"line":241,"column":null}},"88":{"start":{"line":245,"column":2},"end":{"line":251,"column":null}},"89":{"start":{"line":259,"column":20},"end":{"line":259,"column":73}},"90":{"start":{"line":260,"column":2},"end":{"line":260,"column":null}},"91":{"start":{"line":260,"column":18},"end":{"line":260,"column":null}},"92":{"start":{"line":263,"column":26},"end":{"line":263,"column":28}},"93":{"start":{"line":264,"column":23},"end":{"line":264,"column":73}},"94":{"start":{"line":265,"column":2},"end":{"line":274,"column":null}},"95":{"start":{"line":266,"column":24},"end":{"line":266,"column":75}},"96":{"start":{"line":267,"column":23},"end":{"line":267,"column":73}},"97":{"start":{"line":268,"column":4},"end":{"line":273,"column":null}},"98":{"start":{"line":269,"column":6},"end":{"line":272,"column":null}},"99":{"start":{"line":276,"column":2},"end":{"line":276,"column":null}},"100":{"start":{"line":278,"column":2},"end":{"line":353,"column":null}},"101":{"start":{"line":278,"column":15},"end":{"line":278,"column":16}},"102":{"start":{"line":279,"column":16},"end":{"line":279,"column":45}},"103":{"start":{"line":280,"column":4},"end":{"line":280,"column":null}},"104":{"start":{"line":283,"column":22},"end":{"line":283,"column":53}},"105":{"start":{"line":284,"column":4},"end":{"line":284,"column":null}},"106":{"start":{"line":285,"column":4},"end":{"line":285,"column":null}},"107":{"start":{"line":287,"column":23},"end":{"line":287,"column":55}},"108":{"start":{"line":288,"column":4},"end":{"line":288,"column":null}},"109":{"start":{"line":289,"column":4},"end":{"line":289,"column":null}},"110":{"start":{"line":290,"column":4},"end":{"line":290,"column":null}},"111":{"start":{"line":293,"column":4},"end":{"line":299,"column":null}},"112":{"start":{"line":293,"column":19},"end":{"line":293,"column":47}},"113":{"start":{"line":294,"column":19},"end":{"line":294,"column":41}},"114":{"start":{"line":295,"column":21},"end":{"line":295,"column":53}},"115":{"start":{"line":296,"column":6},"end":{"line":296,"column":null}},"116":{"start":{"line":297,"column":6},"end":{"line":297,"column":null}},"117":{"start":{"line":298,"column":6},"end":{"line":298,"column":null}},"118":{"start":{"line":303,"column":23},"end":{"line":303,"column":68}},"119":{"start":{"line":304,"column":4},"end":{"line":306,"column":null}},"120":{"start":{"line":305,"column":6},"end":{"line":305,"column":null}},"121":{"start":{"line":307,"column":4},"end":{"line":307,"column":null}},"122":{"start":{"line":310,"column":24},"end":{"line":310,"column":55}},"123":{"start":{"line":311,"column":4},"end":{"line":311,"column":null}},"124":{"start":{"line":312,"column":4},"end":{"line":312,"column":null}},"125":{"start":{"line":314,"column":24},"end":{"line":314,"column":55}},"126":{"start":{"line":315,"column":4},"end":{"line":315,"column":null}},"127":{"start":{"line":316,"column":4},"end":{"line":316,"column":null}},"128":{"start":{"line":317,"column":4},"end":{"line":317,"column":null}},"129":{"start":{"line":319,"column":4},"end":{"line":319,"column":null}},"130":{"start":{"line":320,"column":4},"end":{"line":320,"column":null}},"131":{"start":{"line":322,"column":4},"end":{"line":322,"column":null}},"132":{"start":{"line":323,"column":4},"end":{"line":326,"column":null}},"133":{"start":{"line":329,"column":23},"end":{"line":329,"column":54}},"134":{"start":{"line":330,"column":4},"end":{"line":330,"column":null}},"135":{"start":{"line":331,"column":4},"end":{"line":331,"column":null}},"136":{"start":{"line":333,"column":25},"end":{"line":333,"column":56}},"137":{"start":{"line":334,"column":4},"end":{"line":334,"column":null}},"138":{"start":{"line":335,"column":4},"end":{"line":335,"column":null}},"139":{"start":{"line":336,"column":4},"end":{"line":336,"column":null}},"140":{"start":{"line":337,"column":4},"end":{"line":337,"column":null}},"141":{"start":{"line":338,"column":4},"end":{"line":338,"column":null}},"142":{"start":{"line":339,"column":4},"end":{"line":342,"column":null}},"143":{"start":{"line":345,"column":4},"end":{"line":345,"column":null}},"144":{"start":{"line":346,"column":4},"end":{"line":346,"column":null}},"145":{"start":{"line":347,"column":4},"end":{"line":347,"column":null}},"146":{"start":{"line":348,"column":4},"end":{"line":348,"column":null}},"147":{"start":{"line":349,"column":4},"end":{"line":349,"column":null}},"148":{"start":{"line":350,"column":4},"end":{"line":350,"column":null}},"149":{"start":{"line":352,"column":4},"end":{"line":352,"column":null}},"150":{"start":{"line":360,"column":20},"end":{"line":360,"column":73}},"151":{"start":{"line":361,"column":2},"end":{"line":361,"column":null}},"152":{"start":{"line":361,"column":18},"end":{"line":361,"column":null}},"153":{"start":{"line":363,"column":24},"end":{"line":363,"column":25}},"154":{"start":{"line":366,"column":15},"end":{"line":366,"column":65}},"155":{"start":{"line":367,"column":2},"end":{"line":376,"column":null}},"156":{"start":{"line":368,"column":24},"end":{"line":368,"column":75}},"157":{"start":{"line":369,"column":25},"end":{"line":369,"column":75}},"158":{"start":{"line":371,"column":4},"end":{"line":375,"column":null}},"159":{"start":{"line":372,"column":21},"end":{"line":372,"column":55}},"160":{"start":{"line":373,"column":6},"end":{"line":373,"column":null}},"161":{"start":{"line":374,"column":6},"end":{"line":374,"column":null}}},"fnMap":{"0":{"name":"gatherDrillPipeInput","decl":{"start":{"line":54,"column":16},"end":{"line":54,"column":36}},"loc":{"start":{"line":54,"column":39},"end":{"line":91,"column":null}},"line":54},"1":{"name":"calculateDrillPipeDepths","decl":{"start":{"line":98,"column":16},"end":{"line":98,"column":40}},"loc":{"start":{"line":98,"column":48},"end":{"line":107,"column":null}},"line":98},"2":{"name":"(anonymous_2)","decl":{"start":{"line":100,"column":19},"end":{"line":100,"column":20}},"loc":{"start":{"line":100,"column":29},"end":{"line":106,"column":3}},"line":100},"3":{"name":"computeDrillPipeBreakdown","decl":{"start":{"line":117,"column":16},"end":{"line":117,"column":41}},"loc":{"start":{"line":117,"column":78},"end":{"line":252,"column":null}},"line":117},"4":{"name":"(anonymous_4)","decl":{"start":{"line":130,"column":31},"end":{"line":130,"column":32}},"loc":{"start":{"line":130,"column":41},"end":{"line":141,"column":3}},"line":130},"5":{"name":"(anonymous_5)","decl":{"start":{"line":146,"column":12},"end":{"line":146,"column":13}},"loc":{"start":{"line":146,"column":19},"end":{"line":146,"column":57}},"line":146},"6":{"name":"(anonymous_6)","decl":{"start":{"line":147,"column":10},"end":{"line":147,"column":11}},"loc":{"start":{"line":147,"column":20},"end":{"line":151,"column":5}},"line":147},"7":{"name":"(anonymous_7)","decl":{"start":{"line":163,"column":24},"end":{"line":163,"column":25}},"loc":{"start":{"line":163,"column":36},"end":{"line":243,"column":3}},"line":163},"8":{"name":"(anonymous_8)","decl":{"start":{"line":172,"column":23},"end":{"line":172,"column":24}},"loc":{"start":{"line":172,"column":34},"end":{"line":222,"column":5}},"line":172},"9":{"name":"(anonymous_9)","decl":{"start":{"line":181,"column":29},"end":{"line":181,"column":30}},"loc":{"start":{"line":181,"column":40},"end":{"line":189,"column":7}},"line":181},"10":{"name":"renderDrillPipeInputs","decl":{"start":{"line":258,"column":16},"end":{"line":258,"column":37}},"loc":{"start":{"line":258,"column":45},"end":{"line":354,"column":null}},"line":258},"11":{"name":"(anonymous_11)","decl":{"start":{"line":265,"column":23},"end":{"line":265,"column":24}},"loc":{"start":{"line":265,"column":37},"end":{"line":274,"column":3}},"line":265},"12":{"name":"updateDrillPipeDepthDisplays","decl":{"start":{"line":359,"column":16},"end":{"line":359,"column":44}},"loc":{"start":{"line":359,"column":47},"end":{"line":377,"column":null}},"line":359},"13":{"name":"(anonymous_13)","decl":{"start":{"line":367,"column":15},"end":{"line":367,"column":16}},"loc":{"start":{"line":367,"column":24},"end":{"line":376,"column":3}},"line":367}},"branchMap":{"0":{"loc":{"start":{"line":56,"column":15},"end":{"line":56,"column":72}},"type":"cond-expr","locations":[{"start":{"line":56,"column":50},"end":{"line":56,"column":61}},{"start":{"line":56,"column":64},"end":{"line":56,"column":72}}],"line":56},"1":{"loc":{"start":{"line":56,"column":15},"end":{"line":56,"column":47}},"type":"binary-expr","locations":[{"start":{"line":56,"column":15},"end":{"line":56,"column":25}},{"start":{"line":56,"column":29},"end":{"line":56,"column":47}}],"line":56},"2":{"loc":{"start":{"line":58,"column":2},"end":{"line":60,"column":null}},"type":"if","locations":[{"start":{"line":58,"column":2},"end":{"line":60,"column":null}},{"start":{},"end":{}}],"line":58},"3":{"loc":{"start":{"line":64,"column":16},"end":{"line":64,"column":69}},"type":"cond-expr","locations":[{"start":{"line":64,"column":28},"end":{"line":64,"column":65}},{"start":{"line":64,"column":68},"end":{"line":64,"column":69}}],"line":64},"4":{"loc":{"start":{"line":71,"column":4},"end":{"line":71,"column":null}},"type":"if","locations":[{"start":{"line":71,"column":4},"end":{"line":71,"column":null}},{"start":{},"end":{}}],"line":71},"5":{"loc":{"start":{"line":71,"column":8},"end":{"line":71,"column":35}},"type":"binary-expr","locations":[{"start":{"line":71,"column":8},"end":{"line":71,"column":19}},{"start":{"line":71,"column":23},"end":{"line":71,"column":35}}],"line":71},"6":{"loc":{"start":{"line":74,"column":21},"end":{"line":74,"column":65}},"type":"binary-expr","locations":[{"start":{"line":74,"column":21},"end":{"line":74,"column":59}},{"start":{"line":74,"column":63},"end":{"line":74,"column":65}}],"line":74},"7":{"loc":{"start":{"line":75,"column":19},"end":{"line":75,"column":53}},"type":"binary-expr","locations":[{"start":{"line":75,"column":19},"end":{"line":75,"column":48}},{"start":{"line":75,"column":52},"end":{"line":75,"column":53}}],"line":75},"8":{"loc":{"start":{"line":117,"column":63},"end":{"line":117,"column":76}},"type":"default-arg","locations":[{"start":{"line":117,"column":74},"end":{"line":117,"column":76}}],"line":117},"9":{"loc":{"start":{"line":118,"column":2},"end":{"line":126,"column":null}},"type":"if","locations":[{"start":{"line":118,"column":2},"end":{"line":126,"column":null}},{"start":{},"end":{}}],"line":118},"10":{"loc":{"start":{"line":118,"column":6},"end":{"line":118,"column":34}},"type":"binary-expr","locations":[{"start":{"line":118,"column":6},"end":{"line":118,"column":12}},{"start":{"line":118,"column":16},"end":{"line":118,"column":34}}],"line":118},"11":{"loc":{"start":{"line":146,"column":19},"end":{"line":146,"column":57}},"type":"binary-expr","locations":[{"start":{"line":146,"column":19},"end":{"line":146,"column":24}},{"start":{"line":146,"column":28},"end":{"line":146,"column":57}}],"line":146},"12":{"loc":{"start":{"line":148,"column":18},"end":{"line":148,"column":34}},"type":"binary-expr","locations":[{"start":{"line":148,"column":18},"end":{"line":148,"column":22}},{"start":{"line":148,"column":26},"end":{"line":148,"column":34}}],"line":148},"13":{"loc":{"start":{"line":149,"column":18},"end":{"line":149,"column":34}},"type":"binary-expr","locations":[{"start":{"line":149,"column":18},"end":{"line":149,"column":22}},{"start":{"line":149,"column":26},"end":{"line":149,"column":34}}],"line":149},"14":{"loc":{"start":{"line":164,"column":25},"end":{"line":164,"column":75}},"type":"cond-expr","locations":[{"start":{"line":164,"column":61},"end":{"line":164,"column":71}},{"start":{"line":164,"column":74},"end":{"line":164,"column":75}}],"line":164},"15":{"loc":{"start":{"line":177,"column":6},"end":{"line":177,"column":37}},"type":"if","locations":[{"start":{"line":177,"column":6},"end":{"line":177,"column":37}},{"start":{},"end":{}}],"line":177},"16":{"loc":{"start":{"line":182,"column":8},"end":{"line":188,"column":null}},"type":"if","locations":[{"start":{"line":182,"column":8},"end":{"line":188,"column":null}},{"start":{},"end":{}}],"line":182},"17":{"loc":{"start":{"line":182,"column":12},"end":{"line":182,"column":65}},"type":"binary-expr","locations":[{"start":{"line":182,"column":12},"end":{"line":182,"column":39}},{"start":{"line":182,"column":43},"end":{"line":182,"column":65}}],"line":182},"18":{"loc":{"start":{"line":191,"column":6},"end":{"line":191,"column":37}},"type":"if","locations":[{"start":{"line":191,"column":6},"end":{"line":191,"column":37}},{"start":{},"end":{}}],"line":191},"19":{"loc":{"start":{"line":195,"column":6},"end":{"line":201,"column":null}},"type":"if","locations":[{"start":{"line":195,"column":6},"end":{"line":201,"column":null}},{"start":{"line":197,"column":13},"end":{"line":201,"column":null}}],"line":195},"20":{"loc":{"start":{"line":207,"column":6},"end":{"line":215,"column":null}},"type":"if","locations":[{"start":{"line":207,"column":6},"end":{"line":215,"column":null}},{"start":{},"end":{}}],"line":207},"21":{"loc":{"start":{"line":225,"column":4},"end":{"line":242,"column":null}},"type":"if","locations":[{"start":{"line":225,"column":4},"end":{"line":242,"column":null}},{"start":{},"end":{}}],"line":225},"22":{"loc":{"start":{"line":226,"column":22},"end":{"line":226,"column":79}},"type":"cond-expr","locations":[{"start":{"line":226,"column":40},"end":{"line":226,"column":75}},{"start":{"line":226,"column":78},"end":{"line":226,"column":79}}],"line":226},"23":{"loc":{"start":{"line":228,"column":8},"end":{"line":228,"column":71}},"type":"cond-expr","locations":[{"start":{"line":228,"column":29},"end":{"line":228,"column":67}},{"start":{"line":228,"column":70},"end":{"line":228,"column":71}}],"line":228},"24":{"loc":{"start":{"line":260,"column":2},"end":{"line":260,"column":null}},"type":"if","locations":[{"start":{"line":260,"column":2},"end":{"line":260,"column":null}},{"start":{},"end":{}}],"line":260},"25":{"loc":{"start":{"line":268,"column":4},"end":{"line":273,"column":null}},"type":"if","locations":[{"start":{"line":268,"column":4},"end":{"line":273,"column":null}},{"start":{},"end":{}}],"line":268},"26":{"loc":{"start":{"line":268,"column":8},"end":{"line":268,"column":33}},"type":"binary-expr","locations":[{"start":{"line":268,"column":8},"end":{"line":268,"column":19}},{"start":{"line":268,"column":23},"end":{"line":268,"column":33}}],"line":268},"27":{"loc":{"start":{"line":304,"column":4},"end":{"line":306,"column":null}},"type":"if","locations":[{"start":{"line":304,"column":4},"end":{"line":306,"column":null}},{"start":{},"end":{}}],"line":304},"28":{"loc":{"start":{"line":304,"column":8},"end":{"line":304,"column":53}},"type":"binary-expr","locations":[{"start":{"line":304,"column":8},"end":{"line":304,"column":26}},{"start":{"line":304,"column":30},"end":{"line":304,"column":53}}],"line":304},"29":{"loc":{"start":{"line":322,"column":24},"end":{"line":322,"column":76}},"type":"cond-expr","locations":[{"start":{"line":322,"column":45},"end":{"line":322,"column":70}},{"start":{"line":322,"column":73},"end":{"line":322,"column":76}}],"line":322},"30":{"loc":{"start":{"line":361,"column":2},"end":{"line":361,"column":null}},"type":"if","locations":[{"start":{"line":361,"column":2},"end":{"line":361,"column":null}},{"start":{},"end":{}}],"line":361},"31":{"loc":{"start":{"line":371,"column":4},"end":{"line":375,"column":null}},"type":"if","locations":[{"start":{"line":371,"column":4},"end":{"line":375,"column":null}},{"start":{},"end":{}}],"line":371},"32":{"loc":{"start":{"line":371,"column":8},"end":{"line":371,"column":35}},"type":"binary-expr","locations":[{"start":{"line":371,"column":8},"end":{"line":371,"column":19}},{"start":{"line":371,"column":23},"end":{"line":371,"column":35}}],"line":371},"33":{"loc":{"start":{"line":372,"column":21},"end":{"line":372,"column":55}},"type":"binary-expr","locations":[{"start":{"line":372,"column":21},"end":{"line":372,"column":50}},{"start":{"line":372,"column":54},"end":{"line":372,"column":55}}],"line":372}},"s":{"0":8,"1":13,"2":13,"3":13,"4":9,"5":4,"6":4,"7":13,"8":13,"9":13,"10":12,"11":12,"12":12,"13":8,"14":4,"15":4,"16":12,"17":12,"18":12,"19":12,"20":12,"21":4,"22":0,"23":0,"24":0,"25":0,"26":7,"27":0,"28":7,"29":7,"30":9,"31":9,"32":9,"33":9,"34":9,"35":7,"36":46,"37":3,"38":3,"39":3,"40":7,"41":7,"42":7,"43":7,"44":7,"45":7,"46":6,"47":6,"48":6,"49":6,"50":6,"51":6,"52":8,"53":8,"54":8,"55":8,"56":0,"57":8,"58":7,"59":0,"60":0,"61":0,"62":0,"63":8,"64":0,"65":8,"66":8,"67":0,"68":0,"69":0,"70":8,"71":8,"72":8,"73":8,"74":8,"75":8,"76":8,"77":8,"78":8,"79":8,"80":8,"81":6,"82":6,"83":6,"84":6,"85":6,"86":6,"87":6,"88":7,"89":5,"90":5,"91":0,"92":5,"93":5,"94":5,"95":1,"96":1,"97":1,"98":1,"99":5,"100":5,"101":5,"102":7,"103":7,"104":7,"105":7,"106":7,"107":7,"108":7,"109":7,"110":7,"111":7,"112":7,"113":28,"114":28,"115":28,"116":28,"117":28,"118":7,"119":7,"120":1,"121":7,"122":7,"123":7,"124":7,"125":7,"126":7,"127":7,"128":7,"129":7,"130":7,"131":7,"132":7,"133":7,"134":7,"135":7,"136":7,"137":7,"138":7,"139":7,"140":7,"141":7,"142":7,"143":7,"144":7,"145":7,"146":7,"147":7,"148":7,"149":7,"150":3,"151":3,"152":0,"153":3,"154":3,"155":3,"156":5,"157":5,"158":5,"159":5,"160":5,"161":5},"f":{"0":13,"1":0,"2":0,"3":7,"4":9,"5":46,"6":3,"7":6,"8":8,"9":7,"10":5,"11":1,"12":3,"13":5},"b":{"0":[4,9],"1":[13,4],"2":[9,4],"3":[0,4],"4":[8,4],"5":[12,4],"6":[4,0],"7":[12,3],"8":[7],"9":[0,7],"10":[7,7],"11":[46,6],"12":[3,0],"13":[3,0],"14":[6,0],"15":[0,8],"16":[0,7],"17":[7,7],"18":[0,8],"19":[8,0],"20":[8,0],"21":[6,0],"22":[6,0],"23":[6,0],"24":[0,5],"25":[1,0],"26":[1,1],"27":[1,6],"28":[7,1],"29":[1,6],"30":[0,3],"31":[5,0],"32":[5,5],"33":[5,4]},"meta":{"lastBranch":34,"lastFunction":14,"lastStatement":162,"seen":{"s:7:33:48:1":0,"f:54:16:54:36":0,"s:55:21:55:62":1,"s:56:15:56:72":2,"b:56:50:56:61:56:64:56:72":0,"b:56:15:56:25:56:29:56:47":1,"b:58:2:60:Infinity:undefined:undefined:undefined:undefined":2,"s:58:2:60:Infinity":3,"s:59:4:59:Infinity":4,"s:63:20:63:73":5,"s:64:16:64:69":6,"b:64:28:64:65:64:68:64:69":3,"s:66:16:66:18":7,"s:67:2:88:Infinity":8,"s:67:15:67:16":9,"s:68:23:68:69":10,"s:69:24:69:72":11,"b:71:4:71:Infinity:undefined:undefined:undefined:undefined":4,"s:71:4:71:Infinity":12,"b:71:8:71:19:71:23:71:35":5,"s:71:37:71:Infinity":13,"s:73:26:73:56":14,"s:74:21:74:65":15,"b:74:21:74:59:74:63:74:65":6,"s:75:19:75:53":16,"b:75:19:75:48:75:52:75:53":7,"s:76:18:76:57":17,"s:77:16:77:53":18,"s:78:15:78:51":19,"s:80:4:87:Infinity":20,"s:90:2:90:Infinity":21,"f:98:16:98:40":1,"s:99:24:99:25":22,"s:100:2:106:Infinity":23,"f:100:19:100:20":2,"s:101:4:101:Infinity":24,"s:102:4:105:Infinity":25,"f:117:16:117:41":3,"b:117:74:117:76":8,"b:118:2:126:Infinity:undefined:undefined:undefined:undefined":9,"s:118:2:126:Infinity":26,"b:118:6:118:12:118:16:118:34":10,"s:119:4:125:Infinity":27,"s:129:24:129:25":28,"s:130:21:141:4":29,"f:130:31:130:32":4,"s:131:21:131:49":30,"s:132:18:132:33":31,"s:133:16:133:45":32,"s:134:4:134:Infinity":33,"s:135:4:140:Infinity":34,"s:145:24:151:6":35,"f:146:12:146:13":5,"s:146:19:146:57":36,"b:146:19:146:24:146:28:146:57":11,"f:147:10:147:11":6,"s:148:18:148:34":37,"b:148:18:148:22:148:26:148:34":12,"s:149:18:149:34":38,"b:149:18:149:22:149:26:149:34":13,"s:150:6:150:23":39,"s:153:19:153:21":40,"s:154:21:154:22":41,"s:155:24:155:25":42,"s:156:22:156:23":43,"s:160:25:160:27":44,"s:163:2:243:Infinity":45,"f:163:24:163:25":7,"s:164:25:164:75":46,"b:164:61:164:71:164:74:164:75":14,"s:165:28:165:40":47,"s:167:22:167:23":48,"s:168:25:168:26":49,"s:169:23:169:24":50,"s:172:4:222:Infinity":51,"f:172:23:172:24":8,"s:173:25:173:60":52,"s:174:28:174:64":53,"s:175:26:175:65":54,"b:177:6:177:37:undefined:undefined:undefined:undefined":15,"s:177:6:177:37":55,"s:177:30:177:37":56,"s:181:6:189:Infinity":57,"f:181:29:181:30":9,"b:182:8:188:Infinity:undefined:undefined:undefined:undefined":16,"s:182:8:188:Infinity":58,"b:182:12:182:39:182:43:182:65":17,"s:184:30:184:63":59,"s:185:33:185:67":60,"s:186:33:186:74":61,"s:187:10:187:Infinity":62,"b:191:6:191:37:undefined:undefined:undefined:undefined":18,"s:191:6:191:37":63,"s:191:30:191:37":64,"b:195:6:201:Infinity:197:13:201:Infinity":19,"s:195:6:201:Infinity":65,"s:196:8:196:Infinity":66,"s:198:27:198:50":67,"s:199:25:199:58":68,"s:200:8:200:Infinity":69,"s:203:6:203:Infinity":70,"s:204:6:204:Infinity":71,"b:207:6:215:Infinity:undefined:undefined:undefined:undefined":20,"s:207:6:215:Infinity":72,"s:208:31:208:55":73,"s:209:29:209:66":74,"s:210:27:210:50":75,"s:211:25:211:58":76,"s:212:28:212:64":77,"s:213:34:213:61":78,"s:214:8:214:Infinity":79,"s:218:6:221:Infinity":80,"b:225:4:242:Infinity:undefined:undefined:undefined:undefined":21,"s:225:4:242:Infinity":81,"s:226:22:226:79":82,"b:226:40:226:75:226:78:226:79":22,"s:228:8:228:71":83,"b:228:29:228:67:228:70:228:71":23,"s:230:6:237:Infinity":84,"s:239:6:239:Infinity":85,"s:240:6:240:Infinity":86,"s:241:6:241:Infinity":87,"s:245:2:251:Infinity":88,"f:258:16:258:37":10,"s:259:20:259:73":89,"b:260:2:260:Infinity:undefined:undefined:undefined:undefined":24,"s:260:2:260:Infinity":90,"s:260:18:260:Infinity":91,"s:263:26:263:28":92,"s:264:23:264:73":93,"s:265:2:274:Infinity":94,"f:265:23:265:24":11,"s:266:24:266:75":95,"s:267:23:267:73":96,"b:268:4:273:Infinity:undefined:undefined:undefined:undefined":25,"s:268:4:273:Infinity":97,"b:268:8:268:19:268:23:268:33":26,"s:269:6:272:Infinity":98,"s:276:2:276:Infinity":99,"s:278:2:353:Infinity":100,"s:278:15:278:16":101,"s:279:16:279:45":102,"s:280:4:280:Infinity":103,"s:283:22:283:53":104,"s:284:4:284:Infinity":105,"s:285:4:285:Infinity":106,"s:287:23:287:55":107,"s:288:4:288:Infinity":108,"s:289:4:289:Infinity":109,"s:290:4:290:Infinity":110,"s:293:4:299:Infinity":111,"s:293:19:293:47":112,"s:294:19:294:41":113,"s:295:21:295:53":114,"s:296:6:296:Infinity":115,"s:297:6:297:Infinity":116,"s:298:6:298:Infinity":117,"s:303:23:303:68":118,"b:304:4:306:Infinity:undefined:undefined:undefined:undefined":27,"s:304:4:306:Infinity":119,"b:304:8:304:26:304:30:304:53":28,"s:305:6:305:Infinity":120,"s:307:4:307:Infinity":121,"s:310:24:310:55":122,"s:311:4:311:Infinity":123,"s:312:4:312:Infinity":124,"s:314:24:314:55":125,"s:315:4:315:Infinity":126,"s:316:4:316:Infinity":127,"s:317:4:317:Infinity":128,"s:319:4:319:Infinity":129,"s:320:4:320:Infinity":130,"s:322:4:322:Infinity":131,"b:322:45:322:70:322:73:322:76":29,"s:323:4:326:Infinity":132,"s:329:23:329:54":133,"s:330:4:330:Infinity":134,"s:331:4:331:Infinity":135,"s:333:25:333:56":136,"s:334:4:334:Infinity":137,"s:335:4:335:Infinity":138,"s:336:4:336:Infinity":139,"s:337:4:337:Infinity":140,"s:338:4:338:Infinity":141,"s:339:4:342:Infinity":142,"s:345:4:345:Infinity":143,"s:346:4:346:Infinity":144,"s:347:4:347:Infinity":145,"s:348:4:348:Infinity":146,"s:349:4:349:Infinity":147,"s:350:4:350:Infinity":148,"s:352:4:352:Infinity":149,"f:359:16:359:44":12,"s:360:20:360:73":150,"b:361:2:361:Infinity:undefined:undefined:undefined:undefined":30,"s:361:2:361:Infinity":151,"s:361:18:361:Infinity":152,"s:363:24:363:25":153,"s:366:15:366:65":154,"s:367:2:376:Infinity":155,"f:367:15:367:16":13,"s:368:24:368:75":156,"s:369:25:369:75":157,"b:371:4:375:Infinity:undefined:undefined:undefined:undefined":31,"s:371:4:375:Infinity":158,"b:371:8:371:19:371:23:371:35":32,"s:372:21:372:55":159,"b:372:21:372:50:372:54:372:55":33,"s:373:6:373:Infinity":160,"s:374:6:374:Infinity":161}}}
,"C:\\Koding\\Keino\\Volume calc\\src\\js\\inputs.js": {"path":"C:\\Koding\\Keino\\Volume calc\\src\\js\\inputs.js","statementMap":{"0":{"start":{"line":9,"column":20},"end":{"line":18,"column":1}},"1":{"start":{"line":10,"column":2},"end":{"line":10,"column":null}},"2":{"start":{"line":10,"column":24},"end":{"line":10,"column":null}},"3":{"start":{"line":12,"column":2},"end":{"line":12,"column":null}},"4":{"start":{"line":12,"column":31},"end":{"line":12,"column":null}},"5":{"start":{"line":15,"column":12},"end":{"line":15,"column":68}},"6":{"start":{"line":16,"column":12},"end":{"line":16,"column":21}},"7":{"start":{"line":17,"column":2},"end":{"line":17,"column":null}},"8":{"start":{"line":20,"column":24},"end":{"line":20,"column":58}},"9":{"start":{"line":20,"column":32},"end":{"line":20,"column":58}},"10":{"start":{"line":23,"column":17},"end":{"line":23,"column":38}},"11":{"start":{"line":24,"column":2},"end":{"line":24,"column":null}},"12":{"start":{"line":24,"column":16},"end":{"line":24,"column":null}},"13":{"start":{"line":25,"column":12},"end":{"line":25,"column":38}},"14":{"start":{"line":26,"column":2},"end":{"line":26,"column":null}},"15":{"start":{"line":31,"column":22},"end":{"line":31,"column":46}},"16":{"start":{"line":32,"column":18},"end":{"line":32,"column":70}},"17":{"start":{"line":33,"column":18},"end":{"line":33,"column":76}},"18":{"start":{"line":35,"column":24},"end":{"line":35,"column":54}},"19":{"start":{"line":36,"column":27},"end":{"line":36,"column":60}},"20":{"start":{"line":38,"column":27},"end":{"line":38,"column":54}},"21":{"start":{"line":39,"column":32},"end":{"line":39,"column":58}},"22":{"start":{"line":41,"column":22},"end":{"line":41,"column":44}},"23":{"start":{"line":42,"column":27},"end":{"line":42,"column":48}},"24":{"start":{"line":45,"column":22},"end":{"line":48,"column":3}},"25":{"start":{"line":49,"column":22},"end":{"line":49,"column":53}},"26":{"start":{"line":50,"column":31},"end":{"line":50,"column":62}},"27":{"start":{"line":52,"column":20},"end":{"line":55,"column":3}},"28":{"start":{"line":56,"column":20},"end":{"line":56,"column":47}},"29":{"start":{"line":58,"column":25},"end":{"line":61,"column":3}},"30":{"start":{"line":62,"column":25},"end":{"line":62,"column":66}},"31":{"start":{"line":64,"column":23},"end":{"line":67,"column":3}},"32":{"start":{"line":68,"column":23},"end":{"line":68,"column":59}},"33":{"start":{"line":70,"column":22},"end":{"line":73,"column":3}},"34":{"start":{"line":74,"column":22},"end":{"line":74,"column":54}},"35":{"start":{"line":76,"column":23},"end":{"line":79,"column":3}},"36":{"start":{"line":80,"column":23},"end":{"line":80,"column":56}},"37":{"start":{"line":82,"column":28},"end":{"line":85,"column":3}},"38":{"start":{"line":86,"column":28},"end":{"line":86,"column":73}},"39":{"start":{"line":88,"column":21},"end":{"line":91,"column":3}},"40":{"start":{"line":93,"column":4},"end":{"line":93,"column":76}},"41":{"start":{"line":95,"column":20},"end":{"line":98,"column":3}},"42":{"start":{"line":99,"column":20},"end":{"line":99,"column":57}},"43":{"start":{"line":101,"column":23},"end":{"line":101,"column":52}},"44":{"start":{"line":102,"column":22},"end":{"line":102,"column":47}},"45":{"start":{"line":106,"column":29},"end":{"line":106,"column":60}},"46":{"start":{"line":107,"column":2},"end":{"line":115,"column":null}},"47":{"start":{"line":107,"column":34},"end":{"line":107,"column":null}},"48":{"start":{"line":108,"column":7},"end":{"line":115,"column":null}},"49":{"start":{"line":114,"column":4},"end":{"line":114,"column":null}},"50":{"start":{"line":118,"column":34},"end":{"line":118,"column":64}},"51":{"start":{"line":119,"column":2},"end":{"line":129,"column":null}},"52":{"start":{"line":120,"column":4},"end":{"line":120,"column":null}},"53":{"start":{"line":121,"column":7},"end":{"line":129,"column":null}},"54":{"start":{"line":128,"column":4},"end":{"line":128,"column":null}},"55":{"start":{"line":133,"column":29},"end":{"line":133,"column":63}},"56":{"start":{"line":134,"column":30},"end":{"line":134,"column":56}},"57":{"start":{"line":135,"column":29},"end":{"line":135,"column":55}},"58":{"start":{"line":136,"column":30},"end":{"line":136,"column":60}},"59":{"start":{"line":137,"column":27},"end":{"line":137,"column":54}},"60":{"start":{"line":139,"column":27},"end":{"line":139,"column":50}},"61":{"start":{"line":140,"column":25},"end":{"line":140,"column":48}},"62":{"start":{"line":141,"column":30},"end":{"line":141,"column":52}},"63":{"start":{"line":142,"column":28},"end":{"line":142,"column":50}},"64":{"start":{"line":143,"column":27},"end":{"line":143,"column":49}},"65":{"start":{"line":144,"column":28},"end":{"line":144,"column":60}},"66":{"start":{"line":145,"column":25},"end":{"line":145,"column":53}},"67":{"start":{"line":147,"column":25},"end":{"line":147,"column":27}},"68":{"start":{"line":148,"column":2},"end":{"line":149,"column":null}},"69":{"start":{"line":149,"column":4},"end":{"line":149,"column":null}},"70":{"start":{"line":150,"column":2},"end":{"line":151,"column":null}},"71":{"start":{"line":151,"column":4},"end":{"line":151,"column":null}},"72":{"start":{"line":152,"column":2},"end":{"line":153,"column":null}},"73":{"start":{"line":153,"column":4},"end":{"line":153,"column":null}},"74":{"start":{"line":154,"column":2},"end":{"line":155,"column":null}},"75":{"start":{"line":155,"column":4},"end":{"line":155,"column":null}},"76":{"start":{"line":156,"column":2},"end":{"line":157,"column":null}},"77":{"start":{"line":157,"column":4},"end":{"line":157,"column":null}},"78":{"start":{"line":158,"column":2},"end":{"line":159,"column":null}},"79":{"start":{"line":159,"column":4},"end":{"line":159,"column":null}},"80":{"start":{"line":160,"column":2},"end":{"line":161,"column":null}},"81":{"start":{"line":161,"column":4},"end":{"line":161,"column":null}},"82":{"start":{"line":163,"column":2},"end":{"line":175,"column":null}},"83":{"start":{"line":164,"column":20},"end":{"line":164,"column":47}},"84":{"start":{"line":165,"column":4},"end":{"line":165,"column":null}},"85":{"start":{"line":166,"column":21},"end":{"line":166,"column":42}},"86":{"start":{"line":167,"column":4},"end":{"line":167,"column":null}},"87":{"start":{"line":167,"column":19},"end":{"line":167,"column":null}},"88":{"start":{"line":168,"column":22},"end":{"line":168,"column":50}},"89":{"start":{"line":169,"column":4},"end":{"line":170,"column":null}},"90":{"start":{"line":170,"column":6},"end":{"line":170,"column":null}},"91":{"start":{"line":172,"column":4},"end":{"line":172,"column":null}},"92":{"start":{"line":173,"column":22},"end":{"line":173,"column":50}},"93":{"start":{"line":174,"column":4},"end":{"line":174,"column":null}},"94":{"start":{"line":174,"column":20},"end":{"line":174,"column":null}},"95":{"start":{"line":177,"column":23},"end":{"line":291,"column":3}},"96":{"start":{"line":252,"column":32},"end":{"line":252,"column":52}},"97":{"start":{"line":253,"column":6},"end":{"line":265,"column":null}},"98":{"start":{"line":255,"column":8},"end":{"line":264,"column":null}},"99":{"start":{"line":255,"column":45},"end":{"line":264,"column":9}},"100":{"start":{"line":267,"column":6},"end":{"line":278,"column":null}},"101":{"start":{"line":294,"column":2},"end":{"line":300,"column":null}},"102":{"start":{"line":295,"column":19},"end":{"line":295,"column":41}},"103":{"start":{"line":296,"column":4},"end":{"line":299,"column":null}},"104":{"start":{"line":297,"column":16},"end":{"line":297,"column":42}},"105":{"start":{"line":298,"column":6},"end":{"line":298,"column":null}},"106":{"start"
[...]
1189:6:1189:Infinity":777,"s:1189:26:1189:Infinity":778,"b:1191:6:1191:Infinity:undefined:undefined:undefined:undefined":327,"s:1191:6:1191:Infinity":779,"s:1191:26:1191:Infinity":780,"b:1192:6:1192:Infinity:undefined:undefined:undefined:undefined":328,"s:1192:6:1192:Infinity":781,"b:1192:10:1192:16:1192:20:1192:39":329,"s:1192:41:1192:Infinity":782,"s:1194:4:1194:Infinity":783,"s:1195:4:1195:Infinity":784,"s:1197:2:1197:Infinity":785,"s:1198:2:1198:Infinity":786,"f:1201:16:1201:30":81,"s:1202:44:1202:48":787,"s:1203:16:1203:42":788,"s:1204:15:1204:38":789,"b:1205:2:1205:Infinity:undefined:undefined:undefined:undefined":330,"s:1205:2:1205:Infinity":790,"b:1205:6:1205:13:1205:17:1205:23":331,"s:1205:25:1205:Infinity":791,"s:1207:22:1215:3":792,"f:1207:22:1207:23":82,"s:1208:4:1208:Infinity":793,"b:1208:41:1208:45:1208:48:1208:53":332,"s:1209:4:1212:Infinity":794,"b:1211:23:1211:43:1211:46:1211:Infinity":333,"s:1213:4:1213:Infinity":795,"s:1214:4:1214:Infinity":796,"s:1217:2:1217:Infinity":797,"s:1218:2:1218:Infinity":798,"f:1221:16:1221:31":83,"s:1222:44:1222:48":799,"s:1223:16:1223:31":800,"s:1224:15:1224:32":801,"b:1225:2:1225:Infinity:undefined:undefined:undefined:undefined":334,"s:1225:2:1225:Infinity":802,"b:1225:6:1225:13:1225:17:1225:23":335,"s:1225:25:1225:Infinity":803,"s:1226:17:1236:3":804,"f:1226:17:1226:18":84,"b:1227:4:1233:Infinity:1230:11:1233:Infinity":336,"s:1227:4:1233:Infinity":805,"s:1228:6:1228:Infinity":806,"s:1229:6:1229:Infinity":807,"s:1231:6:1231:Infinity":808,"s:1232:6:1232:Infinity":809,"s:1234:4:1234:Infinity":810,"s:1235:4:1235:Infinity":811,"s:1237:2:1237:Infinity":812,"s:1238:2:1238:Infinity":813,"f:1241:16:1241:30":85,"s:1242:15:1242:31":814,"b:1243:2:1243:Infinity:undefined:undefined:undefined:undefined":337,"s:1243:2:1243:Infinity":815,"b:1243:6:1243:12:1243:16:1243:29":338,"s:1243:31:1243:Infinity":816,"s:1244:18:1244:57":817,"s:1245:2:1258:Infinity":818,"f:1245:16:1245:17":86,"s:1246:4:1257:Infinity":819,"s:1247:19:1247:44":820,"b:1248:6:1254:Infinity:undefined:undefined:undefined:undefined":339,"s:1248:6:1254:Infinity":821,"b:1249:8:1249:24:1250:8:1250:32:1251:8:1251:32:1252:8:1252:Infinity":340,"s:1254:8:1254:Infinity":822,"f:1261:16:1261:32":87,"s:1262:16:1262:35":823,"s:1263:18:1263:56":824,"s:1264:19:1267:3":825,"f:1264:19:1264:20":88,"b:1265:4:1265:Infinity:undefined:undefined:undefined:undefined":341,"s:1265:4:1265:Infinity":826,"s:1265:18:1265:Infinity":827,"s:1266:4:1266:Infinity":828,"b:1266:44:1266:56:1266:59:1266:70":342,"s:1268:16:1283:3":829,"f:1268:16:1268:17":89,"b:1269:4:1281:Infinity:1275:11:1281:Infinity":343,"s:1269:4:1281:Infinity":830,"s:1270:6:1270:Infinity":831,"b:1271:6:1274:Infinity:undefined:undefined:undefined:undefined":344,"s:1271:6:1274:Infinity":832,"s:1272:8:1272:Infinity":833,"s:1273:8:1273:Infinity":834,"s:1276:6:1276:Infinity":835,"b:1277:6:1280:Infinity:undefined:undefined:undefined:undefined":345,"s:1277:6:1280:Infinity":836,"s:1278:8:1278:Infinity":837,"s:1279:8:1279:Infinity":838,"s:1282:4:1282:Infinity":839,"s:1285:2:1291:Infinity":840,"s:1286:19:1286:54":841,"b:1287:4:1288:Infinity:1288:9:1288:Infinity":346,"s:1287:4:1288:Infinity":842,"s:1287:27:1287:Infinity":843,"s:1288:9:1288:Infinity":844,"s:1290:4:1290:Infinity":845,"b:1293:2:1303:Infinity:undefined:undefined:undefined:undefined":347,"s:1293:2:1303:Infinity":846,"s:1294:4:1302:Infinity":847,"f:1294:38:1294:39":90,"s:1295:19:1295:52":848,"b:1295:36:1295:42:1295:45:1295:52":348,"s:1296:6:1296:Infinity":849,"s:1297:6:1301:Infinity":850,"s:1298:8:1298:Infinity":851,"s:1304:2:1319:Infinity":852,"b:1305:4:1316:Infinity:undefined:undefined:undefined:undefined":349,"s:1305:4:1316:Infinity":853,"s:1306:6:1316:Infinity":854,"f:1306:33:1306:34":91,"s:1307:8:1307:Infinity":855,"b:1307:32:1307:38:1307:41:1307:48":350,"s:1308:8:1315:Infinity":856,"s:1309:10:1312:Infinity":857,"b:1311:30:1311:36:1311:39:1311:Infinity":351,"s:1322:2:1339:Infinity":858,"f:1322:38:1322:39":92,"s:1323:4:1338:Infinity":859,"b:1324:6:1324:Infinity:undefined:undefined:undefined:undefined":352,"s:1324:6:1324:Infinity":860,"b:1324:10:1324:12:1324:16:1324:25":353,"s:1324:27:1324:Infinity":861,"s:1325:23:1327:14":862,"b:1326:10:1326:Infinity:1327:10:1327:14":354,"b:1328:6:1328:Infinity:undefined:undefined:undefined:undefined":355,"s:1328:6:1328:Infinity":863,"s:1328:21:1328:Infinity":864,"s:1329:19:1329:54":865,"b:1329:38:1329:44:1329:47:1329:54":356,"s:1330:6:1330:Infinity":866,"s:1331:6:1335:Infinity":867,"s:1332:8:1332:Infinity":868,"f:1342:9:1342:27":93,"s:1343:44:1343:48":869,"s:1344:20:1344:41":870,"s:1345:23:1345:47":871,"s:1346:26:1346:53":872,"s:1347:29:1347:78":873,"s:1348:28:1348:61":874,"b:1350:2:1350:Infinity:undefined:undefined:undefined:undefined":357,"s:1350:2:1350:Infinity":875,"b:1350:6:1350:17:1350:21:1350:38":358,"s:1350:40:1350:Infinity":876,"s:1353:2:1466:Infinity":877,"f:1353:3:1353:8":94,"s:1354:28:1354:64":878,"s:1356:6:1356:21":879,"s:1359:4:1412:Infinity":880,"f:1359:42:1359:43":95,"s:1360:19:1360:37":881,"s:1363:8:1365:66":882,"b:1363:8:1363:37:1364:9:1364:27:1365:10:1365:65":359,"b:1366:6:1366:Infinity:undefined:undefined:undefined:undefined":360,"s:1366:6:1366:Infinity":883,"s:1366:20:1366:Infinity":884,"b:1367:6:1409:Infinity:1392:13:1409:Infinity":361,"s:1367:6:1409:Infinity":885,"b:1368:8:1368:Infinity:undefined:undefined:undefined:undefined":362,"s:1368:8:1368:Infinity":886,"s:1368:27:1368:Infinity":887,"s:1369:8:1369:Infinity":888,"b:1371:8:1383:Infinity:undefined:undefined:undefined:undefined":363,"s:1371:8:1383:Infinity":889,"s:1372:33:1374:11":890,"s:1375:10:1382:Infinity":891,"f:1375:33:1375:34":96,"s:1376:12:1381:Infinity":892,"s:1377:14:1377:Infinity":893,"s:1378:14:1378:Infinity":894,"s:1385:26:1385:79":895,"s:1386:22:1386:65":896,"b:1386:22:1386:60:1386:64:1386:65":364,"s:1387:8:1387:Infinity":897,"s:1388:8:1388:Infinity":898,"s:1389:8:1389:Infinity":899,"s:1391:8:1391:Infinity":900,"b:1393:8:1393:Infinity:undefined:undefined:undefined:undefined":365,"s:1393:8:1393:Infinity":901,"s:1393:27:1393:Infinity":902,"s:1394:8:1394:Infinity":903,"b:1396:8:1408:Infinity:undefined:undefined:undefined:undefined":366,"s:1396:8:1408:Infinity":904,"s:1397:33:1399:11":905,"s:1400:10:1407:Infinity":906,"f:1400:33:1400:34":97,"s:1401:12:1406:Infinity":907,"s:1402:14:1402:Infinity":908,"s:1403:14:1403:Infinity":909,"s:1410:6:1410:Infinity":910,"b:1411:6:1411:Infinity:undefined:undefined:undefined:undefined":367,"s:1411:6:1411:Infinity":911,"s:1411:24:1411:Infinity":912,"s:1415:4:1434:Infinity":913,"f:1415:31:1415:32":98,"s:1416:6:1433:Infinity":914,"f:1416:36:1416:37":99,"s:1417:22:1417:58":915,"b:1417:22:1417:53:1417:57:1417:58":368,"s:1420:8:1423:Infinity":916,"f:1420:35:1420:36":100,"s:1421:10:1421:Infinity":917,"s:1422:10:1422:Infinity":918,"s:1424:8:1424:Infinity":919,"s:1425:8:1425:Infinity":920,"s:1428:8:1428:Infinity":921,"s:1429:8:1429:Infinity":922,"s:1430:8:1430:Infinity":923,"s:1431:8:1431:Infinity":924,"b:1432:8:1432:Infinity:undefined:undefined:undefined:undefined":369,"s:1432:8:1432:Infinity":925,"s:1432:26:1432:Infinity":926,"s:1437:4:1441:Infinity":927,"s:1438:6:1438:Infinity":928,"f:1443:13:1443:37":101,"s:1444:19:1444:78":929,"s:1445:6:1464:Infinity":930,"f:1445:19:1445:20":102,"s:1446:27:1446:77":931,"s:1447:28:1447:79":932,"b:1449:8:1455:Infinity:undefined:undefined:undefined:undefined":370,"s:1449:8:1455:Infinity":933,"s:1450:10:1454:Infinity":934,"f:1450:48:1450:49":103,"s:1451:12:1451:Infinity":935,"s:1452:12:1452:Infinity":936,"b:1453:12:1453:Infinity:undefined:undefined:undefined:undefined":371,"s:1453:12:1453:Infinity":937,"s:1453:30:1453:Infinity":938,"b:1457:8:1463:Infinity:undefined:undefined:undefined:undefined":372,"s:1457:8:1463:Infinity":939,"s:1458:10:1462:Infinity":940,"f:1458:48:1458:49":104,"s:1459:12:1459:Infinity":941,"s:1460:12:1460:Infinity":942,"b:1461:12:1461:Infinity:undefined:undefined:undefined:undefined":373,"s:1461:12:1461:Infinity":943,"s:1461:30:1461:Infinity":944,"f:1469:9:1469:24":105,"s:1470:44:1470:48":945,"s:1471:26:1471:72":946,"s:1472:25:1472:55":947,"b:1474:2:1474:Infinity:undefined:undefined:undefined:undefined":374,"s:1474:2:1474:Infinity":948,"s:1474:24:1474:Infinity":949,"s:1477:2:1533:Infinity":950,"f:1477:3:1477:8":106,"s:1478:25:1478:58":951,"s:1479:62:1479:74":952,"s:1482:22:1482:72":953,"s:1483:18:1483:61":954,"b:1483:18:1483:56:1483:60:1483:61":375,"s:1484:4:1484:Infinity":955,"s:1485:4:1485:Infinity":956,"s:1488:4:1507:Infinity":957,"f:1488:28:1488:29":107,"s:1489:6:1506:Infinity":958,"f:1489:36:1489:37":108,"s:1490:22:1490:58":959,"b:1490:22:1490:53:1490:57:1490:58":376,"s:1493:8:1496:Infinity":960,"f:1493:32:1493:33":109,"s:1494:10:1494:Infinity":961,"s:1495:10:1495:Infinity":962,"s:1497:8:1497:Infinity":963,"s:1498:8:1498:Infinity":964,"s:1501:8:1501:Infinity":965,"s:1502:8:1502:Infinity":966,"s:1503:8:1503:Infinity":967,"b:1504:8:1504:Infinity:undefined:undefined:undefined:undefined":377,"s:1504:8:1504:Infinity":968,"s:1504:26:1504:Infinity":969,"s:1505:8:1505:Infinity":970,"f:1509:13:1509:34":110,"s:1510:19:1510:72":971,"s:1511:6:1531:Infinity":972,"f:1511:19:1511:20":111,"s:1512:27:1512:74":973,"s:1513:28:1513:76":974,"b:1515:8:1521:Infinity:undefined:undefined:undefined:undefined":378,"s:1515:8:1521:Infinity":975,"s:1516:10:1520:Infinity":976,"f:1516:48:1516:49":112,"s:1517:12:1517:Infinity":977,"b:1518:12:1518:Infinity:undefined:undefined:undefined:undefined":379,"s:1518:12:1518:Infinity":978,"s:1518:30:1518:Infinity":979,"s:1519:12:1519:Infinity":980,"b:1523:8:1530:Infinity:undefined:undefined:undefined:undefined":380,"s:1523:8:1530:Infinity":981,"s:1524:10:1529:Infinity":982,"f:1524:48:1524:49":113,"s:1525:12:1525:Infinity":983,"s:1526:12:1526:Infinity":984,"b:1527:12:1527:Infinity:undefined:undefined:undefined:undefined":381,"s:1527:12:1527:Infinity":985,"s:1527:30:1527:Infinity":986,"s:1528:12:1528:Infinity":987,"f:1536:16:1536:22":114,"s:1538:2:1538:Infinity":988,"s:1539:2:1539:Infinity":989,"s:1540:2:1540:Infinity":990,"s:1541:2:1541:Infinity":991,"s:1542:2:1542:Infinity":992,"s:1543:2:1543:Infinity":993,"s:1544:2:1544:Infinity":994,"s:1545:2:1545:Infinity":995,"s:1546:2:1546:Infinity":996,"s:1547:2:1547:Infinity":997,"s:1548:2:1548:Infinity":998,"s:1549:2:1549:Infinity":999,"s:1550:2:1550:Infinity":1000,"s:1551:2:1551:Infinity":1001,"s:1552:2:1552:Infinity":1002,"s:1553:2:1553:Infinity":1003,"s:1554:2:1554:Infinity":1004,"f:1557:16:1557:29":115,"s:1558:23:1558:64":1005,"s:1559:27:1559:73":1006,"s:1560:21:1560:59":1007,"b:1562:2:1565:Infinity:undefined:undefined:undefined:undefined":382,"s:1562:2:1565:Infinity":1008,"b:1562:6:1562:19:1562:23:1562:40:1562:44:1562:55":383,"s:1563:4:1563:Infinity":1009,"s:1564:4:1564:Infinity":1010,"s:1567:32:1572:3":1011,"f:1567:32:1567:33":116,"s:1568:21:1568:56":1012,"s:1569:4:1571:Infinity":1013,"b:1570:8:1570:Infinity:1571:8:1571:26":384,"s:1574:2:1578:Infinity":1014,"f:1574:41:1574:42":117,"s:1575:30:1575:65":1015,"s:1576:4:1576:Infinity":1016,"b:1576:51:1576:53:1576:56:1576:62":385,"s:1577:4:1577:Infinity":1017,"s:1580:2:1580:Infinity":1018}}}
,"C:\\Koding\\Keino\\Volume calc\\src\\js\\validation.js": {"path":"C:\\Koding\\Keino\\Volume calc\\src\\js\\validation.js","statementMap":{"0":{"start":{"line":7,"column":2},"end":{"line":7,"column":null}},"1":{"start":{"line":7,"column":15},"end":{"line":7,"column":null}},"2":{"start":{"line":8,"column":12},"end":{"line":8,"column":37}},"3":{"start":{"line":9,"column":2},"end":{"line":9,"column":null}},"4":{"start":{"line":18,"column":21},"end":{"line":20,"column":3}},"5":{"start":{"line":19,"column":11},"end":{"line":19,"column":null}},"6":{"start":{"line":21,"column":2},"end":{"line":21,"column":null}},"7":{"start":{"line":21,"column":26},"end":{"line":21,"column":null}},"8":{"start":{"line":23,"column":19},"end":{"line":23,"column":21}},"9":{"start":{"line":24,"column":2},"end":{"line":47,"column":null}},"10":{"start":{"line":25,"column":15},"end":{"line":25,"column":42}},"11":{"start":{"line":26,"column":4},"end":{"line":26,"column":null}},"12":{"start":{"line":26,"column":35},"end":{"line":26,"column":null}},"13":{"start":{"line":28,"column":29},"end":{"line":36,"column":6}},"14":{"start":{"line":29,"column":6},"end":{"line":29,"column":null}},"15":{"start":{"line":29,"column":18},"end":{"line":29,"column":null}},"16":{"start":{"line":30,"column":6},"end":{"line":30,"column":null}},"17":{"start":{"line":30,"column":34},"end":{"line":30,"column":null}},"18":{"start":{"line":31,"column":21},"end":{"line":31,"column":63}},"19":{"start":{"line":32,"column":22},"end":{"line":32,"column":30}},"20":{"start":{"line":33,"column":6},"end":{"line":33,"column":null}},"21":{"start":{"line":33,"column":60},"end":{"line":33,"column":null}},"22":{"start":{"line":34,"column":19},"end":{"line":34,"column":59}},"23":{"start":{"line":35,"column":6},"end":{"line":35,"column":null}},"24":{"start":{"line":38,"column":4},"end":{"line":46,"column":null}},"25":{"start":{"line":39,"column":6},"end":{"line":45,"column":null}},"26":{"start":{"line":44,"column":8},"end":{"line":44,"column":null}},"27":{"start":{"line":44,"column":26},"end":{"line":44,"column":null}},"28":{"start":{"line":49,"column":2},"end":{"line":49,"column":null}}},"fnMap":{"0":{"name":"getUpperCompletionTJ","decl":{"start":{"line":6,"column":16},"end":{"line":6,"column":36}},"loc":{"start":{"line":6,"column":45},"end":{"line":10,"column":null}},"line":6},"1":{"name":"validateUpperCompletionFit","decl":{"start":{"line":17,"column":16},"end":{"line":17,"column":42}},"loc":{"start":{"line":17,"column":52},"end":{"line":50,"column":null}},"line":17},"2":{"name":"(anonymous_2)","decl":{"start":{"line":19,"column":4},"end":{"line":19,"column":5}},"loc":{"start":{"line":19,"column":11},"end":{"line":19,"column":null}},"line":19},"3":{"name":"(anonymous_3)","decl":{"start":{"line":24,"column":21},"end":{"line":24,"column":22}},"loc":{"start":{"line":24,"column":29},"end":{"line":47,"column":3}},"line":24},"4":{"name":"(anonymous_4)","decl":{"start":{"line":28,"column":44},"end":{"line":28,"column":45}},"loc":{"start":{"line":28,"column":51},"end":{"line":36,"column":5}},"line":28},"5":{"name":"(anonymous_5)","decl":{"start":{"line":38,"column":29},"end":{"line":38,"column":30}},"loc":{"start":{"line":38,"column":36},"end":{"line":46,"column":5}},"line":38}},"branchMap":{"0":{"loc":{"start":{"line":7,"column":2},"end":{"line":7,"column":null}},"type":"if","locations":[{"start":{"line":7,"column":2},"end":{"line":7,"column":null}},{"start":{},"end":{}}],"line":7},"1":{"loc":{"start":{"line":8,"column":12},"end":{"line":8,"column":37}},"type":"binary-expr","locations":[{"start":{"line":8,"column":12},"end":{"line":8,"column":31}},{"start":{"line":8,"column":35},"end":{"line":8,"column":37}}],"line":8},"2":{"loc":{"start":{"line":9,"column":9},"end":{"line":9,"column":56}},"type":"cond-expr","locations":[{"start":{"line":9,"column":35},"end":{"line":9,"column":44}},{"start":{"line":9,"column":47},"end":{"line":9,"column":56}}],"line":9},"3":{"loc":{"start":{"line":19,"column":11},"end":{"line":19,"column":null}},"type":"binary-expr","locations":[{"start":{"line":19,"column":11},"end":{"line":19,"column":40}},{"start":{"line":19,"column":44},"end":{"line":19,"column":null}}],"line":19},"4":{"loc":{"start":{"line":21,"column":2},"end":{"line":21,"column":null}},"type":"if","locations":[{"start":{"line":21,"column":2},"end":{"line":21,"column":null}},{"start":{},"end":{}}],"line":21},"5":{"loc":{"start":{"line":26,"column":4},"end":{"line":26,"column":null}},"type":"if","locations":[{"start":{"line":26,"column":4},"end":{"line":26,"column":null}},{"start":{},"end":{}}],"line":26},"6":{"loc":{"start":{"line":29,"column":6},"end":{"line":29,"column":null}},"type":"if","locations":[{"start":{"line":29,"column":6},"end":{"line":29,"column":null}},{"start":{},"end":{}}],"line":29},"7":{"loc":{"start":{"line":30,"column":6},"end":{"line":30,"column":null}},"type":"if","locations":[{"start":{"line":30,"column":6},"end":{"line":30,"column":null}},{"start":{},"end":{}}],"line":30},"8":{"loc":{"start":{"line":31,"column":21},"end":{"line":31,"column":63}},"type":"cond-expr","locations":[{"start":{"line":31,"column":53},"end":{"line":31,"column":59}},{"start":{"line":31,"column":62},"end":{"line":31,"column":63}}],"line":31},"9":{"loc":{"start":{"line":33,"column":6},"end":{"line":33,"column":null}},"type":"if","locations":[{"start":{"line":33,"column":6},"end":{"line":33,"column":null}},{"start":{},"end":{}}],"line":33},"10":{"loc":{"start":{"line":33,"column":10},"end":{"line":33,"column":58}},"type":"binary-expr","locations":[{"start":{"line":33,"column":10},"end":{"line":33,"column":40}},{"start":{"line":33,"column":44},"end":{"line":33,"column":58}}],"line":33},"11":{"loc":{"start":{"line":34,"column":19},"end":{"line":34,"column":59}},"type":"cond-expr","locations":[{"start":{"line":34,"column":50},"end":{"line":34,"column":55}},{"start":{"line":34,"column":58},"end":{"line":34,"column":59}}],"line":34},"12":{"loc":{"start":{"line":35,"column":13},"end":{"line":35,"column":49}},"type":"binary-expr","locations":[{"start":{"line":35,"column":13},"end":{"line":35,"column":27}},{"start":{"line":35,"column":31},"end":{"line":35,"column":49}}],"line":35},"13":{"loc":{"start":{"line":39,"column":6},"end":{"line":45,"column":null}},"type":"if","locations":[{"start":{"line":39,"column":6},"end":{"line":45,"column":null}},{"start":{},"end":{}}],"line":39},"14":{"loc":{"start":{"line":40,"column":8},"end":{"line":42,"column":null}},"type":"binary-expr","locations":[{"start":{"line":40,"column":8},"end":{"line":40,"column":38}},{"start":{"line":41,"column":8},"end":{"line":41,"column":24}},{"start":{"line":42,"column":8},"end":{"line":42,"column":null}}],"line":40},"15":{"loc":{"start":{"line":44,"column":8},"end":{"line":44,"column":null}},"type":"if","locations":[{"start":{"line":44,"column":8},"end":{"line":44,"column":null}},{"start":{},"end":{}}],"line":44}},"s":{"0":4,"1":0,"2":4,"3":4,"4":3,"5":4,"6":3,"7":1,"8":2,"9":2,"10":2,"11":2,"12":0,"13":2,"14":4,"15":0,"16":4,"17":0,"18":4,"19":4,"20":4,"21":0,"22":4,"23":4,"24":2,"25":4,"26":2,"27":1,"28":2},"f":{"0":4,"1":3,"2":4,"3":2,"4":4,"5":4},"b":{"0":[0,4],"1":[4,0],"2":[4,0],"3":[4,2],"4":[1,2],"5":[0,2],"6":[0,4],"7":[0,4],"8":[4,0],"9":[0,4],"10":[4,4],"11":[4,0],"12":[4,4],"13":[2,2],"14":[4,2,2],"15":[1,1]},"meta":{"lastBranch":16,"lastFunction":6,"lastStatement":29,"seen":{"f:6:16:6:36":0,"b:7:2:7:Infinity:undefined:undefined:undefined:undefined":0,"s:7:2:7:Infinity":0,"s:7:15:7:Infinity":1,"s:8:12:8:37":2,"b:8:12:8:31:8:35:8:37":1,"s:9:2:9:Infinity":3,"b:9:35:9:44:9:47:9:56":2,"f:17:16:17:42":1,"s:18:21:20:3":4,"f:19:4:19:5":2,"s:19:11:19:Infinity":5,"b:19:11:19:40:19:44:19:Infinity":3,"b:21:2:21:Infinity:undefined:undefined:undefined:undefined":4,"s:21:2:21:Infinity":6,"s:21:26:21:Infinity":7,"s:23:19:23:21":8,"s:24:2:47:Infinity":9,"f:24:21:24:22":3,"s:25:15:25:42":10,"b:26:4:26:Infinity:undefined:undefined:undefined:undefined":5,"s:26:4:26:Infinity":11,"s:26:35:26:Infinity":12,"s:28:29:36:6":13,"f:28:44:28:45":4,"b:29:6:29:Infinity:undefined:undefined:undefined:undefined":6,"s:29:6:29:Infinity":14,"s:29:18:29:Infinity":15,"b:30:6:30:Infinity:undefined:undefined:undefined:undefined":7,"s:30:6:30:Infinity":16,"s:30:34:30:Infinity":17,"s:31:21:31:63":18,"b:31:53:31:59:31:62:31:63":8,"s:32:22:32:30":19,"b:33:6:33:Infinity:undefined:undefined:undefined:undefined":9,"s:33:6:33:Infinity":20,"b:33:10:33:40:33:44:33:58":10,"s:33:60:33:Infinity":21,"s:34:19:34:59":22,"b:34:50:34:55:34:58:34:59":11,"s:35:6:35:Infinity":23,"b:35:13:35:27:35:31:35:49":12,"s:38:4:46:Infinity":24,"f:38:29:38:30":5,"b:39:6:45:Infinity:undefined:undefined:undefined:undefined":13,"s:39:6:45:Infinity":25,"b:40:8:40:38:41:8:41:24:42:8:42:Infinity":14,"b:44:8:44:Infinity:undefined:undefined:undefined:undefined":15,"s:44:8:44:Infinity":26,"s:44:26:44:Infinity":27,"s:49:2:49:Infinity":28}}}
}
