{"C:\\Koding\\Keino\\Volume calc\\src\\js\\constants.js": {"path":"C:\\Koding\\Keino\\Volume calc\\src\\js\\constants.js","statementMap":{"0":{"start":{"line":1,"column":18},"end":{"line":11,"column":1}},"1":{"start":{"line":13,"column":18},"end":{"line":17,"column":1}},"2":{"start":{"line":20,"column":27},"end":{"line":27,"column":1}},"3":{"start":{"line":29,"column":21},"end":{"line":36,"column":1}},"4":{"start":{"line":38,"column":46},"end":{"line":38,"column":49}},"5":{"start":{"line":44,"column":37},"end":{"line":49,"column":1}},"6":{"start":{"line":51,"column":44},"end":{"line":56,"column":1}},"7":{"start":{"line":58,"column":33},"end":{"line":62,"column":1}}},"fnMap":{},"branchMap":{},"s":{"0":18,"1":18,"2":18,"3":18,"4":18,"5":18,"6":18,"7":18},"f":{},"b":{},"meta":{"lastBranch":0,"lastFunction":0,"lastStatement":8,"seen":{"s:1:18:11:1":0,"s:13:18:17:1":1,"s:20:27:27:1":2,"s:29:21:36:1":3,"s:38:46:38:49":4,"s:44:37:49:1":5,"s:51:44:56:1":6,"s:58:33:62:1":7}}}
,"C:\\Koding\\Keino\\Volume calc\\src\\js\\dom.js": {"path":"C:\\Koding\\Keino\\Volume calc\\src\\js\\dom.js","statementMap":{"0":{"start":{"line":1,"column":18},"end":{"line":1,"column":53}},"1":{"start":{"line":1,"column":26},"end":{"line":1,"column":53}},"2":{"start":{"line":2,"column":18},"end":{"line":2,"column":69}},"3":{"start":{"line":2,"column":27},"end":{"line":2,"column":69}},"4":{"start":{"line":4,"column":2},"end":{"line":4,"column":19}},"5":{"start":{"line":4,"column":12},"end":{"line":4,"column":19}},"6":{"start":{"line":5,"column":2},"end":{"line":5,"column":30}},"7":{"start":{"line":8,"column":2},"end":{"line":8,"column":19}},"8":{"start":{"line":8,"column":12},"end":{"line":8,"column":19}},"9":{"start":{"line":9,"column":2},"end":{"line":10,"column":33}},"10":{"start":{"line":9,"column":17},"end":{"line":9,"column":40}},"11":{"start":{"line":10,"column":7},"end":{"line":10,"column":33}}},"fnMap":{"0":{"name":"(anonymous_0)","decl":{"start":{"line":1,"column":18},"end":{"line":1,"column":19}},"loc":{"start":{"line":1,"column":26},"end":{"line":1,"column":53}},"line":1},"1":{"name":"(anonymous_1)","decl":{"start":{"line":2,"column":18},"end":{"line":2,"column":19}},"loc":{"start":{"line":2,"column":27},"end":{"line":2,"column":69}},"line":2},"2":{"name":"setAttr","decl":{"start":{"line":3,"column":16},"end":{"line":3,"column":23}},"loc":{"start":{"line":3,"column":40},"end":{"line":6,"column":1}},"line":3},"3":{"name":"toggleClass","decl":{"start":{"line":7,"column":16},"end":{"line":7,"column":27}},"loc":{"start":{"line":7,"column":49},"end":{"line":11,"column":1}},"line":7}},"branchMap":{"0":{"loc":{"start":{"line":4,"column":2},"end":{"line":4,"column":19}},"type":"if","locations":[{"start":{"line":4,"column":2},"end":{"line":4,"column":19}},{"start":{},"end":{}}],"line":4},"1":{"loc":{"start":{"line":8,"column":2},"end":{"line":8,"column":19}},"type":"if","locations":[{"start":{"line":8,"column":2},"end":{"line":8,"column":19}},{"start":{},"end":{}}],"line":8},"2":{"loc":{"start":{"line":9,"column":2},"end":{"line":10,"column":33}},"type":"if","locations":[{"start":{"line":9,"column":2},"end":{"line":10,"column":33}},{"start":{"line":10,"column":7},"end":{"line":10,"column":33}}],"line":9}},"s":{"0":23,"1":2772,"2":23,"3":85,"4":5,"5":2,"6":3,"7":10,"8":2,"9":8,"10":8,"11":4},"f":{"0":2772,"1":85,"2":5,"3":10},"b":{"0":[2,3],"1":[2,8],"2":[4,4]},"meta":{"lastBranch":3,"lastFunction":4,"lastStatement":12,"seen":{"s:1:18:1:53":0,"f:1:18:1:19":0,"s:1:26:1:53":1,"s:2:18:2:69":2,"f:2:18:2:19":1,"s:2:27:2:69":3,"f:3:16:3:23":2,"b:4:2:4:19:undefined:undefined:undefined:undefined":0,"s:4:2:4:19":4,"s:4:12:4:19":5,"s:5:2:5:30":6,"f:7:16:7:27":3,"b:8:2:8:19:undefined:undefined:undefined:undefined":1,"s:8:2:8:19":7,"s:8:12:8:19":8,"b:9:2:10:33:10:7:10:33":2,"s:9:2:10:33":9,"s:9:17:9:40":10,"s:10:7:10:33":11}}}
,"C:\\Koding\\Keino\\Volume calc\\src\\js\\draw.js": {"path":"C:\\Koding\\Keino\\Volume calc\\src\\js\\draw.js","statementMap":{"0":{"start":{"line":1,"column":15},"end":{"line":1,"column":19}},"1":{"start":{"line":2,"column":10},"end":{"line":2,"column":14}},"2":{"start":{"line":3,"column":20},"end":{"line":3,"column":25}},"3":{"start":{"line":4,"column":19},"end":{"line":4,"column":23}},"4":{"start":{"line":7,"column":2},"end":{"line":8,"column":null}},"5":{"start":{"line":9,"column":2},"end":{"line":13,"column":null}},"6":{"start":{"line":10,"column":4},"end":{"line":10,"column":null}},"7":{"start":{"line":12,"column":4},"end":{"line":12,"column":null}},"8":{"start":{"line":15,"column":2},"end":{"line":15,"column":null}},"9":{"start":{"line":17,"column":2},"end":{"line":17,"column":null}},"10":{"start":{"line":21,"column":2},"end":{"line":21,"column":null}},"11":{"start":{"line":22,"column":2},"end":{"line":22,"column":null}},"12":{"start":{"line":23,"column":2},"end":{"line":23,"column":null}},"13":{"start":{"line":27,"column":2},"end":{"line":27,"column":null}},"14":{"start":{"line":27,"column":25},"end":{"line":27,"column":null}},"15":{"start":{"line":28,"column":15},"end":{"line":28,"column":47}},"16":{"start":{"line":29,"column":14},"end":{"line":29,"column":42}},"17":{"start":{"line":30,"column":12},"end":{"line":30,"column":40}},"18":{"start":{"line":31,"column":12},"end":{"line":31,"column":41}},"19":{"start":{"line":32,"column":2},"end":{"line":36,"column":null}},"20":{"start":{"line":33,"column":4},"end":{"line":33,"column":null}},"21":{"start":{"line":34,"column":4},"end":{"line":34,"column":null}},"22":{"start":{"line":35,"column":4},"end":{"line":35,"column":null}},"23":{"start":{"line":39,"column":24},"end":{"line":45,"column":4}},"24":{"start":{"line":41,"column":2},"end":{"line":44,"column":null}},"25":{"start":{"line":42,"column":4},"end":{"line":42,"column":null}},"26":{"start":{"line":43,"column":4},"end":{"line":43,"column":null}},"27":{"start":{"line":43,"column":25},"end":{"line":43,"column":45}},"28":{"start":{"line":48,"column":2},"end":{"line":48,"column":null}},"29":{"start":{"line":49,"column":2},"end":{"line":49,"column":null}},"30":{"start":{"line":49,"column":21},"end":{"line":49,"column":null}},"31":{"start":{"line":50,"column":2},"end":{"line":50,"column":null}},"32":{"start":{"line":51,"column":2},"end":{"line":56,"column":null}},"33":{"start":{"line":52,"column":4},"end":{"line":52,"column":null}},"34":{"start":{"line":53,"column":17},"end":{"line":53,"column":58}},"35":{"start":{"line":54,"column":4},"end":{"line":54,"column":null}},"36":{"start":{"line":55,"column":4},"end":{"line":55,"column":null}},"37":{"start":{"line":61,"column":2},"end":{"line":61,"column":null}},"38":{"start":{"line":61,"column":21},"end":{"line":61,"column":null}},"39":{"start":{"line":62,"column":15},"end":{"line":62,"column":27}},"40":{"start":{"line":63,"column":2},"end":{"line":63,"column":null}},"41":{"start":{"line":64,"column":2},"end":{"line":64,"column":null}},"42":{"start":{"line":65,"column":2},"end":{"line":65,"column":null}},"43":{"start":{"line":66,"column":2},"end":{"line":66,"column":null}},"44":{"start":{"line":70,"column":2},"end":{"line":70,"column":null}},"45":{"start":{"line":70,"column":25},"end":{"line":70,"column":null}},"46":{"start":{"line":71,"column":2},"end":{"line":71,"column":null}},"47":{"start":{"line":73,"column":15},"end":{"line":73,"column":47}},"48":{"start":{"line":76,"column":19},"end":{"line":76,"column":65}},"49":{"start":{"line":77,"column":2},"end":{"line":77,"column":null}},"50":{"start":{"line":78,"column":2},"end":{"line":78,"column":null}},"51":{"start":{"line":79,"column":2},"end":{"line":79,"column":null}},"52":{"start":{"line":80,"column":2},"end":{"line":80,"column":null}},"53":{"start":{"line":81,"column":2},"end":{"line":81,"column":null}},"54":{"start":{"line":84,"column":4},"end":{"line":88,"column":9}},"55":{"start":{"line":86,"column":44},"end":{"line":86,"column":75}},"56":{"start":{"line":90,"column":19},"end":{"line":94,"column":3}},"57":{"start":{"line":92,"column":52},"end":{"line":92,"column":59}},"58":{"start":{"line":96,"column":16},"end":{"line":96,"column":79}},"59":{"start":{"line":96,"column":64},"end":{"line":96,"column":68}},"60":{"start":{"line":100,"column":2},"end":{"line":107,"column":null}},"61":{"start":{"line":102,"column":6},"end":{"line":103,"column":42}},"62":{"start":{"line":105,"column":6},"end":{"line":105,"column":67}},"63":{"start":{"line":106,"column":4},"end":{"line":106,"column":null}},"64":{"start":{"line":106,"column":33},"end":{"line":106,"column":null}},"65":{"start":{"line":109,"column":18},"end":{"line":109,"column":32}},"66":{"start":{"line":110,"column":17},"end":{"line":110,"column":19}},"67":{"start":{"line":111,"column":26},"end":{"line":111,"column":43}},"68":{"start":{"line":112,"column":16},"end":{"line":112,"column":42}},"69":{"start":{"line":114,"column":2},"end":{"line":126,"column":null}},"70":{"start":{"line":120,"column":22},"end":{"line":120,"column":54}},"71":{"start":{"line":121,"column":22},"end":{"line":121,"column":71}},"72":{"start":{"line":122,"column":4},"end":{"line":122,"column":null}},"73":{"start":{"line":123,"column":4},"end":{"line":123,"column":null}},"74":{"start":{"line":124,"column":4},"end":{"line":124,"column":null}},"75":{"start":{"line":125,"column":4},"end":{"line":125,"column":null}},"76":{"start":{"line":129,"column":2},"end":{"line":150,"column":null}},"77":{"start":{"line":130,"column":15},"end":{"line":130,"column":29}},"78":{"start":{"line":131,"column":4},"end":{"line":149,"column":null}},"79":{"start":{"line":132,"column":16},"end":{"line":132,"column":35}},"80":{"start":{"line":133,"column":6},"end":{"line":133,"column":null}},"81":{"start":{"line":134,"column":6},"end":{"line":134,"column":null}},"82":{"start":{"line":135,"column":6},"end":{"line":135,"column":null}},"83":{"start":{"line":136,"column":6},"end":{"line":136,"column":null}},"84":{"start":{"line":137,"column":6},"end":{"line":137,"column":null}},"85":{"start":{"line":138,"column":6},"end":{"line":138,"column":null}},"86":{"start":{"line":139,"column":6},"end":{"line":139,"column":null}},"87":{"start":{"line":140,"column":6},"end":{"line":140,"column":null}},"88":{"start":{"line":141,"column":6},"end":{"line":141,"column":null}},"89":{"start":{"line":142,"column":6},"end":{"line":142,"column":null}},"90":{"start":{"line":143,"column":6},"end":{"line":147,"column":null}},"91":{"start":{"line":148,"column":6},"end":{"line":148,"column":null}},"92":{"start":{"line":153,"column":2},"end":{"line":183,"column":null}},"93":{"start":{"line":157,"column":4},"end":{"line":157,"column":null}},"94":{"start":{"line":159,"column":6},"end":{"line":159,"column":68}},"95":{"start":{"line":160,"column":21},"end":{"line":160,"column":65}},"96":{"start":{"line":161,"column":4},"end":{"line":161,"column":null}},"97":{"start":{"line":162,"column":4},"end":{"line":162,"column":null}},"98":{"start":{"line":163,"column":21},"end":{"line":163,"column":23}},"99":{"start":{"line":164,"column":21},"end":{"line":164,"column":22}},"100":{"start":{"line":165,"column":17},"end":{"line":165,"column":39}},"101":{"start":{"line":166,"column":20},"end":{"line":166,"column":41}},"102":{"start":{"line":167,"column":18},"end":{"line":167,"column":31}},"103":{"start":{"line":168,"column":17},"end":{"line":168,"column":30}},"104":{"start":{"line":169,"column":17},"end":{"line":169,"column":29}},"105":{"start":{"line":170,"column":17},"end":{"line":170,"column":37}},"106":{"start":{"line":171,"column":17},"end":{"line":171,"column":40}},"107":{"start":{"line":172,"column":4},"end":{"line":180,"column":null}},"108":{"start":{"line":173,"column":6},"end":{"line":173,"column":null}},"109":{"start":{"line":174,"column":6},"end":{"line":174,"column":null}},"110":{"start":{"line":175,"column":6},"end":{"line":175,"column":null}},"111":{"start":{"line":177,"column":6},"end":{"line":177,"column":null}},"112":{"start":{"line":178,"column":6},"end":{"line":178,"column":null}},"113":{"start":{"line":179,"column":6},"end":{"line":179,"column":null}},"114":{"start":{"line":181,"column":4},"end":{"line":181,"column":null}},"115":{"start":{"line":182,"column":4},"end":{"line":182,"column":null}},"116":{"start":{"line":186,"column":2},"end":{"line":186,"column":null}},"117":{"start":{"line":187,"column":2},"end":{"line":187,"column":null}},"118":{"start":{"line":188,"column":2},"end":{"line":188,"column":null}},"119":{"start":{"line":189,"column":2},"end":{"line":189,"column":null}},"120":{"start":{"line":191,"column":17},"end":{"line":191,"column":72}},"121":{"start":{"line":193,"column":2},"end":{"line":280,"column":null}},"122":{"start":{"line":197,"column":8},"end":{"line":197,"column":null}},"123":{"start":{"line":200,"column":18},"end":{"line":200,"column":46}},"124":{"start":{"line":201,"column":25},"end":{"line":201,"column":58}},"125":{"start":{"line":202,"column":23},"end":{"line":202,"column":52}},"126":{"start":{"line":204,"column":6},"end":{"line":243,"column":null}},"127":{"start":{"line":205,"column":22},"end":{"line":205,"column":46}},"128":{"start":{"line":206,"column":21},"end":{"line":206,"column":31}},"129":{"start":{"line":207,"column":24},"end":{"line":207,"column":32}},"130":{"start":{"line":209,"column":8},"end":{"line":209,"column":null}},"131":{"start":{"line":210,"column":8},"end":{"line":210,"column":null}},"132":{"start":{"line":211,"column":8},"end":{"line":211,"column":null}},"133":{"start":{"line":212,"column":8},"end":{"line":212,"column":null}},"134":{"start":{"line":214,"column":26},"end":{"line":214,"column":27}},"135":{"start":{"line":215,"column":27},"end":{"line":215,"column":28}},"136":{"start":{"line":217,"column":25},"end":{"line":217,"column":44}},"137":{"start":{"line":218,"column":8},"end":{"line":218,"column":null}},"138":{"start":{"line":219,"column":22},"end":{"line":219,"column":62}},"139":{"start":{"line":220,"column":8},"end":{"line":224,"column":null}},"140":{"start":{"line":220,"column":21},"end":{"line":220,"column":22}},"141":{"start":{"line":221,"column":24},"end":{"line":221,"column":64}},"142":{"start":{"line":222,"column":25},"end":{"line":222,"column":55}},"143":{"start":{"line":223,"column":10},"end":{"line":223,"column":null}},"144":{"start":{"line":226,"column":26},"end":{"line":226,"column":45}},"145":{"start":{"line":227,"column":8},"end":{"line":227,"column":null}},"146":{"start":{"line":229,"column":8},"end":{"line":233,"column":null}},"147":{"start":{"line":229,"column":21},"end":{"line":229,"column":26}},"148":{"start":{"line":230,"column":24},"end":{"line":230,"column":64}},"149":{"start":{"line":231,"column":25},"end":{"line":231,"column":55}},"150":{"start":{"line":232,"column":10},"end":{"line":232,"column":null}},"151":{"start":{"line":235,"column":8},"end":{"line":235,"column":null}},"152":{"start":{"line":236,"column":8},"end":{"line":236,"column":null}},"153":{"start":{"line":237,"column":8},"end":{"line":237,"column":null}},"154":{"start":{"line":239,"column":8},"end":{"line":239,"column":null}},"155":{"start":{"line":240,"column":8},"end":{"line":240,"column":null}},"156":{"start":{"line":241,"column":8},"end":{"line":241,"column":null}},"157":{"start":{"line":242,"column":8},"end":{"line":242,"column":null}},"158":{"start":{"line":245,"column":20},"end":{"line":245,"column":44}},"159":{"start":{"line":247,"column":6},"end":{"line":247,"column":null}},"160":{"start":{"line":248,"column":6},"end":{"line":253,"column":null}},"161":{"start":{"line":255,"column":25},"end":{"line":255,"column":49}},"162":{"start":{"line":256,"column":6},"end":{"line":256,"column":null}},"163":{"start":{"line":257,"column":6},"end":{"line":262,"column":null}},"164":{"start":{"line":264,"column":6},"end":{"line":264,"column":null}},"165":{"start":{"line":265,"column":6},"end":{"line":265,"column":null}},"166":{"start":{"line":266,"column":6},"end":{"line":266,"column":null}},"167":{"start":{"line":267,"column":6},"end":{"line":267,"column":null}},"168":{"start":{"line":268,"column":6},"end":{"line":268,"column":null}},"169":{"start":{"line":269,"column":6},"end":{"line":269,"column":null}},"170":{"start":{"line":270,"column":6},"end":{"line":270,"column":null}},"171":{"start":{"line":271,"column":6},"end":{"line":271,"column":null}},"172":{"start":{"line":273,"column":6},"end":{"line":273,"column":null}},"173":{"start":{"line":274,"column":6},"end":{"line":274,"column":null}},"174":{"start":{"line":275,"column":6},"end":{"line":279,"column":null}},"175":{"start":{"line":283,"column":2},"end":{"line":433,"column":null}},"176":{"start":{"line":284,"column":22},"end":{"line":289,"column":5}},"177":{"start":{"line":290,"column":21},"end":{"line":290,"column":54}},"178":{"start":{"line":292,"column":26},"end":{"line":292,"column":27}},"179":{"start":{"line":293,"column":4},"end":{"line":432,"column":null}},"180":{"start":{"line":294,"column":23},"end":{"line":294,"column":43}},"181":{"start":{"line":295,"column":6},"end":{"line":295,"column":null}},"182":{"start":{"line":295,"column":21},"end":{"line":295,"column":null}},"183":{"start":{"line":297,"column":25},"end":{"line":297,"column":57}},"184":{"start":{"line":298,"column":23},"end":{"line":298,"column":71}},"185":{"start":{"line":299,"column":6},"end":{"line":299,"column":null}},"186":{"start":{"line":301,"column":19},"end":{"line":301,"column":30}},"187":{"start":{"line":302,"column":19},"end":{"line":302,"column":30}},"188":{"start":{"line":304,"column":20},"end":{"line":304,"column":39}},"189":{"start":{"line":305,"column":25},"end":{"line":305,"column":44}},"190":{"start":{"line":308,"column":6},"end":{"line":308,"column":null}},"191":{"start":{"line":309,"column":6},"end":{"line":314,"column":null}},"192":{"start":{"line":316,"column":6},"end":{"line":318,"column":null}},"193":{"start":{"line":317,"column":8},"end":{"line":317,"column":null}},"194":{"start":{"line":321,"column":8},"end":{"line":321,"column":null}},"195":{"start":{"line":321,"column":30},"end":{"line":321,"column":null}},"196":{"start":{"line":322,"column":22},"end":{"line":322,"column":39}},"197":{"start":{"line":323,"column":22},"end":{"line":323,"column":40}},"198":{"start":{"line":324,"column":28},"end":{"line":324,"column":61}},"199":{"start":{"line":325,"column":25},"end":{"line":325,"column":69}},"200":{"start":{"line":327,"column":8},"end":{"line":327,"column":null}},"201":{"start":{"line":328,"column":8},"end":{"line":328,"column":null}},"202":{"start":{"line":329,"column":8},"end":{"line":329,"column":null}},"203":{"start":{"line":330,"column":8},"end":{"line":330,"column":null}},"204":{"start":{"line":332,"column":25},"end":{"line":336,"column":15}},"205":{"start":{"line":337,"column":28},"end":{"line":341,"column":15}},"206":{"start":{"line":343,"column":8},"end":{"line":343,"column":null}},"207":{"start":{"line":344,"column":8},"end":{"line":344,"column":null}},"208":{"start":{"line":345,"column":8},"end":{"line":349,"column":null}},"209":{"start":{"line":350,"column":8},"end":{"line":350,"column":null}},"210":{"start":{"line":352,"column":22},"end":{"line":352,"column":46}},"211":{"start":{"line":353,"column":8},"end":{"line":353,"column":null}},"212":{"start":{"line":354,"column":8},"end":{"line":354,"column":null}},"213":{"start":{"line":355,"column":8},"end":{"line":355,"column":null}},"214":{"start":{"line":356,"column":8},"end":{"line":356,"column":null}},"215":{"start":{"line":358,"column":8},"end":{"line":365,"column":null}},"216":{"start":{"line":359,"column":10},"end":{"line":359,"column":null}},"217":{"start":{"line":360,"column":10},"end":{"line":364,"column":null}},"218":{"start":{"line":367,"column":8},"end":{"line":367,"column":null}},"219":{"start":{"line":371,"column":8},"end":{"line":371,"column":null}},"220":{"start":{"line":371,"column":18},"end":{"line":371,"column":null}},"221":{"start":{"line":372,"column":27},"end":{"line":372,"column":29}},"222":{"start":{"line":373,"column":8},"end":{"line":373,"column":null}},"223":{"start":{"line":374,"column":8},"end":{"line":374,"column":null}},"224":{"start":{"line":375,"column":8},"end":{"line":375,"column":null}},"225":{"start":{"line":376,"column":8},"end":{"line":376,"column":null}},"226":{"start":{"line":377,"column":8},"end":{"line":377,"column":null}},"227":{"start":{"line":378,"column":8},"end":{"line":394,"column":null}},"228":{"start":{"line":379,"column":10},"end":{"line":379,"column":null}},"229":{"start":{"line":380,"column":10},"end":{"line":380,"column":null}},"230":{"start":{"line":381,"column":10},"end":{"line":381,"column":null}},"231":{"start":{"line":382,"column":10},"end":{"line":382,"column":null}},"232":{"start":{"line":383,"column":10},"end":{"line":383,"column":null}},"233":{"start":{"line":384,"column":10},"end":{"line":384,"column":null}},"234":{"start":{"line":385,"column":10},"end":{"line":385,"column":null}},"235":{"start":{"line":387,"column":10},"end":{"line":387,"column":null}},"236":{"start":{"line":388,"column":10},"end":{"line":388,"column":null}},"237":{"start":{"line":389,"column":10},"end":{"line":389,"column":null}},"238":{"start":{"line":390,"column":10},"end":{"line":390,"column":null}},"239":{"start":{"line":391,"column":10},"end":{"line":391,"column":null}},"240":{"start":{"line":392,"column":10},"end":{"line":392,"column":null}},"241":{"start":{"line":393,"column":10},"end":{"line":393,"column":null}},"242":{"start":{"line":395,"column":8},"end":{"line":395,"column":null}},"243":{"start":{"line":396,"column":8},"end":{"line":396,"column":null}},"244":{"start":{"line":397,"column":8},"end":{"line":397,"column":null}},"245":{"start":{"line":400,"column":6},"end":{"line":400,"column":null}},"246":{"start":{"line":401,"column":6},"end":{"line":406,"column":null}},"247":{"start":{"line":409,"column":6},"end":{"line":409,"column":null}},"248":{"start":{"line":410,"column":6},"end":{"line":410,"column":null}},"249":{"start":{"line":411,"column":6},"end":{"line":411,"column":null}},"250":{"start":{"line":412,"column":6},"end":{"line":412,"column":null}},"251":{"start":{"line":413,"column":6},"end":{"line":413,"column":null}},"252":{"start":{"line":414,"column":6},"end":{"line":414,"column":null}},"253":{"start":{"line":415,"column":6},"end":{"line":415,"column":null}},"254":{"start":{"line":416,"column":6},"end":{"line":416,"column":null}},"255":{"start":{"line":419,"column":6},"end":{"line":419,"column":null}},"256":{"start":{"line":420,"column":6},"end":{"line":420,"column":null}},"257":{"start":{"line":421,"column":6},"end":{"line":421,"column":null}},"258":{"start":{"line":422,"column":6},"end":{"line":426,"column":null}},"259":{"start":{"line":427,"column":6},"end":{"line":431,"column":null}},"260":{"start":{"line":436,"column":2},"end":{"line":499,"column":null}},"261":{"start":{"line":437,"column":26},"end":{"line":440,"column":5}},"262":{"start":{"line":441,"column":25},"end":{"line":441,"column":47}},"263":{"start":{"line":443,"column":4},"end":{"line":498,"column":null}},"264":{"start":{"line":444,"column":23},"end":{"line":444,"column":49}},"265":{"start":{"line":445,"column":6},"end":{"line":445,"column":null}},"266":{"start":{"line":445,"column":21},"end":{"line":445,"column":null}},"267":{"start":{"line":447,"column":25},"end":{"line":447,"column":59}},"268":{"start":{"line":448,"column":23},"end":{"line":448,"column":51}},"269":{"start":{"line":450,"column":23},"end":{"line":450,"column":34}},"270":{"start":{"line":451,"column":23},"end":{"line":451,"column":34}},"271":{"start":{"line":453,"column":20},"end":{"line":453,"column":43}},"272":{"start":{"line":454,"column":25},"end":{"line":454,"column":48}},"273":{"start":{"line":457,"column":6},"end":{"line":457,"column":null}},"274":{"start":{"line":458,"column":6},"end":{"line":463,"column":null}},"275":{"start":{"line":466,"column":6},"end":{"line":466,"column":null}},"276":{"start":{"line":467,"column":6},"end":{"line":472,"column":null}},"277":{"start":{"line":475,"column":6},"end":{"line":475,"column":null}},"278":{"start":{"line":476,"column":6},"end":{"line":476,"column":null}},"279":{"start":{"line":477,"column":6},"end":{"line":477,"column":null}},"280":{"start":{"line":478,"column":6},"end":{"line":478,"column":null}},"281":{"start":{"line":479,"column":6},"end":{"line":479,"column":null}},"282":{"start":{"line":480,"column":6},"end":{"line":480,"column":null}},"283":{"start":{"line":481,"column":6},"end":{"line":481,"column":null}},"284":{"start":{"line":482,"column":6},"end":{"line":482,"column":null}},"285":{"start":{"line":485,"column":6},"end":{"line":485,"column":null}},"286":{"start":{"line":486,"column":6},"end":{"line":486,"column":null}},"287":{"start":{"line":487,"column":6},"end":{"line":487,"column":null}},"288":{"start":{"line":488,"column":6},"end":{"line":492,"column":null}},"289":{"start":{"line":493,"column":6},"end":{"line":497,"column":null}}},"fnMap":{"0":{"name":"initDraw","decl":{"start":{"line":6,"column":16},"end":{"line":6,"column":24}},"loc":{"start":{"line":6,"column":33},"end":{"line":18,"column":null}},"line":6},"1":{"name":"disposeDraw","decl":{"start":{"line":20,"column":16},"end":{"line":20,"column":27}},"loc":{"start":{"line":20,"column":30},"end":{"line":24,"column":null}},"line":20},"2":{"name":"resizeCanvasForDPR","decl":{"start":{"line":26,"column":16},"end":{"line":26,"column":34}},"loc":{"start":{"line":26,"column":37},"end":{"line":37,"column":null}},"line":26},"3":{"name":"(anonymous_3)","decl":{"start":{"line":39,"column":25},"end":{"line":39,"column":26}},"loc":{"start":{"line":39,"column":31},"end":{"line":45,"column":1}},"line":39},"4":{"name":"(anonymous_4)","decl":{"start":{"line":41,"column":9},"end":{"line":41,"column":10}},"loc":{"start":{"line":41,"column":15},"end":{"line":44,"column":3}},"line":41},"5":{"name":"(anonymous_5)","decl":{"start":{"line":43,"column":19},"end":{"line":43,"column":20}},"loc":{"start":{"line":43,"column":25},"end":{"line":43,"column":45}},"line":43},"6":{"name":"scheduleDraw","decl":{"start":{"line":47,"column":16},"end":{"line":47,"column":28}},"loc":{"start":{"line":47,"column":49},"end":{"line":57,"column":null}},"line":47},"7":{"name":"(anonymous_7)","decl":{"start":{"line":51,"column":24},"end":{"line":51,"column":25}},"loc":{"start":{"line":51,"column":30},"end":{"line":56,"column":3}},"line":51},"8":{"name":"__TEST_flush_draw","decl":{"start":{"line":60,"column":16},"end":{"line":60,"column":33}},"loc":{"start":{"line":60,"column":36},"end":{"line":67,"column":null}},"line":60},"9":{"name":"drawSchematic","decl":{"start":{"line":69,"column":16},"end":{"line":69,"column":29}},"loc":{"start":{"line":69,"column":50},"end":{"line":500,"column":null}},"line":69},"10":{"name":"(anonymous_10)","decl":{"start":{"line":86,"column":37},"end":{"line":86,"column":38}},"loc":{"start":{"line":86,"column":44},"end":{"line":86,"column":75}},"line":86},"11":{"name":"(anonymous_11)","decl":{"start":{"line":92,"column":45},"end":{"line":92,"column":46}},"loc":{"start":{"line":92,"column":52},"end":{"line":92,"column":59}},"line":92},"12":{"name":"(anonymous_12)","decl":{"start":{"line":96,"column":57},"end":{"line":96,"column":58}},"loc":{"start":{"line":96,"column":64},"end":{"line":96,"column":68}},"line":96},"13":{"name":"(anonymous_13)","decl":{"start":{"line":196,"column":6},"end":{"line":196,"column":7}},"loc":{"start":{"line":197,"column":8},"end":{"line":197,"column":null}},"line":197},"14":{"name":"(anonymous_14)","decl":{"start":{"line":199,"column":13},"end":{"line":199,"column":14}},"loc":{"start":{"line":199,"column":25},"end":{"line":280,"column":5}},"line":199},"15":{"name":"(anonymous_15)","decl":{"start":{"line":293,"column":35},"end":{"line":293,"column":36}},"loc":{"start":{"line":293,"column":50},"end":{"line":432,"column":5}},"line":293},"16":{"name":"drawFlowOverlay","decl":{"start":{"line":320,"column":15},"end":{"line":320,"column":30}},"loc":{"start":{"line":320,"column":46},"end":{"line":368,"column":null}},"line":320},"17":{"name":"drawArrow","decl":{"start":{"line":370,"column":15},"end":{"line":370,"column":24}},"loc":{"start":{"line":370,"column":57},"end":{"line":398,"column":null}},"line":370},"18":{"name":"(anonymous_18)","decl":{"start":{"line":443,"column":32},"end":{"line":443,"column":33}},"loc":{"start":{"line":443,"column":49},"end":{"line":498,"column":5}},"line":443}},"branchMap":{"0":{"loc":{"start":{"line":8,"column":4},"end":{"line":8,"column":72}},"type":"cond-expr","locations":[{"start":{"line":8,"column":32},"end":{"line":8,"column":38}},{"start":{"line":8,"column":41},"end":{"line":8,"column":72}}],"line":8},"1":{"loc":{"start":{"line":8,"column":4},"end":{"line":8,"column":29}},"type":"binary-expr","locations":[{"start":{"line":8,"column":4},"end":{"line":8,"column":10}},{"start":{"line":8,"column":14},"end":{"line":8,"column":29}}],"line":8},"2":{"loc":{"start":{"line":10,"column":10},"end":{"line":10,"column":76}},"type":"cond-expr","locations":[{"start":{"line":10,"column":44},"end":{"line":10,"column":69}},{"start":{"line":10,"column":72},"end":{"line":10,"column":76}}],"line":10},"3":{"loc":{"start":{"line":10,"column":10},"end":{"line":10,"column":41}},"type":"binary-expr","locations":[{"start":{"line":10,"column":10},"end":{"line":10,"column":18}},{"start":{"line":10,"column":22},"end":{"line":10,"column":41}}],"line":10},"4":{"loc":{"start":{"line":27,"column":2},"end":{"line":27,"column":null}},"type":"if","locations":[{"start":{"line":27,"column":2},"end":{"line":27,"column":null}},{"start":{},"end":{}}],"line":27},"5":{"loc":{"start":{"line":27,"column":6},"end":{"line":27,"column":23}},"type":"binary-expr","locations":[{"start":{"line":27,"column":6},"end":{"line":27,"column":15}},{"start":{"line":27,"column":19},"end":{"line":27,"column":23}}],"line":27},"6":{"loc":{"start":{"line":29,"column":14},"end":{"line":29,"column":42}},"type":"binary-expr","locations":[{"start":{"line":29,"column":14},"end":{"line":29,"column":37}},{"start":{"line":29,"column":41},"end":{"line":29,"column":42}}],"line":29},"7":{"loc":{"start":{"line":32,"column":2},"end":{"line":36,"column":null}},"type":"if","locations":[{"start":{"line":32,"column":2},"end":{"line":36,"column":null}},{"start":{},"end":{}}],"line":32},"8":{"loc":{"start":{"line":32,"column":6},"end":{"line":32,"column":51}},"type":"binary-expr","locations":[{"start":{"line":32,"column":6},"end":{"line":32,"column":26}},{"start":{"line":32,"column":30},"end":{"line":32,"column":51}}],"line":32},"9":{"loc":{"start":{"line":47,"column":38},"end":{"line":47,"column":47}},"type":"default-arg","locations":[{"start":{"line":47,"column":45},"end":{"line":47,"column":47}}],"line":47},"10":{"loc":{"start":{"line":49,"column":2},"end":{"line":49,"column":null}},"type":"if","locations":[{"start":{"line":49,"column":2},"end":{"line":49,"column":null}},{"start":{},"end":{}}],"line":49},"11":{"loc":{"start":{"line":53,"column":17},"end":{"line":53,"column":58}},"type":"binary-expr","locations":[{"start":{"line":53,"column":17},"end":{"line":53,"column":29}},{"start":{"line":53,"column":33},"end":{"line":53,"column":58}}],"line":53},"12":{"loc":{"start":{"line":61,"column":2},"end":{"line":61,"column":null}},"type":"if","locations":[{"start":{"line":61,"column":2},"end":{"line":61,"column":null}},{"start":{},"end":{}}],"line":61},"13":{"loc":{"start":{"line":69,"column":39},"end":{"line":69,"column":48}},"type":"default-arg","locations":[{"start":{"line":69,"column":46},"end":{"line":69,"column":48}}],"line":69},"14":{"loc":{"start":{"line":70,"column":2},"end":{"line":70,"column":null}},"type":"if","locations":[{"start":{"line":70,"column":2},"end":{"line":70,"column":null}},{"start":{},"end":{}}],"line":70},"15":{"loc":{"start":{"line":70,"column":6},"end":{"line":70,"column":23}},"type":"binary-expr","locations":[{"start":{"line":70,"column":6},"end":{"line":70,"column":10}},{"start":{"line":70,"column":14},"end":{"line":70,"column":23}}],"line":70},"16":{"loc":{"start":{"line":84,"column":4},"end":{"line":88,"column":9}},"type":"cond-expr","locations":[{"start":{"line":85,"column":8},"end":{"line":87,"column":null}},{"start":{"line":88,"column":8},"end":{"line":88,"column":9}}],"line":84},"17":{"loc":{"start":{"line":84,"column":4},"end":{"line":84,"column":null}},"type":"binary-expr","locations":[{"start":{"line":84,"column":4},"end":{"line":84,"column":8}},{"start":{"line":84,"column":12},"end":{"line":84,"column":31}},{"start":{"line":84,"column":35},"end":{"line":84,"column":null}}],"line":84},"18":{"loc":{"start":{"line":86,"column":51},"end":{"line":86,"column":74}},"type":"binary-expr","locations":[{"start":{"line":86,"column":51},"end":{"line":86,"column":57}},{"start":{"line":86,"column":61},"end":{"line":86,"column":69}},{"start":{"line":86,"column":73},"end":{"line":86,"column":74}}],"line":86},"19":{"loc":{"start":{"line":91,"column":4},"end":{"line":91,"column":57}},"type":"cond-expr","locations":[{"start":{"line":91,"column":38},"end":{"line":91,"column":53}},{"start":{"line":91,"column":56},"end":{"line":91,"column":57}}],"line":91},"20":{"loc":{"start":{"line":91,"column":4},"end":{"line":91,"column":35}},"type":"binary-expr","locations":[{"start":{"line":91,"column":4},"end":{"line":91,"column":8}},{"start":{"line":91,"column":12},"end":{"line":91,"column":35}}],"line":91},"21":{"loc":{"start":{"line":92,"column":4},"end":{"line":92,"column":65}},"type":"cond-expr","locations":[{"start":{"line":92,"column":21},"end":{"line":92,"column":61}},{"start":{"line":92,"column":64},"end":{"line":92,"column":65}}],"line":92},"22":{"loc":{"start":{"line":96,"column":16},"end":{"line":96,"column":79}},"type":"cond-expr","locations":[{"start":{"line":96,"column":33},"end":{"line":96,"column":70}},{"start":{"line":96,"column":73},"end":{"line":96,"column":79}}],"line":96},"23":{"loc":{"start":{"line":100,"column":2},"end":{"line":107,"column":null}},"type":"if","locations":[{"start":{"line":100,"column":2},"end":{"line":107,"column":null}},{"start":{},"end":{}}],"line":100},"24":{"loc":{"start":{"line":102,"column":6},"end":{"line":103,"column":42}},"type":"binary-expr","locations":[{"start":{"line":102,"column":6},"end":{"line":102,"column":48}},{"start":{"line":103,"column":6},"end":{"line":103,"column":42}}],"line":102},"25":{"loc":{"start":{"line":105,"column":6},"end":{"line":105,"column":67}},"type":"binary-expr","locations":[{"start":{"line":105,"column":6},"end":{"line":105,"column":10}},{"start":{"line":105,"column":14},"end":{"line":105,"column":33}},{"start":{"line":105,"column":37},"end":{"line":105,"column":67}}],"line":105},"26":{"loc":{"start":{"line":106,"column":4},"end":{"line":106,"column":null}},"type":"if","locations":[{"start":{"line":106,"column":4},"end":{"line":106,"column":null}},{"start":{},"end":{}}],"line":106},"27":{"loc":{"start":{"line":106,"column":8},"end":{"line":106,"column":31}},"type":"binary-expr","locations":[{"start":{"line":106,"column":8},"end":{"line":106,"column":17}},{"start":{"line":106,"column":21},"end":{"line":106,"column":31}}],"line":106},"28":{"loc":{"start":{"line":114,"column":2},"end":{"line":126,"column":null}},"type":"if","locations":[{"start":{"line":114,"column":2},"end":{"line":126,"column":null}},{"start":{},"end":{}}],"line":114},"29":{"loc":{"start":{"line":115,"column":4},"end":{"line":118,"column":null}},"type":"binary-expr","locations":[{"start":{"line":115,"column":4},"end":{"line":115,"column":8}},{"start":{"line":116,"column":4},"end":{"line":116,"column":18}},{"start":{"line":117,"column":4},"end":{"line":117,"column":27}},{"start":{"line":118,"column":4},"end":{"line":118,"column":null}}],"line":115},"30":{"loc":{"start":{"line":129,"column":2},"end":{"line":150,"column":null}},"type":"if","locations":[{"start":{"line":129,"column":2},"end":{"line":150,"column":null}},{"start":{},"end":{}}],"line":129},"31":{"loc":{"start":{"line":129,"column":6},"end":{"line":129,"column":77}},"type":"binary-expr","locations":[{"start":{"line":129,"column":6},"end":{"line":129,"column":10}},{"start":{"line":129,"column":14},"end":{"line":129,"column":51}},{"start":{"line":129,"column":55},"end":{"line":129,"column":77}}],"line":129},"32":{"loc":{"start":{"line":131,"column":4},"end":{"line":149,"column":null}},"type":"if","locations":[{"start":{"line":131,"column":4},"end":{"line":149,"column":null}},{"start":{},"end":{}}],"line":131},"33":{"loc":{"start":{"line":131,"column":8},"end":{"line":131,"column":33}},"type":"binary-expr","locations":[{"start":{"line":131,"column":8},"end":{"line":131,"column":15}},{"start":{"line":131,"column":19},"end":{"line":131,"column":33}}],"line":131},"34":{"loc":{"start":{"line":153,"column":2},"end":{"line":183,"column":null}},"type":"if","locations":[{"start":{"line":153,"column":2},"end":{"line":183,"column":null}},{"start":{},"end":{}}],"line":153},"35":{"loc":{"start":{"line":154,"column":4},"end":{"line":155,"column":null}},"type":"binary-expr","locations":[{"start":{"line":154,"column":4},"end":{"line":154,"column":46}},{"start":{"line":155,"column":4},"end":{"line":155,"column":null}}],"line":154},"36":{"loc":{"start":{"line":172,"column":4},"end":{"line":180,"column":null}},"type":"if","locations":[{"start":{"line":172,"column":4},"end":{"line":180,"column":null}},{"start":{"line":176,"column":11},"end":{"line":180,"column":null}}],"line":172},"37":{"loc":{"start":{"line":197,"column":8},"end":{"line":197,"column":null}},"type":"binary-expr","locations":[{"start":{"line":197,"column":8},"end":{"line":197,"column":31}},{"start":{"line":197,"column":35},"end":{"line":197,"column":60}},{"start":{"line":197,"column":64},"end":{"line":197,"column":null}}],"line":197},"38":{"loc":{"start":{"line":204,"column":6},"end":{"line":243,"column":null}},"type":"if","locations":[{"start":{"line":204,"column":6},"end":{"line":243,"column":null}},{"start":{},"end":{}}],"line":204},"39":{"loc":{"start":{"line":222,"column":25},"end":{"line":222,"column":55}},"type":"cond-expr","locations":[{"start":{"line":222,"column":33},"end":{"line":222,"column":43}},{"start":{"line":222,"column":46},"end":{"line":222,"column":55}}],"line":222},"40":{"loc":{"start":{"line":231,"column":25},"end":{"line":231,"column":55}},"type":"cond-expr","locations":[{"start":{"line":231,"column":33},"end":{"line":231,"column":42}},{"start":{"line":231,"column":45},"end":{"line":231,"column":55}}],"line":231},"41":{"loc":{"start":{"line":283,"column":2},"end":{"line":433,"column":null}},"type":"if","locations":[{"start":{"line":283,"column":2},"end":{"line":433,"column":null}},{"start":{},"end":{}}],"line":283},"42":{"loc":{"start":{"line":283,"column":6},"end":{"line":283,"column":65}},"type":"binary-expr","locations":[{"start":{"line":283,"column":6},"end":{"line":283,"column":28}},{"start":{"line":283,"column":32},"end":{"line":283,"column":65}}],"line":283},"43":{"loc":{"start":{"line":295,"column":6},"end":{"line":295,"column":null}},"type":"if","locations":[{"start":{"line":295,"column":6},"end":{"line":295,"column":null}},{"start":{},"end":{}}],"line":295},"44":{"loc":{"start":{"line":316,"column":6},"end":{"line":318,"column":null}},"type":"if","locations":[{"start":{"line":316,"column":6},"end":{"line":318,"column":null}},{"start":{},"end":{}}],"line":316},"45":{"loc":{"start":{"line":321,"column":8},"end":{"line":321,"column":null}},"type":"if","locations":[{"start":{"line":321,"column":8},"end":{"line":321,"column":null}},{"start":{},"end":{}}],"line":321},"46":{"loc":{"start":{"line":321,"column":12},"end":{"line":321,"column":28}},"type":"binary-expr","locations":[{"start":{"line":321,"column":12},"end":{"line":321,"column":16}},{"start":{"line":321,"column":20},"end":{"line":321,"column":28}}],"line":321},"47":{"loc":{"start":{"line":332,"column":25},"end":{"line":336,"column":15}},"type":"cond-expr","locations":[{"start":{"line":333,"column":12},"end":{"line":335,"column":null}},{"start":{"line":336,"column":12},"end":{"line":336,"column":15}}],"line":332},"48":{"loc":{"start":{"line":337,"column":28},"end":{"line":341,"column":15}},"type":"cond-expr","locations":[{"start":{"line":338,"column":12},"end":{"line":340,"column":null}},{"start":{"line":341,"column":12},"end":{"line":341,"column":15}}],"line":337},"49":{"loc":{"start":{"line":346,"column":21},"end":{"line":346,"column":47}},"type":"binary-expr","locations":[{"start":{"line":346,"column":21},"end":{"line":346,"column":41}},{"start":{"line":346,"column":45},"end":{"line":346,"column":47}}],"line":346},"50":{"loc":{"start":{"line":358,"column":8},"end":{"line":365,"column":null}},"type":"if","locations":[{"start":{"line":358,"column":8},"end":{"line":365,"column":null}},{"start":{},"end":{}}],"line":358},"51":{"loc":{"start":{"line":371,"column":8},"end":{"line":371,"column":null}},"type":"if","locations":[{"start":{"line":371,"column":8},"end":{"line":371,"column":null}},{"start":{},"end":{}}],"line":371},"52":{"loc":{"start":{"line":378,"column":8},"end":{"line":394,"column":null}},"type":"if","locations":[{"start":{"line":378,"column":8},"end":{"line":394,"column":null}},{"start":{"line":386,"column":15},"end":{"line":394,"column":null}}],"line":378},"53":{"loc":{"start":{"line":436,"column":2},"end":{"line":499,"column":null}},"type":"if","locations":[{"start":{"line":436,"column":2},"end":{"line":499,"column":null}},{"start":{},"end":{}}],"line":436},"54":{"loc":{"start":{"line":436,"column":6},"end":{"line":436,"column":59}},"type":"binary-expr","locations":[{"start":{"line":436,"column":6},"end":{"line":436,"column":25}},{"start":{"line":436,"column":29},"end":{"line":436,"column":59}}],"line":436},"55":{"loc":{"start":{"line":445,"column":6},"end":{"line":445,"column":null}},"type":"if","locations":[{"start":{"line":445,"column":6},"end":{"line":445,"column":null}},{"start":{},"end":{}}],"line":445},"56":{"loc":{"start":{"line":447,"column":26},"end":{"line":447,"column":41}},"type":"binary-expr","locations":[{"start":{"line":447,"column":26},"end":{"line":447,"column":36}},{"start":{"line":447,"column":40},"end":{"line":447,"column":41}}],"line":447}},"s":{"0":5,"1":5,"2":5,"3":5,"4":7,"5":7,"6":7,"7":0,"8":7,"9":7,"10":0,"11":0,"12":0,"13":8,"14":3,"15":5,"16":5,"17":8,"18":8,"19":8,"20":4,"21":4,"22":4,"23":5,"24":5,"25":0,"26":0,"27":0,"28":13,"29":13,"30":8,"31":5,"32":5,"33":5,"34":5,"35":5,"36":5,"37":0,"38":0,"39":0,"40":0,"41":0,"42":0,"43":0,"44":8,"45":5,"46":3,"47":3,"48":3,"49":3,"50":3,"51":3,"52":3,"53":3,"54":3,"55":0,"56":8,"57":0,"58":8,"59":0,"60":8,"61":3,"62":3,"63":3,"64":2,"65":1,"66":1,"67":1,"68":1,"69":1,"70":0,"71":0,"72":0,"73":0,"74":0,"75":0,"76":1,"77":0,"78":0,"79":0,"80":0,"81":0,"82":0,"83":0,"84":0,"85":0,"86":0,"87":0,"88":0,"89":0,"90":0,"91":0,"92":1,"93":1,"94":1,"95":1,"96":1,"97":1,"98":1,"99":1,"100":1,"101":1,"102":1,"103":1,"104":1,"105":1,"106":1,"107":1,"108":0,"109":0,"110":0,"111":1,"112":1,"113":1,"114":1,"115":1,"116":1,"117":1,"118":1,"119":1,"120":1,"121":1,"122":0,"123":0,"124":0,"125":0,"126":0,"127":0,"128":0,"129":0,"130":0,"131":0,"132":0,"133":0,"134":0,"135":0,"136":0,"137":0,"138":0,"139":0,"140":0,"141":0,"142":0,"143":0,"144":0,"145":0,"146":0,"147":0,"148":0,"149":0,"150":0,"151":0,"152":0,"153":0,"154":0,"155":0,"156":0,"157":0,"158":0,"159":0,"160":0,"161":0,"162":0,"163":0,"164":0,"165":0,"166":0,"167":0,"168":0,"169":0,"170":0,"171":0,"172":0,"173":0,"174":0,"175":1,"176":0,"177":0,"178":0,"179":0,"180":0,"181":0,"182":0,"183":0,"184":0,"185":0,"186":0,"187":0,"188":0,"189":0,"190":0,"191":0,"192":0,"193":0,"194":0,"195":0,"196":0,"197":0,"198":0,"199":0,"200":0,"201":0,"202":0,"203":0,"204":0,"205":0,"206":0,"207":0,"208":0,"209":0,"210":0,"211":0,"212":0,"213":0,"214":0,"215":0,"216":0,"217":0,"218":0,"219":0,"220":0,"221":0,"222":0,"223":0,"224":0,"225":0,"226":0,"227":0,"228":0,"229":0,"230":0,"231":0,"232":0,"233":0,"234":0,"235":0,"236":0,"237":0,"238":0,"239":0,"240":0,"241":0,"242":0,"243":0,"244":0,"245":0,"246":0,"247":0,"248":0,"249":0,"250":0,"251":0,"252":0,"253":0,"254":0,"255":0,"256":0,"257":0,"258":0,"259":0,"260":1,"261":0,"262":0,"263":0,"264":0,"265":0,"266":0,"267":0,"268":0,"269":0,"270":0,"271":0,"272":0,"273":0,"274":0,"275":0,"276":0,"277":0,"278":0,"279":0,"280":0,"281":0,"282":0,"283":0,"284":0,"285":0,"286":0,"287":0,"288":0,"289":0},"f":{"0":7,"1":0,"2":8,"3":5,"4":0,"5":0,"6":13,"7":5,"8":0,"9":8,"10":0,"11":0,"12":0,"13":0,"14":0,"15":0,"16":0,"17":0,"18":0},"b":{"0":[4,3],"1":[7,4],"2":[4,3],"3":[7,4],"4":[3,5],"5":[8,5],"6":[5,0],"7":[4,4],"8":[8,1],"9":[13],"10":[8,5],"11":[5,0],"12":[0,0],"13":[8],"14":[5,3],"15":[8,3],"16":[0,3],"17":[3,3,0],"18":[0,0,0],"19":[0,3],"20":[8,3],"21":[0,3],"22":[0,3],"23":[3,5],"24":[3,1],"25":[3,3,0],"26":[2,1],"27":[3,2],"28":[0,1],"29":[1,1,0,0],"30":[0,1],"31":[1,1,0],"32":[0,0],"33":[0,0],"34":[1,0],"35":[1,1],"36":[0,1],"37":[0,0,0],"38":[0,0],"39":[0,0],"40":[0,0],"41":[0,1],"42":[1,0],"43":[0,0],"44":[0,0],"45":[0,0],"46":[0,0],"47":[0,0],"48":[0,0],"49":[0,0],"50":[0,0],"51":[0,0],"52":[0,0],"53":[0,1],"54":[1,0],"55":[0,0],"56":[0,0]},"meta":{"lastBranch":57,"lastFunction":19,"lastStatement":290,"seen":{"s:1:15:1:19":0,"s:2:10:2:14":1,"s:3:20:3:25":2,"s:4:19:4:23":3,"f:6:16:6:24":0,"s:7:2:8:Infinity":4,"b:8:32:8:38:8:41:8:72":0,"b:8:4:8:10:8:14:8:29":1,"s:9:2:13:Infinity":5,"s:10:4:10:Infinity":6,"b:10:44:10:69:10:72:10:76":2,"b:10:10:10:18:10:22:10:41":3,"s:12:4:12:Infinity":7,"s:15:2:15:Infinity":8,"s:17:2:17:Infinity":9,"f:20:16:20:27":1,"s:21:2:21:Infinity":10,"s:22:2:22:Infinity":11,"s:23:2:23:Infinity":12,"f:26:16:26:34":2,"b:27:2:27:Infinity:undefined:undefined:undefined:undefined":4,"s:27:2:27:Infinity":13,"b:27:6:27:15:27:19:27:23":5,"s:27:25:27:Infinity":14,"s:28:15:28:47":15,"s:29:14:29:42":16,"b:29:14:29:37:29:41:29:42":6,"s:30:12:30:40":17,"s:31:12:31:41":18,"b:32:2:36:Infinity:undefined:undefined:undefined:undefined":7,"s:32:2:36:Infinity":19,"b:32:6:32:26:32:30:32:51":8,"s:33:4:33:Infinity":20,"s:34:4:34:Infinity":21,"s:35:4:35:Infinity":22,"s:39:24:45:4":23,"f:39:25:39:26":3,"s:41:2:44:Infinity":24,"f:41:9:41:10":4,"s:42:4:42:Infinity":25,"s:43:4:43:Infinity":26,"f:43:19:43:20":5,"s:43:25:43:45":27,"f:47:16:47:28":6,"b:47:45:47:47":9,"s:48:2:48:Infinity":28,"b:49:2:49:Infinity:undefined:undefined:undefined:undefined":10,"s:49:2:49:Infinity":29,"s:49:21:49:Infinity":30,"s:50:2:50:Infinity":31,"s:51:2:56:Infinity":32,"f:51:24:51:25":7,"s:52:4:52:Infinity":33,"s:53:17:53:58":34,"b:53:17:53:29:53:33:53:58":11,"s:54:4:54:Infinity":35,"s:55:4:55:Infinity":36,"f:60:16:60:33":8,"b:61:2:61:Infinity:undefined:undefined:undefined:undefined":12,"s:61:2:61:Infinity":37,"s:61:21:61:Infinity":38,"s:62:15:62:27":39,"s:63:2:63:Infinity":40,"s:64:2:64:Infinity":41,"s:65:2:65:Infinity":42,"s:66:2:66:Infinity":43,"f:69:16:69:29":9,"b:69:46:69:48":13,"b:70:2:70:Infinity:undefined:undefined:undefined:undefined":14,"s:70:2:70:Infinity":44,"b:70:6:70:10:70:14:70:23":15,"s:70:25:70:Infinity":45,"s:71:2:71:Infinity":46,"s:73:15:73:47":47,"s:76:19:76:65":48,"s:77:2:77:Infinity":49,"s:78:2:78:Infinity":50,"s:79:2:79:Infinity":51,"s:80:2:80:Infinity":52,"s:81:2:81:Infinity":53,"s:84:4:88:9":54,"b:85:8:87:Infinity:88:8:88:9":16,"b:84:4:84:8:84:12:84:31:84:35:84:Infinity":17,"f:86:37:86:38":10,"s:86:44:86:75":55,"b:86:51:86:57:86:61:86:69:86:73:86:74":18,"s:90:19:94:3":56,"b:91:38:91:53:91:56:91:57":19,"b:91:4:91:8:91:12:91:35":20,"b:92:21:92:61:92:64:92:65":21,"f:92:45:92:46":11,"s:92:52:92:59":57,"s:96:16:96:79":58,"b:96:33:96:70:96:73:96:79":22,"f:96:57:96:58":12,"s:96:64:96:68":59,"b:100:2:107:Infinity:undefined:undefined:undefined:undefined":23,"s:100:2:107:Infinity":60,"s:102:6:103:42":61,"b:102:6:102:48:103:6:103:42":24,"s:105:6:105:67":62,"b:105:6:105:10:105:14:105:33:105:37:105:67":25,"b:106:4:106:Infinity:undefined:undefined:undefined:undefined":26,"s:106:4:106:Infinity":63,"b:106:8:106:17:106:21:106:31":27,"s:106:33:106:Infinity":64,"s:109:18:109:32":65,"s:110:17:110:19":66,"s:111:26:111:43":67,"s:112:16:112:42":68,"b:114:2:126:Infinity:undefined:undefined:undefined:undefined":28,"s:114:2:126:Infinity":69,"b:115:4:115:8:116:4:116:18:117:4:117:27:118:4:118:Infinity":29,"s:120:22:120:54":70,"s:121:22:121:71":71,"s:122:4:122:Infinity":72,"s:123:4:123:Infinity":73,"s:124:4:124:Infinity":74,"s:125:4:125:Infinity":75,"b:129:2:150:Infinity:undefined:undefined:undefined:undefined":30,"s:129:2:150:Infinity":76,"b:129:6:129:10:129:14:129:51:129:55:129:77":31,"s:130:15:130:29":77,"b:131:4:149:Infinity:undefined:undefined:undefined:undefined":32,"s:131:4:149:Infinity":78,"b:131:8:131:15:131:19:131:33":33,"s:132:16:132:35":79,"s:133:6:133:Infinity":80,"s:134:6:134:Infinity":81,"s:135:6:135:Infinity":82,"s:136:6:136:Infinity":83,"s:137:6:137:Infinity":84,"s:138:6:138:Infinity":85,"s:139:6:139:Infinity":86,"s:140:6:140:Infinity":87,"s:141:6:141:Infinity":88,"s:142:6:142:Infinity":89,"s:143:6:147:Infinity":90,"s:148:6:148:Infinity":91,"b:153:2:183:Infinity:undefined:undefined:undefined:undefined":34,"s:153:2:183:Infinity":92,"b:154:4:154:46:155:4:155:Infinity":35,"s:157:4:157:Infinity":93,"s:159:6:159:68":94,"s:160:21:160:65":95,"s:161:4:161:Infinity":96,"s:162:4:162:Infinity":97,"s:163:21:163:23":98,"s:164:21:164:22":99,"s:165:17:165:39":100,"s:166:20:166:41":101,"s:167:18:167:31":102,"s:168:17:168:30":103,"s:169:17:169:29":104,"s:170:17:170:37":105,"s:171:17:171:40":106,"b:172:4:180:Infinity:176:11:180:Infinity":36,"s:172:4:180:Infinity":107,"s:173:6:173:Infinity":108,"s:174:6:174:Infinity":109,"s:175:6:175:Infinity":110,"s:177:6:177:Infinity":111,"s:178:6:178:Infinity":112,"s:179:6:179:Infinity":113,"s:181:4:181:Infinity":114,"s:182:4:182:Infinity":115,"s:186:2:186:Infinity":116,"s:187:2:187:Infinity":117,"s:188:2:188:Infinity":118,"s:189:2:189:Infinity":119,"s:191:17:191:72":120,"s:193:2:280:Infinity":121,"f:196:6:196:7":13,"s:197:8:197:Infinity":122,"b:197:8:197:31:197:35:197:60:197:64:197:Infinity":37,"f:199:13:199:14":14,"s:200:18:200:46":123,"s:201:25:201:58":124,"s:202:23:202:52":125,"b:204:6:243:Infinity:undefined:undefined:undefined:undefined":38,"s:204:6:243:Infinity":126,"s:205:22:205:46":127,"s:206:21:206:31":128,"s:207:24:207:32":129,"s:209:8:209:Infinity":130,"s:210:8:210:Infinity":131,"s:211:8:211:Infinity":132,"s:212:8:212:Infinity":133,"s:214:26:214:27":134,"s:215:27:215:28":135,"s:217:25:217:44":136,"s:218:8:218:Infinity":137,"s:219:22:219:62":138,"s:220:8:224:Infinity":139,"s:220:21:220:22":140,"s:221:24:221:64":141,"s:222:25:222:55":142,"b:222:33:222:43:222:46:222:55":39,"s:223:10:223:Infinity":143,"s:226:26:226:45":144,"s:227:8:227:Infinity":145,"s:229:8:233:Infinity":146,"s:229:21:229:26":147,"s:230:24:230:64":148,"s:231:25:231:55":149,"b:231:33:231:42:231:45:231:55":40,"s:232:10:232:Infinity":150,"s:235:8:235:Infinity":151,"s:236:8:236:Infinity":152,"s:237:8:237:Infinity":153,"s:239:8:239:Infinity":154,"s:240:8:240:Infinity":155,"s:241:8:241:Infinity":156,"s:242:8:242:Infinity":157,"s:245:20:245:44":158,"s:247:6:247:Infinity":159,"s:248:6:253:Infinity":160,"s:255:25:255:49":161,"s:256:6:256:Infinity":162,"s:257:6:262:Infinity":163,"s:264:6:264:Infinity":164,"s:265:6:265:Infinity":165,"s:266:6:266:Infinity":166,"s:267:6:267:Infinity":167,"s:268:6:268:Infinity":168,"s:269:6:269:Infinity":169,"s:270:6:270:Infinity":170,"s:271:6:271:Infinity":171,"s:273:6:273:Infinity":172,"s:274:6:274:Infinity":173,"s:275:6:279:Infinity":174,"b:283:2:433:Infinity:undefined:undefined:undefined:undefined":41,"s:283:2:433:Infinity":175,"b:283:6:283:28:283:32:283:65":42,"s:284:22:289:5":176,"s:290:21:290:54":177,"s:292:26:292:27":178,"s:293:4:432:Infinity":179,"f:293:35:293:36":15,"s:294:23:294:43":180,"b:295:6:295:Infinity:undefined:undefined:undefined:undefined":43,"s:295:6:295:Infinity":181,"s:295:21:295:Infinity":182,"s:297:25:297:57":183,"s:298:23:298:71":184,"s:299:6:299:Infinity":185,"s:301:19:301:30":186,"s:302:19:302:30":187,"s:304:20:304:39":188,"s:305:25:305:44":189,"s:308:6:308:Infinity":190,"s:309:6:314:Infinity":191,"b:316:6:318:Infinity:undefined:undefined:undefined:undefined":44,"s:316:6:318:Infinity":192,"s:317:8:317:Infinity":193,"f:320:15:320:30":16,"b:321:8:321:Infinity:undefined:undefined:undefined:undefined":45,"s:321:8:321:Infinity":194,"b:321:12:321:16:321:20:321:28":46,"s:321:30:321:Infinity":195,"s:322:22:322:39":196,"s:323:22:323:40":197,"s:324:28:324:61":198,"s:325:25:325:69":199,"s:327:8:327:Infinity":200,"s:328:8:328:Infinity":201,"s:329:8:329:Infinity":202,"s:330:8:330:Infinity":203,"s:332:25:336:15":204,"b:333:12:335:Infinity:336:12:336:15":47,"s:337:28:341:15":205,"b:338:12:340:Infinity:341:12:341:15":48,"s:343:8:343:Infinity":206,"s:344:8:344:Infinity":207,"s:345:8:349:Infinity":208,"b:346:21:346:41:346:45:346:47":49,"s:350:8:350:Infinity":209,"s:352:22:352:46":210,"s:353:8:353:Infinity":211,"s:354:8:354:Infinity":212,"s:355:8:355:Infinity":213,"s:356:8:356:Infinity":214,"b:358:8:365:Infinity:undefined:undefined:undefined:undefined":50,"s:358:8:365:Infinity":215,"s:359:10:359:Infinity":216,"s:360:10:364:Infinity":217,"s:367:8:367:Infinity":218,"f:370:15:370:24":17,"b:371:8:371:Infinity:undefined:undefined:undefined:undefined":51,"s:371:8:371:Infinity":219,"s:371:18:371:Infinity":220,"s:372:27:372:29":221,"s:373:8:373:Infinity":222,"s:374:8:374:Infinity":223,"s:375:8:375:Infinity":224,"s:376:8:376:Infinity":225,"s:377:8:377:Infinity":226,"b:378:8:394:Infinity:386:15:394:Infinity":52,"s:378:8:394:Infinity":227,"s:379:10:379:Infinity":228,"s:380:10:380:Infinity":229,"s:381:10:381:Infinity":230,"s:382:10:382:Infinity":231,"s:383:10:383:Infinity":232,"s:384:10:384:Infinity":233,"s:385:10:385:Infinity":234,"s:387:10:387:Infinity":235,"s:388:10:388:Infinity":236,"s:389:10:389:Infinity":237,"s:390:10:390:Infinity":238,"s:391:10:391:Infinity":239,"s:392:10:392:Infinity":240,"s:393:10:393:Infinity":241,"s:395:8:395:Infinity":242,"s:396:8:396:Infinity":243,"s:397:8:397:Infinity":244,"s:400:6:400:Infinity":245,"s:401:6:406:Infinity":246,"s:409:6:409:Infinity":247,"s:410:6:410:Infinity":248,"s:411:6:411:Infinity":249,"s:412:6:412:Infinity":250,"s:413:6:413:Infinity":251,"s:414:6:414:Infinity":252,"s:415:6:415:Infinity":253,"s:416:6:416:Infinity":254,"s:419:6:419:Infinity":255,"s:420:6:420:Infinity":256,"s:421:6:421:Infinity":257,"s:422:6:426:Infinity":258,"s:427:6:431:Infinity":259,"b:436:2:499:Infinity:undefined:undefined:undefined:undefined":53,"s:436:2:499:Infinity":260,"b:436:6:436:25:436:29:436:59":54,"s:437:26:440:5":261,"s:441:25:441:47":262,"s:443:4:498:Infinity":263,"f:443:32:443:33":18,"s:444:23:444:49":264,"b:445:6:445:Infinity:undefined:undefined:undefined:undefined":55,"s:445:6:445:Infinity":265,"s:445:21:445:Infinity":266,"s:447:25:447:59":267,"b:447:26:447:36:447:40:447:41":56,"s:448:23:448:51":268,"s:450:23:450:34":269,"s:451:23:451:34":270,"s:453:20:453:43":271,"s:454:25:454:48":272,"s:457:6:457:Infinity":273,"s:458:6:463:Infinity":274,"s:466:6:466:Infinity":275,"s:467:6:472:Infinity":276,"s:475:6:475:Infinity":277,"s:476:6:476:Infinity":278,"s:477:6:477:Infinity":279,"s:478:6:478:Infinity":280,"s:479:6:479:Infinity":281,"s:480:6:480:Infinity":282,"s:481:6:481:Infinity":283,"s:482:6:482:Infinity":284,"s:485:6:485:Infinity":285,"s:486:6:486:Infinity":286,"s:487:6:487:Infinity":287,"s:488:6:492:Infinity":288,"s:493:6:497:Infinity":289}}}
,"C:\\Koding\\Keino\\Volume calc\\src\\js\\drillpipe.js": {"path":"C:\\Koding\\Keino\\Volume calc\\src\\js\\drillpipe.js","statementMap":{"0":{"start":{"line":7,"column":33},"end":{"line":48,"column":1}},"1":{"start":{"line":55,"column":21},"end":{"line":55,"column":68}},"2":{"start":{"line":56,"column":21},"end":{"line":56,"column":62}},"3":{"start":{"line":57,"column":15},"end":{"line":57,"column":72}},"4":{"start":{"line":60,"column":2},"end":{"line":62,"column":null}},"5":{"start":{"line":61,"column":4},"end":{"line":61,"column":null}},"6":{"start":{"line":64,"column":2},"end":{"line":66,"column":null}},"7":{"start":{"line":65,"column":4},"end":{"line":65,"column":null}},"8":{"start":{"line":69,"column":20},"end":{"line":69,"column":73}},"9":{"start":{"line":70,"column":16},"end":{"line":70,"column":69}},"10":{"start":{"line":72,"column":16},"end":{"line":72,"column":18}},"11":{"start":{"line":73,"column":2},"end":{"line":94,"column":null}},"12":{"start":{"line":73,"column":15},"end":{"line":73,"column":16}},"13":{"start":{"line":74,"column":23},"end":{"line":74,"column":69}},"14":{"start":{"line":75,"column":24},"end":{"line":75,"column":72}},"15":{"start":{"line":77,"column":4},"end":{"line":77,"column":null}},"16":{"start":{"line":77,"column":37},"end":{"line":77,"column":null}},"17":{"start":{"line":79,"column":26},"end":{"line":79,"column":56}},"18":{"start":{"line":80,"column":21},"end":{"line":80,"column":65}},"19":{"start":{"line":81,"column":19},"end":{"line":81,"column":53}},"20":{"start":{"line":82,"column":18},"end":{"line":82,"column":57}},"21":{"start":{"line":83,"column":16},"end":{"line":83,"column":53}},"22":{"start":{"line":84,"column":15},"end":{"line":84,"column":51}},"23":{"start":{"line":86,"column":4},"end":{"line":93,"column":null}},"24":{"start":{"line":96,"column":2},"end":{"line":96,"column":null}},"25":{"start":{"line":105,"column":24},"end":{"line":105,"column":25}},"26":{"start":{"line":106,"column":2},"end":{"line":112,"column":null}},"27":{"start":{"line":107,"column":4},"end":{"line":107,"column":null}},"28":{"start":{"line":108,"column":4},"end":{"line":111,"column":null}},"29":{"start":{"line":124,"column":2},"end":{"line":132,"column":null}},"30":{"start":{"line":125,"column":4},"end":{"line":131,"column":null}},"31":{"start":{"line":135,"column":24},"end":{"line":135,"column":25}},"32":{"start":{"line":136,"column":21},"end":{"line":147,"column":4}},"33":{"start":{"line":137,"column":21},"end":{"line":137,"column":49}},"34":{"start":{"line":138,"column":18},"end":{"line":138,"column":33}},"35":{"start":{"line":139,"column":16},"end":{"line":139,"column":45}},"36":{"start":{"line":140,"column":4},"end":{"line":140,"column":null}},"37":{"start":{"line":141,"column":4},"end":{"line":146,"column":null}},"38":{"start":{"line":151,"column":24},"end":{"line":157,"column":6}},"39":{"start":{"line":152,"column":19},"end":{"line":152,"column":57}},"40":{"start":{"line":154,"column":18},"end":{"line":154,"column":34}},"41":{"start":{"line":155,"column":18},"end":{"line":155,"column":34}},"42":{"start":{"line":156,"column":6},"end":{"line":156,"column":23}},"43":{"start":{"line":159,"column":19},"end":{"line":159,"column":21}},"44":{"start":{"line":160,"column":21},"end":{"line":160,"column":22}},"45":{"start":{"line":161,"column":24},"end":{"line":161,"column":25}},"46":{"start":{"line":162,"column":22},"end":{"line":162,"column":23}},"47":{"start":{"line":166,"column":25},"end":{"line":166,"column":27}},"48":{"start":{"line":169,"column":2},"end":{"line":249,"column":null}},"49":{"start":{"line":170,"column":25},"end":{"line":170,"column":75}},"50":{"start":{"line":171,"column":28},"end":{"line":171,"column":40}},"51":{"start":{"line":173,"column":22},"end":{"line":173,"column":23}},"52":{"start":{"line":174,"column":25},"end":{"line":174,"column":26}},"53":{"start":{"line":175,"column":23},"end":{"line":175,"column":24}},"54":{"start":{"line":178,"column":4},"end":{"line":228,"column":null}},"55":{"start":{"line":179,"column":25},"end":{"line":179,"column":60}},"56":{"start":{"line":180,"column":28},"end":{"line":180,"column":64}},"57":{"start":{"line":181,"column":26},"end":{"line":181,"column":65}},"58":{"start":{"line":183,"column":6},"end":{"line":183,"column":37}},"59":{"start":{"line":183,"column":30},"end":{"line":183,"column":37}},"60":{"start":{"line":187,"column":6},"end":{"line":195,"column":null}},"61":{"start":{"line":188,"column":8},"end":{"line":194,"column":null}},"62":{"start":{"line":190,"column":30},"end":{"line":190,"column":63}},"63":{"start":{"line":191,"column":33},"end":{"line":191,"column":67}},"64":{"start":{"line":192,"column":33},"end":{"line":192,"column":74}},"65":{"start":{"line":193,"column":10},"end":{"line":193,"column":null}},"66":{"start":{"line":197,"column":6},"end":{"line":197,"column":37}},"67":{"start":{"line":197,"column":30},"end":{"line":197,"column":37}},"68":{"start":{"line":201,"column":6},"end":{"line":207,"column":null}},"69":{"start":{"line":202,"column":8},"end":{"line":202,"column":null}},"70":{"start":{"line":204,"column":27},"end":{"line":204,"column":50}},"71":{"start":{"line":205,"column":25},"end":{"line":205,"column":58}},"72":{"start":{"line":206,"column":8},"end":{"line":206,"column":null}},"73":{"start":{"line":209,"column":6},"end":{"line":209,"column":null}},"74":{"start":{"line":210,"column":6},"end":{"line":210,"column":null}},"75":{"start":{"line":213,"column":6},"end":{"line":221,"column":null}},"76":{"start":{"line":214,"column":31},"end":{"line":214,"column":55}},"77":{"start":{"line":215,"column":29},"end":{"line":215,"column":66}},"78":{"start":{"line":216,"column":27},"end":{"line":216,"column":50}},"79":{"start":{"line":217,"column":25},"end":{"line":217,"column":58}},"80":{"start":{"line":218,"column":28},"end":{"line":218,"column":64}},"81":{"start":{"line":219,"column":34},"end":{"line":219,"column":61}},"82":{"start":{"line":220,"column":8},"end":{"line":220,"column":null}},"83":{"start":{"line":224,"column":6},"end":{"line":227,"column":null}},"84":{"start":{"line":231,"column":4},"end":{"line":248,"column":null}},"85":{"start":{"line":232,"column":22},"end":{"line":232,"column":79}},"86":{"start":{"line":234,"column":8},"end":{"line":234,"column":71}},"87":{"start":{"line":236,"column":6},"end":{"line":243,"column":null}},"88":{"start":{"line":245,"column":6},"end":{"line":245,"column":null}},"89":{"start":{"line":246,"column":6},"end":{"line":246,"column":null}},"90":{"start":{"line":247,"column":6},"end":{"line":247,"column":null}},"91":{"start":{"line":251,"column":2},"end":{"line":257,"column":null}},"92":{"start":{"line":265,"column":20},"end":{"line":265,"column":73}},"93":{"start":{"line":266,"column":2},"end":{"line":266,"column":null}},"94":{"start":{"line":266,"column":18},"end":{"line":266,"column":null}},"95":{"start":{"line":269,"column":26},"end":{"line":269,"column":28}},"96":{"start":{"line":270,"column":23},"end":{"line":270,"column":73}},"97":{"start":{"line":271,"column":2},"end":{"line":280,"column":null}},"98":{"start":{"line":272,"column":24},"end":{"line":272,"column":75}},"99":{"start":{"line":273,"column":23},"end":{"line":273,"column":73}},"100":{"start":{"line":274,"column":4},"end":{"line":279,"column":null}},"101":{"start":{"line":275,"column":6},"end":{"line":278,"column":null}},"102":{"start":{"line":282,"column":2},"end":{"line":282,"column":null}},"103":{"start":{"line":284,"column":2},"end":{"line":359,"column":null}},"104":{"start":{"line":284,"column":15},"end":{"line":284,"column":16}},"105":{"start":{"line":285,"column":16},"end":{"line":285,"column":45}},"106":{"start":{"line":286,"column":4},"end":{"line":286,"column":null}},"107":{"start":{"line":289,"column":22},"end":{"line":289,"column":53}},"108":{"start":{"line":290,"column":4},"end":{"line":290,"column":null}},"109":{"start":{"line":291,"column":4},"end":{"line":291,"column":null}},"110":{"start":{"line":293,"column":23},"end":{"line":293,"column":55}},"111":{"start":{"line":294,"column":4},"end":{"line":294,"column":null}},"112":{"start":{"line":295,"column":4},"end":{"line":295,"column":null}},"113":{"start":{"line":296,"column":4},"end":{"line":296,"column":null}},"114":{"start":{"line":299,"column":4},"end":{"line":305,"column":null}},"115":{"start":{"line":299,"column":19},"end":{"line":299,"column":47}},"116":{"start":{"line":300,"column":19},"end":{"line":300,"column":41}},"117":{"start":{"line":301,"column":21},"end":{"line":301,"column":53}},"118":{"start":{"line":302,"column":6},"end":{"line":302,"column":null}},"119":{"start":{"line":303,"column":6},"end":{"line":303,"column":null}},"120":{"start":{"line":304,"column":6},"end":{"line":304,"column":null}},"121":{"start":{"line":309,"column":23},"end":{"line":309,"column":68}},"122":{"start":{"line":310,"column":4},"end":{"line":312,"column":null}},"123":{"start":{"line":311,"column":6},"end":{"line":311,"column":null}},"124":{"start":{"line":313,"column":4},"end":{"line":313,"column":null}},"125":{"start":{"line":316,"column":24},"end":{"line":316,"column":55}},"126":{"start":{"line":317,"column":4},"end":{"line":317,"column":null}},"127":{"start":{"line":318,"column":4},"end":{"line":318,"column":null}},"128":{"start":{"line":320,"column":24},"end":{"line":320,"column":55}},"129":{"start":{"line":321,"column":4},"end":{"line":321,"column":null}},"130":{"start":{"line":322,"column":4},"end":{"line":322,"column":null}},"131":{"start":{"line":323,"column":4},"end":{"line":323,"column":null}},"132":{"start":{"line":325,"column":4},"end":{"line":325,"column":null}},"133":{"start":{"line":326,"column":4},"end":{"line":326,"column":null}},"134":{"start":{"line":328,"column":4},"end":{"line":328,"column":null}},"135":{"start":{"line":329,"column":4},"end":{"line":332,"column":null}},"136":{"start":{"line":335,"column":23},"end":{"line":335,"column":54}},"137":{"start":{"line":336,"column":4},"end":{"line":336,"column":null}},"138":{"start":{"line":337,"column":4},"end":{"line":337,"column":null}},"139":{"start":{"line":339,"column":25},"end":{"line":339,"column":56}},"140":{"start":{"line":340,"column":4},"end":{"line":340,"column":null}},"141":{"start":{"line":341,"column":4},"end":{"line":341,"column":null}},"142":{"start":{"line":342,"column":4},"end":{"line":342,"column":null}},"143":{"start":{"line":343,"column":4},"end":{"line":343,"column":null}},"144":{"start":{"line":344,"column":4},"end":{"line":344,"column":null}},"145":{"start":{"line":345,"column":4},"end":{"line":348,"column":null}},"146":{"start":{"line":351,"column":4},"end":{"line":351,"column":null}},"147":{"start":{"line":352,"column":4},"end":{"line":352,"column":null}},"148":{"start":{"line":353,"column":4},"end":{"line":353,"column":null}},"149":{"start":{"line":354,"column":4},"end":{"line":354,"column":null}},"150":{"start":{"line":355,"column":4},"end":{"line":355,"column":null}},"151":{"start":{"line":356,"column":4},"end":{"line":356,"column":null}},"152":{"start":{"line":358,"column":4},"end":{"line":358,"column":null}},"153":{"start":{"line":366,"column":20},"end":{"line":366,"column":73}},"154":{"start":{"line":367,"column":2},"end":{"line":367,"column":null}},"155":{"start":{"line":367,"column":18},"end":{"line":367,"column":null}},"156":{"start":{"line":369,"column":24},"end":{"line":369,"column":25}},"157":{"start":{"line":372,"column":15},"end":{"line":372,"column":65}},"158":{"start":{"line":373,"column":2},"end":{"line":382,"column":null}},"159":{"start":{"line":374,"column":24},"end":{"line":374,"column":75}},"160":{"start":{"line":375,"column":25},"end":{"line":375,"column":75}},"161":{"start":{"line":377,"column":4},"end":{"line":381,"column":null}},"162":{"start":{"line":378,"column":21},"end":{"line":378,"column":55}},"163":{"start":{"line":379,"column":6},"end":{"line":379,"column":null}},"164":{"start":{"line":380,"column":6},"end":{"line":380,"column":null}}},"fnMap":{"0":{"name":"gatherDrillPipeInput","decl":{"start":{"line":54,"column":16},"end":{"line":54,"column":36}},"loc":{"start":{"line":54,"column":39},"end":{"line":97,"column":null}},"line":54},"1":{"name":"calculateDrillPipeDepths","decl":{"start":{"line":104,"column":16},"end":{"line":104,"column":40}},"loc":{"start":{"line":104,"column":48},"end":{"line":113,"column":null}},"line":104},"2":{"name":"(anonymous_2)","decl":{"start":{"line":106,"column":19},"end":{"line":106,"column":20}},"loc":{"start":{"line":106,"column":29},"end":{"line":112,"column":3}},"line":106},"3":{"name":"computeDrillPipeBreakdown","decl":{"start":{"line":123,"column":16},"end":{"line":123,"column":41}},"loc":{"start":{"line":123,"column":78},"end":{"line":258,"column":null}},"line":123},"4":{"name":"(anonymous_4)","decl":{"start":{"line":136,"column":31},"end":{"line":136,"column":32}},"loc":{"start":{"line":136,"column":41},"end":{"line":147,"column":3}},"line":136},"5":{"name":"(anonymous_5)","decl":{"start":{"line":152,"column":12},"end":{"line":152,"column":13}},"loc":{"start":{"line":152,"column":19},"end":{"line":152,"column":57}},"line":152},"6":{"name":"(anonymous_6)","decl":{"start":{"line":153,"column":10},"end":{"line":153,"column":11}},"loc":{"start":{"line":153,"column":20},"end":{"line":157,"column":5}},"line":153},"7":{"name":"(anonymous_7)","decl":{"start":{"line":169,"column":24},"end":{"line":169,"column":25}},"loc":{"start":{"line":169,"column":36},"end":{"line":249,"column":3}},"line":169},"8":{"name":"(anonymous_8)","decl":{"start":{"line":178,"column":23},"end":{"line":178,"column":24}},"loc":{"start":{"line":178,"column":34},"end":{"line":228,"column":5}},"line":178},"9":{"name":"(anonymous_9)","decl":{"start":{"line":187,"column":29},"end":{"line":187,"column":30}},"loc":{"start":{"line":187,"column":40},"end":{"line":195,"column":7}},"line":187},"10":{"name":"renderDrillPipeInputs","decl":{"start":{"line":264,"column":16},"end":{"line":264,"column":37}},"loc":{"start":{"line":264,"column":45},"end":{"line":360,"column":null}},"line":264},"11":{"name":"(anonymous_11)","decl":{"start":{"line":271,"column":23},"end":{"line":271,"column":24}},"loc":{"start":{"line":271,"column":37},"end":{"line":280,"column":3}},"line":271},"12":{"name":"updateDrillPipeDepthDisplays","decl":{"start":{"line":365,"column":16},"end":{"line":365,"column":44}},"loc":{"start":{"line":365,"column":47},"end":{"line":383,"column":null}},"line":365},"13":{"name":"(anonymous_13)","decl":{"start":{"line":373,"column":15},"end":{"line":373,"column":16}},"loc":{"start":{"line":373,"column":24},"end":{"line":382,"column":3}},"line":373}},"branchMap":{"0":{"loc":{"start":{"line":57,"column":15},"end":{"line":57,"column":72}},"type":"cond-expr","locations":[{"start":{"line":57,"column":50},"end":{"line":57,"column":61}},{"start":{"line":57,"column":64},"end":{"line":57,"column":72}}],"line":57},"1":{"loc":{"start":{"line":57,"column":15},"end":{"line":57,"column":47}},"type":"binary-expr","locations":[{"start":{"line":57,"column":15},"end":{"line":57,"column":25}},{"start":{"line":57,"column":29},"end":{"line":57,"column":47}}],"line":57},"2":{"loc":{"start":{"line":60,"column":2},"end":{"line":62,"column":null}},"type":"if","locations":[{"start":{"line":60,"column":2},"end":{"line":62,"column":null}},{"start":{},"end":{}}],"line":60},"3":{"loc":{"start":{"line":60,"column":6},"end":{"line":60,"column":39}},"type":"binary-expr","locations":[{"start":{"line":60,"column":6},"end":{"line":60,"column":16}},{"start":{"line":60,"column":20},"end":{"line":60,"column":39}}],"line":60},"4":{"loc":{"start":{"line":64,"column":2},"end":{"line":66,"column":null}},"type":"if","locations":[{"start":{"line":64,"column":2},"end":{"line":66,"column":null}},{"start":{},"end":{}}],"line":64},"5":{"loc":{"start":{"line":70,"column":16},"end":{"line":70,"column":69}},"type":"cond-expr","locations":[{"start":{"line":70,"column":28},"end":{"line":70,"column":65}},{"start":{"line":70,"column":68},"end":{"line":70,"column":69}}],"line":70},"6":{"loc":{"start":{"line":77,"column":4},"end":{"line":77,"column":null}},"type":"if","locations":[{"start":{"line":77,"column":4},"end":{"line":77,"column":null}},{"start":{},"end":{}}],"line":77},"7":{"loc":{"start":{"line":77,"column":8},"end":{"line":77,"column":35}},"type":"binary-expr","locations":[{"start":{"line":77,"column":8},"end":{"line":77,"column":19}},{"start":{"line":77,"column":23},"end":{"line":77,"column":35}}],"line":77},"8":{"loc":{"start":{"line":80,"column":21},"end":{"line":80,"column":65}},"type":"binary-expr","locations":[{"start":{"line":80,"column":21},"end":{"line":80,"column":59}},{"start":{"line":80,"column":63},"end":{"line":80,"column":65}}],"line":80},"9":{"loc":{"start":{"line":81,"column":19},"end":{"line":81,"column":53}},"type":"binary-expr","locations":[{"start":{"line":81,"column":19},"end":{"line":81,"column":48}},{"start":{"line":81,"column":52},"end":{"line":81,"column":53}}],"line":81},"10":{"loc":{"start":{"line":123,"column":63},"end":{"line":123,"column":76}},"type":"default-arg","locations":[{"start":{"line":123,"column":74},"end":{"line":123,"column":76}}],"line":123},"11":{"loc":{"start":{"line":124,"column":2},"end":{"line":132,"column":null}},"type":"if","locations":[{"start":{"line":124,"column":2},"end":{"line":132,"column":null}},{"start":{},"end":{}}],"line":124},"12":{"loc":{"start":{"line":124,"column":6},"end":{"line":124,"column":34}},"type":"binary-expr","locations":[{"start":{"line":124,"column":6},"end":{"line":124,"column":12}},{"start":{"line":124,"column":16},"end":{"line":124,"column":34}}],"line":124},"13":{"loc":{"start":{"line":152,"column":19},"end":{"line":152,"column":57}},"type":"binary-expr","locations":[{"start":{"line":152,"column":19},"end":{"line":152,"column":24}},{"start":{"line":152,"column":28},"end":{"line":152,"column":57}}],"line":152},"14":{"loc":{"start":{"line":154,"column":18},"end":{"line":154,"column":34}},"type":"binary-expr","locations":[{"start":{"line":154,"column":18},"end":{"line":154,"column":22}},{"start":{"line":154,"column":26},"end":{"line":154,"column":34}}],"line":154},"15":{"loc":{"start":{"line":155,"column":18},"end":{"line":155,"column":34}},"type":"binary-expr","locations":[{"start":{"line":155,"column":18},"end":{"line":155,"column":22}},{"start":{"line":155,"column":26},"end":{"line":155,"column":34}}],"line":155},"16":{"loc":{"start":{"line":170,"column":25},"end":{"line":170,"column":75}},"type":"cond-expr","locations":[{"start":{"line":170,"column":61},"end":{"line":170,"column":71}},{"start":{"line":170,"column":74},"end":{"line":170,"column":75}}],"line":170},"17":{"loc":{"start":{"line":183,"column":6},"end":{"line":183,"column":37}},"type":"if","locations":[{"start":{"line":183,"column":6},"end":{"line":183,"column":37}},{"start":{},"end":{}}],"line":183},"18":{"loc":{"start":{"line":188,"column":8},"end":{"line":194,"column":null}},"type":"if","locations":[{"start":{"line":188,"column":8},"end":{"line":194,"column":null}},{"start":{},"end":{}}],"line":188},"19":{"loc":{"start":{"line":188,"column":12},"end":{"line":188,"column":65}},"type":"binary-expr","locations":[{"start":{"line":188,"column":12},"end":{"line":188,"column":39}},{"start":{"line":188,"column":43},"end":{"line":188,"column":65}}],"line":188},"20":{"loc":{"start":{"line":197,"column":6},"end":{"line":197,"column":37}},"type":"if","locations":[{"start":{"line":197,"column":6},"end":{"line":197,"column":37}},{"start":{},"end":{}}],"line":197},"21":{"loc":{"start":{"line":201,"column":6},"end":{"line":207,"column":null}},"type":"if","locations":[{"start":{"line":201,"column":6},"end":{"line":207,"column":null}},{"start":{"line":203,"column":13},"end":{"line":207,"column":null}}],"line":201},"22":{"loc":{"start":{"line":213,"column":6},"end":{"line":221,"column":null}},"type":"if","locations":[{"start":{"line":213,"column":6},"end":{"line":221,"column":null}},{"start":{},"end":{}}],"line":213},"23":{"loc":{"start":{"line":231,"column":4},"end":{"line":248,"column":null}},"type":"if","locations":[{"start":{"line":231,"column":4},"end":{"line":248,"column":null}},{"start":{},"end":{}}],"line":231},"24":{"loc":{"start":{"line":232,"column":22},"end":{"line":232,"column":79}},"type":"cond-expr","locations":[{"start":{"line":232,"column":40},"end":{"line":232,"column":75}},{"start":{"line":232,"column":78},"end":{"line":232,"column":79}}],"line":232},"25":{"loc":{"start":{"line":234,"column":8},"end":{"line":234,"column":71}},"type":"cond-expr","locations":[{"start":{"line":234,"column":29},"end":{"line":234,"column":67}},{"start":{"line":234,"column":70},"end":{"line":234,"column":71}}],"line":234},"26":{"loc":{"start":{"line":266,"column":2},"end":{"line":266,"column":null}},"type":"if","locations":[{"start":{"line":266,"column":2},"end":{"line":266,"column":null}},{"start":{},"end":{}}],"line":266},"27":{"loc":{"start":{"line":274,"column":4},"end":{"line":279,"column":null}},"type":"if","locations":[{"start":{"line":274,"column":4},"end":{"line":279,"column":null}},{"start":{},"end":{}}],"line":274},"28":{"loc":{"start":{"line":274,"column":8},"end":{"line":274,"column":33}},"type":"binary-expr","locations":[{"start":{"line":274,"column":8},"end":{"line":274,"column":19}},{"start":{"line":274,"column":23},"end":{"line":274,"column":33}}],"line":274},"29":{"loc":{"start":{"line":310,"column":4},"end":{"line":312,"column":null}},"type":"if","locations":[{"start":{"line":310,"column":4},"end":{"line":312,"column":null}},{"start":{},"end":{}}],"line":310},"30":{"loc":{"start":{"line":310,"column":8},"end":{"line":310,"column":53}},"type":"binary-expr","locations":[{"start":{"line":310,"column":8},"end":{"line":310,"column":26}},{"start":{"line":310,"column":30},"end":{"line":310,"column":53}}],"line":310},"31":{"loc":{"start":{"line":328,"column":24},"end":{"line":328,"column":76}},"type":"cond-expr","locations":[{"start":{"line":328,"column":45},"end":{"line":328,"column":70}},{"start":{"line":328,"column":73},"end":{"line":328,"column":76}}],"line":328},"32":{"loc":{"start":{"line":367,"column":2},"end":{"line":367,"column":null}},"type":"if","locations":[{"start":{"line":367,"column":2},"end":{"line":367,"column":null}},{"start":{},"end":{}}],"line":367},"33":{"loc":{"start":{"line":377,"column":4},"end":{"line":381,"column":null}},"type":"if","locations":[{"start":{"line":377,"column":4},"end":{"line":381,"column":null}},{"start":{},"end":{}}],"line":377},"34":{"loc":{"start":{"line":377,"column":8},"end":{"line":377,"column":35}},"type":"binary-expr","locations":[{"start":{"line":377,"column":8},"end":{"line":377,"column":19}},{"start":{"line":377,"column":23},"end":{"line":377,"column":35}}],"line":377},"35":{"loc":{"start":{"line":378,"column":21},"end":{"line":378,"column":55}},"type":"binary-expr","locations":[{"start":{"line":378,"column":21},"end":{"line":378,"column":50}},{"start":{"line":378,"column":54},"end":{"line":378,"column":55}}],"line":378}},"s":{"0":16,"1":13,"2":13,"3":13,"4":13,"5":0,"6":13,"7":9,"8":4,"9":4,"10":13,"11":13,"12":13,"13":12,"14":12,"15":12,"16":8,"17":4,"18":4,"19":12,"20":12,"21":12,"22":12,"23":12,"24":4,"25":0,"26":0,"27":0,"28":0,"29":7,"30":0,"31":7,"32":7,"33":9,"34":9,"35":9,"36":9,"37":9,"38":7,"39":46,"40":3,"41":3,"42":3,"43":7,"44":7,"45":7,"46":7,"47":7,"48":7,"49":6,"50":6,"51":6,"52":6,"53":6,"54":6,"55":8,"56":8,"57":8,"58":8,"59":0,"60":8,"61":7,"62":0,"63":0,"64":0,"65":0,"66":8,"67":0,"68":8,"69":8,"70":0,"71":0,"72":0,"73":8,"74":8,"75":8,"76":8,"77":8,"78":8,"79":8,"80":8,"81":8,"82":8,"83":8,"84":6,"85":6,"86":6,"87":6,"88":6,"89":6,"90":6,"91":7,"92":5,"93":5,"94":0,"95":5,"96":5,"97":5,"98":1,"99":1,"100":1,"101":1,"102":5,"103":5,"104":5,"105":7,"106":7,"107":7,"108":7,"109":7,"110":7,"111":7,"112":7,"113":7,"114":7,"115":7,"116":28,"117":28,"118":28,"119":28,"120":28,"121":7,"122":7,"123":1,"124":7,"125":7,"126":7,"127":7,"128":7,"129":7,"130":7,"131":7,"132":7,"133":7,"134":7,"135":7,"136":7,"137":7,"138":7,"139":7,"140":7,"141":7,"142":7,"143":7,"144":7,"145":7,"146":7,"147":7,"148":7,"149":7,"150":7,"151":7,"152":7,"153":3,"154":3,"155":0,"156":3,"157":3,"158":3,"159":5,"160":5,"161":5,"162":5,"163":5,"164":5},"f":{"0":13,"1":0,"2":0,"3":7,"4":9,"5":46,"6":3,"7":6,"8":8,"9":7,"10":5,"11":1,"12":3,"13":5},"b":{"0":[4,9],"1":[13,4],"2":[0,13],"3":[13,0],"4":[9,4],"5":[0,4],"6":[8,4],"7":[12,4],"8":[4,0],"9":[12,3],"10":[7],"11":[0,7],"12":[7,7],"13":[46,6],"14":[3,0],"15":[3,0],"16":[6,0],"17":[0,8],"18":[0,7],"19":[7,7],"20":[0,8],"21":[8,0],"22":[8,0],"23":[6,0],"24":[6,0],"25":[6,0],"26":[0,5],"27":[1,0],"28":[1,1],"29":[1,6],"30":[7,1],"31":[1,6],"32":[0,3],"33":[5,0],"34":[5,5],"35":[5,4]},"meta":{"lastBranch":36,"lastFunct
[...]
:33":786,"s:1236:22:1236:40":787,"s:1237:16:1237:37":788,"s:1238:24:1238:52":789,"b:1239:2:1239:39:undefined:undefined:undefined:undefined":321,"s:1239:2:1239:39":790,"b:1239:6:1239:13:1239:17:1239:30":322,"s:1239:32:1239:39":791,"s:1240:17:1250:3":792,"f:1240:17:1240:18":84,"b:1241:4:1247:5:1244:11:1247:5":323,"s:1241:4:1247:5":793,"s:1242:6:1242:31":794,"b:1243:6:1243:65:undefined:undefined:undefined:undefined":324,"s:1243:6:1243:65":795,"s:1243:26:1243:65":796,"b:1245:6:1245:68:undefined:undefined:undefined:undefined":325,"s:1245:6:1245:68":797,"s:1245:26:1245:68":798,"b:1246:6:1246:75:undefined:undefined:undefined:undefined":326,"s:1246:6:1246:75":799,"b:1246:10:1246:16:1246:20:1246:39":327,"s:1246:41:1246:75":800,"s:1248:4:1248:19":801,"s:1249:4:1249:22":802,"s:1251:2:1251:44":803,"s:1252:2:1252:11":804,"f:1255:16:1255:30":85,"s:1256:44:1256:48":805,"s:1257:16:1257:42":806,"s:1258:15:1258:38":807,"b:1259:2:1259:32:undefined:undefined:undefined:undefined":328,"s:1259:2:1259:32":808,"b:1259:6:1259:13:1259:17:1259:23":329,"s:1259:25:1259:32":809,"s:1261:22:1269:3":810,"f:1261:22:1261:23":86,"s:1262:4:1262:54":811,"b:1262:41:1262:45:1262:48:1262:53":330,"s:1263:4:1266:6":812,"b:1265:23:1265:43:1265:46:1265:67":331,"s:1267:4:1267:22":813,"s:1268:4:1268:19":814,"s:1271:2:1271:49":815,"s:1272:2:1272:16":816,"f:1275:16:1275:31":87,"s:1276:44:1276:48":817,"s:1277:16:1277:31":818,"s:1278:15:1278:32":819,"b:1279:2:1279:32:undefined:undefined:undefined:undefined":332,"s:1279:2:1279:32":820,"b:1279:6:1279:13:1279:17:1279:23":333,"s:1279:25:1279:32":821,"s:1280:17:1290:3":822,"f:1280:17:1280:18":88,"b:1281:4:1287:5:1284:11:1287:5":334,"s:1281:4:1287:5":823,"s:1282:6:1282:39":824,"s:1283:6:1283:49":825,"s:1285:6:1285:36":826,"s:1286:6:1286:48":827,"s:1288:4:1288:19":828,"s:1289:4:1289:22":829,"s:1291:2:1291:44":830,"s:1292:2:1292:11":831,"f:1295:16:1295:30":89,"s:1296:15:1296:31":832,"b:1297:2:1297:38:undefined:undefined:undefined:undefined":335,"s:1297:2:1297:38":833,"b:1297:6:1297:12:1297:16:1297:29":336,"s:1297:31:1297:38":834,"s:1298:18:1298:57":835,"s:1299:2:1312:5":836,"f:1299:16:1299:17":90,"s:1300:4:1311:5":837,"s:1301:19:1301:44":838,"b:1302:6:1308:34:undefined:undefined:undefined:undefined":337,"s:1302:6:1308:34":839,"b:1303:8:1303:24:1304:8:1304:32:1305:8:1305:32:1306:8:1306:47":338,"s:1308:8:1308:34":840,"f:1315:16:1315:32":91,"s:1316:16:1316:35":841,"s:1317:18:1317:56":842,"s:1318:19:1321:3":843,"f:1318:19:1318:20":92,"b:1319:4:1319:25:undefined:undefined:undefined:undefined":339,"s:1319:4:1319:25":844,"s:1319:18:1319:25":845,"s:1320:4:1320:71":846,"b:1320:44:1320:56:1320:59:1320:70":340,"s:1322:16:1337:3":847,"f:1322:16:1322:17":93,"b:1323:4:1335:5:1329:11:1335:5":341,"s:1323:4:1335:5":848,"s:1324:6:1324:66":849,"b:1325:6:1328:7:undefined:undefined:undefined:undefined":342,"s:1325:6:1328:7":850,"s:1326:8:1326:30":851,"s:1327:8:1327:52":852,"s:1330:6:1330:61":853,"b:1331:6:1334:7:undefined:undefined:undefined:undefined":343,"s:1331:6:1334:7":854,"s:1332:8:1332:31":855,"s:1333:8:1333:53":856,"s:1336:4:1336:19":857,"s:1339:2:1345:3":858,"s:1340:19:1340:54":859,"b:1341:4:1342:24:1342:9:1342:24":344,"s:1341:4:1342:24":860,"s:1341:27:1341:41":861,"s:1342:9:1342:24":862,"s:1344:4:1344:19":863,"b:1347:2:1357:3:undefined:undefined:undefined:undefined":345,"s:1347:2:1357:3":864,"s:1348:4:1356:7":865,"f:1348:38:1348:39":94,"s:1349:19:1349:52":866,"b:1349:36:1349:42:1349:45:1349:52":346,"s:1350:6:1350:18":867,"s:1351:6:1355:7":868,"s:1352:8:1352:50":869,"s:1358:2:1373:3":870,"b:1359:4:1370:8:undefined:undefined:undefined:undefined":347,"s:1359:4:1370:8":871,"s:1360:6:1370:8":872,"f:1360:33:1360:34":95,"s:1361:8:1361:50":873,"b:1361:32:1361:38:1361:41:1361:48":348,"s:1362:8:1369:9":874,"s:1363:10:1366:12":875,"b:1365:30:1365:36:1365:39:1365:46":349,"s:1376:2:1393:5":876,"f:1376:38:1376:39":96,"s:1377:4:1392:5":877,"b:1378:6:1378:34:undefined:undefined:undefined:undefined":350,"s:1378:6:1378:34":878,"b:1378:10:1378:12:1378:16:1378:25":351,"s:1378:27:1378:34":879,"s:1379:23:1381:14":880,"b:1380:10:1380:43:1381:10:1381:14":352,"b:1382:6:1382:28:undefined:undefined:undefined:undefined":353,"s:1382:6:1382:28":881,"s:1382:21:1382:28":882,"s:1383:19:1383:54":883,"b:1383:38:1383:44:1383:47:1383:54":354,"s:1384:6:1384:18":884,"s:1385:6:1389:7":885,"s:1386:8:1386:50":886,"f:1396:9:1396:27":97,"s:1397:44:1397:48":887,"s:1398:20:1398:41":888,"s:1399:23:1399:47":889,"s:1400:26:1400:53":890,"s:1401:29:1401:78":891,"s:1402:28:1402:61":892,"s:1403:28:1405:3":893,"b:1407:2:1407:47:undefined:undefined:undefined:undefined":355,"s:1407:2:1407:47":894,"b:1407:6:1407:17:1407:21:1407:38":356,"s:1407:40:1407:47":895,"s:1410:34:1416:3":896,"f:1410:34:1410:35":98,"b:1411:4:1415:5:undefined:undefined:undefined:undefined":357,"s:1411:4:1415:5":897,"s:1412:6:1414:29":898,"b:1413:10:1413:29:1414:10:1414:28":358,"s:1419:2:1419:46":899,"s:1422:2:1557:7":900,"f:1422:3:1422:8":99,"s:1423:28:1423:64":901,"s:1425:6:1425:21":902,"s:1428:4:1502:7":903,"f:1428:42:1428:43":100,"s:1429:19:1429:37":904,"s:1430:24:1430:51":905,"s:1431:31:1431:58":906,"b:1431:31:1431:50:1431:54:1431:58":359,"s:1434:6:1434:36":907,"s:1437:8:1439:66":908,"b:1437:8:1437:37:1438:9:1438:27:1439:10:1439:65":360,"b:1440:6:1440:71:undefined:undefined:undefined:undefined":361,"s:1440:6:1440:71":909,"s:1440:20:1440:71":910,"b:1441:6:1487:7:1466:13:1487:7":362,"s:1441:6:1487:7":911,"b:1442:8:1442:65:undefined:undefined:undefined:undefined":363,"s:1442:8:1442:65":912,"s:1442:27:1442:65":913,"s:1443:8:1443:52":914,"b:1445:8:1457:9:undefined:undefined:undefined:undefined":364,"s:1445:8:1457:9":915,"s:1446:33:1448:11":916,"s:1449:10:1456:13":917,"f:1449:33:1449:34":101,"s:1450:12:1455:13":918,"s:1451:14:1451:35":919,"s:1452:14:1452:51":920,"s:1459:26:1459:79":921,"s:1460:22:1460:65":922,"b:1460:22:1460:60:1460:64:1460:65":365,"s:1461:8:1461:37":923,"s:1462:8:1462:39":924,"s:1463:8:1463:35":925,"s:1465:8:1465:39":926,"b:1467:8:1467:68:undefined:undefined:undefined:undefined":366,"s:1467:8:1467:68":927,"s:1467:27:1467:68":928,"s:1468:8:1468:49":929,"b:1470:8:1486:9:undefined:undefined:undefined:undefined":367,"s:1470:8:1486:9":930,"s:1471:33:1473:11":931,"s:1474:10:1485:13":932,"f:1474:33:1474:34":102,"s:1475:12:1484:13":933,"s:1476:14:1476:48":934,"b:1477:14:1481:15:1479:21:1481:15":368,"s:1477:14:1481:15":935,"s:1478:16:1478:56":936,"s:1480:16:1480:53":937,"b:1488:6:1499:7:undefined:undefined:undefined:undefined":369,"s:1488:6:1499:7":938,"s:1489:8:1498:11":939,"f:1489:50:1489:51":103,"b:1490:10:1490:31:undefined:undefined:undefined:undefined":370,"s:1490:10:1490:31":940,"s:1490:24:1490:31":941,"s:1491:27:1493:11":942,"s:1494:10:1497:13":943,"f:1494:27:1494:28":104,"s:1495:12:1495:33":944,"s:1496:12:1496:49":945,"s:1500:6:1500:24":946,"b:1501:6:1501:39:undefined:undefined:undefined:undefined":371,"s:1501:6:1501:39":947,"s:1501:24:1501:39":948,"s:1505:4:1524:7":949,"f:1505:31:1505:32":105,"s:1506:6:1523:9":950,"f:1506:36:1506:37":106,"s:1507:22:1507:58":951,"b:1507:22:1507:53:1507:57:1507:58":372,"s:1510:8:1513:11":952,"f:1510:35:1510:36":107,"s:1511:10:1511:39":953,"s:1512:10:1512:50":954,"s:1514:8:1514:36":955,"s:1515:8:1515:49":956,"s:1518:8:1518:37":957,"s:1519:8:1519:39":958,"s:1520:8:1520:35":959,"s:1521:8:1521:26":960,"b:1522:8:1522:41:undefined:undefined:undefined:undefined":373,"s:1522:8:1522:41":961,"s:1522:26:1522:41":962,"s:1527:4:1532:5":963,"s:1528:6:1528:52":964,"s:1529:6:1529:74":965,"f:1534:13:1534:37":108,"s:1535:19:1535:78":966,"s:1536:6:1555:9":967,"f:1536:19:1536:20":109,"s:1537:27:1537:77":968,"s:1538:28:1538:79":969,"b:1540:8:1546:9:undefined:undefined:undefined:undefined":374,"s:1540:8:1546:9":970,"s:1541:10:1545:13":971,"f:1541:48:1541:49":110,"s:1542:12:1542:43":972,"s:1543:12:1543:30":973,"b:1544:12:1544:45:undefined:undefined:undefined:undefined":375,"s:1544:12:1544:45":974,"s:1544:30:1544:45":975,"b:1548:8:1554:9:undefined:undefined:undefined:undefined":376,"s:1548:8:1554:9":976,"s:1549:10:1553:13":977,"f:1549:48:1549:49":111,"s:1550:12:1550:43":978,"s:1551:12:1551:30":979,"b:1552:12:1552:45:undefined:undefined:undefined:undefined":377,"s:1552:12:1552:45":980,"s:1552:30:1552:45":981,"f:1560:9:1560:24":112,"s:1561:44:1561:48":982,"s:1562:26:1562:72":983,"s:1563:25:1563:55":984,"b:1565:2:1565:31:undefined:undefined:undefined:undefined":378,"s:1565:2:1565:31":985,"s:1565:24:1565:31":986,"s:1568:2:1624:7":987,"f:1568:3:1568:8":113,"s:1569:25:1569:58":988,"s:1570:62:1570:74":989,"s:1573:22:1573:72":990,"s:1574:18:1574:61":991,"b:1574:18:1574:56:1574:60:1574:61":379,"s:1575:4:1575:30":992,"s:1576:4:1576:28":993,"s:1579:4:1598:7":994,"f:1579:28:1579:29":114,"s:1580:6:1597:9":995,"f:1580:36:1580:37":115,"s:1581:22:1581:58":996,"b:1581:22:1581:53:1581:57:1581:58":380,"s:1584:8:1587:11":997,"f:1584:32:1584:33":116,"s:1585:10:1585:39":998,"s:1586:10:1586:50":999,"s:1588:8:1588:36":1000,"s:1589:8:1589:49":1001,"s:1592:8:1592:34":1002,"s:1593:8:1593:32":1003,"s:1594:8:1594:26":1004,"b:1595:8:1595:41:undefined:undefined:undefined:undefined":381,"s:1595:8:1595:41":1005,"s:1595:26:1595:41":1006,"s:1596:8:1596:34":1007,"f:1600:13:1600:34":117,"s:1601:19:1601:72":1008,"s:1602:6:1622:9":1009,"f:1602:19:1602:20":118,"s:1603:27:1603:74":1010,"s:1604:28:1604:76":1011,"b:1606:8:1612:9:undefined:undefined:undefined:undefined":382,"s:1606:8:1612:9":1012,"s:1607:10:1611:13":1013,"f:1607:48:1607:49":119,"s:1608:12:1608:30":1014,"b:1609:12:1609:45:undefined:undefined:undefined:undefined":383,"s:1609:12:1609:45":1015,"s:1609:30:1609:45":1016,"s:1610:12:1610:38":1017,"b:1614:8:1621:9:undefined:undefined:undefined:undefined":384,"s:1614:8:1621:9":1018,"s:1615:10:1620:13":1019,"f:1615:48:1615:49":120,"s:1616:12:1616:40":1020,"s:1617:12:1617:30":1021,"b:1618:12:1618:45:undefined:undefined:undefined:undefined":385,"s:1618:12:1618:45":1022,"s:1618:30:1618:45":1023,"s:1619:12:1619:38":1024,"s:1627:20:1627:47":1025,"b:1628:2:1654:3:undefined:undefined:undefined:undefined":386,"s:1628:2:1654:3":1026,"b:1628:6:1628:16:1628:20:1628:39":387,"s:1630:24:1630:45":1027,"b:1631:4:1631:51:undefined:undefined:undefined:undefined":388,"s:1631:4:1631:51":1028,"s:1631:22:1631:51":1029,"s:1633:27:1633:51":1030,"b:1634:4:1642:5:undefined:undefined:undefined:undefined":389,"s:1634:4:1642:5":1031,"s:1635:29:1637:7":1032,"s:1638:6:1641:9":1033,"f:1638:29:1638:30":121,"s:1639:8:1639:29":1034,"s:1640:8:1640:45":1035,"s:1644:30:1644:57":1036,"b:1645:4:1653:5:undefined:undefined:undefined:undefined":390,"s:1645:4:1653:5":1037,"s:1646:32:1648:7":1038,"s:1649:6:1652:9":1039,"f:1649:32:1649:33":122,"s:1650:8:1650:29":1040,"s:1651:8:1651:45":1041,"f:1657:16:1657:22":123,"s:1659:2:1659:29":1042,"s:1660:2:1660:27":1043,"s:1661:2:1661:21":1044,"s:1662:2:1662:22":1045,"s:1663:1:1663:28":1046,"s:1664:2:1664:26":1047,"s:1665:2:1665:34":1048,"s:1666:2:1666:26":1049,"s:1667:2:1667:29":1050,"s:1668:2:1668:37":1051,"s:1669:2:1669:30":1052,"s:1670:2:1670:33":1053,"s:1671:2:1671:23":1054,"s:1672:2:1672:24":1055,"s:1673:2:1673:27":1056,"s:1674:2:1674:24":1057,"s:1675:2:1675:19":1058,"s:1676:2:1676:21":1059}}}
,"C:\\Koding\\Keino\\Volume calc\\src\\js\\validation.js": {"path":"C:\\Koding\\Keino\\Volume calc\\src\\js\\validation.js","statementMap":{"0":{"start":{"line":7,"column":2},"end":{"line":7,"column":null}},"1":{"start":{"line":7,"column":15},"end":{"line":7,"column":null}},"2":{"start":{"line":8,"column":12},"end":{"line":8,"column":37}},"3":{"start":{"line":9,"column":2},"end":{"line":9,"column":null}},"4":{"start":{"line":18,"column":21},"end":{"line":20,"column":3}},"5":{"start":{"line":19,"column":11},"end":{"line":19,"column":null}},"6":{"start":{"line":21,"column":2},"end":{"line":21,"column":null}},"7":{"start":{"line":21,"column":26},"end":{"line":21,"column":null}},"8":{"start":{"line":23,"column":19},"end":{"line":23,"column":21}},"9":{"start":{"line":24,"column":2},"end":{"line":47,"column":null}},"10":{"start":{"line":25,"column":15},"end":{"line":25,"column":42}},"11":{"start":{"line":26,"column":4},"end":{"line":26,"column":null}},"12":{"start":{"line":26,"column":35},"end":{"line":26,"column":null}},"13":{"start":{"line":28,"column":29},"end":{"line":36,"column":6}},"14":{"start":{"line":29,"column":6},"end":{"line":29,"column":null}},"15":{"start":{"line":29,"column":18},"end":{"line":29,"column":null}},"16":{"start":{"line":30,"column":6},"end":{"line":30,"column":null}},"17":{"start":{"line":30,"column":34},"end":{"line":30,"column":null}},"18":{"start":{"line":31,"column":21},"end":{"line":31,"column":63}},"19":{"start":{"line":32,"column":22},"end":{"line":32,"column":30}},"20":{"start":{"line":33,"column":6},"end":{"line":33,"column":null}},"21":{"start":{"line":33,"column":60},"end":{"line":33,"column":null}},"22":{"start":{"line":34,"column":19},"end":{"line":34,"column":59}},"23":{"start":{"line":35,"column":6},"end":{"line":35,"column":null}},"24":{"start":{"line":38,"column":4},"end":{"line":46,"column":null}},"25":{"start":{"line":39,"column":6},"end":{"line":45,"column":null}},"26":{"start":{"line":44,"column":8},"end":{"line":44,"column":null}},"27":{"start":{"line":44,"column":26},"end":{"line":44,"column":null}},"28":{"start":{"line":49,"column":2},"end":{"line":49,"column":null}}},"fnMap":{"0":{"name":"getUpperCompletionTJ","decl":{"start":{"line":6,"column":16},"end":{"line":6,"column":36}},"loc":{"start":{"line":6,"column":45},"end":{"line":10,"column":null}},"line":6},"1":{"name":"validateUpperCompletionFit","decl":{"start":{"line":17,"column":16},"end":{"line":17,"column":42}},"loc":{"start":{"line":17,"column":52},"end":{"line":50,"column":null}},"line":17},"2":{"name":"(anonymous_2)","decl":{"start":{"line":19,"column":4},"end":{"line":19,"column":5}},"loc":{"start":{"line":19,"column":11},"end":{"line":19,"column":null}},"line":19},"3":{"name":"(anonymous_3)","decl":{"start":{"line":24,"column":21},"end":{"line":24,"column":22}},"loc":{"start":{"line":24,"column":29},"end":{"line":47,"column":3}},"line":24},"4":{"name":"(anonymous_4)","decl":{"start":{"line":28,"column":44},"end":{"line":28,"column":45}},"loc":{"start":{"line":28,"column":51},"end":{"line":36,"column":5}},"line":28},"5":{"name":"(anonymous_5)","decl":{"start":{"line":38,"column":29},"end":{"line":38,"column":30}},"loc":{"start":{"line":38,"column":36},"end":{"line":46,"column":5}},"line":38}},"branchMap":{"0":{"loc":{"start":{"line":7,"column":2},"end":{"line":7,"column":null}},"type":"if","locations":[{"start":{"line":7,"column":2},"end":{"line":7,"column":null}},{"start":{},"end":{}}],"line":7},"1":{"loc":{"start":{"line":8,"column":12},"end":{"line":8,"column":37}},"type":"binary-expr","locations":[{"start":{"line":8,"column":12},"end":{"line":8,"column":31}},{"start":{"line":8,"column":35},"end":{"line":8,"column":37}}],"line":8},"2":{"loc":{"start":{"line":9,"column":9},"end":{"line":9,"column":56}},"type":"cond-expr","locations":[{"start":{"line":9,"column":35},"end":{"line":9,"column":44}},{"start":{"line":9,"column":47},"end":{"line":9,"column":56}}],"line":9},"3":{"loc":{"start":{"line":19,"column":11},"end":{"line":19,"column":null}},"type":"binary-expr","locations":[{"start":{"line":19,"column":11},"end":{"line":19,"column":40}},{"start":{"line":19,"column":44},"end":{"line":19,"column":null}}],"line":19},"4":{"loc":{"start":{"line":21,"column":2},"end":{"line":21,"column":null}},"type":"if","locations":[{"start":{"line":21,"column":2},"end":{"line":21,"column":null}},{"start":{},"end":{}}],"line":21},"5":{"loc":{"start":{"line":26,"column":4},"end":{"line":26,"column":null}},"type":"if","locations":[{"start":{"line":26,"column":4},"end":{"line":26,"column":null}},{"start":{},"end":{}}],"line":26},"6":{"loc":{"start":{"line":29,"column":6},"end":{"line":29,"column":null}},"type":"if","locations":[{"start":{"line":29,"column":6},"end":{"line":29,"column":null}},{"start":{},"end":{}}],"line":29},"7":{"loc":{"start":{"line":30,"column":6},"end":{"line":30,"column":null}},"type":"if","locations":[{"start":{"line":30,"column":6},"end":{"line":30,"column":null}},{"start":{},"end":{}}],"line":30},"8":{"loc":{"start":{"line":31,"column":21},"end":{"line":31,"column":63}},"type":"cond-expr","locations":[{"start":{"line":31,"column":53},"end":{"line":31,"column":59}},{"start":{"line":31,"column":62},"end":{"line":31,"column":63}}],"line":31},"9":{"loc":{"start":{"line":33,"column":6},"end":{"line":33,"column":null}},"type":"if","locations":[{"start":{"line":33,"column":6},"end":{"line":33,"column":null}},{"start":{},"end":{}}],"line":33},"10":{"loc":{"start":{"line":33,"column":10},"end":{"line":33,"column":58}},"type":"binary-expr","locations":[{"start":{"line":33,"column":10},"end":{"line":33,"column":40}},{"start":{"line":33,"column":44},"end":{"line":33,"column":58}}],"line":33},"11":{"loc":{"start":{"line":34,"column":19},"end":{"line":34,"column":59}},"type":"cond-expr","locations":[{"start":{"line":34,"column":50},"end":{"line":34,"column":55}},{"start":{"line":34,"column":58},"end":{"line":34,"column":59}}],"line":34},"12":{"loc":{"start":{"line":35,"column":13},"end":{"line":35,"column":49}},"type":"binary-expr","locations":[{"start":{"line":35,"column":13},"end":{"line":35,"column":27}},{"start":{"line":35,"column":31},"end":{"line":35,"column":49}}],"line":35},"13":{"loc":{"start":{"line":39,"column":6},"end":{"line":45,"column":null}},"type":"if","locations":[{"start":{"line":39,"column":6},"end":{"line":45,"column":null}},{"start":{},"end":{}}],"line":39},"14":{"loc":{"start":{"line":40,"column":8},"end":{"line":42,"column":null}},"type":"binary-expr","locations":[{"start":{"line":40,"column":8},"end":{"line":40,"column":38}},{"start":{"line":41,"column":8},"end":{"line":41,"column":24}},{"start":{"line":42,"column":8},"end":{"line":42,"column":null}}],"line":40},"15":{"loc":{"start":{"line":44,"column":8},"end":{"line":44,"column":null}},"type":"if","locations":[{"start":{"line":44,"column":8},"end":{"line":44,"column":null}},{"start":{},"end":{}}],"line":44}},"s":{"0":4,"1":0,"2":4,"3":4,"4":3,"5":4,"6":3,"7":1,"8":2,"9":2,"10":2,"11":2,"12":0,"13":2,"14":4,"15":0,"16":4,"17":0,"18":4,"19":4,"20":4,"21":0,"22":4,"23":4,"24":2,"25":4,"26":2,"27":1,"28":2},"f":{"0":4,"1":3,"2":4,"3":2,"4":4,"5":4},"b":{"0":[0,4],"1":[4,0],"2":[4,0],"3":[4,2],"4":[1,2],"5":[0,2],"6":[0,4],"7":[0,4],"8":[4,0],"9":[0,4],"10":[4,4],"11":[4,0],"12":[4,4],"13":[2,2],"14":[4,2,2],"15":[1,1]},"meta":{"lastBranch":16,"lastFunction":6,"lastStatement":29,"seen":{"f:6:16:6:36":0,"b:7:2:7:Infinity:undefined:undefined:undefined:undefined":0,"s:7:2:7:Infinity":0,"s:7:15:7:Infinity":1,"s:8:12:8:37":2,"b:8:12:8:31:8:35:8:37":1,"s:9:2:9:Infinity":3,"b:9:35:9:44:9:47:9:56":2,"f:17:16:17:42":1,"s:18:21:20:3":4,"f:19:4:19:5":2,"s:19:11:19:Infinity":5,"b:19:11:19:40:19:44:19:Infinity":3,"b:21:2:21:Infinity:undefined:undefined:undefined:undefined":4,"s:21:2:21:Infinity":6,"s:21:26:21:Infinity":7,"s:23:19:23:21":8,"s:24:2:47:Infinity":9,"f:24:21:24:22":3,"s:25:15:25:42":10,"b:26:4:26:Infinity:undefined:undefined:undefined:undefined":5,"s:26:4:26:Infinity":11,"s:26:35:26:Infinity":12,"s:28:29:36:6":13,"f:28:44:28:45":4,"b:29:6:29:Infinity:undefined:undefined:undefined:undefined":6,"s:29:6:29:Infinity":14,"s:29:18:29:Infinity":15,"b:30:6:30:Infinity:undefined:undefined:undefined:undefined":7,"s:30:6:30:Infinity":16,"s:30:34:30:Infinity":17,"s:31:21:31:63":18,"b:31:53:31:59:31:62:31:63":8,"s:32:22:32:30":19,"b:33:6:33:Infinity:undefined:undefined:undefined:undefined":9,"s:33:6:33:Infinity":20,"b:33:10:33:40:33:44:33:58":10,"s:33:60:33:Infinity":21,"s:34:19:34:59":22,"b:34:50:34:55:34:58:34:59":11,"s:35:6:35:Infinity":23,"b:35:13:35:27:35:31:35:49":12,"s:38:4:46:Infinity":24,"f:38:29:38:30":5,"b:39:6:45:Infinity:undefined:undefined:undefined:undefined":13,"s:39:6:45:Infinity":25,"b:40:8:40:38:41:8:41:24:42:8:42:Infinity":14,"b:44:8:44:Infinity:undefined:undefined:undefined:undefined":15,"s:44:8:44:Infinity":26,"s:44:26:44:Infinity":27,"s:49:2:49:Infinity":28}}}
}
